[35m[1mConsolidate compiler generated dependencies of target rtabmap_msgs__rosidl_generator_c[0m
[  0%] Built target rtabmap_msgs__cpp
[ 12%] Built target rtabmap_msgs__rosidl_generator_c
[ 12%] Built target ament_cmake_python_copy_rtabmap_msgs
[35m[1mConsolidate compiler generated dependencies of target rtabmap_msgs__rosidl_typesupport_cpp[0m
[35m[1mConsolidate compiler generated dependencies of target rtabmap_msgs__rosidl_typesupport_fastrtps_c[0m
[ 24%] Built target rtabmap_msgs__rosidl_typesupport_cpp
[35m[1mConsolidate compiler generated dependencies of target rtabmap_msgs__rosidl_typesupport_introspection_c[0m
[ 37%] Built target rtabmap_msgs__rosidl_typesupport_fastrtps_c
[35m[1mConsolidate compiler generated dependencies of target rtabmap_msgs__rosidl_typesupport_c[0m
[ 50%] Built target rtabmap_msgs__rosidl_typesupport_introspection_c
[ 63%] Built target rtabmap_msgs__rosidl_typesupport_c
[35m[1mConsolidate compiler generated dependencies of target rtabmap_msgs__rosidl_typesupport_fastrtps_cpp[0m
[35m[1mConsolidate compiler generated dependencies of target rtabmap_msgs__rosidl_typesupport_introspection_cpp[0m
[ 83%] Built target rtabmap_msgs__rosidl_typesupport_fastrtps_cpp
[ 88%] Built target rtabmap_msgs__rosidl_typesupport_introspection_cpp
[ 88%] Built target rtabmap_msgs
[ 88%] Built target rtabmap_msgs__py
[35m[1mConsolidate compiler generated dependencies of target rtabmap_msgs__rosidl_generator_py[0m
[100%] Built target rtabmap_msgs__rosidl_generator_py
[35m[1mConsolidate compiler generated dependencies of target rtabmap_msgs__rosidl_typesupport_fastrtps_c__pyext[0m
[100%] Built target rtabmap_msgs__rosidl_typesupport_fastrtps_c__pyext
[35m[1mConsolidate compiler generated dependencies of target rtabmap_msgs__rosidl_typesupport_introspection_c__pyext[0m
[100%] Built target rtabmap_msgs__rosidl_typesupport_introspection_c__pyext
[35m[1mConsolidate compiler generated dependencies of target rtabmap_msgs__rosidl_typesupport_c__pyext[0m
[100%] Built target rtabmap_msgs__rosidl_typesupport_c__pyext
running egg_info
writing rtabmap_msgs.egg-info/PKG-INFO
writing dependency_links to rtabmap_msgs.egg-info/dependency_links.txt
writing top-level names to rtabmap_msgs.egg-info/top_level.txt
reading manifest file 'rtabmap_msgs.egg-info/SOURCES.txt'
writing manifest file 'rtabmap_msgs.egg-info/SOURCES.txt'
[100%] Built target ament_cmake_python_build_rtabmap_msgs_egg
