-- Install configuration: "Release"
-- Up-to-date: /home/student/ros2_ws/install/my_worlds_pkg/share/my_worlds_pkg/worlds
-- Up-to-date: /home/student/ros2_ws/install/my_worlds_pkg/share/my_worlds_pkg/worlds/maze_world.world
-- Up-to-date: /home/student/ros2_ws/install/my_worlds_pkg/share/my_worlds_pkg/launch
-- Up-to-date: /home/student/ros2_ws/install/my_worlds_pkg/share/my_worlds_pkg/launch/maze_world.launch.py
-- Up-to-date: /home/student/ros2_ws/install/my_worlds_pkg/share/ament_index/resource_index/package_run_dependencies/my_worlds_pkg
-- Up-to-date: /home/student/ros2_ws/install/my_worlds_pkg/share/ament_index/resource_index/parent_prefix_path/my_worlds_pkg
-- Up-to-date: /home/student/ros2_ws/install/my_worlds_pkg/share/my_worlds_pkg/environment/ament_prefix_path.sh
-- Up-to-date: /home/student/ros2_ws/install/my_worlds_pkg/share/my_worlds_pkg/environment/ament_prefix_path.dsv
-- Up-to-date: /home/student/ros2_ws/install/my_worlds_pkg/share/my_worlds_pkg/environment/path.sh
-- Up-to-date: /home/student/ros2_ws/install/my_worlds_pkg/share/my_worlds_pkg/environment/path.dsv
-- Up-to-date: /home/student/ros2_ws/install/my_worlds_pkg/share/my_worlds_pkg/local_setup.bash
-- Up-to-date: /home/student/ros2_ws/install/my_worlds_pkg/share/my_worlds_pkg/local_setup.sh
-- Up-to-date: /home/student/ros2_ws/install/my_worlds_pkg/share/my_worlds_pkg/local_setup.zsh
-- Up-to-date: /home/student/ros2_ws/install/my_worlds_pkg/share/my_worlds_pkg/local_setup.dsv
-- Installing: /home/student/ros2_ws/install/my_worlds_pkg/share/my_worlds_pkg/package.dsv
-- Up-to-date: /home/student/ros2_ws/install/my_worlds_pkg/share/ament_index/resource_index/packages/my_worlds_pkg
-- Up-to-date: /home/student/ros2_ws/install/my_worlds_pkg/share/my_worlds_pkg/cmake/my_worlds_pkgConfig.cmake
-- Up-to-date: /home/student/ros2_ws/install/my_worlds_pkg/share/my_worlds_pkg/cmake/my_worlds_pkgConfig-version.cmake
-- Up-to-date: /home/student/ros2_ws/install/my_worlds_pkg/share/my_worlds_pkg/package.xml
