[0.014s] Invoking command in '/home/student/ros2_ws/build/my_worlds_pkg': CMAKE_PREFIX_PATH=${CMAKE_PREFIX_PATH}:/home/student/ros2_ws/install/turtlebot3_teleop:/home/student/ros2_ws/install/rtabmap_python:/opt/ros/humble /usr/bin/cmake --build /home/student/ros2_ws/build/my_worlds_pkg
[0.130s] Invoked command in '/home/student/ros2_ws/build/my_worlds_pkg' returned '0': CMAKE_PREFIX_PATH=${CMAKE_PREFIX_PATH}:/home/student/ros2_ws/install/turtlebot3_teleop:/home/student/ros2_ws/install/rtabmap_python:/opt/ros/humble /usr/bin/cmake --build /home/student/ros2_ws/build/my_worlds_pkg
[0.171s] Invoking command in '/home/student/ros2_ws/build/my_worlds_pkg': CMAKE_PREFIX_PATH=${CMAKE_PREFIX_PATH}:/home/student/ros2_ws/install/turtlebot3_teleop:/home/student/ros2_ws/install/rtabmap_python:/opt/ros/humble /usr/bin/cmake --install /home/student/ros2_ws/build/my_worlds_pkg
[0.187s] -- Install configuration: "Release"
[0.188s] -- Up-to-date: /home/student/ros2_ws/install/my_worlds_pkg/share/my_worlds_pkg/worlds
[0.188s] -- Up-to-date: /home/student/ros2_ws/install/my_worlds_pkg/share/my_worlds_pkg/worlds/maze_world.world
[0.188s] -- Up-to-date: /home/student/ros2_ws/install/my_worlds_pkg/share/my_worlds_pkg/launch
[0.188s] -- Up-to-date: /home/student/ros2_ws/install/my_worlds_pkg/share/my_worlds_pkg/launch/maze_world.launch.py
[0.188s] -- Up-to-date: /home/student/ros2_ws/install/my_worlds_pkg/share/ament_index/resource_index/package_run_dependencies/my_worlds_pkg
[0.188s] -- Up-to-date: /home/student/ros2_ws/install/my_worlds_pkg/share/ament_index/resource_index/parent_prefix_path/my_worlds_pkg
[0.189s] -- Up-to-date: /home/student/ros2_ws/install/my_worlds_pkg/share/my_worlds_pkg/environment/ament_prefix_path.sh
[0.189s] -- Up-to-date: /home/student/ros2_ws/install/my_worlds_pkg/share/my_worlds_pkg/environment/ament_prefix_path.dsv
[0.189s] -- Up-to-date: /home/student/ros2_ws/install/my_worlds_pkg/share/my_worlds_pkg/environment/path.sh
[0.189s] -- Up-to-date: /home/student/ros2_ws/install/my_worlds_pkg/share/my_worlds_pkg/environment/path.dsv
[0.189s] -- Up-to-date: /home/student/ros2_ws/install/my_worlds_pkg/share/my_worlds_pkg/local_setup.bash
[0.189s] -- Up-to-date: /home/student/ros2_ws/install/my_worlds_pkg/share/my_worlds_pkg/local_setup.sh
[0.189s] -- Up-to-date: /home/student/ros2_ws/install/my_worlds_pkg/share/my_worlds_pkg/local_setup.zsh
[0.190s] -- Up-to-date: /home/student/ros2_ws/install/my_worlds_pkg/share/my_worlds_pkg/local_setup.dsv
[0.190s] -- Installing: /home/student/ros2_ws/install/my_worlds_pkg/share/my_worlds_pkg/package.dsv
[0.190s] -- Up-to-date: /home/student/ros2_ws/install/my_worlds_pkg/share/ament_index/resource_index/packages/my_worlds_pkg
[0.190s] -- Up-to-date: /home/student/ros2_ws/install/my_worlds_pkg/share/my_worlds_pkg/cmake/my_worlds_pkgConfig.cmake
[0.190s] -- Up-to-date: /home/student/ros2_ws/install/my_worlds_pkg/share/my_worlds_pkg/cmake/my_worlds_pkgConfig-version.cmake
[0.191s] -- Up-to-date: /home/student/ros2_ws/install/my_worlds_pkg/share/my_worlds_pkg/package.xml
[0.228s] Invoked command in '/home/student/ros2_ws/build/my_worlds_pkg' returned '0': CMAKE_PREFIX_PATH=${CMAKE_PREFIX_PATH}:/home/student/ros2_ws/install/turtlebot3_teleop:/home/student/ros2_ws/install/rtabmap_python:/opt/ros/humble /usr/bin/cmake --install /home/student/ros2_ws/build/my_worlds_pkg
