[0.000000] (-) TimerEvent: {}
[0.000337] (-) JobUnselected: {'identifier': 'dynamixel_sdk'}
[0.000389] (-) JobUnselected: {'identifier': 'dynamixel_sdk_custom_interfaces'}
[0.000415] (-) JobUnselected: {'identifier': 'dynamixel_sdk_examples'}
[0.000437] (-) JobUnselected: {'identifier': 'labs'}
[0.000458] (-) JobUnselected: {'identifier': 'my_opencv_demo'}
[0.000480] (-) JobUnselected: {'identifier': 'my_worlds_pkg'}
[0.000500] (-) JobUnselected: {'identifier': 'robot_localization'}
[0.000520] (-) JobUnselected: {'identifier': 'rtabmap'}
[0.000541] (-) JobUnselected: {'identifier': 'rtabmap_conversions'}
[0.000561] (-) JobUnselected: {'identifier': 'rtabmap_demos'}
[0.000581] (-) JobUnselected: {'identifier': 'rtabmap_examples'}
[0.000601] (-) JobUnselected: {'identifier': 'rtabmap_launch'}
[0.000621] (-) JobUnselected: {'identifier': 'rtabmap_msgs'}
[0.000641] (-) JobUnselected: {'identifier': 'rtabmap_odom'}
[0.000661] (-) JobUnselected: {'identifier': 'rtabmap_python'}
[0.000680] (-) JobUnselected: {'identifier': 'rtabmap_ros'}
[0.000709] (-) JobUnselected: {'identifier': 'rtabmap_rviz_plugins'}
[0.000729] (-) JobUnselected: {'identifier': 'rtabmap_slam'}
[0.000749] (-) JobUnselected: {'identifier': 'rtabmap_sync'}
[0.000769] (-) JobUnselected: {'identifier': 'rtabmap_util'}
[0.000789] (-) JobUnselected: {'identifier': 'rtabmap_viz'}
[0.000809] (-) JobUnselected: {'identifier': 'search_rescue_package'}
[0.000829] (-) JobUnselected: {'identifier': 'sprint3'}
[0.000848] (-) JobUnselected: {'identifier': 'turtlebot3'}
[0.000868] (-) JobUnselected: {'identifier': 'turtlebot3_bringup'}
[0.000888] (-) JobUnselected: {'identifier': 'turtlebot3_cartographer'}
[0.000908] (-) JobUnselected: {'identifier': 'turtlebot3_description'}
[0.000927] (-) JobUnselected: {'identifier': 'turtlebot3_example'}
[0.000947] (-) JobUnselected: {'identifier': 'turtlebot3_fake_node'}
[0.000981] (-) JobUnselected: {'identifier': 'turtlebot3_gazebo'}
[0.001006] (-) JobUnselected: {'identifier': 'turtlebot3_msgs'}
[0.001026] (-) JobUnselected: {'identifier': 'turtlebot3_navigation2'}
[0.001046] (-) JobUnselected: {'identifier': 'turtlebot3_node'}
[0.001066] (-) JobUnselected: {'identifier': 'turtlebot3_simulations'}
[0.001086] (-) JobUnselected: {'identifier': 'turtlebot3_teleop'}
[0.001106] (-) JobUnselected: {'identifier': 'turtlesim'}
[0.001127] (-) EventReactorShutdown: {}
