[0.033s] Invoking command in '/home/student/ros2_ws/src/labs/build/labs': CMAKE_PREFIX_PATH=${CMAKE_PREFIX_PATH}:/home/student/ros2_ws/install/turtlebot3_teleop:/home/student/ros2_ws/install/turtlebot3_example:/opt/ros/humble /usr/bin/cmake --build /home/student/ros2_ws/src/labs/build/labs -- -j8 -l8
[0.115s] -- Found ament_lint_auto: 0.12.11 (/opt/ros/humble/share/ament_lint_auto/cmake)
[0.602s] -- Found ament_cmake: 1.3.10 (/opt/ros/humble/share/ament_cmake/cmake)
[0.613s] -- Found rclcpp: 16.0.10 (/opt/ros/humble/share/rclcpp/cmake)
[0.669s] -- Found rosidl_generator_c: 3.1.5 (/opt/ros/humble/share/rosidl_generator_c/cmake)
[0.673s] -- Found rosidl_adapter: 3.1.5 (/opt/ros/humble/share/rosidl_adapter/cmake)
[0.682s] -- Found rosidl_generator_cpp: 3.1.5 (/opt/ros/humble/share/rosidl_generator_cpp/cmake)
[0.709s] -- Using all available rosidl_typesupport_c: rosidl_typesupport_fastrtps_c;rosidl_typesupport_introspection_c
[0.728s] -- Using all available rosidl_typesupport_cpp: rosidl_typesupport_fastrtps_cpp;rosidl_typesupport_introspection_cpp
[0.786s] -- Found rmw_implementation_cmake: 6.1.2 (/opt/ros/humble/share/rmw_implementation_cmake/cmake)
[0.789s] -- Found rmw_fastrtps_cpp: 6.2.7 (/opt/ros/humble/share/rmw_fastrtps_cpp/cmake)
[1.005s] -- Using RMW implementation 'rmw_fastrtps_cpp' as default
[1.089s] -- Found cv_bridge: 3.2.1 (/opt/ros/humble/share/cv_bridge/cmake)
[1.198s] -- Added test 'cppcheck' to perform static code analysis on C / C++ code
[1.199s] -- Configured cppcheck include dirs: 
[1.199s] -- Configured cppcheck exclude dirs and/or files: 
[1.211s] -- Added test 'flake8' to check Python code syntax and style conventions
[1.220s] -- Added test 'lint_cmake' to check CMake code style
[1.231s] -- Added test 'pep257' to check Python code against some of the docstring style conventions in PEP 257
[1.254s] -- Added test 'uncrustify' to check C / C++ code style
[1.255s] -- Configured uncrustify additional arguments: 
[1.270s] -- Added test 'xmllint' to check XML markup files
[1.272s] -- Configuring done
[1.318s] -- Generating done
[1.321s] -- Build files have been written to: /home/student/ros2_ws/src/labs/build/labs
[1.376s] [35m[1mConsolidate compiler generated dependencies of target lab1[0m
[1.428s] [ 50%] Built target lab1
[1.477s] [ 75%] [32mBuilding CXX object CMakeFiles/lab2.dir/src/lab2.cpp.o[0m
[15.405s] [100%] [32m[1mLinking CXX executable lab2[0m
[16.145s] [100%] Built target lab2
[16.170s] Invoked command in '/home/student/ros2_ws/src/labs/build/labs' returned '0': CMAKE_PREFIX_PATH=${CMAKE_PREFIX_PATH}:/home/student/ros2_ws/install/turtlebot3_teleop:/home/student/ros2_ws/install/turtlebot3_example:/opt/ros/humble /usr/bin/cmake --build /home/student/ros2_ws/src/labs/build/labs -- -j8 -l8
[16.311s] Invoking command in '/home/student/ros2_ws/src/labs/build/labs': CMAKE_PREFIX_PATH=${CMAKE_PREFIX_PATH}:/home/student/ros2_ws/install/turtlebot3_teleop:/home/student/ros2_ws/install/turtlebot3_example:/opt/ros/humble /usr/bin/cmake --install /home/student/ros2_ws/src/labs/build/labs
[16.329s] -- Install configuration: ""
[16.330s] -- Up-to-date: /home/student/ros2_ws/src/labs/install/labs/lib/labs/lab1
[16.330s] -- Installing: /home/student/ros2_ws/src/labs/install/labs/lib/labs/lab2
[16.342s] -- Set runtime path of "/home/student/ros2_ws/src/labs/install/labs/lib/labs/lab2" to ""
[16.343s] -- Up-to-date: /home/student/ros2_ws/src/labs/install/labs/share/ament_index/resource_index/package_run_dependencies/labs
[16.343s] -- Installing: /home/student/ros2_ws/src/labs/install/labs/share/ament_index/resource_index/parent_prefix_path/labs
[16.346s] -- Up-to-date: /home/student/ros2_ws/src/labs/install/labs/share/labs/environment/ament_prefix_path.sh
[16.348s] -- Installing: /home/student/ros2_ws/src/labs/install/labs/share/labs/environment/ament_prefix_path.dsv
[16.349s] -- Up-to-date: /home/student/ros2_ws/src/labs/install/labs/share/labs/environment/path.sh
[16.351s] -- Installing: /home/student/ros2_ws/src/labs/install/labs/share/labs/environment/path.dsv
[16.352s] -- Up-to-date: /home/student/ros2_ws/src/labs/install/labs/share/labs/local_setup.bash
[16.352s] -- Up-to-date: /home/student/ros2_ws/src/labs/install/labs/share/labs/local_setup.sh
[16.352s] -- Up-to-date: /home/student/ros2_ws/src/labs/install/labs/share/labs/local_setup.zsh
[16.353s] -- Installing: /home/student/ros2_ws/src/labs/install/labs/share/labs/local_setup.dsv
[16.353s] -- Installing: /home/student/ros2_ws/src/labs/install/labs/share/labs/package.dsv
[16.353s] -- Up-to-date: /home/student/ros2_ws/src/labs/install/labs/share/ament_index/resource_index/packages/labs
[16.353s] -- Up-to-date: /home/student/ros2_ws/src/labs/install/labs/share/labs/cmake/labsConfig.cmake
[16.353s] -- Up-to-date: /home/student/ros2_ws/src/labs/install/labs/share/labs/cmake/labsConfig-version.cmake
[16.353s] -- Up-to-date: /home/student/ros2_ws/src/labs/install/labs/share/labs/package.xml
[16.354s] Invoked command in '/home/student/ros2_ws/src/labs/build/labs' returned '0': CMAKE_PREFIX_PATH=${CMAKE_PREFIX_PATH}:/home/student/ros2_ws/install/turtlebot3_teleop:/home/student/ros2_ws/install/turtlebot3_example:/opt/ros/humble /usr/bin/cmake --install /home/student/ros2_ws/src/labs/build/labs
