[0.079s] Invoking command in '/home/student/ros2_ws/build/turtlebot3_node': AMENT_PREFIX_PATH=/home/student/ros2_ws/install/turtlebot3_msgs:${AMENT_PREFIX_PATH} CMAKE_PREFIX_PATH=/home/student/ros2_ws/install/turtlebot3_msgs:/home/student/ros2_ws/install/dynamixel_sdk:/home/student/ros2_ws/install/turtlebot3_navigation2:/home/student/ros2_ws/install/turtlebot3_description:/home/student/ros2_ws/install/turtlebot3_cartographer:/home/student/ros2_ws/install/my_worlds_pkg:/home/student/ros2_ws/install/dynamixel_sdk_custom_interfaces:/home/student/ros2_ws/install/turtlebot3_teleop:/home/student/ros2_ws/install/rtabmap_python:/opt/ros/humble LD_LIBRARY_PATH=/home/student/ros2_ws/install/turtlebot3_msgs/lib:/home/student/ros2_ws/install/dynamixel_sdk/lib:/home/student/ros2_ws/install/dynamixel_sdk_custom_interfaces/lib:/usr/lib/x86_64-linux-gnu/gazebo-11/plugins:/opt/ros/humble/opt/rviz_ogre_vendor/lib:/opt/ros/humble/lib/x86_64-linux-gnu:/opt/ros/humble/lib:/usr/lib/x86_64-linux-gnu/gazebo-11/plugins PYTHONPATH=/home/student/ros2_ws/install/turtlebot3_msgs/local/lib/python3.10/dist-packages:${PYTHONPATH} /usr/bin/cmake /home/student/ros2_ws/src/turtlebot3/turtlebot3_node -DCMAKE_BUILD_TYPE=Release -DCMAKE_INSTALL_PREFIX=/home/student/ros2_ws/install/turtlebot3_node
[32.455s] -- The C compiler identification is GNU 11.4.0
[32.455s] -- The CXX compiler identification is GNU 11.4.0
[32.455s] -- Detecting C compiler ABI info
[32.455s] -- Detecting C compiler ABI info - done
[32.455s] -- Check for working C compiler: /usr/bin/cc - skipped
[32.455s] -- Detecting C compile features
[32.456s] -- Detecting C compile features - done
[32.456s] -- Detecting CXX compiler ABI info
[32.456s] -- Detecting CXX compiler ABI info - done
[32.456s] -- Check for working CXX compiler: /usr/bin/c++ - skipped
[32.456s] -- Detecting CXX compile features
[32.456s] -- Detecting CXX compile features - done
[32.456s] -- Found ament_cmake: 1.3.10 (/opt/ros/humble/share/ament_cmake/cmake)
[32.456s] -- Found Python3: /usr/bin/python3 (found version "3.10.12") found components: Interpreter 
[32.457s] -- Found dynamixel_sdk: 3.7.60 (/home/student/ros2_ws/install/dynamixel_sdk/share/dynamixel_sdk/cmake)
[32.457s] -- Found geometry_msgs: 4.2.4 (/opt/ros/humble/share/geometry_msgs/cmake)
[32.457s] -- Found rosidl_generator_c: 3.1.5 (/opt/ros/humble/share/rosidl_generator_c/cmake)
[32.457s] -- Found rosidl_adapter: 3.1.5 (/opt/ros/humble/share/rosidl_adapter/cmake)
[32.457s] -- Found rosidl_generator_cpp: 3.1.5 (/opt/ros/humble/share/rosidl_generator_cpp/cmake)
[32.457s] -- Using all available rosidl_typesupport_c: rosidl_typesupport_fastrtps_c;rosidl_typesupport_introspection_c
[32.457s] -- Using all available rosidl_typesupport_cpp: rosidl_typesupport_fastrtps_cpp;rosidl_typesupport_introspection_cpp
[32.457s] -- Found message_filters: 4.3.4 (/opt/ros/humble/share/message_filters/cmake)
[32.463s] -- Found rmw_implementation_cmake: 6.1.2 (/opt/ros/humble/share/rmw_implementation_cmake/cmake)
[32.463s] -- Found rmw_fastrtps_cpp: 6.2.7 (/opt/ros/humble/share/rmw_fastrtps_cpp/cmake)
[32.463s] -- Found OpenSSL: /usr/lib/x86_64-linux-gnu/libcrypto.so (found version "3.0.2")  
[32.463s] -- Found FastRTPS: /opt/ros/humble/include  
[32.463s] -- Using RMW implementation 'rmw_fastrtps_cpp' as default
[32.463s] -- Looking for pthread.h
[32.463s] -- Looking for pthread.h - found
[32.464s] -- Performing Test CMAKE_HAVE_LIBC_PTHREAD
[32.464s] -- Performing Test CMAKE_HAVE_LIBC_PTHREAD - Success
[32.464s] -- Found Threads: TRUE  
[32.464s] -- Found nav_msgs: 4.2.4 (/opt/ros/humble/share/nav_msgs/cmake)
[32.464s] -- Found sensor_msgs: 4.2.4 (/opt/ros/humble/share/sensor_msgs/cmake)
[32.464s] -- Found std_srvs: 4.2.4 (/opt/ros/humble/share/std_srvs/cmake)
[32.464s] -- Found tf2: 0.25.7 (/opt/ros/humble/share/tf2/cmake)
[32.464s] -- Found tf2_ros: 0.25.7 (/opt/ros/humble/share/tf2_ros/cmake)
[32.465s] -- Found turtlebot3_msgs: 2.2.3 (/home/student/ros2_ws/install/turtlebot3_msgs/share/turtlebot3_msgs/cmake)
[32.465s] -- Configuring done
[32.465s] -- Generating done
[32.465s] -- Build files have been written to: /home/student/ros2_ws/build/turtlebot3_node
