[0.013s] Invoking command in '/home/student/ros2_ws/build/sprint3': CMAKE_PREFIX_PATH=${CMAKE_PREFIX_PATH}:/home/student/ros2_ws/install/turtlebot3_teleop:/home/student/ros2_ws/install/rtabmap_python:/opt/ros/humble /usr/bin/cmake /home/student/ros2_ws/src/sprint3 -DCMAKE_INSTALL_PREFIX=/home/student/ros2_ws/install/sprint3
[0.028s] -- Found ament_cmake: 1.3.10 (/opt/ros/humble/share/ament_cmake/cmake)
[0.165s] -- Found rclcpp: 16.0.10 (/opt/ros/humble/share/rclcpp/cmake)
[0.194s] -- Found rosidl_generator_c: 3.1.5 (/opt/ros/humble/share/rosidl_generator_c/cmake)
[0.197s] -- Found rosidl_adapter: 3.1.5 (/opt/ros/humble/share/rosidl_adapter/cmake)
[0.203s] -- Found rosidl_generator_cpp: 3.1.5 (/opt/ros/humble/share/rosidl_generator_cpp/cmake)
[0.212s] -- Using all available rosidl_typesupport_c: rosidl_typesupport_fastrtps_c;rosidl_typesupport_introspection_c
[0.225s] -- Using all available rosidl_typesupport_cpp: rosidl_typesupport_fastrtps_cpp;rosidl_typesupport_introspection_cpp
[0.259s] -- Found rmw_implementation_cmake: 6.1.2 (/opt/ros/humble/share/rmw_implementation_cmake/cmake)
[0.261s] -- Found rmw_fastrtps_cpp: 6.2.7 (/opt/ros/humble/share/rmw_fastrtps_cpp/cmake)
[0.368s] -- Using RMW implementation 'rmw_fastrtps_cpp' as default
[0.419s] -- Found nav_msgs: 4.2.4 (/opt/ros/humble/share/nav_msgs/cmake)
[0.455s] -- Found sensor_msgs: 4.2.4 (/opt/ros/humble/share/sensor_msgs/cmake)
[0.472s] -- Found tf2: 0.25.7 (/opt/ros/humble/share/tf2/cmake)
[0.476s] -- Found tf2_ros: 0.25.7 (/opt/ros/humble/share/tf2_ros/cmake)
[0.557s] -- Found visualization_msgs: 4.2.4 (/opt/ros/humble/share/visualization_msgs/cmake)
[0.577s] -- Found tf2_geometry_msgs: 0.25.7 (/opt/ros/humble/share/tf2_geometry_msgs/cmake)
[0.579s] -- Found eigen3_cmake_module: 0.1.1 (/opt/ros/humble/share/eigen3_cmake_module/cmake)
[0.580s] -- Ensuring Eigen3 include directory is part of orocos-kdl CMake target
[0.582s] -- Found gazebo_ros: 3.7.0 (/opt/ros/humble/share/gazebo_ros/cmake)
[0.614s] -- Found DART: /usr/include (Required is at least version "6.6") found components: dart 
[0.643s] -- Found Protobuf: /usr/lib/x86_64-linux-gnu/libprotobuf.so (found version "3.12.4") 
[0.644s] -- Looking for ignition-math6 -- found version 6.15.1
[0.648s] -- Searching for dependencies of ignition-math6
[0.650s] -- Looking for OGRE...
[0.656s] -- Found Ogre Ghadamon (1.9.0)
[0.656s] -- Found OGRE: optimized;/usr/lib/x86_64-linux-gnu/libOgreMain.so;debug;/usr/lib/x86_64-linux-gnu/libOgreMain.so
[0.666s] -- Looking for OGRE_Paging...
[0.666s] -- Found OGRE_Paging: optimized;/usr/lib/x86_64-linux-gnu/libOgrePaging.so;debug;/usr/lib/x86_64-linux-gnu/libOgrePaging.so
[0.666s] -- Looking for OGRE_Terrain...
[0.666s] -- Found OGRE_Terrain: optimized;/usr/lib/x86_64-linux-gnu/libOgreTerrain.so;debug;/usr/lib/x86_64-linux-gnu/libOgreTerrain.so
[0.666s] -- Looking for OGRE_Property...
[0.666s] -- Found OGRE_Property: optimized;/usr/lib/x86_64-linux-gnu/libOgreProperty.so;debug;/usr/lib/x86_64-linux-gnu/libOgreProperty.so
[0.666s] -- Looking for OGRE_RTShaderSystem...
[0.666s] -- Found OGRE_RTShaderSystem: optimized;/usr/lib/x86_64-linux-gnu/libOgreRTShaderSystem.so;debug;/usr/lib/x86_64-linux-gnu/libOgreRTShaderSystem.so
[0.666s] -- Looking for OGRE_Volume...
[0.667s] -- Found OGRE_Volume: optimized;/usr/lib/x86_64-linux-gnu/libOgreVolume.so;debug;/usr/lib/x86_64-linux-gnu/libOgreVolume.so
[0.667s] -- Looking for OGRE_Overlay...
[0.667s] -- Found OGRE_Overlay: optimized;/usr/lib/x86_64-linux-gnu/libOgreOverlay.so;debug;/usr/lib/x86_64-linux-gnu/libOgreOverlay.so
[0.805s] -- Looking for ignition-math6 -- found version 6.15.1
[0.806s] -- Looking for ignition-transport8 -- found version 8.2.1
[0.806s] -- Searching for dependencies of ignition-transport8
[0.826s] -- Found Protobuf: /usr/lib/x86_64-linux-gnu/libprotobuf.so (found suitable version "3.12.4", minimum required is "3") 
[0.839s] -- Config-file not installed for ZeroMQ -- checking for pkg-config
[0.844s] -- Checking for module 'libzmq >= 4'
[0.858s] --   Found libzmq , version 4.3.4
[0.901s] -- Checking for module 'uuid'
[0.914s] --   Found uuid, version 2.37.2
[0.950s] -- Looking for ignition-msgs5 -- found version 5.8.1
[0.951s] -- Searching for dependencies of ignition-msgs5
[0.971s] -- Looking for ignition-math6 -- found version 6.15.1
[0.976s] -- Checking for module 'tinyxml2'
[0.990s] --   Found tinyxml2, version 9.0.0
[1.025s] -- Looking for ignition-msgs5 -- found version 5.8.1
[1.025s] -- Looking for ignition-common3 -- found version 3.14.0
[1.026s] -- Searching for dependencies of ignition-common3
[1.026s] -- Looking for dlfcn.h - found
[1.026s] -- Looking for libdl - found
[1.041s] -- Searching for <ignition-common3> component [graphics]
[1.041s] -- Looking for ignition-common3-graphics -- found version 3.14.0
[1.042s] -- Searching for dependencies of ignition-common3-graphics
[1.042s] -- Looking for ignition-math6 -- found version 6.15.1
[1.043s] -- Looking for ignition-fuel_tools4 -- found version 4.4.0
[1.044s] -- Searching for dependencies of ignition-fuel_tools4
[1.085s] -- Checking for module 'jsoncpp'
[1.099s] --   Found jsoncpp, version 1.9.5
[1.141s] -- Checking for module 'libzip'
[1.155s] --   Found libzip, version 1.7.3
[1.190s] -- Looking for ignition-common3 -- found version 3.14.0
[1.191s] -- Looking for ignition-math6 -- found version 6.15.1
[1.191s] -- Looking for ignition-msgs5 -- found version 5.8.1
[1.193s] -- Gazebo version: 11.10
[1.198s] -- Found ament_lint_auto: 0.12.11 (/opt/ros/humble/share/ament_lint_auto/cmake)
[1.275s] -- Added test 'cppcheck' to perform static code analysis on C / C++ code
[1.275s] -- Configured cppcheck include dirs: 
[1.275s] -- Configured cppcheck exclude dirs and/or files: 
[1.276s] -- Added test 'lint_cmake' to check CMake code style
[1.277s] -- Added test 'uncrustify' to check C / C++ code style
[1.277s] -- Configured uncrustify additional arguments: 
[1.277s] -- Added test 'xmllint' to check XML markup files
[1.278s] -- Configuring done
[1.300s] -- Generating done
[1.303s] -- Build files have been written to: /home/student/ros2_ws/build/sprint3
[1.318s] Invoked command in '/home/student/ros2_ws/build/sprint3' returned '0': CMAKE_PREFIX_PATH=${CMAKE_PREFIX_PATH}:/home/student/ros2_ws/install/turtlebot3_teleop:/home/student/ros2_ws/install/rtabmap_python:/opt/ros/humble /usr/bin/cmake /home/student/ros2_ws/src/sprint3 -DCMAKE_INSTALL_PREFIX=/home/student/ros2_ws/install/sprint3
[1.321s] Invoking command in '/home/student/ros2_ws/build/sprint3': CMAKE_PREFIX_PATH=${CMAKE_PREFIX_PATH}:/home/student/ros2_ws/install/turtlebot3_teleop:/home/student/ros2_ws/install/rtabmap_python:/opt/ros/humble /usr/bin/cmake --build /home/student/ros2_ws/build/sprint3
[1.373s] [35m[1mConsolidate compiler generated dependencies of target map_overlay_node[0m
[1.373s] [35m[1mConsolidate compiler generated dependencies of target cylinder_detection_node[0m
[1.389s] [ 50%] Built target map_overlay_node
[1.393s] [100%] Built target cylinder_detection_node
[1.406s] Invoked command in '/home/student/ros2_ws/build/sprint3' returned '0': CMAKE_PREFIX_PATH=${CMAKE_PREFIX_PATH}:/home/student/ros2_ws/install/turtlebot3_teleop:/home/student/ros2_ws/install/rtabmap_python:/opt/ros/humble /usr/bin/cmake --build /home/student/ros2_ws/build/sprint3
[1.453s] Invoking command in '/home/student/ros2_ws/build/sprint3': CMAKE_PREFIX_PATH=${CMAKE_PREFIX_PATH}:/home/student/ros2_ws/install/turtlebot3_teleop:/home/student/ros2_ws/install/rtabmap_python:/opt/ros/humble /usr/bin/cmake --install /home/student/ros2_ws/build/sprint3
[1.462s] -- Install configuration: "Release"
[1.462s] -- Up-to-date: /home/student/ros2_ws/install/sprint3/lib/sprint3/map_overlay_node
[1.462s] -- Up-to-date: /home/student/ros2_ws/install/sprint3/lib/sprint3/cylinder_detection_node
[1.462s] -- Up-to-date: /home/student/ros2_ws/install/sprint3/share/ament_index/resource_index/package_run_dependencies/sprint3
[1.462s] -- Up-to-date: /home/student/ros2_ws/install/sprint3/share/ament_index/resource_index/parent_prefix_path/sprint3
[1.462s] -- Up-to-date: /home/student/ros2_ws/install/sprint3/share/sprint3/environment/ament_prefix_path.sh
[1.463s] -- Installing: /home/student/ros2_ws/install/sprint3/share/sprint3/environment/ament_prefix_path.dsv
[1.463s] -- Up-to-date: /home/student/ros2_ws/install/sprint3/share/sprint3/environment/path.sh
[1.463s] -- Installing: /home/student/ros2_ws/install/sprint3/share/sprint3/environment/path.dsv
[1.463s] -- Up-to-date: /home/student/ros2_ws/install/sprint3/share/sprint3/local_setup.bash
[1.463s] -- Up-to-date: /home/student/ros2_ws/install/sprint3/share/sprint3/local_setup.sh
[1.463s] -- Up-to-date: /home/student/ros2_ws/install/sprint3/share/sprint3/local_setup.zsh
[1.463s] -- Installing: /home/student/ros2_ws/install/sprint3/share/sprint3/local_setup.dsv
[1.464s] -- Installing: /home/student/ros2_ws/install/sprint3/share/sprint3/package.dsv
[1.464s] -- Up-to-date: /home/student/ros2_ws/install/sprint3/share/ament_index/resource_index/packages/sprint3
[1.464s] -- Up-to-date: /home/student/ros2_ws/install/sprint3/share/sprint3/cmake/sprint3Config.cmake
[1.464s] -- Up-to-date: /home/student/ros2_ws/install/sprint3/share/sprint3/cmake/sprint3Config-version.cmake
[1.464s] -- Up-to-date: /home/student/ros2_ws/install/sprint3/share/sprint3/package.xml
[1.465s] Invoked command in '/home/student/ros2_ws/build/sprint3' returned '0': CMAKE_PREFIX_PATH=${CMAKE_PREFIX_PATH}:/home/student/ros2_ws/install/turtlebot3_teleop:/home/student/ros2_ws/install/rtabmap_python:/opt/ros/humble /usr/bin/cmake --install /home/student/ros2_ws/build/sprint3
