[35m[1mConsolidate compiler generated dependencies of target robot_localization__rosidl_generator_c[0m
[  1%] Built target robot_localization__cpp
[  8%] Built target robot_localization__rosidl_generator_c
[35m[1mConsolidate compiler generated dependencies of target dead_reckoning[0m
[  8%] Built target ament_cmake_python_copy_robot_localization
[  9%] Built target dead_reckoning
[35m[1mConsolidate compiler generated dependencies of target gtest_main[0m
[35m[1mConsolidate compiler generated dependencies of target gtest[0m
[ 11%] Built target gtest_main
[ 13%] Built target gtest
[35m[1mConsolidate compiler generated dependencies of target robot_localization__rosidl_typesupport_cpp[0m
[35m[1mConsolidate compiler generated dependencies of target robot_localization__rosidl_typesupport_fastrtps_c[0m
[ 21%] Built target robot_localization__rosidl_typesupport_cpp
[ 28%] Built target robot_localization__rosidl_typesupport_fastrtps_c
[35m[1mConsolidate compiler generated dependencies of target robot_localization__rosidl_typesupport_fastrtps_cpp[0m
[35m[1mConsolidate compiler generated dependencies of target robot_localization__rosidl_typesupport_introspection_c[0m
[ 36%] Built target robot_localization__rosidl_typesupport_fastrtps_cpp
[ 43%] Built target robot_localization__rosidl_typesupport_introspection_c
[35m[1mConsolidate compiler generated dependencies of target robot_localization__rosidl_typesupport_c[0m
[35m[1mConsolidate compiler generated dependencies of target robot_localization__rosidl_typesupport_introspection_cpp[0m
[ 51%] Built target robot_localization__rosidl_typesupport_c
[ 58%] Built target robot_localization__rosidl_typesupport_introspection_cpp
[35m[1mConsolidate compiler generated dependencies of target rl_lib[0m
[ 67%] Built target rl_lib
[ 67%] Built target robot_localization
[35m[1mConsolidate compiler generated dependencies of target ekf_node[0m
[ 69%] Built target ekf_node
[35m[1mConsolidate compiler generated dependencies of target ukf_node[0m
[ 71%] Built target ukf_node
[35m[1mConsolidate compiler generated dependencies of target navsat_transform_node[0m
[ 72%] Built target navsat_transform_node
[35m[1mConsolidate compiler generated dependencies of target robot_localization_listener_node[0m
[ 73%] Built target robot_localization_listener_node
running egg_info
writing robot_localization.egg-info/PKG-INFO
writing dependency_links to robot_localization.egg-info/dependency_links.txt
[35m[1mConsolidate compiler generated dependencies of target filter_base-test[0m
writing top-level names to robot_localization.egg-info/top_level.txt
reading manifest file 'robot_localization.egg-info/SOURCES.txt'
writing manifest file 'robot_localization.egg-info/SOURCES.txt'
[ 74%] Built target filter_base-test
[35m[1mConsolidate compiler generated dependencies of target test_filter_base_diagnostics_timestamps[0m
[ 74%] Built target ament_cmake_python_build_robot_localization_egg
[35m[1mConsolidate compiler generated dependencies of target test_ekf[0m
[ 75%] Built target test_filter_base_diagnostics_timestamps
[35m[1mConsolidate compiler generated dependencies of target test_ekf_node_interfaces[0m
[ 77%] Built target test_ekf
[35m[1mConsolidate compiler generated dependencies of target test_ukf[0m
[ 79%] Built target test_ekf_node_interfaces
[35m[1mConsolidate compiler generated dependencies of target test_ukf_node_interfaces[0m
[ 80%] Built target test_ukf
[35m[1mConsolidate compiler generated dependencies of target test_robot_localization_estimator[0m
[ 82%] Built target test_ukf_node_interfaces
[ 83%] Built target test_robot_localization_estimator
[35m[1mConsolidate compiler generated dependencies of target test_navsat_conversions[0m
[35m[1mConsolidate compiler generated dependencies of target test_ros_robot_localization_listener[0m
[ 85%] Built target test_navsat_conversions
[35m[1mConsolidate compiler generated dependencies of target test_ros_robot_localization_listener_publisher[0m
[ 87%] Built target test_ros_robot_localization_listener
[ 89%] Built target test_ros_robot_localization_listener_publisher
[ 90%] Built target robot_localization__py
[35m[1mConsolidate compiler generated dependencies of target robot_localization__rosidl_generator_py[0m
[ 96%] Built target robot_localization__rosidl_generator_py
[35m[1mConsolidate compiler generated dependencies of target robot_localization__rosidl_typesupport_fastrtps_c__pyext[0m
[35m[1mConsolidate compiler generated dependencies of target robot_localization__rosidl_typesupport_introspection_c__pyext[0m
[ 98%] Built target robot_localization__rosidl_typesupport_introspection_c__pyext
[ 99%] Built target robot_localization__rosidl_typesupport_fastrtps_c__pyext
[35m[1mConsolidate compiler generated dependencies of target robot_localization__rosidl_typesupport_c__pyext[0m
[100%] Built target robot_localization__rosidl_typesupport_c__pyext
