[0.031s] Invoking command in '/home/student/ros2_ws/src/labs/build/labs': CMAKE_PREFIX_PATH=${CMAKE_PREFIX_PATH}:/home/student/ros2_ws/install/turtlebot3_teleop:/home/student/ros2_ws/install/turtlebot3_example:/opt/ros/humble /usr/bin/cmake /home/student/ros2_ws/src/labs -DCMAKE_INSTALL_PREFIX=/home/student/ros2_ws/src/labs/install/labs
[0.907s] -- The C compiler identification is GNU 11.4.0
[1.495s] -- The CXX compiler identification is GNU 11.4.0
[1.524s] -- Detecting C compiler ABI info
[1.672s] -- Detecting C compiler ABI info - done
[1.683s] -- Check for working C compiler: /usr/bin/cc - skipped
[1.684s] -- Detecting C compile features
[1.687s] -- Detecting C compile features - done
[1.694s] -- Detecting CXX compiler ABI info
[1.826s] -- Detecting CXX compiler ABI info - done
[1.838s] -- Check for working CXX compiler: /usr/bin/c++ - skipped
[1.839s] -- Detecting CXX compile features
[1.839s] -- Detecting CXX compile features - done
[1.917s] -- Found ament_cmake: 1.3.10 (/opt/ros/humble/share/ament_cmake/cmake)
[2.159s] -- Found Python3: /usr/bin/python3 (found version "3.10.12") found components: Interpreter 
[2.472s] -- Found rclcpp: 16.0.10 (/opt/ros/humble/share/rclcpp/cmake)
[2.621s] -- Found rosidl_generator_c: 3.1.5 (/opt/ros/humble/share/rosidl_generator_c/cmake)
[2.631s] -- Found rosidl_adapter: 3.1.5 (/opt/ros/humble/share/rosidl_adapter/cmake)
[2.669s] -- Found rosidl_generator_cpp: 3.1.5 (/opt/ros/humble/share/rosidl_generator_cpp/cmake)
[2.742s] -- Using all available rosidl_typesupport_c: rosidl_typesupport_fastrtps_c;rosidl_typesupport_introspection_c
[2.776s] -- Using all available rosidl_typesupport_cpp: rosidl_typesupport_fastrtps_cpp;rosidl_typesupport_introspection_cpp
[2.966s] -- Found rmw_implementation_cmake: 6.1.2 (/opt/ros/humble/share/rmw_implementation_cmake/cmake)
[2.977s] -- Found rmw_fastrtps_cpp: 6.2.7 (/opt/ros/humble/share/rmw_fastrtps_cpp/cmake)
[3.206s] -- Found OpenSSL: /usr/lib/x86_64-linux-gnu/libcrypto.so (found version "3.0.2")  
[3.242s] -- Found FastRTPS: /opt/ros/humble/include  
[3.291s] -- Using RMW implementation 'rmw_fastrtps_cpp' as default
[3.333s] -- Looking for pthread.h
[3.463s] -- Looking for pthread.h - found
[3.464s] -- Performing Test CMAKE_HAVE_LIBC_PTHREAD
[3.557s] -- Performing Test CMAKE_HAVE_LIBC_PTHREAD - Success
[3.559s] -- Found Threads: TRUE  
[3.682s] -- Found cv_bridge: 3.2.1 (/opt/ros/humble/share/cv_bridge/cmake)
[3.782s] -- Found OpenCV: /usr (found version "4.5.4") 
[3.874s] -- Configuring done
[3.889s] -- Generating done
[3.891s] -- Build files have been written to: /home/student/ros2_ws/src/labs/build/labs
[3.904s] Invoked command in '/home/student/ros2_ws/src/labs/build/labs' returned '0': CMAKE_PREFIX_PATH=${CMAKE_PREFIX_PATH}:/home/student/ros2_ws/install/turtlebot3_teleop:/home/student/ros2_ws/install/turtlebot3_example:/opt/ros/humble /usr/bin/cmake /home/student/ros2_ws/src/labs -DCMAKE_INSTALL_PREFIX=/home/student/ros2_ws/src/labs/install/labs
[3.906s] Invoking command in '/home/student/ros2_ws/src/labs/build/labs': CMAKE_PREFIX_PATH=${CMAKE_PREFIX_PATH}:/home/student/ros2_ws/install/turtlebot3_teleop:/home/student/ros2_ws/install/turtlebot3_example:/opt/ros/humble /usr/bin/cmake --build /home/student/ros2_ws/src/labs/build/labs -- -j8 -l8
[3.976s] [ 50%] [32mBuilding CXX object CMakeFiles/lab1.dir/src/lab1.cpp.o[0m
[15.532s] [100%] [32m[1mLinking CXX executable lab1[0m
[17.382s] [100%] Built target lab1
[17.396s] Invoked command in '/home/student/ros2_ws/src/labs/build/labs' returned '0': CMAKE_PREFIX_PATH=${CMAKE_PREFIX_PATH}:/home/student/ros2_ws/install/turtlebot3_teleop:/home/student/ros2_ws/install/turtlebot3_example:/opt/ros/humble /usr/bin/cmake --build /home/student/ros2_ws/src/labs/build/labs -- -j8 -l8
[17.441s] Invoking command in '/home/student/ros2_ws/src/labs/build/labs': CMAKE_PREFIX_PATH=${CMAKE_PREFIX_PATH}:/home/student/ros2_ws/install/turtlebot3_teleop:/home/student/ros2_ws/install/turtlebot3_example:/opt/ros/humble /usr/bin/cmake --install /home/student/ros2_ws/src/labs/build/labs
[17.451s] -- Install configuration: ""
[17.451s] -- Installing: /home/student/ros2_ws/src/labs/install/labs/lib/labs/lab1
[17.457s] -- Set runtime path of "/home/student/ros2_ws/src/labs/install/labs/lib/labs/lab1" to ""
[17.457s] -- Installing: /home/student/ros2_ws/src/labs/install/labs/share/ament_index/resource_index/package_run_dependencies/labs
[17.457s] -- Installing: /home/student/ros2_ws/src/labs/install/labs/share/ament_index/resource_index/parent_prefix_path/labs
[17.458s] -- Installing: /home/student/ros2_ws/src/labs/install/labs/share/labs/environment/ament_prefix_path.sh
[17.458s] -- Installing: /home/student/ros2_ws/src/labs/install/labs/share/labs/environment/ament_prefix_path.dsv
[17.458s] -- Installing: /home/student/ros2_ws/src/labs/install/labs/share/labs/environment/path.sh
[17.458s] -- Installing: /home/student/ros2_ws/src/labs/install/labs/share/labs/environment/path.dsv
[17.458s] -- Installing: /home/student/ros2_ws/src/labs/install/labs/share/labs/local_setup.bash
[17.458s] -- Installing: /home/student/ros2_ws/src/labs/install/labs/share/labs/local_setup.sh
[17.458s] -- Installing: /home/student/ros2_ws/src/labs/install/labs/share/labs/local_setup.zsh
[17.459s] -- Installing: /home/student/ros2_ws/src/labs/install/labs/share/labs/local_setup.dsv
[17.459s] -- Installing: /home/student/ros2_ws/src/labs/install/labs/share/labs/package.dsv
[17.459s] -- Installing: /home/student/ros2_ws/src/labs/install/labs/share/ament_index/resource_index/packages/labs
[17.459s] -- Installing: /home/student/ros2_ws/src/labs/install/labs/share/labs/cmake/labsConfig.cmake
[17.459s] -- Installing: /home/student/ros2_ws/src/labs/install/labs/share/labs/cmake/labsConfig-version.cmake
[17.459s] -- Installing: /home/student/ros2_ws/src/labs/install/labs/share/labs/package.xml
[17.461s] Invoked command in '/home/student/ros2_ws/src/labs/build/labs' returned '0': CMAKE_PREFIX_PATH=${CMAKE_PREFIX_PATH}:/home/student/ros2_ws/install/turtlebot3_teleop:/home/student/ros2_ws/install/turtlebot3_example:/opt/ros/humble /usr/bin/cmake --install /home/student/ros2_ws/src/labs/build/labs
