[0.130s] DEBUG:colcon:Command line arguments: ['/usr/bin/colcon', 'build']
[0.130s] DEBUG:colcon:Parsed command line arguments: Namespace(log_base=None, log_level=None, verb_name='build', build_base='build', install_base='install', merge_install=False, symlink_install=False, test_result_base=None, continue_on_error=False, executor='parallel', parallel_workers=8, event_handlers=None, ignore_user_meta=False, metas=['./colcon.meta'], base_paths=['.'], packages_ignore=None, packages_ignore_regex=None, paths=None, packages_up_to=None, packages_up_to_regex=None, packages_above=None, packages_above_and_dependencies=None, packages_above_depth=None, packages_select_by_dep=None, packages_skip_by_dep=None, packages_skip_up_to=None, packages_select_build_failed=False, packages_skip_build_finished=False, packages_select_test_failures=False, packages_skip_test_passed=False, packages_select=None, packages_skip=None, packages_select_regex=None, packages_skip_regex=None, packages_start=None, packages_end=None, allow_overriding=[], cmake_args=None, cmake_target=None, cmake_target_skip_unavailable=False, cmake_clean_cache=False, cmake_clean_first=False, cmake_force_configure=False, ament_cmake_args=None, catkin_cmake_args=None, catkin_skip_building_tests=False, mixin_files=None, mixin=None, verb_parser=<colcon_mixin.mixin.mixin_argument.MixinArgumentDecorator object at 0x79e5cce2fa90>, verb_extension=<colcon_core.verb.build.BuildVerb object at 0x79e5cce2f070>, main=<bound method BuildVerb.main of <colcon_core.verb.build.BuildVerb object at 0x79e5cce2f070>>, mixin_verb=('build',))
[0.324s] Level 1:colcon.colcon_core.package_discovery:discover_packages(colcon_meta) check parameters
[0.324s] Level 1:colcon.colcon_core.package_discovery:discover_packages(recursive) check parameters
[0.324s] Level 1:colcon.colcon_core.package_discovery:discover_packages(ignore) check parameters
[0.324s] Level 1:colcon.colcon_core.package_discovery:discover_packages(path) check parameters
[0.324s] Level 1:colcon.colcon_core.package_discovery:discover_packages(colcon_meta) discover
[0.324s] Level 1:colcon.colcon_core.package_discovery:discover_packages(recursive) discover
[0.324s] INFO:colcon.colcon_core.package_discovery:Crawling recursively for packages in '/home/student/ros2_ws/src/labs'
[0.324s] Level 1:colcon.colcon_core.package_identification:_identify(.) by extensions ['ignore', 'ignore_ament_install']
[0.324s] Level 1:colcon.colcon_core.package_identification:_identify(.) by extension 'ignore'
[0.324s] Level 1:colcon.colcon_core.package_identification:_identify(.) by extension 'ignore_ament_install'
[0.324s] Level 1:colcon.colcon_core.package_identification:_identify(.) by extensions ['colcon_pkg']
[0.324s] Level 1:colcon.colcon_core.package_identification:_identify(.) by extension 'colcon_pkg'
[0.324s] Level 1:colcon.colcon_core.package_identification:_identify(.) by extensions ['colcon_meta']
[0.324s] Level 1:colcon.colcon_core.package_identification:_identify(.) by extension 'colcon_meta'
[0.324s] Level 1:colcon.colcon_core.package_identification:_identify(.) by extensions ['ros']
[0.325s] Level 1:colcon.colcon_core.package_identification:_identify(.) by extension 'ros'
[0.339s] DEBUG:colcon.colcon_core.package_identification:Package '.' with type 'ros.ament_cmake' and name 'labs'
[0.339s] Level 1:colcon.colcon_core.package_discovery:discover_packages(recursive) using defaults
[0.339s] Level 1:colcon.colcon_core.package_discovery:discover_packages(ignore) discover
[0.339s] Level 1:colcon.colcon_core.package_discovery:discover_packages(ignore) using defaults
[0.339s] Level 1:colcon.colcon_core.package_discovery:discover_packages(path) discover
[0.339s] Level 1:colcon.colcon_core.package_discovery:discover_packages(path) using defaults
[0.372s] Level 1:colcon.colcon_core.package_discovery:discover_packages(prefix_path) check parameters
[0.372s] Level 1:colcon.colcon_core.package_discovery:discover_packages(prefix_path) discover
[0.375s] DEBUG:colcon.colcon_installed_package_information.package_discovery:Found 17 installed packages in /home/student/ros2_ws/install
[0.376s] DEBUG:colcon.colcon_installed_package_information.package_discovery:Found 372 installed packages in /opt/ros/humble
[0.378s] Level 1:colcon.colcon_core.package_discovery:discover_packages(prefix_path) using defaults
[0.427s] Level 5:colcon.colcon_core.verb:set package 'labs' build argument 'cmake_args' from command line to 'None'
[0.427s] Level 5:colcon.colcon_core.verb:set package 'labs' build argument 'cmake_target' from command line to 'None'
[0.427s] Level 5:colcon.colcon_core.verb:set package 'labs' build argument 'cmake_target_skip_unavailable' from command line to 'False'
[0.427s] Level 5:colcon.colcon_core.verb:set package 'labs' build argument 'cmake_clean_cache' from command line to 'False'
[0.427s] Level 5:colcon.colcon_core.verb:set package 'labs' build argument 'cmake_clean_first' from command line to 'False'
[0.427s] Level 5:colcon.colcon_core.verb:set package 'labs' build argument 'cmake_force_configure' from command line to 'False'
[0.427s] Level 5:colcon.colcon_core.verb:set package 'labs' build argument 'ament_cmake_args' from command line to 'None'
[0.427s] Level 5:colcon.colcon_core.verb:set package 'labs' build argument 'catkin_cmake_args' from command line to 'None'
[0.427s] Level 5:colcon.colcon_core.verb:set package 'labs' build argument 'catkin_skip_building_tests' from command line to 'False'
[0.427s] DEBUG:colcon.colcon_core.verb:Building package 'labs' with the following arguments: {'ament_cmake_args': None, 'build_base': '/home/student/ros2_ws/src/labs/build/labs', 'catkin_cmake_args': None, 'catkin_skip_building_tests': False, 'cmake_args': None, 'cmake_clean_cache': False, 'cmake_clean_first': False, 'cmake_force_configure': False, 'cmake_target': None, 'cmake_target_skip_unavailable': False, 'install_base': '/home/student/ros2_ws/src/labs/install/labs', 'merge_install': False, 'path': '/home/student/ros2_ws/src/labs', 'symlink_install': False, 'test_result_base': None}
[0.427s] INFO:colcon.colcon_core.executor:Executing jobs using 'parallel' executor
[0.428s] DEBUG:colcon.colcon_parallel_executor.executor.parallel:run_until_complete
[0.429s] INFO:colcon.colcon_ros.task.ament_cmake.build:Building ROS package in '/home/student/ros2_ws/src/labs' with build type 'ament_cmake'
[0.429s] INFO:colcon.colcon_cmake.task.cmake.build:Building CMake package in '/home/student/ros2_ws/src/labs'
[0.431s] INFO:colcon.colcon_core.plugin_system:Skipping extension 'colcon_core.shell.bat': Not used on non-Windows systems
[0.431s] INFO:colcon.colcon_core.shell:Skip shell extension 'powershell' for command environment: Not usable outside of PowerShell
[0.431s] DEBUG:colcon.colcon_core.shell:Skip shell extension 'dsv' for command environment
[0.451s] DEBUG:colcon.colcon_core.event_handler.log_command:Invoking command in '/home/student/ros2_ws/src/labs/build/labs': CMAKE_PREFIX_PATH=${CMAKE_PREFIX_PATH}:/home/student/ros2_ws/install/turtlebot3_teleop:/home/student/ros2_ws/install/turtlebot3_example:/opt/ros/humble /usr/bin/cmake --build /home/student/ros2_ws/src/labs/build/labs -- -j8 -l8
[12.644s] DEBUG:colcon.colcon_core.event_handler.log_command:Invoked command in '/home/student/ros2_ws/src/labs/build/labs' returned '0': CMAKE_PREFIX_PATH=${CMAKE_PREFIX_PATH}:/home/student/ros2_ws/install/turtlebot3_teleop:/home/student/ros2_ws/install/turtlebot3_example:/opt/ros/humble /usr/bin/cmake --build /home/student/ros2_ws/src/labs/build/labs -- -j8 -l8
[12.713s] DEBUG:colcon.colcon_core.event_handler.log_command:Invoking command in '/home/student/ros2_ws/src/labs/build/labs': CMAKE_PREFIX_PATH=${CMAKE_PREFIX_PATH}:/home/student/ros2_ws/install/turtlebot3_teleop:/home/student/ros2_ws/install/turtlebot3_example:/opt/ros/humble /usr/bin/cmake --install /home/student/ros2_ws/src/labs/build/labs
[12.770s] Level 1:colcon.colcon_core.environment:create_environment_scripts_only(labs)
[12.770s] DEBUG:colcon.colcon_core.event_handler.log_command:Invoked command in '/home/student/ros2_ws/src/labs/build/labs' returned '0': CMAKE_PREFIX_PATH=${CMAKE_PREFIX_PATH}:/home/student/ros2_ws/install/turtlebot3_teleop:/home/student/ros2_ws/install/turtlebot3_example:/opt/ros/humble /usr/bin/cmake --install /home/student/ros2_ws/src/labs/build/labs
[12.776s] Level 1:colcon.colcon_core.environment:checking '/home/student/ros2_ws/src/labs/install/labs' for CMake module files
[12.776s] Level 1:colcon.colcon_core.environment:checking '/home/student/ros2_ws/src/labs/install/labs' for CMake config files
[12.776s] Level 1:colcon.colcon_core.shell:create_environment_hook('labs', 'cmake_prefix_path')
[12.777s] INFO:colcon.colcon_core.shell:Creating environment hook '/home/student/ros2_ws/src/labs/install/labs/share/labs/hook/cmake_prefix_path.ps1'
[12.778s] INFO:colcon.colcon_core.shell:Creating environment descriptor '/home/student/ros2_ws/src/labs/install/labs/share/labs/hook/cmake_prefix_path.dsv'
[12.784s] INFO:colcon.colcon_core.shell:Creating environment hook '/home/student/ros2_ws/src/labs/install/labs/share/labs/hook/cmake_prefix_path.sh'
[12.789s] Level 1:colcon.colcon_core.environment:checking '/home/student/ros2_ws/src/labs/install/labs/lib'
[12.789s] Level 1:colcon.colcon_core.environment:checking '/home/student/ros2_ws/src/labs/install/labs/bin'
[12.790s] Level 1:colcon.colcon_core.environment:checking '/home/student/ros2_ws/src/labs/install/labs/lib/pkgconfig/labs.pc'
[12.790s] Level 1:colcon.colcon_core.environment:checking '/home/student/ros2_ws/src/labs/install/labs/lib/python3.10/site-packages'
[12.790s] Level 1:colcon.colcon_core.environment:checking '/home/student/ros2_ws/src/labs/install/labs/bin'
[12.790s] INFO:colcon.colcon_core.shell:Creating package script '/home/student/ros2_ws/src/labs/install/labs/share/labs/package.ps1'
[12.791s] INFO:colcon.colcon_core.shell:Creating package descriptor '/home/student/ros2_ws/src/labs/install/labs/share/labs/package.dsv'
[12.792s] INFO:colcon.colcon_core.shell:Creating package script '/home/student/ros2_ws/src/labs/install/labs/share/labs/package.sh'
[12.793s] INFO:colcon.colcon_core.shell:Creating package script '/home/student/ros2_ws/src/labs/install/labs/share/labs/package.bash'
[12.794s] INFO:colcon.colcon_core.shell:Creating package script '/home/student/ros2_ws/src/labs/install/labs/share/labs/package.zsh'
[12.794s] Level 1:colcon.colcon_core.environment:create_file_with_runtime_dependencies(/home/student/ros2_ws/src/labs/install/labs/share/colcon-core/packages/labs)
[12.840s] Level 1:colcon.colcon_core.environment:create_environment_scripts_only(labs)
[12.841s] Level 1:colcon.colcon_core.environment:checking '/home/student/ros2_ws/src/labs/install/labs' for CMake module files
[12.841s] Level 1:colcon.colcon_core.environment:checking '/home/student/ros2_ws/src/labs/install/labs' for CMake config files
[12.841s] Level 1:colcon.colcon_core.shell:create_environment_hook('labs', 'cmake_prefix_path')
[12.842s] INFO:colcon.colcon_core.shell:Creating environment hook '/home/student/ros2_ws/src/labs/install/labs/share/labs/hook/cmake_prefix_path.ps1'
[12.842s] INFO:colcon.colcon_core.shell:Creating environment descriptor '/home/student/ros2_ws/src/labs/install/labs/share/labs/hook/cmake_prefix_path.dsv'
[12.843s] INFO:colcon.colcon_core.shell:Creating environment hook '/home/student/ros2_ws/src/labs/install/labs/share/labs/hook/cmake_prefix_path.sh'
[12.843s] Level 1:colcon.colcon_core.environment:checking '/home/student/ros2_ws/src/labs/install/labs/lib'
[12.843s] Level 1:colcon.colcon_core.environment:checking '/home/student/ros2_ws/src/labs/install/labs/bin'
[12.843s] Level 1:colcon.colcon_core.environment:checking '/home/student/ros2_ws/src/labs/install/labs/lib/pkgconfig/labs.pc'
[12.844s] Level 1:colcon.colcon_core.environment:checking '/home/student/ros2_ws/src/labs/install/labs/lib/python3.10/site-packages'
[12.844s] Level 1:colcon.colcon_core.environment:checking '/home/student/ros2_ws/src/labs/install/labs/bin'
[12.844s] INFO:colcon.colcon_core.shell:Creating package script '/home/student/ros2_ws/src/labs/install/labs/share/labs/package.ps1'
[12.845s] INFO:colcon.colcon_core.shell:Creating package descriptor '/home/student/ros2_ws/src/labs/install/labs/share/labs/package.dsv'
[12.845s] INFO:colcon.colcon_core.shell:Creating package script '/home/student/ros2_ws/src/labs/install/labs/share/labs/package.sh'
[12.846s] INFO:colcon.colcon_core.shell:Creating package script '/home/student/ros2_ws/src/labs/install/labs/share/labs/package.bash'
[12.846s] INFO:colcon.colcon_core.shell:Creating package script '/home/student/ros2_ws/src/labs/install/labs/share/labs/package.zsh'
[12.847s] Level 1:colcon.colcon_core.environment:create_file_with_runtime_dependencies(/home/student/ros2_ws/src/labs/install/labs/share/colcon-core/packages/labs)
[12.847s] DEBUG:colcon.colcon_parallel_executor.executor.parallel:closing loop
[12.848s] DEBUG:colcon.colcon_parallel_executor.executor.parallel:loop closed
[12.848s] DEBUG:colcon.colcon_parallel_executor.executor.parallel:run_until_complete finished with '0'
[12.848s] DEBUG:colcon.colcon_core.event_reactor:joining thread
[12.854s] INFO:colcon.colcon_core.plugin_system:Skipping extension 'colcon_notification.desktop_notification.terminal_notifier': Not used on non-Darwin systems
[12.854s] INFO:colcon.colcon_core.plugin_system:Skipping extension 'colcon_notification.desktop_notification.win32': Not used on non-Windows systems
[12.854s] INFO:colcon.colcon_notification.desktop_notification:Sending desktop notification using 'notify2'
[12.867s] DEBUG:colcon.colcon_core.event_reactor:joined thread
[12.867s] INFO:colcon.colcon_core.shell:Creating prefix script '/home/student/ros2_ws/src/labs/install/local_setup.ps1'
[12.868s] INFO:colcon.colcon_core.shell:Creating prefix util module '/home/student/ros2_ws/src/labs/install/_local_setup_util_ps1.py'
[12.870s] INFO:colcon.colcon_core.shell:Creating prefix chain script '/home/student/ros2_ws/src/labs/install/setup.ps1'
[12.873s] INFO:colcon.colcon_core.shell:Creating prefix script '/home/student/ros2_ws/src/labs/install/local_setup.sh'
[12.873s] INFO:colcon.colcon_core.shell:Creating prefix util module '/home/student/ros2_ws/src/labs/install/_local_setup_util_sh.py'
[12.874s] INFO:colcon.colcon_core.shell:Creating prefix chain script '/home/student/ros2_ws/src/labs/install/setup.sh'
[12.877s] INFO:colcon.colcon_core.shell:Creating prefix script '/home/student/ros2_ws/src/labs/install/local_setup.bash'
[12.877s] INFO:colcon.colcon_core.shell:Creating prefix chain script '/home/student/ros2_ws/src/labs/install/setup.bash'
[12.879s] INFO:colcon.colcon_core.shell:Creating prefix script '/home/student/ros2_ws/src/labs/install/local_setup.zsh'
[12.880s] INFO:colcon.colcon_core.shell:Creating prefix chain script '/home/student/ros2_ws/src/labs/install/setup.zsh'
