[0.051s] Invoking command in '/home/student/ros2_ws/build/labs': CMAKE_PREFIX_PATH=${CMAKE_PREFIX_PATH}:/home/student/ros2_ws/install/turtlebot3_teleop:/home/student/ros2_ws/install/rtabmap_python:/opt/ros/humble /usr/bin/cmake --build /home/student/ros2_ws/build/labs
[0.168s] [ 33%] Built target lab2
[0.176s] [ 66%] Built target lab1
[0.218s] [100%] Built target sprint1
[0.245s] Invoked command in '/home/student/ros2_ws/build/labs' returned '0': CMAKE_PREFIX_PATH=${CMAKE_PREFIX_PATH}:/home/student/ros2_ws/install/turtlebot3_teleop:/home/student/ros2_ws/install/rtabmap_python:/opt/ros/humble /usr/bin/cmake --build /home/student/ros2_ws/build/labs
[0.354s] Invoking command in '/home/student/ros2_ws/build/labs': CMAKE_PREFIX_PATH=${CMAKE_PREFIX_PATH}:/home/student/ros2_ws/install/turtlebot3_teleop:/home/student/ros2_ws/install/rtabmap_python:/opt/ros/humble /usr/bin/cmake --install /home/student/ros2_ws/build/labs
[0.356s] -- Install configuration: "Release"
[0.356s] -- Up-to-date: /home/student/ros2_ws/install/labs/lib/labs/lab1
[0.357s] -- Up-to-date: /home/student/ros2_ws/install/labs/lib/labs/lab2
[0.357s] -- Up-to-date: /home/student/ros2_ws/install/labs/lib/labs/sprint1
[0.357s] -- Up-to-date: /home/student/ros2_ws/install/labs/share/ament_index/resource_index/package_run_dependencies/labs
[0.357s] -- Up-to-date: /home/student/ros2_ws/install/labs/share/ament_index/resource_index/parent_prefix_path/labs
[0.357s] -- Up-to-date: /home/student/ros2_ws/install/labs/share/labs/environment/ament_prefix_path.sh
[0.357s] -- Up-to-date: /home/student/ros2_ws/install/labs/share/labs/environment/ament_prefix_path.dsv
[0.357s] -- Up-to-date: /home/student/ros2_ws/install/labs/share/labs/environment/path.sh
[0.357s] -- Up-to-date: /home/student/ros2_ws/install/labs/share/labs/environment/path.dsv
[0.357s] -- Up-to-date: /home/student/ros2_ws/install/labs/share/labs/local_setup.bash
[0.357s] -- Up-to-date: /home/student/ros2_ws/install/labs/share/labs/local_setup.sh
[0.357s] -- Up-to-date: /home/student/ros2_ws/install/labs/share/labs/local_setup.zsh
[0.358s] -- Up-to-date: /home/student/ros2_ws/install/labs/share/labs/local_setup.dsv
[0.358s] -- Installing: /home/student/ros2_ws/install/labs/share/labs/package.dsv
[0.361s] -- Up-to-date: /home/student/ros2_ws/install/labs/share/ament_index/resource_index/packages/labs
[0.361s] -- Up-to-date: /home/student/ros2_ws/install/labs/share/labs/cmake/labsConfig.cmake
[0.361s] -- Up-to-date: /home/student/ros2_ws/install/labs/share/labs/cmake/labsConfig-version.cmake
[0.361s] -- Up-to-date: /home/student/ros2_ws/install/labs/share/labs/package.xml
[0.364s] Invoked command in '/home/student/ros2_ws/build/labs' returned '0': CMAKE_PREFIX_PATH=${CMAKE_PREFIX_PATH}:/home/student/ros2_ws/install/turtlebot3_teleop:/home/student/ros2_ws/install/rtabmap_python:/opt/ros/humble /usr/bin/cmake --install /home/student/ros2_ws/build/labs
