[0.037s] Invoking command in '/home/student/ros2_ws/build/turtlebot3_gazebo': CMAKE_PREFIX_PATH=${CMAKE_PREFIX_PATH}:/home/student/ros2_ws/install/turtlebot3_teleop:/home/student/ros2_ws/install/turtlebot3_example:/home/student/ros2_ws/install/rtabmap_python:/opt/ros/humble /usr/bin/cmake /home/student/ros2_ws/src/turtlebot3_simulations/turtlebot3_gazebo -DCMAKE_INSTALL_PREFIX=/home/student/ros2_ws/install/turtlebot3_gazebo
[0.134s] -- The C compiler identification is GNU 11.4.0
[0.249s] -- The CXX compiler identification is GNU 11.4.0
[0.260s] -- Detecting C compiler ABI info
[0.385s] -- Detecting C compiler ABI info - done
[0.400s] -- Check for working C compiler: /usr/bin/cc - skipped
[0.401s] -- Detecting C compile features
[0.402s] -- Detecting C compile features - done
[0.406s] -- Detecting CXX compiler ABI info
[0.556s] -- Detecting CXX compiler ABI info - done
[0.573s] -- Check for working CXX compiler: /usr/bin/c++ - skipped
[0.573s] -- Detecting CXX compile features
[0.573s] -- Detecting CXX compile features - done
[0.574s] -- Found ament_cmake: 1.3.10 (/opt/ros/humble/share/ament_cmake/cmake)
[0.841s] -- Found Python3: /usr/bin/python3 (found version "3.10.12") found components: Interpreter 
[1.001s] -- Found PkgConfig: /usr/bin/pkg-config (found version "0.29.2") 
[1.002s] [33mCMake Warning (dev) at /usr/share/cmake-3.22/Modules/FindPackageHandleStandardArgs.cmake:438 (message):
[1.002s]   The package name passed to `find_package_handle_standard_args` (PkgConfig)
[1.003s]   does not match the name of the calling package (gazebo).  This can lead to
[1.003s]   problems in calling code that expects `find_package` result variables
[1.007s]   (e.g., `_FOUND`) to follow a certain pattern.
[1.007s] Call Stack (most recent call first):
[1.007s]   /usr/share/cmake-3.22/Modules/FindPkgConfig.cmake:99 (find_package_handle_standard_args)
[1.008s]   /usr/lib/x86_64-linux-gnu/cmake/gazebo/gazebo-config.cmake:72 (include)
[1.008s]   CMakeLists.txt:23 (find_package)
[1.008s] This warning is for project developers.  Use -Wno-dev to suppress it.
[1.008s] [0m
[1.008s] -- Checking for module 'bullet>=2.82'
[1.034s] --   Found bullet, version 3.05
[1.209s] -- Found fcl: /usr/include (found suitable version "0.7.0", minimum required is "0.5.0") 
[1.298s] -- Found assimp: /usr/include (found version "5.2.0") 
[1.329s] -- Found DART: /usr/include (Required is at least version "6.6") found components: dart 
[1.582s] -- Found Boost: /usr/lib/x86_64-linux-gnu/cmake/Boost-1.74.0/BoostConfig.cmake (found suitable version "1.74.0", minimum required is "1.40.0") found components: thread system filesystem program_options regex iostreams date_time 
[1.606s] -- Found Protobuf: /usr/lib/x86_64-linux-gnu/libprotobuf.so (found version "3.12.4") 
[1.614s] -- Looking for ignition-math6 -- found version 6.15.1
[1.619s] -- Searching for dependencies of ignition-math6
[1.621s] -- Looking for OGRE...
[1.621s] -- OGRE_PREFIX_WATCH changed.
[1.628s] -- Checking for module 'OGRE'
[1.651s] --   Found OGRE, version 1.9.0
[1.699s] -- Found Ogre Ghadamon (1.9.0)
[1.726s] -- Found OGRE: optimized;/usr/lib/x86_64-linux-gnu/libOgreMain.so;debug;/usr/lib/x86_64-linux-gnu/libOgreMain.so
[1.739s] -- Looking for OGRE_Paging...
[1.757s] -- Found OGRE_Paging: optimized;/usr/lib/x86_64-linux-gnu/libOgrePaging.so;debug;/usr/lib/x86_64-linux-gnu/libOgrePaging.so
[1.758s] -- Looking for OGRE_Terrain...
[1.767s] -- Found OGRE_Terrain: optimized;/usr/lib/x86_64-linux-gnu/libOgreTerrain.so;debug;/usr/lib/x86_64-linux-gnu/libOgreTerrain.so
[1.768s] -- Looking for OGRE_Property...
[1.779s] -- Found OGRE_Property: optimized;/usr/lib/x86_64-linux-gnu/libOgreProperty.so;debug;/usr/lib/x86_64-linux-gnu/libOgreProperty.so
[1.779s] -- Looking for OGRE_RTShaderSystem...
[1.791s] -- Found OGRE_RTShaderSystem: optimized;/usr/lib/x86_64-linux-gnu/libOgreRTShaderSystem.so;debug;/usr/lib/x86_64-linux-gnu/libOgreRTShaderSystem.so
[1.793s] -- Looking for OGRE_Volume...
[1.803s] -- Found OGRE_Volume: optimized;/usr/lib/x86_64-linux-gnu/libOgreVolume.so;debug;/usr/lib/x86_64-linux-gnu/libOgreVolume.so
[1.803s] -- Looking for OGRE_Overlay...
[1.814s] -- Found OGRE_Overlay: optimized;/usr/lib/x86_64-linux-gnu/libOgreOverlay.so;debug;/usr/lib/x86_64-linux-gnu/libOgreOverlay.so
[2.097s] -- Looking for ignition-math6 -- found version 6.15.1
[2.099s] -- Looking for ignition-transport8 -- found version 8.2.1
[2.099s] -- Searching for dependencies of ignition-transport8
[2.125s] -- Found Protobuf: /usr/lib/x86_64-linux-gnu/libprotobuf.so (found suitable version "3.12.4", minimum required is "3") 
[2.143s] -- Config-file not installed for ZeroMQ -- checking for pkg-config
[2.151s] -- Checking for module 'libzmq >= 4'
[2.176s] --   Found libzmq , version 4.3.4
[2.237s] -- Found ZeroMQ: TRUE (Required is at least version "4") 
[2.246s] -- Checking for module 'uuid'
[2.272s] --   Found uuid, version 2.37.2
[2.324s] -- Found UUID: TRUE  
[2.328s] -- Looking for ignition-msgs5 -- found version 5.8.1
[2.328s] -- Searching for dependencies of ignition-msgs5
[2.357s] -- Looking for ignition-math6 -- found version 6.15.1
[2.365s] -- Checking for module 'tinyxml2'
[2.392s] --   Found tinyxml2, version 9.0.0
[2.449s] -- Looking for ignition-msgs5 -- found version 5.8.1
[2.452s] -- Looking for ignition-common3 -- found version 3.14.0
[2.453s] -- Searching for dependencies of ignition-common3
[2.455s] -- Looking for dlfcn.h - found
[2.457s] -- Looking for libdl - found
[2.459s] -- Found DL: TRUE  
[2.479s] -- Found tinyobjloader: /usr/lib/x86_64-linux-gnu/cmake/tinyobjloader/tinyobjloader-config.cmake (found version "2.0.0") 
[2.479s] -- Searching for <ignition-common3> component [graphics]
[2.483s] -- Looking for ignition-common3-graphics -- found version 3.14.0
[2.484s] -- Searching for dependencies of ignition-common3-graphics
[2.485s] -- Looking for ignition-math6 -- found version 6.15.1
[2.489s] -- Looking for ignition-fuel_tools4 -- found version 4.4.0
[2.489s] -- Searching for dependencies of ignition-fuel_tools4
[2.625s] -- Found CURL: /usr/lib/x86_64-linux-gnu/libcurl.so (found version "7.81.0")  
[2.638s] -- Checking for module 'jsoncpp'
[2.664s] --   Found jsoncpp, version 1.9.5
[2.730s] -- Found JSONCPP: TRUE  
[2.739s] -- Checking for module 'libzip'
[2.773s] --   Found libzip, version 1.7.3
[2.841s] -- Found ZIP: TRUE  
[2.842s] -- Looking for ignition-common3 -- found version 3.14.0
[2.842s] -- Looking for ignition-math6 -- found version 6.15.1
[2.843s] -- Looking for ignition-msgs5 -- found version 5.8.1
[2.850s] -- Found gazebo_ros_pkgs: 3.7.0 (/opt/ros/humble/share/gazebo_ros_pkgs/cmake)
[2.852s] -- Found geometry_msgs: 4.2.4 (/opt/ros/humble/share/geometry_msgs/cmake)
[2.903s] -- Found rosidl_generator_c: 3.1.5 (/opt/ros/humble/share/rosidl_generator_c/cmake)
[2.913s] -- Found rosidl_adapter: 3.1.5 (/opt/ros/humble/share/rosidl_adapter/cmake)
[2.930s] -- Found rosidl_generator_cpp: 3.1.5 (/opt/ros/humble/share/rosidl_generator_cpp/cmake)
[2.953s] -- Using all available rosidl_typesupport_c: rosidl_typesupport_fastrtps_c;rosidl_typesupport_introspection_c
[2.987s] -- Using all available rosidl_typesupport_cpp: rosidl_typesupport_fastrtps_cpp;rosidl_typesupport_introspection_cpp
[3.066s] -- Found nav_msgs: 4.2.4 (/opt/ros/humble/share/nav_msgs/cmake)
[3.099s] -- Found rclcpp: 16.0.10 (/opt/ros/humble/share/rclcpp/cmake)
[3.169s] -- Found rmw_implementation_cmake: 6.1.2 (/opt/ros/humble/share/rmw_implementation_cmake/cmake)
[3.176s] -- Found rmw_fastrtps_cpp: 6.2.7 (/opt/ros/humble/share/rmw_fastrtps_cpp/cmake)
[3.354s] -- Found OpenSSL: /usr/lib/x86_64-linux-gnu/libcrypto.so (found version "3.0.2")  
[3.404s] -- Found FastRTPS: /opt/ros/humble/include  
[3.478s] -- Using RMW implementation 'rmw_fastrtps_cpp' as default
[3.495s] -- Found Threads: TRUE  
[3.574s] -- Found sensor_msgs: 4.2.4 (/opt/ros/humble/share/sensor_msgs/cmake)
[3.603s] -- Found tf2: 0.25.7 (/opt/ros/humble/share/tf2/cmake)
[3.744s] -- Configuring done
[3.806s] -- Generating done
[3.808s] -- Build files have been written to: /home/student/ros2_ws/build/turtlebot3_gazebo
[3.852s] Invoked command in '/home/student/ros2_ws/build/turtlebot3_gazebo' returned '0': CMAKE_PREFIX_PATH=${CMAKE_PREFIX_PATH}:/home/student/ros2_ws/install/turtlebot3_teleop:/home/student/ros2_ws/install/turtlebot3_example:/home/student/ros2_ws/install/rtabmap_python:/opt/ros/humble /usr/bin/cmake /home/student/ros2_ws/src/turtlebot3_simulations/turtlebot3_gazebo -DCMAKE_INSTALL_PREFIX=/home/student/ros2_ws/install/turtlebot3_gazebo
[3.860s] Invoking command in '/home/student/ros2_ws/build/turtlebot3_gazebo': CMAKE_PREFIX_PATH=${CMAKE_PREFIX_PATH}:/home/student/ros2_ws/install/turtlebot3_teleop:/home/student/ros2_ws/install/turtlebot3_example:/home/student/ros2_ws/install/rtabmap_python:/opt/ros/humble /usr/bin/cmake --build /home/student/ros2_ws/build/turtlebot3_gazebo -- -j8 -l8
[3.965s] [ 12%] [32mBuilding CXX object CMakeFiles/turtlebot3_drive.dir/src/turtlebot3_drive.cpp.o[0m
[21.318s] [ 25%] [32m[1mLinking CXX executable turtlebot3_drive[0m
[22.258s] [ 25%] Built target turtlebot3_drive
[22.302s] [ 37%] [32mBuilding CXX object CMakeFiles/obstacles.dir/models/turtlebot3_dqn_world/obstacle_plugin/obstacles.cc.o[0m
[41.151s] [ 50%] [32m[1mLinking CXX shared library libobstacles.so[0m
[41.544s] [ 50%] Built target obstacles
[41.587s] [ 62%] [32mBuilding CXX object CMakeFiles/obstacle2.dir/models/turtlebot3_dqn_world/obstacle_plugin/obstacle2.cc.o[0m
[57.416s] [ 75%] [32m[1mLinking CXX shared library libobstacle2.so[0m
[57.832s] [ 75%] Built target obstacle2
[57.873s] [ 87%] [32mBuilding CXX object CMakeFiles/obstacle1.dir/models/turtlebot3_dqn_world/obstacle_plugin/obstacle1.cc.o[0m
[78.735s] [100%] [32m[1mLinking CXX shared library libobstacle1.so[0m
[79.356s] [100%] Built target obstacle1
