[0.169s] DEBUG:colcon:Command line arguments: ['/usr/bin/colcon', 'build']
[0.169s] DEBUG:colcon:Parsed command line arguments: Namespace(log_base=None, log_level=None, verb_name='build', build_base='build', install_base='install', merge_install=False, symlink_install=False, test_result_base=None, continue_on_error=False, executor='parallel', parallel_workers=8, event_handlers=None, ignore_user_meta=False, metas=['./colcon.meta'], base_paths=['.'], packages_ignore=None, packages_ignore_regex=None, paths=None, packages_up_to=None, packages_up_to_regex=None, packages_above=None, packages_above_and_dependencies=None, packages_above_depth=None, packages_select_by_dep=None, packages_skip_by_dep=None, packages_skip_up_to=None, packages_select_build_failed=False, packages_skip_build_finished=False, packages_select_test_failures=False, packages_skip_test_passed=False, packages_select=None, packages_skip=None, packages_select_regex=None, packages_skip_regex=None, packages_start=None, packages_end=None, allow_overriding=[], cmake_args=None, cmake_target=None, cmake_target_skip_unavailable=False, cmake_clean_cache=False, cmake_clean_first=False, cmake_force_configure=False, ament_cmake_args=None, catkin_cmake_args=None, catkin_skip_building_tests=False, mixin_files=None, mixin=None, verb_parser=<colcon_mixin.mixin.mixin_argument.MixinArgumentDecorator object at 0x7648db7037c0>, verb_extension=<colcon_core.verb.build.BuildVerb object at 0x7648db702e30>, main=<bound method BuildVerb.main of <colcon_core.verb.build.BuildVerb object at 0x7648db702e30>>, mixin_verb=('build',))
[0.410s] Level 1:colcon.colcon_core.package_discovery:discover_packages(colcon_meta) check parameters
[0.410s] Level 1:colcon.colcon_core.package_discovery:discover_packages(recursive) check parameters
[0.410s] Level 1:colcon.colcon_core.package_discovery:discover_packages(ignore) check parameters
[0.410s] Level 1:colcon.colcon_core.package_discovery:discover_packages(path) check parameters
[0.410s] Level 1:colcon.colcon_core.package_discovery:discover_packages(colcon_meta) discover
[0.410s] Level 1:colcon.colcon_core.package_discovery:discover_packages(recursive) discover
[0.410s] INFO:colcon.colcon_core.package_discovery:Crawling recursively for packages in '/home/student/ros2_ws/src/my_opencv_demo'
[0.410s] Level 1:colcon.colcon_core.package_identification:_identify(.) by extensions ['ignore', 'ignore_ament_install']
[0.411s] Level 1:colcon.colcon_core.package_identification:_identify(.) by extension 'ignore'
[0.411s] Level 1:colcon.colcon_core.package_identification:_identify(.) by extension 'ignore_ament_install'
[0.411s] Level 1:colcon.colcon_core.package_identification:_identify(.) by extensions ['colcon_pkg']
[0.411s] Level 1:colcon.colcon_core.package_identification:_identify(.) by extension 'colcon_pkg'
[0.411s] Level 1:colcon.colcon_core.package_identification:_identify(.) by extensions ['colcon_meta']
[0.411s] Level 1:colcon.colcon_core.package_identification:_identify(.) by extension 'colcon_meta'
[0.411s] Level 1:colcon.colcon_core.package_identification:_identify(.) by extensions ['ros']
[0.411s] Level 1:colcon.colcon_core.package_identification:_identify(.) by extension 'ros'
[0.429s] DEBUG:colcon.colcon_core.package_identification:Package '.' with type 'ros.ament_cmake' and name 'my_opencv_demo'
[0.429s] Level 1:colcon.colcon_core.package_discovery:discover_packages(recursive) using defaults
[0.429s] Level 1:colcon.colcon_core.package_discovery:discover_packages(ignore) discover
[0.429s] Level 1:colcon.colcon_core.package_discovery:discover_packages(ignore) using defaults
[0.429s] Level 1:colcon.colcon_core.package_discovery:discover_packages(path) discover
[0.429s] Level 1:colcon.colcon_core.package_discovery:discover_packages(path) using defaults
[0.476s] Level 1:colcon.colcon_core.package_discovery:discover_packages(prefix_path) check parameters
[0.476s] Level 1:colcon.colcon_core.package_discovery:discover_packages(prefix_path) discover
[0.480s] DEBUG:colcon.colcon_installed_package_information.package_discovery:Found 19 installed packages in /home/student/ros2_ws/install
[0.484s] DEBUG:colcon.colcon_installed_package_information.package_discovery:Found 372 installed packages in /opt/ros/humble
[0.487s] Level 1:colcon.colcon_core.package_discovery:discover_packages(prefix_path) using defaults
[0.559s] Level 5:colcon.colcon_core.verb:set package 'my_opencv_demo' build argument 'cmake_args' from command line to 'None'
[0.559s] Level 5:colcon.colcon_core.verb:set package 'my_opencv_demo' build argument 'cmake_target' from command line to 'None'
[0.559s] Level 5:colcon.colcon_core.verb:set package 'my_opencv_demo' build argument 'cmake_target_skip_unavailable' from command line to 'False'
[0.559s] Level 5:colcon.colcon_core.verb:set package 'my_opencv_demo' build argument 'cmake_clean_cache' from command line to 'False'
[0.559s] Level 5:colcon.colcon_core.verb:set package 'my_opencv_demo' build argument 'cmake_clean_first' from command line to 'False'
[0.559s] Level 5:colcon.colcon_core.verb:set package 'my_opencv_demo' build argument 'cmake_force_configure' from command line to 'False'
[0.559s] Level 5:colcon.colcon_core.verb:set package 'my_opencv_demo' build argument 'ament_cmake_args' from command line to 'None'
[0.559s] Level 5:colcon.colcon_core.verb:set package 'my_opencv_demo' build argument 'catkin_cmake_args' from command line to 'None'
[0.559s] Level 5:colcon.colcon_core.verb:set package 'my_opencv_demo' build argument 'catkin_skip_building_tests' from command line to 'False'
[0.559s] DEBUG:colcon.colcon_core.verb:Building package 'my_opencv_demo' with the following arguments: {'ament_cmake_args': None, 'build_base': '/home/student/ros2_ws/src/my_opencv_demo/build/my_opencv_demo', 'catkin_cmake_args': None, 'catkin_skip_building_tests': False, 'cmake_args': None, 'cmake_clean_cache': False, 'cmake_clean_first': False, 'cmake_force_configure': False, 'cmake_target': None, 'cmake_target_skip_unavailable': False, 'install_base': '/home/student/ros2_ws/src/my_opencv_demo/install/my_opencv_demo', 'merge_install': False, 'path': '/home/student/ros2_ws/src/my_opencv_demo', 'symlink_install': False, 'test_result_base': None}
[0.559s] INFO:colcon.colcon_core.executor:Executing jobs using 'parallel' executor
[0.561s] DEBUG:colcon.colcon_parallel_executor.executor.parallel:run_until_complete
[0.561s] INFO:colcon.colcon_ros.task.ament_cmake.build:Building ROS package in '/home/student/ros2_ws/src/my_opencv_demo' with build type 'ament_cmake'
[0.561s] INFO:colcon.colcon_cmake.task.cmake.build:Building CMake package in '/home/student/ros2_ws/src/my_opencv_demo'
[0.564s] INFO:colcon.colcon_core.plugin_system:Skipping extension 'colcon_core.shell.bat': Not used on non-Windows systems
[0.564s] INFO:colcon.colcon_core.shell:Skip shell extension 'powershell' for command environment: Not usable outside of PowerShell
[0.564s] DEBUG:colcon.colcon_core.shell:Skip shell extension 'dsv' for command environment
[0.576s] DEBUG:colcon.colcon_core.event_handler.log_command:Invoking command in '/home/student/ros2_ws/src/my_opencv_demo/build/my_opencv_demo': CMAKE_PREFIX_PATH=${CMAKE_PREFIX_PATH}:/home/student/ros2_ws/install/turtlebot3_teleop:/home/student/ros2_ws/install/turtlebot3_example:/opt/ros/humble /usr/bin/cmake --build /home/student/ros2_ws/src/my_opencv_demo/build/my_opencv_demo -- -j8 -l8
[14.696s] DEBUG:colcon.colcon_core.event_handler.log_command:Invoked command in '/home/student/ros2_ws/src/my_opencv_demo/build/my_opencv_demo' returned '0': CMAKE_PREFIX_PATH=${CMAKE_PREFIX_PATH}:/home/student/ros2_ws/install/turtlebot3_teleop:/home/student/ros2_ws/install/turtlebot3_example:/opt/ros/humble /usr/bin/cmake --build /home/student/ros2_ws/src/my_opencv_demo/build/my_opencv_demo -- -j8 -l8
[14.780s] DEBUG:colcon.colcon_core.event_handler.log_command:Invoking command in '/home/student/ros2_ws/src/my_opencv_demo/build/my_opencv_demo': CMAKE_PREFIX_PATH=${CMAKE_PREFIX_PATH}:/home/student/ros2_ws/install/turtlebot3_teleop:/home/student/ros2_ws/install/turtlebot3_example:/opt/ros/humble /usr/bin/cmake --install /home/student/ros2_ws/src/my_opencv_demo/build/my_opencv_demo
[14.805s] Level 1:colcon.colcon_core.environment:create_environment_scripts_only(my_opencv_demo)
[14.807s] DEBUG:colcon.colcon_core.event_handler.log_command:Invoked command in '/home/student/ros2_ws/src/my_opencv_demo/build/my_opencv_demo' returned '0': CMAKE_PREFIX_PATH=${CMAKE_PREFIX_PATH}:/home/student/ros2_ws/install/turtlebot3_teleop:/home/student/ros2_ws/install/turtlebot3_example:/opt/ros/humble /usr/bin/cmake --install /home/student/ros2_ws/src/my_opencv_demo/build/my_opencv_demo
[14.810s] Level 1:colcon.colcon_core.environment:checking '/home/student/ros2_ws/src/my_opencv_demo/install/my_opencv_demo' for CMake module files
[14.811s] Level 1:colcon.colcon_core.environment:checking '/home/student/ros2_ws/src/my_opencv_demo/install/my_opencv_demo' for CMake config files
[14.812s] Level 1:colcon.colcon_core.shell:create_environment_hook('my_opencv_demo', 'cmake_prefix_path')
[14.812s] INFO:colcon.colcon_core.shell:Creating environment hook '/home/student/ros2_ws/src/my_opencv_demo/install/my_opencv_demo/share/my_opencv_demo/hook/cmake_prefix_path.ps1'
[14.813s] INFO:colcon.colcon_core.shell:Creating environment descriptor '/home/student/ros2_ws/src/my_opencv_demo/install/my_opencv_demo/share/my_opencv_demo/hook/cmake_prefix_path.dsv'
[14.814s] INFO:colcon.colcon_core.shell:Creating environment hook '/home/student/ros2_ws/src/my_opencv_demo/install/my_opencv_demo/share/my_opencv_demo/hook/cmake_prefix_path.sh'
[14.815s] Level 1:colcon.colcon_core.environment:checking '/home/student/ros2_ws/src/my_opencv_demo/install/my_opencv_demo/lib'
[14.815s] Level 1:colcon.colcon_core.environment:checking '/home/student/ros2_ws/src/my_opencv_demo/install/my_opencv_demo/bin'
[14.815s] Level 1:colcon.colcon_core.environment:checking '/home/student/ros2_ws/src/my_opencv_demo/install/my_opencv_demo/lib/pkgconfig/my_opencv_demo.pc'
[14.816s] Level 1:colcon.colcon_core.environment:checking '/home/student/ros2_ws/src/my_opencv_demo/install/my_opencv_demo/lib/python3.10/site-packages'
[14.816s] Level 1:colcon.colcon_core.environment:checking '/home/student/ros2_ws/src/my_opencv_demo/install/my_opencv_demo/bin'
[14.816s] INFO:colcon.colcon_core.shell:Creating package script '/home/student/ros2_ws/src/my_opencv_demo/install/my_opencv_demo/share/my_opencv_demo/package.ps1'
[14.817s] INFO:colcon.colcon_core.shell:Creating package descriptor '/home/student/ros2_ws/src/my_opencv_demo/install/my_opencv_demo/share/my_opencv_demo/package.dsv'
[14.818s] INFO:colcon.colcon_core.shell:Creating package script '/home/student/ros2_ws/src/my_opencv_demo/install/my_opencv_demo/share/my_opencv_demo/package.sh'
[14.818s] INFO:colcon.colcon_core.shell:Creating package script '/home/student/ros2_ws/src/my_opencv_demo/install/my_opencv_demo/share/my_opencv_demo/package.bash'
[14.819s] INFO:colcon.colcon_core.shell:Creating package script '/home/student/ros2_ws/src/my_opencv_demo/install/my_opencv_demo/share/my_opencv_demo/package.zsh'
[14.820s] Level 1:colcon.colcon_core.environment:create_file_with_runtime_dependencies(/home/student/ros2_ws/src/my_opencv_demo/install/my_opencv_demo/share/colcon-core/packages/my_opencv_demo)
[14.886s] Level 1:colcon.colcon_core.environment:create_environment_scripts_only(my_opencv_demo)
[14.886s] Level 1:colcon.colcon_core.environment:checking '/home/student/ros2_ws/src/my_opencv_demo/install/my_opencv_demo' for CMake module files
[14.887s] Level 1:colcon.colcon_core.environment:checking '/home/student/ros2_ws/src/my_opencv_demo/install/my_opencv_demo' for CMake config files
[14.887s] Level 1:colcon.colcon_core.shell:create_environment_hook('my_opencv_demo', 'cmake_prefix_path')
[14.888s] INFO:colcon.colcon_core.shell:Creating environment hook '/home/student/ros2_ws/src/my_opencv_demo/install/my_opencv_demo/share/my_opencv_demo/hook/cmake_prefix_path.ps1'
[14.888s] INFO:colcon.colcon_core.shell:Creating environment descriptor '/home/student/ros2_ws/src/my_opencv_demo/install/my_opencv_demo/share/my_opencv_demo/hook/cmake_prefix_path.dsv'
[14.889s] INFO:colcon.colcon_core.shell:Creating environment hook '/home/student/ros2_ws/src/my_opencv_demo/install/my_opencv_demo/share/my_opencv_demo/hook/cmake_prefix_path.sh'
[14.890s] Level 1:colcon.colcon_core.environment:checking '/home/student/ros2_ws/src/my_opencv_demo/install/my_opencv_demo/lib'
[14.890s] Level 1:colcon.colcon_core.environment:checking '/home/student/ros2_ws/src/my_opencv_demo/install/my_opencv_demo/bin'
[14.890s] Level 1:colcon.colcon_core.environment:checking '/home/student/ros2_ws/src/my_opencv_demo/install/my_opencv_demo/lib/pkgconfig/my_opencv_demo.pc'
[14.890s] Level 1:colcon.colcon_core.environment:checking '/home/student/ros2_ws/src/my_opencv_demo/install/my_opencv_demo/lib/python3.10/site-packages'
[14.891s] Level 1:colcon.colcon_core.environment:checking '/home/student/ros2_ws/src/my_opencv_demo/install/my_opencv_demo/bin'
[14.891s] INFO:colcon.colcon_core.shell:Creating package script '/home/student/ros2_ws/src/my_opencv_demo/install/my_opencv_demo/share/my_opencv_demo/package.ps1'
[14.892s] INFO:colcon.colcon_core.shell:Creating package descriptor '/home/student/ros2_ws/src/my_opencv_demo/install/my_opencv_demo/share/my_opencv_demo/package.dsv'
[14.893s] INFO:colcon.colcon_core.shell:Creating package script '/home/student/ros2_ws/src/my_opencv_demo/install/my_opencv_demo/share/my_opencv_demo/package.sh'
[14.893s] INFO:colcon.colcon_core.shell:Creating package script '/home/student/ros2_ws/src/my_opencv_demo/install/my_opencv_demo/share/my_opencv_demo/package.bash'
[14.894s] INFO:colcon.colcon_core.shell:Creating package script '/home/student/ros2_ws/src/my_opencv_demo/install/my_opencv_demo/share/my_opencv_demo/package.zsh'
[14.894s] Level 1:colcon.colcon_core.environment:create_file_with_runtime_dependencies(/home/student/ros2_ws/src/my_opencv_demo/install/my_opencv_demo/share/colcon-core/packages/my_opencv_demo)
[14.895s] DEBUG:colcon.colcon_parallel_executor.executor.parallel:closing loop
[14.895s] DEBUG:colcon.colcon_parallel_executor.executor.parallel:loop closed
[14.896s] DEBUG:colcon.colcon_parallel_executor.executor.parallel:run_until_complete finished with '0'
[14.896s] DEBUG:colcon.colcon_core.event_reactor:joining thread
[14.901s] INFO:colcon.colcon_core.plugin_system:Skipping extension 'colcon_notification.desktop_notification.terminal_notifier': Not used on non-Darwin systems
[14.902s] INFO:colcon.colcon_core.plugin_system:Skipping extension 'colcon_notification.desktop_notification.win32': Not used on non-Windows systems
[14.902s] INFO:colcon.colcon_notification.desktop_notification:Sending desktop notification using 'notify2'
[14.919s] DEBUG:colcon.colcon_core.event_reactor:joined thread
[14.920s] INFO:colcon.colcon_core.shell:Creating prefix script '/home/student/ros2_ws/src/my_opencv_demo/install/local_setup.ps1'
[14.921s] INFO:colcon.colcon_core.shell:Creating prefix util module '/home/student/ros2_ws/src/my_opencv_demo/install/_local_setup_util_ps1.py'
[14.923s] INFO:colcon.colcon_core.shell:Creating prefix chain script '/home/student/ros2_ws/src/my_opencv_demo/install/setup.ps1'
[14.925s] INFO:colcon.colcon_core.shell:Creating prefix script '/home/student/ros2_ws/src/my_opencv_demo/install/local_setup.sh'
[14.926s] INFO:colcon.colcon_core.shell:Creating prefix util module '/home/student/ros2_ws/src/my_opencv_demo/install/_local_setup_util_sh.py'
[14.927s] INFO:colcon.colcon_core.shell:Creating prefix chain script '/home/student/ros2_ws/src/my_opencv_demo/install/setup.sh'
[14.930s] INFO:colcon.colcon_core.shell:Creating prefix script '/home/student/ros2_ws/src/my_opencv_demo/install/local_setup.bash'
[14.931s] INFO:colcon.colcon_core.shell:Creating prefix chain script '/home/student/ros2_ws/src/my_opencv_demo/install/setup.bash'
[14.934s] INFO:colcon.colcon_core.shell:Creating prefix script '/home/student/ros2_ws/src/my_opencv_demo/install/local_setup.zsh'
[14.934s] INFO:colcon.colcon_core.shell:Creating prefix chain script '/home/student/ros2_ws/src/my_opencv_demo/install/setup.zsh'
