[0.038s] Invoking command in '/home/student/ros2_ws/build/turtlebot3_description': CMAKE_PREFIX_PATH=${CMAKE_PREFIX_PATH}:/home/student/ros2_ws/install/turtlebot3_teleop:/home/student/ros2_ws/install/turtlebot3_example:/home/student/ros2_ws/install/rtabmap_python:/opt/ros/humble /usr/bin/cmake /home/student/ros2_ws/src/turtlebot3/turtlebot3_description -DCMAKE_INSTALL_PREFIX=/home/student/ros2_ws/install/turtlebot3_description
[0.151s] -- The C compiler identification is GNU 11.4.0
[0.253s] -- The CXX compiler identification is GNU 11.4.0
[0.264s] -- Detecting C compiler ABI info
[0.389s] -- Detecting C compiler ABI info - done
[0.406s] -- Check for working C compiler: /usr/bin/cc - skipped
[0.407s] -- Detecting C compile features
[0.408s] -- Detecting C compile features - done
[0.413s] -- Detecting CXX compiler ABI info
[0.559s] -- Detecting CXX compiler ABI info - done
[0.578s] -- Check for working CXX compiler: /usr/bin/c++ - skipped
[0.578s] -- Detecting CXX compile features
[0.578s] -- Detecting CXX compile features - done
[0.582s] -- Found ament_cmake: 1.3.10 (/opt/ros/humble/share/ament_cmake/cmake)
[0.827s] -- Found Python3: /usr/bin/python3 (found version "3.10.12") found components: Interpreter 
[0.991s] -- Found urdf: 2.6.0 (/opt/ros/humble/share/urdf/cmake)
[1.226s] -- Configuring done
[1.230s] -- Generating done
[1.233s] -- Build files have been written to: /home/student/ros2_ws/build/turtlebot3_description
[1.246s] Invoked command in '/home/student/ros2_ws/build/turtlebot3_description' returned '0': CMAKE_PREFIX_PATH=${CMAKE_PREFIX_PATH}:/home/student/ros2_ws/install/turtlebot3_teleop:/home/student/ros2_ws/install/turtlebot3_example:/home/student/ros2_ws/install/rtabmap_python:/opt/ros/humble /usr/bin/cmake /home/student/ros2_ws/src/turtlebot3/turtlebot3_description -DCMAKE_INSTALL_PREFIX=/home/student/ros2_ws/install/turtlebot3_description
[1.246s] Invoking command in '/home/student/ros2_ws/build/turtlebot3_description': CMAKE_PREFIX_PATH=${CMAKE_PREFIX_PATH}:/home/student/ros2_ws/install/turtlebot3_teleop:/home/student/ros2_ws/install/turtlebot3_example:/home/student/ros2_ws/install/rtabmap_python:/opt/ros/humble /usr/bin/cmake --build /home/student/ros2_ws/build/turtlebot3_description -- -j8 -l8
[2.714s] Invoked command in '/home/student/ros2_ws/build/turtlebot3_description' returned '0': CMAKE_PREFIX_PATH=${CMAKE_PREFIX_PATH}:/home/student/ros2_ws/install/turtlebot3_teleop:/home/student/ros2_ws/install/turtlebot3_example:/home/student/ros2_ws/install/rtabmap_python:/opt/ros/humble /usr/bin/cmake --build /home/student/ros2_ws/build/turtlebot3_description -- -j8 -l8
[2.772s] Invoking command in '/home/student/ros2_ws/build/turtlebot3_description': CMAKE_PREFIX_PATH=${CMAKE_PREFIX_PATH}:/home/student/ros2_ws/install/turtlebot3_teleop:/home/student/ros2_ws/install/turtlebot3_example:/home/student/ros2_ws/install/rtabmap_python:/opt/ros/humble /usr/bin/cmake --install /home/student/ros2_ws/build/turtlebot3_description
[3.709s] -- Install configuration: ""
[3.709s] -- Installing: /home/student/ros2_ws/install/turtlebot3_description/share/turtlebot3_description/meshes
[3.709s] -- Installing: /home/student/ros2_ws/install/turtlebot3_description/share/turtlebot3_description/meshes/bases
[3.709s] -- Installing: /home/student/ros2_ws/install/turtlebot3_description/share/turtlebot3_description/meshes/bases/waffle_pi_base.stl
[3.709s] -- Installing: /home/student/ros2_ws/install/turtlebot3_description/share/turtlebot3_description/meshes/bases/burger_base.stl
[3.709s] -- Installing: /home/student/ros2_ws/install/turtlebot3_description/share/turtlebot3_description/meshes/bases/waffle_base.stl
[3.709s] -- Installing: /home/student/ros2_ws/install/turtlebot3_description/share/turtlebot3_description/meshes/sensors
[3.710s] -- Installing: /home/student/ros2_ws/install/turtlebot3_description/share/turtlebot3_description/meshes/sensors/r200.dae
[3.710s] -- Installing: /home/student/ros2_ws/install/turtlebot3_description/share/turtlebot3_description/meshes/sensors/lds.stl
[3.710s] -- Installing: /home/student/ros2_ws/install/turtlebot3_description/share/turtlebot3_description/meshes/sensors/astra.jpg
[3.710s] -- Installing: /home/student/ros2_ws/install/turtlebot3_description/share/turtlebot3_description/meshes/sensors/astra.dae
[3.710s] -- Installing: /home/student/ros2_ws/install/turtlebot3_description/share/turtlebot3_description/meshes/sensors/r200.jpg
[3.710s] -- Installing: /home/student/ros2_ws/install/turtlebot3_description/share/turtlebot3_description/meshes/wheels
[3.710s] -- Installing: /home/student/ros2_ws/install/turtlebot3_description/share/turtlebot3_description/meshes/wheels/left_tire.stl
[3.711s] -- Installing: /home/student/ros2_ws/install/turtlebot3_description/share/turtlebot3_description/meshes/wheels/right_tire.stl
[3.711s] -- Installing: /home/student/ros2_ws/install/turtlebot3_description/share/turtlebot3_description/rviz
[3.711s] -- Installing: /home/student/ros2_ws/install/turtlebot3_description/share/turtlebot3_description/rviz/model.rviz
[3.711s] -- Installing: /home/student/ros2_ws/install/turtlebot3_description/share/turtlebot3_description/urdf
[3.711s] -- Installing: /home/student/ros2_ws/install/turtlebot3_description/share/turtlebot3_description/urdf/turtlebot3_waffle_pi.urdf
[3.711s] -- Installing: /home/student/ros2_ws/install/turtlebot3_description/share/turtlebot3_description/urdf/turtlebot3_waffle.urdf
[3.711s] -- Installing: /home/student/ros2_ws/install/turtlebot3_description/share/turtlebot3_description/urdf/turtlebot3_burger.urdf
[3.711s] -- Installing: /home/student/ros2_ws/install/turtlebot3_description/share/turtlebot3_description/urdf/common_properties.urdf
[3.711s] -- Installing: /home/student/ros2_ws/install/turtlebot3_description/share/ament_index/resource_index/package_run_dependencies/turtlebot3_description
[3.712s] -- Installing: /home/student/ros2_ws/install/turtlebot3_description/share/ament_index/resource_index/parent_prefix_path/turtlebot3_description
[3.712s] -- Installing: /home/student/ros2_ws/install/turtlebot3_description/share/turtlebot3_description/environment/ament_prefix_path.sh
[3.712s] -- Installing: /home/student/ros2_ws/install/turtlebot3_description/share/turtlebot3_description/environment/ament_prefix_path.dsv
[3.713s] -- Installing: /home/student/ros2_ws/install/turtlebot3_description/share/turtlebot3_description/environment/path.sh
[3.714s] -- Installing: /home/student/ros2_ws/install/turtlebot3_description/share/turtlebot3_description/environment/path.dsv
[3.715s] -- Installing: /home/student/ros2_ws/install/turtlebot3_description/share/turtlebot3_description/local_setup.bash
[3.715s] -- Installing: /home/student/ros2_ws/install/turtlebot3_description/share/turtlebot3_description/local_setup.sh
[3.715s] -- Installing: /home/student/ros2_ws/install/turtlebot3_description/share/turtlebot3_description/local_setup.zsh
[3.715s] -- Installing: /home/student/ros2_ws/install/turtlebot3_description/share/turtlebot3_description/local_setup.dsv
[3.715s] -- Installing: /home/student/ros2_ws/install/turtlebot3_description/share/turtlebot3_description/package.dsv
[3.716s] -- Installing: /home/student/ros2_ws/install/turtlebot3_description/share/ament_index/resource_index/packages/turtlebot3_description
[3.716s] -- Installing: /home/student/ros2_ws/install/turtlebot3_description/share/turtlebot3_description/cmake/turtlebot3_descriptionConfig.cmake
[3.716s] -- Installing: /home/student/ros2_ws/install/turtlebot3_description/share/turtlebot3_description/cmake/turtlebot3_descriptionConfig-version.cmake
[3.717s] -- Installing: /home/student/ros2_ws/install/turtlebot3_description/share/turtlebot3_description/package.xml
[3.718s] Invoked command in '/home/student/ros2_ws/build/turtlebot3_description' returned '0': CMAKE_PREFIX_PATH=${CMAKE_PREFIX_PATH}:/home/student/ros2_ws/install/turtlebot3_teleop:/home/student/ros2_ws/install/turtlebot3_example:/home/student/ros2_ws/install/rtabmap_python:/opt/ros/humble /usr/bin/cmake --install /home/student/ros2_ws/build/turtlebot3_description
