[0.025s] Invoking command in '/home/student/ros2_ws/src/labs/build/labs': CMAKE_PREFIX_PATH=${CMAKE_PREFIX_PATH}:/home/student/ros2_ws/install/turtlebot3_teleop:/home/student/ros2_ws/install/turtlebot3_example:/opt/ros/humble /usr/bin/cmake --build /home/student/ros2_ws/src/labs/build/labs -- -j8 -l8
[0.712s] [ 66%] Built target sprint1
[0.712s] [ 66%] Built target lab2
[0.740s] [100%] Built target lab1
[0.753s] Invoked command in '/home/student/ros2_ws/src/labs/build/labs' returned '0': CMAKE_PREFIX_PATH=${CMAKE_PREFIX_PATH}:/home/student/ros2_ws/install/turtlebot3_teleop:/home/student/ros2_ws/install/turtlebot3_example:/opt/ros/humble /usr/bin/cmake --build /home/student/ros2_ws/src/labs/build/labs -- -j8 -l8
[0.806s] Invoking command in '/home/student/ros2_ws/src/labs/build/labs': CMAKE_PREFIX_PATH=${CMAKE_PREFIX_PATH}:/home/student/ros2_ws/install/turtlebot3_teleop:/home/student/ros2_ws/install/turtlebot3_example:/opt/ros/humble /usr/bin/cmake --install /home/student/ros2_ws/src/labs/build/labs
[0.824s] -- Install configuration: ""
[0.838s] -- Up-to-date: /home/student/ros2_ws/src/labs/install/labs/lib/labs/lab1
[0.848s] -- Up-to-date: /home/student/ros2_ws/src/labs/install/labs/lib/labs/lab2
[0.858s] -- Up-to-date: /home/student/ros2_ws/src/labs/install/labs/lib/labs/sprint1
[0.858s] -- Up-to-date: /home/student/ros2_ws/src/labs/install/labs/share/ament_index/resource_index/package_run_dependencies/labs
[0.858s] -- Up-to-date: /home/student/ros2_ws/src/labs/install/labs/share/ament_index/resource_index/parent_prefix_path/labs
[0.859s] -- Up-to-date: /home/student/ros2_ws/src/labs/install/labs/share/labs/environment/ament_prefix_path.sh
[0.859s] -- Up-to-date: /home/student/ros2_ws/src/labs/install/labs/share/labs/environment/ament_prefix_path.dsv
[0.859s] -- Up-to-date: /home/student/ros2_ws/src/labs/install/labs/share/labs/environment/path.sh
[0.859s] -- Up-to-date: /home/student/ros2_ws/src/labs/install/labs/share/labs/environment/path.dsv
[0.859s] -- Up-to-date: /home/student/ros2_ws/src/labs/install/labs/share/labs/local_setup.bash
[0.859s] -- Up-to-date: /home/student/ros2_ws/src/labs/install/labs/share/labs/local_setup.sh
[0.860s] -- Up-to-date: /home/student/ros2_ws/src/labs/install/labs/share/labs/local_setup.zsh
[0.860s] -- Up-to-date: /home/student/ros2_ws/src/labs/install/labs/share/labs/local_setup.dsv
[0.860s] -- Installing: /home/student/ros2_ws/src/labs/install/labs/share/labs/package.dsv
[0.863s] -- Up-to-date: /home/student/ros2_ws/src/labs/install/labs/share/ament_index/resource_index/packages/labs
[0.863s] -- Up-to-date: /home/student/ros2_ws/src/labs/install/labs/share/labs/cmake/labsConfig.cmake
[0.863s] -- Up-to-date: /home/student/ros2_ws/src/labs/install/labs/share/labs/cmake/labsConfig-version.cmake
[0.863s] -- Up-to-date: /home/student/ros2_ws/src/labs/install/labs/share/labs/package.xml
[0.865s] Invoked command in '/home/student/ros2_ws/src/labs/build/labs' returned '0': CMAKE_PREFIX_PATH=${CMAKE_PREFIX_PATH}:/home/student/ros2_ws/install/turtlebot3_teleop:/home/student/ros2_ws/install/turtlebot3_example:/opt/ros/humble /usr/bin/cmake --install /home/student/ros2_ws/src/labs/build/labs
