[0.024s] Invoking command in '/home/student/ros2_ws/build/my_opencv_demo': CMAKE_PREFIX_PATH=${CMAKE_PREFIX_PATH}:/home/student/ros2_ws/install/turtlebot3_teleop:/home/student/ros2_ws/install/turtlebot3_example:/home/student/ros2_ws/install/rtabmap_python:/opt/ros/humble /usr/bin/cmake /home/student/ros2_ws/src/my_opencv_demo -DCMAKE_INSTALL_PREFIX=/home/student/ros2_ws/install/my_opencv_demo
[2.028s] -- The C compiler identification is GNU 11.4.0
[2.030s] -- The CXX compiler identification is GNU 11.4.0
[2.031s] -- Detecting C compiler ABI info
[2.031s] -- Detecting C compiler ABI info - done
[2.031s] -- Check for working C compiler: /usr/bin/cc - skipped
[2.031s] -- Detecting C compile features
[2.031s] -- Detecting C compile features - done
[2.031s] -- Detecting CXX compiler ABI info
[2.031s] -- Detecting CXX compiler ABI info - done
[2.031s] -- Check for working CXX compiler: /usr/bin/c++ - skipped
[2.031s] -- Detecting CXX compile features
[2.031s] -- Detecting CXX compile features - done
[2.031s] -- Found ament_cmake: 1.3.10 (/opt/ros/humble/share/ament_cmake/cmake)
[2.031s] -- Found Python3: /usr/bin/python3 (found version "3.10.12") found components: Interpreter 
[2.031s] -- Found rclcpp: 16.0.10 (/opt/ros/humble/share/rclcpp/cmake)
[2.031s] -- Found rosidl_generator_c: 3.1.5 (/opt/ros/humble/share/rosidl_generator_c/cmake)
[2.031s] -- Found rosidl_adapter: 3.1.5 (/opt/ros/humble/share/rosidl_adapter/cmake)
[2.032s] -- Found rosidl_generator_cpp: 3.1.5 (/opt/ros/humble/share/rosidl_generator_cpp/cmake)
[2.032s] -- Using all available rosidl_typesupport_c: rosidl_typesupport_fastrtps_c;rosidl_typesupport_introspection_c
[2.032s] -- Using all available rosidl_typesupport_cpp: rosidl_typesupport_fastrtps_cpp;rosidl_typesupport_introspection_cpp
[2.032s] -- Found rmw_implementation_cmake: 6.1.2 (/opt/ros/humble/share/rmw_implementation_cmake/cmake)
[2.032s] -- Found rmw_fastrtps_cpp: 6.2.7 (/opt/ros/humble/share/rmw_fastrtps_cpp/cmake)
[2.032s] -- Found OpenSSL: /usr/lib/x86_64-linux-gnu/libcrypto.so (found version "3.0.2")  
[2.032s] -- Found FastRTPS: /opt/ros/humble/include  
[2.032s] -- Using RMW implementation 'rmw_fastrtps_cpp' as default
[2.032s] -- Looking for pthread.h
[2.032s] -- Looking for pthread.h - found
[2.032s] -- Performing Test CMAKE_HAVE_LIBC_PTHREAD
[2.032s] -- Performing Test CMAKE_HAVE_LIBC_PTHREAD - Success
[2.032s] -- Found Threads: TRUE  
[2.032s] -- Found sensor_msgs: 4.2.4 (/opt/ros/humble/share/sensor_msgs/cmake)
[2.032s] -- Found cv_bridge: 3.2.1 (/opt/ros/humble/share/cv_bridge/cmake)
[2.032s] -- Found image_transport: 3.1.9 (/opt/ros/humble/share/image_transport/cmake)
[2.091s] -- Found OpenCV: /usr (found version "4.5.4") 
[2.092s] -- Found nav_msgs: 4.2.4 (/opt/ros/humble/share/nav_msgs/cmake)
[2.125s] -- Found tf2: 0.25.7 (/opt/ros/humble/share/tf2/cmake)
[2.135s] -- Found tf2_geometry_msgs: 0.25.7 (/opt/ros/humble/share/tf2_geometry_msgs/cmake)
[2.159s] -- Found eigen3_cmake_module: 0.1.1 (/opt/ros/humble/share/eigen3_cmake_module/cmake)
[2.159s] -- Found Eigen3: TRUE (found version "3.4.0") 
[2.160s] -- Ensuring Eigen3 include directory is part of orocos-kdl CMake target
[2.294s] -- Found ament_lint_auto: 0.12.11 (/opt/ros/humble/share/ament_lint_auto/cmake)
[2.514s] -- Added test 'cppcheck' to perform static code analysis on C / C++ code
[2.515s] -- Configured cppcheck include dirs: 
[2.515s] -- Configured cppcheck exclude dirs and/or files: 
[2.518s] -- Added test 'flake8' to check Python code syntax and style conventions
[2.523s] -- Added test 'lint_cmake' to check CMake code style
[2.526s] -- Added test 'pep257' to check Python code against some of the docstring style conventions in PEP 257
[2.539s] -- Added test 'uncrustify' to check C / C++ code style
[2.539s] -- Configured uncrustify additional arguments: 
[2.542s] -- Added test 'xmllint' to check XML markup files
[2.545s] -- Configuring done
[2.614s] -- Generating done
[2.619s] -- Build files have been written to: /home/student/ros2_ws/build/my_opencv_demo
[2.643s] Invoked command in '/home/student/ros2_ws/build/my_opencv_demo' returned '0': CMAKE_PREFIX_PATH=${CMAKE_PREFIX_PATH}:/home/student/ros2_ws/install/turtlebot3_teleop:/home/student/ros2_ws/install/turtlebot3_example:/home/student/ros2_ws/install/rtabmap_python:/opt/ros/humble /usr/bin/cmake /home/student/ros2_ws/src/my_opencv_demo -DCMAKE_INSTALL_PREFIX=/home/student/ros2_ws/install/my_opencv_demo
[2.657s] Invoking command in '/home/student/ros2_ws/build/my_opencv_demo': CMAKE_PREFIX_PATH=${CMAKE_PREFIX_PATH}:/home/student/ros2_ws/install/turtlebot3_teleop:/home/student/ros2_ws/install/turtlebot3_example:/home/student/ros2_ws/install/rtabmap_python:/opt/ros/humble /usr/bin/cmake --build /home/student/ros2_ws/build/my_opencv_demo -- -j8 -l8
[4.978s] [ 10%] [32mBuilding CXX object CMakeFiles/minimal_opencv_ros2_node.dir/src/minimal_opencv_ros2_node.cpp.o[0m
[12.234s] [ 20%] [32m[1mLinking CXX executable minimal_opencv_ros2_node[0m
[12.809s] [ 20%] Built target minimal_opencv_ros2_node
[12.845s] [ 30%] [32mBuilding CXX object CMakeFiles/map_laser_matching_node.dir/src/map_laser_matching_node.cpp.o[0m
[29.890s] [ 40%] [32m[1mLinking CXX executable map_laser_matching_node[0m
[31.425s] [ 40%] Built target map_laser_matching_node
[31.467s] [ 50%] [32mBuilding CXX object CMakeFiles/scan_matching_localizer.dir/src/scan_matching_localizer.cpp.o[0m
[46.676s] [ 60%] [32m[1mLinking CXX executable scan_matching_localizer[0m
[48.391s] [ 60%] Built target scan_matching_localizer
[48.441s] [ 70%] [32mBuilding CXX object CMakeFiles/simple_localizer_node.dir/src/simple_localizer_node.cpp.o[0m
[48.446s] [ 80%] [32mBuilding CXX object CMakeFiles/scan_to_image_node.dir/src/scan_to_image_node.cpp.o[0m
[62.741s] [ 90%] [32m[1mLinking CXX executable scan_to_image_node[0m
[65.395s] [ 90%] Built target scan_to_image_node
[69.778s] [100%] [32m[1mLinking CXX executable simple_localizer_node[0m
[70.990s] [100%] Built target simple_localizer_node
