[0.000000] (-) TimerEvent: {}
[0.003249] (-) JobUnselected: {'identifier': 'dynamixel_sdk'}
[0.003386] (-) JobUnselected: {'identifier': 'dynamixel_sdk_custom_interfaces'}
[0.003435] (-) JobUnselected: {'identifier': 'dynamixel_sdk_examples'}
[0.003574] (-) JobUnselected: {'identifier': 'labs'}
[0.004206] (-) JobUnselected: {'identifier': 'my_opencv_demo'}
[0.004261] (-) JobUnselected: {'identifier': 'my_worlds_pkg'}
[0.004539] (-) JobUnselected: {'identifier': 'robot_localization'}
[0.004661] (-) JobUnselected: {'identifier': 'rtabmap'}
[0.005020] (-) JobUnselected: {'identifier': 'rtabmap_conversions'}
[0.005061] (-) JobUnselected: {'identifier': 'rtabmap_demos'}
[0.005094] (-) JobUnselected: {'identifier': 'rtabmap_examples'}
[0.005124] (-) JobUnselected: {'identifier': 'rtabmap_launch'}
[0.005157] (-) JobUnselected: {'identifier': 'rtabmap_msgs'}
[0.005190] (-) JobUnselected: {'identifier': 'rtabmap_odom'}
[0.005222] (-) JobUnselected: {'identifier': 'rtabmap_python'}
[0.005255] (-) JobUnselected: {'identifier': 'rtabmap_ros'}
[0.005287] (-) JobUnselected: {'identifier': 'rtabmap_rviz_plugins'}
[0.005337] (-) JobUnselected: {'identifier': 'rtabmap_slam'}
[0.005373] (-) JobUnselected: {'identifier': 'rtabmap_sync'}
[0.005409] (-) JobUnselected: {'identifier': 'rtabmap_util'}
[0.005443] (-) JobUnselected: {'identifier': 'rtabmap_viz'}
[0.005476] (-) JobUnselected: {'identifier': 'search_rescue_package'}
[0.005510] (-) JobUnselected: {'identifier': 'sprint3'}
[0.005545] (-) JobUnselected: {'identifier': 'turtlebot3'}
[0.005579] (-) JobUnselected: {'identifier': 'turtlebot3_bringup'}
[0.005614] (-) JobUnselected: {'identifier': 'turtlebot3_cartographer'}
[0.005665] (-) JobUnselected: {'identifier': 'turtlebot3_description'}
[0.005712] (-) JobUnselected: {'identifier': 'turtlebot3_example'}
[0.005748] (-) JobUnselected: {'identifier': 'turtlebot3_fake_node'}
[0.005783] (-) JobUnselected: {'identifier': 'turtlebot3_gazebo'}
[0.005819] (-) JobUnselected: {'identifier': 'turtlebot3_msgs'}
[0.005852] (-) JobUnselected: {'identifier': 'turtlebot3_navigation2'}
[0.005886] (-) JobUnselected: {'identifier': 'turtlebot3_node'}
[0.005922] (-) JobUnselected: {'identifier': 'turtlebot3_simulations'}
[0.005958] (-) JobUnselected: {'identifier': 'turtlebot3_teleop'}
[0.005994] (-) JobUnselected: {'identifier': 'turtlesim'}
[0.006038] (-) EventReactorShutdown: {}
