[0.017s] Invoking command in '/home/student/ros2_ws/build/sprint3': CMAKE_PREFIX_PATH=${CMAKE_PREFIX_PATH}:/home/student/ros2_ws/install/turtlebot3_teleop:/home/student/ros2_ws/install/turtlebot3_example:/home/student/ros2_ws/install/rtabmap_python:/opt/ros/humble /usr/bin/cmake --build /home/student/ros2_ws/build/sprint3 -- -j8 -l8
[0.079s] [35m[1mConsolidate compiler generated dependencies of target cylinder_detection_node[0m
[0.092s] [ 50%] Built target map_overlay_node
[0.103s] [ 75%] [32mBuilding CXX object CMakeFiles/cylinder_detection_node.dir/src/cylinder_detection_node.cpp.o[0m
[3.336s] [01m[K/home/student/ros2_ws/src/sprint3/src/cylinder_detection_node.cpp:[m[K In member function ‘[01m[Kvoid CylinderDetectionNode::publishCylinderMarker(float, float, float)[m[K’:
[3.336s] [01m[K/home/student/ros2_ws/src/sprint3/src/cylinder_detection_node.cpp:80:56:[m[K [01;35m[Kwarning: [m[Kunused parameter ‘[01m[Kz[m[K’ [[01;35m[K]8;;https://gcc.gnu.org/onlinedocs/gcc/Warning-Options.html#index-Wunused-parameter-Wunused-parameter]8;;[m[K]
[3.337s]    80 |     void publishCylinderMarker(float x, float y, [01;35m[Kfloat z[m[K)
[3.337s]       |                                                  [01;35m[K~~~~~~^[m[K
[12.899s] [100%] [32m[1mLinking CXX executable cylinder_detection_node[0m
[13.561s] [100%] Built target cylinder_detection_node
[13.576s] Invoked command in '/home/student/ros2_ws/build/sprint3' returned '0': CMAKE_PREFIX_PATH=${CMAKE_PREFIX_PATH}:/home/student/ros2_ws/install/turtlebot3_teleop:/home/student/ros2_ws/install/turtlebot3_example:/home/student/ros2_ws/install/rtabmap_python:/opt/ros/humble /usr/bin/cmake --build /home/student/ros2_ws/build/sprint3 -- -j8 -l8
[13.643s] Invoking command in '/home/student/ros2_ws/build/sprint3': CMAKE_PREFIX_PATH=${CMAKE_PREFIX_PATH}:/home/student/ros2_ws/install/turtlebot3_teleop:/home/student/ros2_ws/install/turtlebot3_example:/home/student/ros2_ws/install/rtabmap_python:/opt/ros/humble /usr/bin/cmake --install /home/student/ros2_ws/build/sprint3
[13.654s] -- Install configuration: "Release"
[13.654s] -- Up-to-date: /home/student/ros2_ws/install/sprint3/lib/sprint3/map_overlay_node
[13.654s] -- Installing: /home/student/ros2_ws/install/sprint3/lib/sprint3/cylinder_detection_node
[13.658s] -- Set runtime path of "/home/student/ros2_ws/install/sprint3/lib/sprint3/cylinder_detection_node" to ""
[13.658s] -- Up-to-date: /home/student/ros2_ws/install/sprint3/share/ament_index/resource_index/package_run_dependencies/sprint3
[13.659s] -- Up-to-date: /home/student/ros2_ws/install/sprint3/share/ament_index/resource_index/parent_prefix_path/sprint3
[13.659s] -- Up-to-date: /home/student/ros2_ws/install/sprint3/share/sprint3/environment/ament_prefix_path.sh
[13.659s] -- Up-to-date: /home/student/ros2_ws/install/sprint3/share/sprint3/environment/ament_prefix_path.dsv
[13.659s] -- Up-to-date: /home/student/ros2_ws/install/sprint3/share/sprint3/environment/path.sh
[13.659s] -- Up-to-date: /home/student/ros2_ws/install/sprint3/share/sprint3/environment/path.dsv
[13.659s] -- Up-to-date: /home/student/ros2_ws/install/sprint3/share/sprint3/local_setup.bash
[13.660s] -- Up-to-date: /home/student/ros2_ws/install/sprint3/share/sprint3/local_setup.sh
[13.660s] -- Up-to-date: /home/student/ros2_ws/install/sprint3/share/sprint3/local_setup.zsh
[13.660s] -- Up-to-date: /home/student/ros2_ws/install/sprint3/share/sprint3/local_setup.dsv
[13.662s] -- Installing: /home/student/ros2_ws/install/sprint3/share/sprint3/package.dsv
[13.662s] -- Up-to-date: /home/student/ros2_ws/install/sprint3/share/ament_index/resource_index/packages/sprint3
[13.662s] -- Up-to-date: /home/student/ros2_ws/install/sprint3/share/sprint3/cmake/sprint3Config.cmake
[13.663s] -- Up-to-date: /home/student/ros2_ws/install/sprint3/share/sprint3/cmake/sprint3Config-version.cmake
[13.663s] -- Up-to-date: /home/student/ros2_ws/install/sprint3/share/sprint3/package.xml
[13.664s] Invoked command in '/home/student/ros2_ws/build/sprint3' returned '0': CMAKE_PREFIX_PATH=${CMAKE_PREFIX_PATH}:/home/student/ros2_ws/install/turtlebot3_teleop:/home/student/ros2_ws/install/turtlebot3_example:/home/student/ros2_ws/install/rtabmap_python:/opt/ros/humble /usr/bin/cmake --install /home/student/ros2_ws/build/sprint3
