[0.020s] Invoking command in '/home/student/ros2_ws/build/rtabmap_util': AMENT_PREFIX_PATH=/home/student/ros2_ws/install/rtabmap_conversions:/home/student/ros2_ws/install/rtabmap_msgs:${AMENT_PREFIX_PATH} CMAKE_PREFIX_PATH=/home/student/ros2_ws/install/rtabmap_conversions:/home/student/ros2_ws/install/rtabmap_msgs:/home/student/ros2_ws/install/rtabmap:/home/student/ros2_ws/install/turtlebot3_navigation2:/home/student/ros2_ws/install/turtlebot3_description:/home/student/ros2_ws/install/turtlebot3_cartographer:/home/student/ros2_ws/install/my_worlds_pkg:/home/student/ros2_ws/install/dynamixel_sdk_custom_interfaces:/home/student/ros2_ws/install/dynamixel_sdk:/home/student/ros2_ws/install/turtlebot3_teleop:/home/student/ros2_ws/install/rtabmap_python:/opt/ros/humble LD_LIBRARY_PATH=/home/student/ros2_ws/install/rtabmap_conversions/lib:/home/student/ros2_ws/install/rtabmap_msgs/lib:/home/student/ros2_ws/install/rtabmap/lib:/home/student/ros2_ws/install/dynamixel_sdk_custom_interfaces/lib:/home/student/ros2_ws/install/dynamixel_sdk/lib:/usr/lib/x86_64-linux-gnu/gazebo-11/plugins:/opt/ros/humble/opt/rviz_ogre_vendor/lib:/opt/ros/humble/lib/x86_64-linux-gnu:/opt/ros/humble/lib:/usr/lib/x86_64-linux-gnu/gazebo-11/plugins PATH=/home/student/ros2_ws/install/rtabmap/bin:${PATH} PKG_CONFIG_PATH=/home/student/ros2_ws/install/rtabmap/lib/x86_64-linux-gnu/pkgconfig:/home/student/ros2_ws/install/rtabmap/lib/pkgconfig PYTHONPATH=/home/student/ros2_ws/install/rtabmap_msgs/local/lib/python3.10/dist-packages:${PYTHONPATH} /usr/bin/cmake /home/student/ros2_ws/src/rtabmap_ros/rtabmap_util -DCMAKE_BUILD_TYPE=Release -DCMAKE_INSTALL_PREFIX=/home/student/ros2_ws/install/rtabmap_util
[0.091s] -- The C compiler identification is GNU 11.4.0
[0.151s] -- The CXX compiler identification is GNU 11.4.0
[0.159s] -- Detecting C compiler ABI info
[0.235s] -- Detecting C compiler ABI info - done
[0.243s] -- Check for working C compiler: /usr/bin/cc - skipped
[0.244s] -- Detecting C compile features
[0.244s] -- Detecting C compile features - done
[0.247s] -- Detecting CXX compiler ABI info
[0.343s] -- Detecting CXX compiler ABI info - done
[0.357s] -- Check for working CXX compiler: /usr/bin/c++ - skipped
[0.358s] -- Detecting CXX compile features
[0.358s] -- Detecting CXX compile features - done
[0.374s] -- Found OpenCV: /usr (found version "4.5.4") found components: core calib3d imgproc highgui stitching photo video aruco objdetect missing components: xfeatures2d nonfree gpu cudafeatures2d
[0.397s] -- Checking for module 'eigen3'
[0.410s] --   Found eigen3, version 3.4.0
[0.444s] -- Found Eigen: /usr/include/eigen3 (Required is at least version "3.1") 
[0.444s] -- Eigen found (include: /usr/include/eigen3, version: 3.4.0)
[0.475s] -- Found Boost: /usr/lib/x86_64-linux-gnu/cmake/Boost-1.74.0/BoostConfig.cmake (found suitable version "1.74.0", minimum required is "1.65.0") found components: system filesystem date_time iostreams serialization 
[0.539s] -- Checking for module 'libusb-1.0'
[0.554s] --   Found libusb-1.0, version 1.0.25
[0.601s] -- Found libusb: /usr/lib/x86_64-linux-gnu/libusb-1.0.so  
[0.602s] -- Found OpenNI: /usr/lib/libOpenNI.so;libusb::libusb (found version "1.5.4.0") 
[0.602s] -- OpenNI found (version: 1.5.4.0, include: /usr/include/ni, lib: /usr/lib/libOpenNI.so;libusb::libusb)
[0.659s] -- Found OpenNI2: /usr/lib/x86_64-linux-gnu/libOpenNI2.so;libusb::libusb (found version "2.2.0.33") 
[0.660s] -- OpenNI2 found (version: 2.2.0.33, include: /usr/include/openni2, lib: /usr/lib/x86_64-linux-gnu/libOpenNI2.so;libusb::libusb)
[0.660s] [0m** WARNING ** io features related to pcap will be disabled[0m
[0.660s] [0m** WARNING ** io features related to png will be disabled[0m
[0.698s] -- Looking for pthread.h
[0.779s] -- Looking for pthread.h - found
[0.779s] -- Performing Test CMAKE_HAVE_LIBC_PTHREAD
[0.861s] -- Performing Test CMAKE_HAVE_LIBC_PTHREAD - Success
[0.862s] -- Found Threads: TRUE  
[0.864s] -- Found GLEW: /usr/lib/x86_64-linux-gnu/libGLEW.so  
[0.876s] -- Found OpenGL: /usr/lib/x86_64-linux-gnu/libOpenGL.so  found components: OpenGL GLX 
[1.031s] -- Found MPI_C: /usr/lib/x86_64-linux-gnu/libmpi.so (found version "3.1") 
[1.031s] -- Found MPI: TRUE (found version "3.1") found components: C 
[1.034s] -- Found JsonCpp: /usr/lib/x86_64-linux-gnu/libjsoncpp.so (found suitable version "1.9.5", minimum required is "0.7.0") 
[1.045s] -- Found ZLIB: /usr/lib/x86_64-linux-gnu/libz.so (found version "1.2.11") 
[1.064s] -- Found PNG: /usr/lib/x86_64-linux-gnu/libpng.so (found version "1.6.37") 
[1.078s] -- Found Eigen3: /usr/include/eigen3 (found version "3.4.0") 
[1.175s] -- Found X11: /usr/include   
[1.176s] -- Looking for XOpenDisplay in /usr/lib/x86_64-linux-gnu/libX11.so;/usr/lib/x86_64-linux-gnu/libXext.so
[1.257s] -- Looking for XOpenDisplay in /usr/lib/x86_64-linux-gnu/libX11.so;/usr/lib/x86_64-linux-gnu/libXext.so - found
[1.257s] -- Looking for gethostbyname
[1.333s] -- Looking for gethostbyname - found
[1.333s] -- Looking for connect
[1.413s] -- Looking for connect - found
[1.413s] -- Looking for remove
[1.502s] -- Looking for remove - found
[1.502s] -- Looking for shmat
[1.584s] -- Looking for shmat - found
[1.584s] -- Looking for IceConnectionNumber in ICE
[1.663s] -- Looking for IceConnectionNumber in ICE - found
[1.759s] -- Found EXPAT: /usr/lib/x86_64-linux-gnu/libexpat.so (found version "2.4.7") 
[1.762s] -- Found double-conversion: /usr/lib/x86_64-linux-gnu/libdouble-conversion.so  
[1.766s] -- Found LZ4: /usr/lib/x86_64-linux-gnu/liblz4.so (found version "1.9.3") 
[1.769s] -- Found LZMA: /usr/lib/x86_64-linux-gnu/liblzma.so (found version "5.2.5") 
[1.788s] -- Found JPEG: /usr/lib/x86_64-linux-gnu/libjpeg.so (found version "80") 
[1.795s] -- Found TIFF: /usr/lib/x86_64-linux-gnu/libtiff.so (found version "4.3.0")  
[1.800s] -- Found Freetype: /usr/lib/x86_64-linux-gnu/libfreetype.so (found version "2.11.1") 
[1.805s] -- Found utf8cpp: /usr/include/utf8cpp  
[1.838s] -- Eigen found (include: /usr/include/eigen3, version: 3.4.0)
[1.855s] -- Checking for module 'flann'
[1.871s] --   Found flann, version 1.9.1
[1.922s] -- Found FLANN: /usr/lib/x86_64-linux-gnu/libflann_cpp.so  
[1.922s] -- FLANN found (include: /usr/include, lib: /usr/lib/x86_64-linux-gnu/libflann_cpp.so)
[1.927s] -- Found Qhull version 8.0.2
[2.434s] -- OpenNI found (version: 1.5.4.0, include: /usr/include/ni, lib: /usr/lib/libOpenNI.so;libusb::libusb)
[2.442s] -- OpenNI2 found (version: 2.2.0.33, include: /usr/include/openni2, lib: /usr/lib/x86_64-linux-gnu/libOpenNI2.so;libusb::libusb)
[2.619s] -- looking for PCL_COMMON
[2.621s] -- Found PCL_COMMON: /usr/lib/x86_64-linux-gnu/libpcl_common.so  
[2.621s] -- looking for PCL_OCTREE
[2.622s] -- Found PCL_OCTREE: /usr/lib/x86_64-linux-gnu/libpcl_octree.so  
[2.622s] -- looking for PCL_IO
[2.623s] -- Found PCL_IO: /usr/lib/x86_64-linux-gnu/libpcl_io.so  
[2.623s] -- looking for PCL_KDTREE
[2.624s] -- Found PCL_KDTREE: /usr/lib/x86_64-linux-gnu/libpcl_kdtree.so  
[2.624s] -- looking for PCL_SEARCH
[2.625s] -- Found PCL_SEARCH: /usr/lib/x86_64-linux-gnu/libpcl_search.so  
[2.625s] -- looking for PCL_SURFACE
[2.626s] -- Found PCL_SURFACE: /usr/lib/x86_64-linux-gnu/libpcl_surface.so  
[2.627s] -- looking for PCL_FILTERS
[2.627s] -- Found PCL_FILTERS: /usr/lib/x86_64-linux-gnu/libpcl_filters.so  
[2.628s] -- looking for PCL_2D
[2.628s] -- Found PCL_2D: /usr/include/pcl-1.12  
[2.628s] -- looking for PCL_FEATURES
[2.629s] -- Found PCL_FEATURES: /usr/lib/x86_64-linux-gnu/libpcl_features.so  
[2.629s] -- looking for PCL_REGISTRATION
[2.630s] -- Found PCL_REGISTRATION: /usr/lib/x86_64-linux-gnu/libpcl_registration.so  
[2.630s] -- looking for PCL_SAMPLE_CONSENSUS
[2.631s] -- Found PCL_SAMPLE_CONSENSUS: /usr/lib/x86_64-linux-gnu/libpcl_sample_consensus.so  
[2.631s] -- looking for PCL_GEOMETRY
[2.631s] -- Found PCL_GEOMETRY: /usr/include/pcl-1.12  
[2.632s] -- looking for PCL_ML
[2.632s] -- Found PCL_ML: /usr/lib/x86_64-linux-gnu/libpcl_ml.so  
[2.633s] -- looking for PCL_SEGMENTATION
[2.634s] -- Found PCL_SEGMENTATION: /usr/lib/x86_64-linux-gnu/libpcl_segmentation.so  
[2.634s] -- looking for PCL_VISUALIZATION
[2.635s] -- Found PCL_VISUALIZATION: /usr/lib/x86_64-linux-gnu/libpcl_visualization.so  
[2.635s] -- Found PCL: pcl_common;pcl_octree;pcl_io;pcl_kdtree;pcl_search;pcl_surface;pcl_filters;pcl_features;pcl_registration;pcl_sample_consensus;pcl_ml;pcl_segmentation;pcl_visualization;Boost::system;Boost::filesystem;Boost::date_time;Boost::iostreams;Boost::serialization;/usr/lib/libOpenNI.so;libusb::libusb;/usr/lib/x86_64-linux-gnu/libOpenNI2.so;libusb::libusb;VTK::ChartsCore;VTK::CommonColor;VTK::CommonComputationalGeometry;VTK::CommonCore;VTK::CommonDataModel;VTK::CommonExecutionModel;VTK::CommonMath;VTK::CommonMisc;VTK::CommonTransforms;VTK::FiltersCore;VTK::FiltersExtraction;VTK::FiltersGeneral;VTK::FiltersGeometry;VTK::FiltersModeling;VTK::FiltersSources;VTK::ImagingCore;VTK::ImagingSources;VTK::InteractionImage;VTK::InteractionStyle;VTK::InteractionWidgets;VTK::IOCore;VTK::IOGeometry;VTK::IOImage;VTK::IOLegacy;VTK::IOPLY;VTK::RenderingAnnotation;VTK::RenderingCore;VTK::RenderingContext2D;VTK::RenderingLOD;VTK::RenderingFreeType;VTK::ViewsCore;VTK::ViewsContext2D;VTK::RenderingOpenGL2;VTK::GUISupportQt;FLANN::FLANN;QHULL::QHULL (Required is at least version "1.7") 
[2.648s] -- Found grid_map_core: 2.0.0 (/opt/ros/humble/share/grid_map_core/cmake)
[2.822s] -- Found Python3: /usr/bin/python3 (found version "3.10.12") found components: Interpreter 
[2.898s] -- RTABMap=rtabmap::utilite;rtabmap::core;rtabmap::gui
[2.903s] -- Found ament_cmake: 1.3.10 (/opt/ros/humble/share/ament_cmake/cmake)
[2.967s] -- Found cv_bridge: 3.2.1 (/opt/ros/humble/share/cv_bridge/cmake)
[3.033s] -- Found rosidl_generator_c: 3.1.5 (/opt/ros/humble/share/rosidl_generator_c/cmake)
[3.042s] -- Found rosidl_adapter: 3.1.5 (/opt/ros/humble/share/rosidl_adapter/cmake)
[3.053s] -- Found rosidl_generator_cpp: 3.1.5 (/opt/ros/humble/share/rosidl_generator_cpp/cmake)
[3.068s] -- Using all available rosidl_typesupport_c: rosidl_typesupport_fastrtps_c;rosidl_typesupport_introspection_c
[3.091s] -- Using all available rosidl_typesupport_cpp: rosidl_typesupport_fastrtps_cpp;rosidl_typesupport_introspection_cpp
[3.167s] -- Found image_transport: 3.1.9 (/opt/ros/humble/share/image_transport/cmake)
[3.226s] -- Found rmw_implementation_cmake: 6.1.2 (/opt/ros/humble/share/rmw_implementation_cmake/cmake)
[3.230s] -- Found rmw_fastrtps_cpp: 6.2.7 (/opt/ros/humble/share/rmw_fastrtps_cpp/cmake)
[3.340s] -- Found OpenSSL: /usr/lib/x86_64-linux-gnu/libcrypto.so (found version "3.0.2")  
[3.370s] -- Found FastRTPS: /opt/ros/humble/include  
[3.439s] -- Using RMW implementation 'rmw_fastrtps_cpp' as default
[3.557s] -- Found rclcpp_components: 16.0.10 (/opt/ros/humble/share/rclcpp_components/cmake)
[3.596s] -- Found stereo_msgs: 4.2.4 (/opt/ros/humble/share/stereo_msgs/cmake)
[3.633s] -- Found nav_msgs: 4.2.4 (/opt/ros/humble/share/nav_msgs/cmake)
[3.653s] -- Found tf2: 0.25.7 (/opt/ros/humble/share/tf2/cmake)
[3.659s] -- Found tf2_geometry_msgs: 0.25.7 (/opt/ros/humble/share/tf2_geometry_msgs/cmake)
[3.679s] -- Found eigen3_cmake_module: 0.1.1 (/opt/ros/humble/share/eigen3_cmake_module/cmake)
[3.680s] -- Found Eigen3: TRUE (found version "3.4.0") 
[3.680s] -- Ensuring Eigen3 include directory is part of orocos-kdl CMake target
[3.785s] -- Found laser_geometry: 2.4.0 (/opt/ros/humble/share/laser_geometry/cmake)
[3.791s] -- Found pcl_conversions: 2.4.0 (/opt/ros/humble/share/pcl_conversions/cmake)
[3.822s] -- Found pcl_ros: 2.4.5 (/opt/ros/humble/share/pcl_ros/cmake)
[3.848s] -- Found rtabmap_msgs: 0.21.5 (/home/student/ros2_ws/install/rtabmap_msgs/share/rtabmap_msgs/cmake)
[3.879s] -- Found rtabmap_conversions: 0.21.5 (/home/student/ros2_ws/install/rtabmap_conversions/share/rtabmap_conversions/cmake)
[3.916s] -- Found octomap_msgs: 2.0.0 (/opt/ros/humble/share/octomap_msgs/cmake)
[3.958s] -- Found grid_map_ros: 2.0.0 (/opt/ros/humble/share/grid_map_ros/cmake)
[4.219s] -- WITH octomap_msgs
[4.219s] -- WITH grid_map_ros
[4.738s] -- Configuring done
[6.029s] -- Generating done
[6.036s] -- Build files have been written to: /home/student/ros2_ws/build/rtabmap_util
[6.087s] Invoked command in '/home/student/ros2_ws/build/rtabmap_util' returned '0': AMENT_PREFIX_PATH=/home/student/ros2_ws/install/rtabmap_conversions:/home/student/ros2_ws/install/rtabmap_msgs:${AMENT_PREFIX_PATH} CMAKE_PREFIX_PATH=/home/student/ros2_ws/install/rtabmap_conversions:/home/student/ros2_ws/install/rtabmap_msgs:/home/student/ros2_ws/install/rtabmap:/home/student/ros2_ws/install/turtlebot3_navigation2:/home/student/ros2_ws/install/turtlebot3_description:/home/student/ros2_ws/install/turtlebot3_cartographer:/home/student/ros2_ws/install/my_worlds_pkg:/home/student/ros2_ws/install/dynamixel_sdk_custom_interfaces:/home/student/ros2_ws/install/dynamixel_sdk:/home/student/ros2_ws/install/turtlebot3_teleop:/home/student/ros2_ws/install/rtabmap_python:/opt/ros/humble LD_LIBRARY_PATH=/home/student/ros2_ws/install/rtabmap_conversions/lib:/home/student/ros2_ws/install/rtabmap_msgs/lib:/home/student/ros2_ws/install/rtabmap/lib:/home/student/ros2_ws/install/dynamixel_sdk_custom_interfaces/lib:/home/student/ros2_ws/install/dynamixel_sdk/lib:/usr/lib/x86_64-linux-gnu/gazebo-11/plugins:/opt/ros/humble/opt/rviz_ogre_vendor/lib:/opt/ros/humble/lib/x86_64-linux-gnu:/opt/ros/humble/lib:/usr/lib/x86_64-linux-gnu/gazebo-11/plugins PATH=/home/student/ros2_ws/install/rtabmap/bin:${PATH} PKG_CONFIG_PATH=/home/student/ros2_ws/install/rtabmap/lib/x86_64-linux-gnu/pkgconfig:/home/student/ros2_ws/install/rtabmap/lib/pkgconfig PYTHONPATH=/home/student/ros2_ws/install/rtabmap_msgs/local/lib/python3.10/dist-packages:${PYTHONPATH} /usr/bin/cmake /home/student/ros2_ws/src/rtabmap_ros/rtabmap_util -DCMAKE_BUILD_TYPE=Release -DCMAKE_INSTALL_PREFIX=/home/student/ros2_ws/install/rtabmap_util
[6.088s] Invoking command in '/home/student/ros2_ws/build/rtabmap_util': AMENT_PREFIX_PATH=/home/student/ros2_ws/install/rtabmap_conversions:/home/student/ros2_ws/install/rtabmap_msgs:${AMENT_PREFIX_PATH} CMAKE_PREFIX_PATH=/home/student/ros2_ws/install/rtabmap_conversions:/home/student/ros2_ws/install/rtabmap_msgs:/home/student/ros2_ws/install/rtabmap:/home/student/ros2_ws/install/turtlebot3_navigation2:/home/student/ros2_ws/install/turtlebot3_description:/home/student/ros2_ws/install/turtlebot3_cartographer:/home/student/ros2_ws/install/my_worlds_pkg:/home/student/ros2_ws/install/dynamixel_sdk_custom_interfaces:/home/student/ros2_ws/install/dynamixel_sdk:/home/student/ros2_ws/install/turtlebot3_teleop:/home/student/ros2_ws/install/rtabmap_python:/opt/ros/humble LD_LIBRARY_PATH=/home/student/ros2_ws/install/rtabmap_conversions/lib:/home/student/ros2_ws/install/rtabmap_msgs/lib:/home/student/ros2_ws/install/rtabmap/lib:/home/student/ros2_ws/install/dynamixel_sdk_custom_interfaces/lib:/home/student/ros2_ws/install/dynamixel_sdk/lib:/usr/lib/x86_64-linux-gnu/gazebo-11/plugins:/opt/ros/humble/opt/rviz_ogre_vendor/lib:/opt/ros/humble/lib/x86_64-linux-gnu:/opt/ros/humble/lib:/usr/lib/x86_64-linux-gnu/gazebo-11/plugins PATH=/home/student/ros2_ws/install/rtabmap/bin:${PATH} PKG_CONFIG_PATH=/home/student/ros2_ws/install/rtabmap/lib/x86_64-linux-gnu/pkgconfig:/home/student/ros2_ws/install/rtabmap/lib/pkgconfig PYTHONPATH=/home/student/ros2_ws/install/rtabmap_msgs/local/lib/python3.10/dist-packages:${PYTHONPATH} /usr/bin/cmake --build /home/student/ros2_ws/build/rtabmap_util
[6.187s] [  5%] [32mBuilding CXX object CMakeFiles/rtabmap_util_plugins.dir/src/MapsManager.cpp.o[0m
[6.190s] [  5%] [32mBuilding CXX object CMakeFiles/rtabmap_util_plugins.dir/src/nodelets/point_cloud_xyzrgb.cpp.o[0m
[27.563s] [  7%] [32mBuilding CXX object CMakeFiles/rtabmap_util_plugins.dir/src/nodelets/point_cloud_xyz.cpp.o[0m
[61.247s] [ 10%] [32mBuilding CXX object CMakeFiles/rtabmap_util_plugins.dir/src/nodelets/disparity_to_depth.cpp.o[0m
[66.338s] [ 13%] [32mBuilding CXX object CMakeFiles/rtabmap_util_plugins.dir/src/nodelets/pointcloud_to_depthimage.cpp.o[0m
[74.955s] [ 15%] [32mBuilding CXX object CMakeFiles/rtabmap_util_plugins.dir/src/nodelets/obstacles_detection.cpp.o[0m
[95.646s] [ 18%] [32mBuilding CXX object CMakeFiles/rtabmap_util_plugins.dir/src/nodelets/point_cloud_aggregator.cpp.o[0m
[96.455s] [ 21%] [32mBuilding CXX object CMakeFiles/rtabmap_util_plugins.dir/src/nodelets/point_cloud_assembler.cpp.o[0m
[122.394s] [ 23%] [32mBuilding CXX object CMakeFiles/rtabmap_util_plugins.dir/src/nodelets/imu_to_tf.cpp.o[0m
[127.799s] [ 26%] [32mBuilding CXX object CMakeFiles/rtabmap_util_plugins.dir/src/nodelets/lidar_deskewing.cpp.o[0m
[138.314s] [ 28%] [32mBuilding CXX object CMakeFiles/rtabmap_util_plugins.dir/src/nodelets/rgbd_relay.cpp.o[0m
[146.782s] [ 31%] [32mBuilding CXX object CMakeFiles/rtabmap_util_plugins.dir/src/nodelets/rgbd_split.cpp.o[0m
[154.229s] [ 34%] [32mBuilding CXX object CMakeFiles/rtabmap_util_plugins.dir/src/nodelets/map_assembler.cpp.o[0m
[177.312s] [ 36%] [32m[1mLinking CXX shared library librtabmap_util_plugins.so[0m
[179.508s] [ 36%] Built target rtabmap_util_plugins
[179.535s] [ 39%] [32mBuilding CXX object CMakeFiles/rtabmap_rgbd_relay.dir/src/RGBDRelayNode.cpp.o[0m
[179.536s] [ 42%] [32mBuilding CXX object CMakeFiles/rtabmap_rgbd_split.dir/src/RGBDSplitNode.cpp.o[0m
[182.702s] [ 44%] [32m[1mLinking CXX executable rgbd_relay[0m
[182.770s] [ 47%] [32m[1mLinking CXX executable rgbd_split[0m
[184.900s] [ 47%] Built target rtabmap_rgbd_split
[184.914s] [ 47%] Built target rtabmap_rgbd_relay
[184.925s] [ 50%] [32mBuilding CXX object CMakeFiles/rtabmap_map_assembler.dir/src/MapAssemblerNode.cpp.o[0m
[184.939s] [ 52%] [32mBuilding CXX object CMakeFiles/rtabmap_imu_to_tf.dir/src/ImuToTFNode.cpp.o[0m
[188.209s] [ 55%] [32m[1mLinking CXX executable imu_to_tf[0m
[189.943s] [ 55%] Built target rtabmap_imu_to_tf
[189.969s] [ 57%] [32mBuilding CXX object CMakeFiles/rtabmap_disparity_to_depth.dir/src/DisparityToDepthNode.cpp.o[0m
[193.116s] [ 60%] [32m[1mLinking CXX executable disparity_to_depth[0m
[194.572s] [ 63%] [32m[1mLinking CXX executable map_assembler[0m
[194.846s] [ 63%] Built target rtabmap_disparity_to_depth
[194.872s] [ 65%] [32mBuilding CXX object CMakeFiles/rtabmap_lidar_deskewing.dir/src/LidarDeskewingNode.cpp.o[0m
[196.737s] [ 65%] Built target rtabmap_map_assembler
[196.763s] [ 68%] [32mBuilding CXX object CMakeFiles/rtabmap_point_cloud_xyz.dir/src/PointCloudXYZNode.cpp.o[0m
[198.224s] [ 71%] [32m[1mLinking CXX executable lidar_deskewing[0m
[199.943s] [ 71%] Built target rtabmap_lidar_deskewing
[199.970s] [ 73%] [32mBuilding CXX object CMakeFiles/rtabmap_point_cloud_xyzrgb.dir/src/PointCloudXYZRGBNode.cpp.o[0m
[202.353s] [ 76%] [32m[1mLinking CXX executable point_cloud_xyz[0m
[204.067s] [ 76%] Built target rtabmap_point_cloud_xyz
[204.092s] [ 78%] [32mBuilding CXX object CMakeFiles/rtabmap_pointcloud_to_depthimage.dir/src/PointCloudToDepthImageNode.cpp.o[0m
[207.402s] [ 81%] [32m[1mLinking CXX executable point_cloud_xyzrgb[0m
[207.553s] [ 84%] [32m[1mLinking CXX executable pointcloud_to_depthimage[0m
[209.121s] [ 84%] Built target rtabmap_point_cloud_xyzrgb
[209.147s] [ 86%] [32mBuilding CXX object CMakeFiles/rtabmap_obstacles_detection.dir/src/ObstaclesDetectionNode.cpp.o[0m
[209.272s] [ 86%] Built target rtabmap_pointcloud_to_depthimage
[209.297s] [ 89%] [32mBuilding CXX object CMakeFiles/rtabmap_point_cloud_aggregator.dir/src/PointCloudAggregatorNode.cpp.o[0m
[212.606s] [ 92%] [32m[1mLinking CXX executable point_cloud_aggregator[0m
[214.312s] [ 92%] Built target rtabmap_point_cloud_aggregator
[214.337s] [ 94%] [32mBuilding CXX object CMakeFiles/rtabmap_point_cloud_assembler.dir/src/PointCloudAssemblerNode.cpp.o[0m
[219.109s] [ 97%] [32m[1mLinking CXX executable obstacles_detection[0m
[221.234s] [ 97%] Built target rtabmap_obstacles_detection
[224.519s] [100%] [32m[1mLinking CXX executable point_cloud_assembler[0m
[226.227s] [100%] Built target rtabmap_point_cloud_assembler
[226.241s] Invoked command in '/home/student/ros2_ws/build/rtabmap_util' returned '0': AMENT_PREFIX_PATH=/home/student/ros2_ws/install/rtabmap_conversions:/home/student/ros2_ws/install/rtabmap_msgs:${AMENT_PREFIX_PATH} CMAKE_PREFIX_PATH=/home/student/ros2_ws/install/rtabmap_conversions:/home/student/ros2_ws/install/rtabmap_msgs:/home/student/ros2_ws/install/rtabmap:/home/student/ros2_ws/install/turtlebot3_navigation2:/home/student/ros2_ws/install/turtlebot3_description:/home/student/ros2_ws/install/turtlebot3_cartographer:/home/student/ros2_ws/install/my_worlds_pkg:/home/student/ros2_ws/install/dynamixel_sdk_custom_interfaces:/home/student/ros2_ws/install/dynamixel_sdk:/home/student/ros2_ws/install/turtlebot3_teleop:/home/student/ros2_ws/install/rtabmap_python:/opt/ros/humble LD_LIBRARY_PATH=/home/student/ros2_ws/install/rtabmap_conversions/lib:/home/student/ros2_ws/install/rtabmap_msgs/lib:/home/student/ros2_ws/install/rtabmap/lib:/home/student/ros2_ws/install/dynamixel_sdk_custom_interfaces/lib:/home/student/ros2_ws/install/dynamixel_sdk/lib:/usr/lib/x86_64-linux-gnu/gazebo-11/plugins:/opt/ros/humble/opt/rviz_ogre_vendor/lib:/opt/ros/humble/lib/x86_64-linux-gnu:/opt/ros/humble/lib:/usr/lib/x86_64-linux-gnu/gazebo-11/plugins PATH=/home/student/ros2_ws/install/rtabmap/bin:${PATH} PKG_CONFIG_PATH=/home/student/ros2_ws/install/rtabmap/lib/x86_64-linux-gnu/pkgconfig:/home/student/ros2_ws/install/rtabmap/lib/pkgconfig PYTHONPATH=/home/student/ros2_ws/install/rtabmap_msgs/local/lib/python3.10/dist-packages:${PYTHONPATH} /usr/bin/cmake --build /home/student/ros2_ws/build/rtabmap_util
[226.356s] Invoking command in '/home/student/ros2_ws/build/rtabmap_util': AMENT_PREFIX_PATH=/home/student/ros2_ws/install/rtabmap_conversions:/home/student/ros2_ws/install/rtabmap_msgs:${AMENT_PREFIX_PATH} CMAKE_PREFIX_PATH=/home/student/ros2_ws/install/rtabmap_conversions:/home/student/ros2_ws/install/rtabmap_msgs:/home/student/ros2_ws/install/rtabmap:/home/student/ros2_ws/install/turtlebot3_navigation2:/home/student/ros2_ws/install/turtlebot3_description:/home/student/ros2_ws/install/turtlebot3_cartographer:/home/student/ros2_ws/install/my_worlds_pkg:/home/student/ros2_ws/install/dynamixel_sdk_custom_interfaces:/home/student/ros2_ws/install/dynamixel_sdk:/home/student/ros2_ws/install/turtlebot3_teleop:/home/student/ros2_ws/install/rtabmap_python:/opt/ros/humble LD_LIBRARY_PATH=/home/student/ros2_ws/install/rtabmap_conversions/lib:/home/student/ros2_ws/install/rtabmap_msgs/lib:/home/student/ros2_ws/install/rtabmap/lib:/home/student/ros2_ws/install/dynamixel_sdk_custom_interfaces/lib:/home/student/ros2_ws/install/dynamixel_sdk/lib:/usr/lib/x86_64-linux-gnu/gazebo-11/plugins:/opt/ros/humble/opt/rviz_ogre_vendor/lib:/opt/ros/humble/lib/x86_64-linux-gnu:/opt/ros/humble/lib:/usr/lib/x86_64-linux-gnu/gazebo-11/plugins PATH=/home/student/ros2_ws/install/rtabmap/bin:${PATH} PKG_CONFIG_PATH=/home/student/ros2_ws/install/rtabmap/lib/x86_64-linux-gnu/pkgconfig:/home/student/ros2_ws/install/rtabmap/lib/pkgconfig PYTHONPATH=/home/student/ros2_ws/install/rtabmap_msgs/local/lib/python3.10/dist-packages:${PYTHONPATH} /usr/bin/cmake --install /home/student/ros2_ws/build/rtabmap_util
[226.365s] -- Install configuration: "Release"
[226.365s] -- Installing: /home/student/ros2_ws/install/rtabmap_util/share/rtabmap_util/environment/library_path.sh
[226.365s] -- Installing: /home/student/ros2_ws/install/rtabmap_util/share/rtabmap_util/environment/library_path.dsv
[226.365s] -- Installing: /home/student/ros2_ws/install/rtabmap_util/lib/rtabmap_util/transform_to_tf.py
[226.365s] -- Installing: /home/student/ros2_ws/install/rtabmap_util/lib/rtabmap_util/yaml_to_camera_info.py
[226.366s] -- Installing: /home/student/ros2_ws/install/rtabmap_util/lib/rtabmap_util/republish_tf_static.py
[226.366s] -- Installing: /home/student/ros2_ws/install/rtabmap_util/lib/librtabmap_util_plugins.so
[226.379s] -- Set runtime path of "/home/student/ros2_ws/install/rtabmap_util/lib/librtabmap_util_plugins.so" to ""
[226.379s] -- Installing: /home/student/ros2_ws/install/rtabmap_util/lib/rtabmap_util/imu_to_tf
[226.380s] -- Set runtime path of "/home/student/ros2_ws/install/rtabmap_util/lib/rtabmap_util/imu_to_tf" to ""
[226.380s] -- Installing: /home/student/ros2_ws/install/rtabmap_util/lib/rtabmap_util/disparity_to_depth
[226.380s] -- Set runtime path of "/home/student/ros2_ws/install/rtabmap_util/lib/rtabmap_util/disparity_to_depth" to ""
[226.380s] -- Installing: /home/student/ros2_ws/install/rtabmap_util/lib/rtabmap_util/rgbd_relay
[226.380s] -- Set runtime path of "/home/student/ros2_ws/install/rtabmap_util/lib/rtabmap_util/rgbd_relay" to ""
[226.381s] -- Installing: /home/student/ros2_ws/install/rtabmap_util/lib/rtabmap_util/rgbd_split
[226.381s] -- Set runtime path of "/home/student/ros2_ws/install/rtabmap_util/lib/rtabmap_util/rgbd_split" to ""
[226.381s] -- Installing: /home/student/ros2_ws/install/rtabmap_util/lib/rtabmap_util/lidar_deskewing
[226.381s] -- Set runtime path of "/home/student/ros2_ws/install/rtabmap_util/lib/rtabmap_util/lidar_deskewing" to ""
[226.381s] -- Installing: /home/student/ros2_ws/install/rtabmap_util/lib/rtabmap_util/point_cloud_xyz
[226.382s] -- Set runtime path of "/home/student/ros2_ws/install/rtabmap_util/lib/rtabmap_util/point_cloud_xyz" to ""
[226.382s] -- Installing: /home/student/ros2_ws/install/rtabmap_util/lib/rtabmap_util/point_cloud_xyzrgb
[226.382s] -- Set runtime path of "/home/student/ros2_ws/install/rtabmap_util/lib/rtabmap_util/point_cloud_xyzrgb" to ""
[226.382s] -- Installing: /home/student/ros2_ws/install/rtabmap_util/lib/rtabmap_util/pointcloud_to_depthimage
[226.383s] -- Set runtime path of "/home/student/ros2_ws/install/rtabmap_util/lib/rtabmap_util/pointcloud_to_depthimage" to ""
[226.383s] -- Installing: /home/student/ros2_ws/install/rtabmap_util/lib/rtabmap_util/obstacles_detection
[226.383s] -- Set runtime path of "/home/student/ros2_ws/install/rtabmap_util/lib/rtabmap_util/obstacles_detection" to ""
[226.383s] -- Installing: /home/student/ros2_ws/install/rtabmap_util/lib/rtabmap_util/point_cloud_aggregator
[226.384s] -- Set runtime path of "/home/student/ros2_ws/install/rtabmap_util/lib/rtabmap_util/point_cloud_aggregator" to ""
[226.384s] -- Installing: /home/student/ros2_ws/install/rtabmap_util/lib/rtabmap_util/point_cloud_assembler
[226.384s] -- Set runtime path of "/home/student/ros2_ws/install/rtabmap_util/lib/rtabmap_util/point_cloud_assembler" to ""
[226.384s] -- Installing: /home/student/ros2_ws/install/rtabmap_util/lib/rtabmap_util/map_assembler
[226.385s] -- Set runtime path of "/home/student/ros2_ws/install/rtabmap_util/lib/rtabmap_util/map_assembler" to ""
[226.385s] -- Installing: /home/student/ros2_ws/install/rtabmap_util/include
[226.385s] -- Installing: /home/student/ros2_ws/install/rtabmap_util/include/rtabmap_util
[226.385s] -- Installing: /home/student/ros2_ws/install/rtabmap_util/include/rtabmap_util/ULogToRosout.h
[226.385s] -- Installing: /home/student/ros2_ws/install/rtabmap_util/include/rtabmap_util/visibility.h
[226.385s] -- Installing: /home/student/ros2_ws/install/rtabmap_util/include/rtabmap_util/MapsManager.h
[226.385s] -- Installing: /home/student/ros2_ws/install/rtabmap_util/share/ament_index/resource_index/package_run_dependencies/rtabmap_util
[226.386s] -- Installing: /home/student/ros2_ws/install/rtabmap_util/share/ament_index/resource_index/parent_prefix_path/rtabmap_util
[226.386s] -- Installing: /home/student/ros2_ws/install/rtabmap_util/share/rtabmap_util/environment/ament_prefix_path.sh
[226.386s] -- Installing: /home/student/ros2_ws/install/rtabmap_util/share/rtabmap_util/environment/ament_prefix_path.dsv
[226.386s] -- Installing: /home/student/ros2_ws/install/rtabmap_util/share/rtabmap_util/environment/path.sh
[226.386s] -- Installing: /home/student/ros2_ws/install/rtabmap_util/share/rtabmap_util/environment/path.dsv
[226.386s] -- Installing: /home/student/ros2_ws/install/rtabmap_util/share/rtabmap_util/local_setup.bash
[226.387s] -- Installing: /home/student/ros2_ws/install/rtabmap_util/share/rtabmap_util/local_setup.sh
[226.387s] -- Installing: /home/student/ros2_ws/install/rtabmap_util/share/rtabmap_util/local_setup.zsh
[226.387s] -- Installing: /home/student/ros2_ws/install/rtabmap_util/share/rtabmap_util/local_setup.dsv
[226.387s] -- Installing: /home/student/ros2_ws/install/rtabmap_util/share/rtabmap_util/package.dsv
[226.387s] -- Installing: /home/student/ros2_ws/install/rtabmap_util/share/ament_index/resource_index/packages/rtabmap_util
[226.387s] -- Installing: /home/student/ros2_ws/install/rtabmap_util/share/ament_index/resource_index/rclcpp_components/rtabmap_util
[226.387s] -- Installing: /home/student/ros2_ws/install/rtabmap_util/share/rtabmap_util/cmake/rtabmap_utilExport.cmake
[226.388s] -- Installing: /home/student/ros2_ws/install/rtabmap_util/share/rtabmap_util/cmake/rtabmap_utilExport-release.cmake
[226.388s] -- Installing: /home/student/ros2_ws/install/rtabmap_util/share/rtabmap_util/cmake/ament_cmake_export_dependencies-extras.cmake
[226.388s] -- Installing: /home/student/ros2_ws/install/rtabmap_util/share/rtabmap_util/cmake/ament_cmake_export_include_directories-extras.cmake
[226.388s] -- Installing: /home/student/ros2_ws/install/rtabmap_util/share/rtabmap_util/cmake/ament_cmake_export_targets-extras.cmake
[226.388s] -- Installing: /home/student/ros2_ws/install/rtabmap_util/share/rtabmap_util/cmake/ament_cmake_export_libraries-extras.cmake
[226.388s] -- Installing: /home/student/ros2_ws/install/rtabmap_util/share/rtabmap_util/cmake/rtabmap_utilConfig.cmake
[226.389s] -- Installing: /home/student/ros2_ws/install/rtabmap_util/share/rtabmap_util/cmake/rtabmap_utilConfig-version.cmake
[226.389s] -- Installing: /home/student/ros2_ws/install/rtabmap_util/share/rtabmap_util/package.xml
[226.391s] Invoked command in '/home/student/ros2_ws/build/rtabmap_util' returned '0': AMENT_PREFIX_PATH=/home/student/ros2_ws/install/rtabmap_conversions:/home/student/ros2_ws/install/rtabmap_msgs:${AMENT_PREFIX_PATH} CMAKE_PREFIX_PATH=/home/student/ros2_ws/install/rtabmap_conversions:/home/student/ros2_ws/install/rtabmap_msgs:/home/student/ros2_ws/install/rtabmap:/home/student/ros2_ws/install/turtlebot3_navigation2:/home/student/ros2_ws/install/turtlebot3_description:/home/student/ros2_ws/install/turtlebot3_cartographer:/home/student/ros2_ws/install/my_worlds_pkg:/home/student/ros2_ws/install/dynamixel_sdk_custom_interfaces:/home/student/ros2_ws/install/dynamixel_sdk:/home/student/ros2_ws/install/turtlebot3_teleop:/home/student/ros2_ws/install/rtabmap_python:/opt/ros/humble LD_LIBRARY_PATH=/home/student/ros2_ws/install/rtabmap_conversions/lib:/home/student/ros2_ws/install/rtabmap_msgs/lib:/home/student/ros2_ws/install/rtabmap/lib:/home/student/ros2_ws/install/dynamixel_sdk_custom_interfaces/lib:/home/student/ros2_ws/install/dynamixel_sdk/lib:/usr/lib/x86_64-linux-gnu/gazebo-11/plugins:/opt/ros/humble/opt/rviz_ogre_vendor/lib:/opt/ros/humble/lib/x86_64-linux-gnu:/opt/ros/humble/lib:/usr/lib/x86_64-linux-gnu/gazebo-11/plugins PATH=/home/student/ros2_ws/install/rtabmap/bin:${PATH} PKG_CONFIG_PATH=/home/student/ros2_ws/install/rtabmap/lib/x86_64-linux-gnu/pkgconfig:/home/student/ros2_ws/install/rtabmap/lib/pkgconfig PYTHONPATH=/home/student/ros2_ws/install/rtabmap_msgs/local/lib/python3.10/dist-packages:${PYTHONPATH} /usr/bin/cmake --install /home/student/ros2_ws/build/rtabmap_util
