[ 20%] Built target scan_to_image_node
[ 40%] Built target minimal_opencv_ros2_node
[ 60%] Built target simple_localizer_node
[ 80%] Built target scan_matching_localizer
[100%] Built target map_laser_matching_node
-- Install configuration: "Release"
-- Up-to-date: /home/student/ros2_ws/install/my_opencv_demo/lib/my_opencv_demo/minimal_opencv_ros2_node
-- Up-to-date: /home/student/ros2_ws/install/my_opencv_demo/lib/my_opencv_demo/scan_to_image_node
-- Up-to-date: /home/student/ros2_ws/install/my_opencv_demo/lib/my_opencv_demo/scan_matching_localizer
-- Up-to-date: /home/student/ros2_ws/install/my_opencv_demo/lib/my_opencv_demo/map_laser_matching_node
-- Up-to-date: /home/student/ros2_ws/install/my_opencv_demo/share/ament_index/resource_index/package_run_dependencies/my_opencv_demo
-- Up-to-date: /home/student/ros2_ws/install/my_opencv_demo/share/ament_index/resource_index/parent_prefix_path/my_opencv_demo
-- Up-to-date: /home/student/ros2_ws/install/my_opencv_demo/share/my_opencv_demo/environment/ament_prefix_path.sh
-- Up-to-date: /home/student/ros2_ws/install/my_opencv_demo/share/my_opencv_demo/environment/ament_prefix_path.dsv
-- Up-to-date: /home/student/ros2_ws/install/my_opencv_demo/share/my_opencv_demo/environment/path.sh
-- Up-to-date: /home/student/ros2_ws/install/my_opencv_demo/share/my_opencv_demo/environment/path.dsv
-- Up-to-date: /home/student/ros2_ws/install/my_opencv_demo/share/my_opencv_demo/local_setup.bash
-- Up-to-date: /home/student/ros2_ws/install/my_opencv_demo/share/my_opencv_demo/local_setup.sh
-- Up-to-date: /home/student/ros2_ws/install/my_opencv_demo/share/my_opencv_demo/local_setup.zsh
-- Up-to-date: /home/student/ros2_ws/install/my_opencv_demo/share/my_opencv_demo/local_setup.dsv
-- Installing: /home/student/ros2_ws/install/my_opencv_demo/share/my_opencv_demo/package.dsv
-- Up-to-date: /home/student/ros2_ws/install/my_opencv_demo/share/ament_index/resource_index/packages/my_opencv_demo
-- Up-to-date: /home/student/ros2_ws/install/my_opencv_demo/share/my_opencv_demo/cmake/my_opencv_demoConfig.cmake
-- Up-to-date: /home/student/ros2_ws/install/my_opencv_demo/share/my_opencv_demo/cmake/my_opencv_demoConfig-version.cmake
-- Up-to-date: /home/student/ros2_ws/install/my_opencv_demo/share/my_opencv_demo/package.xml
