[0.355s] Invoking command in '/home/student/ros2_ws/build/turtlebot3_fake_node': AMENT_PREFIX_PATH=/home/student/ros2_ws/install/turtlebot3_msgs:${AMENT_PREFIX_PATH} CMAKE_PREFIX_PATH=/home/student/ros2_ws/install/turtlebot3_msgs:/home/student/ros2_ws/install/turtlebot3_navigation2:/home/student/ros2_ws/install/turtlebot3_description:/home/student/ros2_ws/install/turtlebot3_cartographer:/home/student/ros2_ws/install/my_worlds_pkg:/home/student/ros2_ws/install/dynamixel_sdk_custom_interfaces:/home/student/ros2_ws/install/dynamixel_sdk:/home/student/ros2_ws/install/turtlebot3_teleop:/home/student/ros2_ws/install/rtabmap_python:/opt/ros/humble LD_LIBRARY_PATH=/home/student/ros2_ws/install/turtlebot3_msgs/lib:/home/student/ros2_ws/install/dynamixel_sdk_custom_interfaces/lib:/home/student/ros2_ws/install/dynamixel_sdk/lib:/usr/lib/x86_64-linux-gnu/gazebo-11/plugins:/opt/ros/humble/opt/rviz_ogre_vendor/lib:/opt/ros/humble/lib/x86_64-linux-gnu:/opt/ros/humble/lib:/usr/lib/x86_64-linux-gnu/gazebo-11/plugins PYTHONPATH=/home/student/ros2_ws/install/turtlebot3_msgs/local/lib/python3.10/dist-packages:${PYTHONPATH} /usr/bin/cmake --build /home/student/ros2_ws/build/turtlebot3_fake_node
[0.457s] [ 50%] [32mBuilding CXX object CMakeFiles/turtlebot3_fake_node.dir/src/turtlebot3_fake_node.cpp.o[0m
[14.951s] [100%] [32m[1mLinking CXX executable turtlebot3_fake_node[0m
[15.158s] [100%] Built target turtlebot3_fake_node
[15.175s] Invoked command in '/home/student/ros2_ws/build/turtlebot3_fake_node' returned '0': AMENT_PREFIX_PATH=/home/student/ros2_ws/install/turtlebot3_msgs:${AMENT_PREFIX_PATH} CMAKE_PREFIX_PATH=/home/student/ros2_ws/install/turtlebot3_msgs:/home/student/ros2_ws/install/turtlebot3_navigation2:/home/student/ros2_ws/install/turtlebot3_description:/home/student/ros2_ws/install/turtlebot3_cartographer:/home/student/ros2_ws/install/my_worlds_pkg:/home/student/ros2_ws/install/dynamixel_sdk_custom_interfaces:/home/student/ros2_ws/install/dynamixel_sdk:/home/student/ros2_ws/install/turtlebot3_teleop:/home/student/ros2_ws/install/rtabmap_python:/opt/ros/humble LD_LIBRARY_PATH=/home/student/ros2_ws/install/turtlebot3_msgs/lib:/home/student/ros2_ws/install/dynamixel_sdk_custom_interfaces/lib:/home/student/ros2_ws/install/dynamixel_sdk/lib:/usr/lib/x86_64-linux-gnu/gazebo-11/plugins:/opt/ros/humble/opt/rviz_ogre_vendor/lib:/opt/ros/humble/lib/x86_64-linux-gnu:/opt/ros/humble/lib:/usr/lib/x86_64-linux-gnu/gazebo-11/plugins PYTHONPATH=/home/student/ros2_ws/install/turtlebot3_msgs/local/lib/python3.10/dist-packages:${PYTHONPATH} /usr/bin/cmake --build /home/student/ros2_ws/build/turtlebot3_fake_node
[15.208s] Invoking command in '/home/student/ros2_ws/build/turtlebot3_fake_node': AMENT_PREFIX_PATH=/home/student/ros2_ws/install/turtlebot3_msgs:${AMENT_PREFIX_PATH} CMAKE_PREFIX_PATH=/home/student/ros2_ws/install/turtlebot3_msgs:/home/student/ros2_ws/install/turtlebot3_navigation2:/home/student/ros2_ws/install/turtlebot3_description:/home/student/ros2_ws/install/turtlebot3_cartographer:/home/student/ros2_ws/install/my_worlds_pkg:/home/student/ros2_ws/install/dynamixel_sdk_custom_interfaces:/home/student/ros2_ws/install/dynamixel_sdk:/home/student/ros2_ws/install/turtlebot3_teleop:/home/student/ros2_ws/install/rtabmap_python:/opt/ros/humble LD_LIBRARY_PATH=/home/student/ros2_ws/install/turtlebot3_msgs/lib:/home/student/ros2_ws/install/dynamixel_sdk_custom_interfaces/lib:/home/student/ros2_ws/install/dynamixel_sdk/lib:/usr/lib/x86_64-linux-gnu/gazebo-11/plugins:/opt/ros/humble/opt/rviz_ogre_vendor/lib:/opt/ros/humble/lib/x86_64-linux-gnu:/opt/ros/humble/lib:/usr/lib/x86_64-linux-gnu/gazebo-11/plugins PYTHONPATH=/home/student/ros2_ws/install/turtlebot3_msgs/local/lib/python3.10/dist-packages:${PYTHONPATH} /usr/bin/cmake --install /home/student/ros2_ws/build/turtlebot3_fake_node
[15.216s] -- Install configuration: "Release"
[15.216s] -- Installing: /home/student/ros2_ws/install/turtlebot3_fake_node/lib/turtlebot3_fake_node/turtlebot3_fake_node
[15.218s] -- Set runtime path of "/home/student/ros2_ws/install/turtlebot3_fake_node/lib/turtlebot3_fake_node/turtlebot3_fake_node" to ""
[15.218s] -- Installing: /home/student/ros2_ws/install/turtlebot3_fake_node/share/turtlebot3_fake_node/launch
[15.218s] -- Installing: /home/student/ros2_ws/install/turtlebot3_fake_node/share/turtlebot3_fake_node/launch/rviz2.launch.py
[15.218s] -- Installing: /home/student/ros2_ws/install/turtlebot3_fake_node/share/turtlebot3_fake_node/launch/turtlebot3_fake_node.launch.py
[15.218s] -- Installing: /home/student/ros2_ws/install/turtlebot3_fake_node/share/turtlebot3_fake_node/param
[15.219s] -- Installing: /home/student/ros2_ws/install/turtlebot3_fake_node/share/turtlebot3_fake_node/param/waffle.yaml
[15.219s] -- Installing: /home/student/ros2_ws/install/turtlebot3_fake_node/share/turtlebot3_fake_node/param/burger.yaml
[15.219s] -- Installing: /home/student/ros2_ws/install/turtlebot3_fake_node/share/turtlebot3_fake_node/param/waffle_pi.yaml
[15.219s] -- Installing: /home/student/ros2_ws/install/turtlebot3_fake_node/include/
[15.220s] -- Installing: /home/student/ros2_ws/install/turtlebot3_fake_node/include//turtlebot3_fake_node
[15.220s] -- Installing: /home/student/ros2_ws/install/turtlebot3_fake_node/include//turtlebot3_fake_node/turtlebot3_fake_node.hpp
[15.220s] -- Installing: /home/student/ros2_ws/install/turtlebot3_fake_node/share/ament_index/resource_index/package_run_dependencies/turtlebot3_fake_node
[15.220s] -- Installing: /home/student/ros2_ws/install/turtlebot3_fake_node/share/ament_index/resource_index/parent_prefix_path/turtlebot3_fake_node
[15.220s] -- Installing: /home/student/ros2_ws/install/turtlebot3_fake_node/share/turtlebot3_fake_node/environment/ament_prefix_path.sh
[15.220s] -- Installing: /home/student/ros2_ws/install/turtlebot3_fake_node/share/turtlebot3_fake_node/environment/ament_prefix_path.dsv
[15.221s] -- Installing: /home/student/ros2_ws/install/turtlebot3_fake_node/share/turtlebot3_fake_node/environment/path.sh
[15.221s] -- Installing: /home/student/ros2_ws/install/turtlebot3_fake_node/share/turtlebot3_fake_node/environment/path.dsv
[15.221s] -- Installing: /home/student/ros2_ws/install/turtlebot3_fake_node/share/turtlebot3_fake_node/local_setup.bash
[15.221s] -- Installing: /home/student/ros2_ws/install/turtlebot3_fake_node/share/turtlebot3_fake_node/local_setup.sh
[15.221s] -- Installing: /home/student/ros2_ws/install/turtlebot3_fake_node/share/turtlebot3_fake_node/local_setup.zsh
[15.222s] -- Installing: /home/student/ros2_ws/install/turtlebot3_fake_node/share/turtlebot3_fake_node/local_setup.dsv
[15.222s] -- Installing: /home/student/ros2_ws/install/turtlebot3_fake_node/share/turtlebot3_fake_node/package.dsv
[15.222s] -- Installing: /home/student/ros2_ws/install/turtlebot3_fake_node/share/ament_index/resource_index/packages/turtlebot3_fake_node
[15.222s] -- Installing: /home/student/ros2_ws/install/turtlebot3_fake_node/share/turtlebot3_fake_node/cmake/ament_cmake_export_include_directories-extras.cmake
[15.222s] -- Installing: /home/student/ros2_ws/install/turtlebot3_fake_node/share/turtlebot3_fake_node/cmake/ament_cmake_export_dependencies-extras.cmake
[15.223s] -- Installing: /home/student/ros2_ws/install/turtlebot3_fake_node/share/turtlebot3_fake_node/cmake/turtlebot3_fake_nodeConfig.cmake
[15.223s] -- Installing: /home/student/ros2_ws/install/turtlebot3_fake_node/share/turtlebot3_fake_node/cmake/turtlebot3_fake_nodeConfig-version.cmake
[15.223s] -- Installing: /home/student/ros2_ws/install/turtlebot3_fake_node/share/turtlebot3_fake_node/package.xml
[15.226s] Invoked command in '/home/student/ros2_ws/build/turtlebot3_fake_node' returned '0': AMENT_PREFIX_PATH=/home/student/ros2_ws/install/turtlebot3_msgs:${AMENT_PREFIX_PATH} CMAKE_PREFIX_PATH=/home/student/ros2_ws/install/turtlebot3_msgs:/home/student/ros2_ws/install/turtlebot3_navigation2:/home/student/ros2_ws/install/turtlebot3_description:/home/student/ros2_ws/install/turtlebot3_cartographer:/home/student/ros2_ws/install/my_worlds_pkg:/home/student/ros2_ws/install/dynamixel_sdk_custom_interfaces:/home/student/ros2_ws/install/dynamixel_sdk:/home/student/ros2_ws/install/turtlebot3_teleop:/home/student/ros2_ws/install/rtabmap_python:/opt/ros/humble LD_LIBRARY_PATH=/home/student/ros2_ws/install/turtlebot3_msgs/lib:/home/student/ros2_ws/install/dynamixel_sdk_custom_interfaces/lib:/home/student/ros2_ws/install/dynamixel_sdk/lib:/usr/lib/x86_64-linux-gnu/gazebo-11/plugins:/opt/ros/humble/opt/rviz_ogre_vendor/lib:/opt/ros/humble/lib/x86_64-linux-gnu:/opt/ros/humble/lib:/usr/lib/x86_64-linux-gnu/gazebo-11/plugins PYTHONPATH=/home/student/ros2_ws/install/turtlebot3_msgs/local/lib/python3.10/dist-packages:${PYTHONPATH} /usr/bin/cmake --install /home/student/ros2_ws/build/turtlebot3_fake_node
