[0.015s] Invoking command in '/home/student/ros2_ws/build/turtlebot3_cartographer': CMAKE_PREFIX_PATH=${CMAKE_PREFIX_PATH}:/home/student/ros2_ws/install/turtlebot3_teleop:/home/student/ros2_ws/install/turtlebot3_example:/home/student/ros2_ws/install/rtabmap_python:/opt/ros/humble /usr/bin/cmake /home/student/ros2_ws/src/turtlebot3/turtlebot3_cartographer -DCMAKE_INSTALL_PREFIX=/home/student/ros2_ws/install/turtlebot3_cartographer
[0.187s] -- The C compiler identification is GNU 11.4.0
[0.228s] -- The CXX compiler identification is GNU 11.4.0
[0.238s] -- Detecting C compiler ABI info
[0.346s] -- Detecting C compiler ABI info - done
[0.356s] -- Check for working C compiler: /usr/bin/cc - skipped
[0.356s] -- Detecting C compile features
[0.356s] -- Detecting C compile features - done
[0.362s] -- Detecting CXX compiler ABI info
[0.469s] -- Detecting CXX compiler ABI info - done
[0.478s] -- Check for working CXX compiler: /usr/bin/c++ - skipped
[0.479s] -- Detecting CXX compile features
[0.479s] -- Detecting CXX compile features - done
[0.483s] -- Found ament_cmake: 1.3.10 (/opt/ros/humble/share/ament_cmake/cmake)
[0.708s] -- Found Python3: /usr/bin/python3 (found version "3.10.12") found components: Interpreter 
[0.965s] -- Configuring done
[0.970s] -- Generating done
[0.975s] -- Build files have been written to: /home/student/ros2_ws/build/turtlebot3_cartographer
[1.002s] Invoked command in '/home/student/ros2_ws/build/turtlebot3_cartographer' returned '0': CMAKE_PREFIX_PATH=${CMAKE_PREFIX_PATH}:/home/student/ros2_ws/install/turtlebot3_teleop:/home/student/ros2_ws/install/turtlebot3_example:/home/student/ros2_ws/install/rtabmap_python:/opt/ros/humble /usr/bin/cmake /home/student/ros2_ws/src/turtlebot3/turtlebot3_cartographer -DCMAKE_INSTALL_PREFIX=/home/student/ros2_ws/install/turtlebot3_cartographer
[1.003s] Invoking command in '/home/student/ros2_ws/build/turtlebot3_cartographer': CMAKE_PREFIX_PATH=${CMAKE_PREFIX_PATH}:/home/student/ros2_ws/install/turtlebot3_teleop:/home/student/ros2_ws/install/turtlebot3_example:/home/student/ros2_ws/install/rtabmap_python:/opt/ros/humble /usr/bin/cmake --build /home/student/ros2_ws/build/turtlebot3_cartographer -- -j8 -l8
[1.122s] Invoked command in '/home/student/ros2_ws/build/turtlebot3_cartographer' returned '0': CMAKE_PREFIX_PATH=${CMAKE_PREFIX_PATH}:/home/student/ros2_ws/install/turtlebot3_teleop:/home/student/ros2_ws/install/turtlebot3_example:/home/student/ros2_ws/install/rtabmap_python:/opt/ros/humble /usr/bin/cmake --build /home/student/ros2_ws/build/turtlebot3_cartographer -- -j8 -l8
[1.181s] Invoking command in '/home/student/ros2_ws/build/turtlebot3_cartographer': CMAKE_PREFIX_PATH=${CMAKE_PREFIX_PATH}:/home/student/ros2_ws/install/turtlebot3_teleop:/home/student/ros2_ws/install/turtlebot3_example:/home/student/ros2_ws/install/rtabmap_python:/opt/ros/humble /usr/bin/cmake --install /home/student/ros2_ws/build/turtlebot3_cartographer
[2.186s] -- Install configuration: ""
[2.186s] -- Installing: /home/student/ros2_ws/install/turtlebot3_cartographer/share/turtlebot3_cartographer/config
[2.187s] -- Installing: /home/student/ros2_ws/install/turtlebot3_cartographer/share/turtlebot3_cartographer/config/turtlebot3_lds_2d.lua
[2.190s] -- Installing: /home/student/ros2_ws/install/turtlebot3_cartographer/share/turtlebot3_cartographer/launch
[2.191s] -- Installing: /home/student/ros2_ws/install/turtlebot3_cartographer/share/turtlebot3_cartographer/launch/cartographer.launch.py
[2.191s] -- Installing: /home/student/ros2_ws/install/turtlebot3_cartographer/share/turtlebot3_cartographer/launch/occupancy_grid.launch.py
[2.192s] -- Installing: /home/student/ros2_ws/install/turtlebot3_cartographer/share/turtlebot3_cartographer/rviz
[2.192s] -- Installing: /home/student/ros2_ws/install/turtlebot3_cartographer/share/turtlebot3_cartographer/rviz/tb3_cartographer.rviz
[2.192s] -- Installing: /home/student/ros2_ws/install/turtlebot3_cartographer/share/ament_index/resource_index/package_run_dependencies/turtlebot3_cartographer
[2.193s] -- Installing: /home/student/ros2_ws/install/turtlebot3_cartographer/share/ament_index/resource_index/parent_prefix_path/turtlebot3_cartographer
[2.193s] -- Installing: /home/student/ros2_ws/install/turtlebot3_cartographer/share/turtlebot3_cartographer/environment/ament_prefix_path.sh
[2.194s] -- Installing: /home/student/ros2_ws/install/turtlebot3_cartographer/share/turtlebot3_cartographer/environment/ament_prefix_path.dsv
[2.194s] -- Installing: /home/student/ros2_ws/install/turtlebot3_cartographer/share/turtlebot3_cartographer/environment/path.sh
[2.195s] -- Installing: /home/student/ros2_ws/install/turtlebot3_cartographer/share/turtlebot3_cartographer/environment/path.dsv
[2.196s] -- Installing: /home/student/ros2_ws/install/turtlebot3_cartographer/share/turtlebot3_cartographer/local_setup.bash
[2.196s] -- Installing: /home/student/ros2_ws/install/turtlebot3_cartographer/share/turtlebot3_cartographer/local_setup.sh
[2.197s] -- Installing: /home/student/ros2_ws/install/turtlebot3_cartographer/share/turtlebot3_cartographer/local_setup.zsh
[2.197s] -- Installing: /home/student/ros2_ws/install/turtlebot3_cartographer/share/turtlebot3_cartographer/local_setup.dsv
[2.197s] -- Installing: /home/student/ros2_ws/install/turtlebot3_cartographer/share/turtlebot3_cartographer/package.dsv
[2.197s] -- Installing: /home/student/ros2_ws/install/turtlebot3_cartographer/share/ament_index/resource_index/packages/turtlebot3_cartographer
[2.197s] -- Installing: /home/student/ros2_ws/install/turtlebot3_cartographer/share/turtlebot3_cartographer/cmake/turtlebot3_cartographerConfig.cmake
[2.198s] -- Installing: /home/student/ros2_ws/install/turtlebot3_cartographer/share/turtlebot3_cartographer/cmake/turtlebot3_cartographerConfig-version.cmake
[2.198s] -- Installing: /home/student/ros2_ws/install/turtlebot3_cartographer/share/turtlebot3_cartographer/package.xml
[2.216s] Invoked command in '/home/student/ros2_ws/build/turtlebot3_cartographer' returned '0': CMAKE_PREFIX_PATH=${CMAKE_PREFIX_PATH}:/home/student/ros2_ws/install/turtlebot3_teleop:/home/student/ros2_ws/install/turtlebot3_example:/home/student/ros2_ws/install/rtabmap_python:/opt/ros/humble /usr/bin/cmake --install /home/student/ros2_ws/build/turtlebot3_cartographer
