[1.749s] Invoking command in '/home/student/ros2_ws/src/rtabmap_ros/rtabmap_python': PYTHONPATH=/home/student/ros2_ws/build/rtabmap_python/prefix_override:/usr/lib/python3/dist-packages/colcon_core/task/python/colcon_distutils_commands:/home/student/ros2_ws/install/rtabmap_python/lib/python3.10/site-packages:${PYTHONPATH} /usr/bin/python3 -W ignore:setup.py install is deprecated setup.py egg_info --egg-base ../../../build/rtabmap_python build --build-base /home/student/ros2_ws/build/rtabmap_python/build install --record /home/student/ros2_ws/build/rtabmap_python/install.log --single-version-externally-managed install_data
[2.675s] running egg_info
[2.676s] writing ../../../build/rtabmap_python/rtabmap_python.egg-info/PKG-INFO
[2.678s] writing dependency_links to ../../../build/rtabmap_python/rtabmap_python.egg-info/dependency_links.txt
[2.678s] writing entry points to ../../../build/rtabmap_python/rtabmap_python.egg-info/entry_points.txt
[2.679s] writing requirements to ../../../build/rtabmap_python/rtabmap_python.egg-info/requires.txt
[2.679s] writing top-level names to ../../../build/rtabmap_python/rtabmap_python.egg-info/top_level.txt
[2.679s] reading manifest file '../../../build/rtabmap_python/rtabmap_python.egg-info/SOURCES.txt'
[2.679s] writing manifest file '../../../build/rtabmap_python/rtabmap_python.egg-info/SOURCES.txt'
[2.679s] running build
[2.679s] running build_py
[2.679s] running install
[2.679s] running install_lib
[2.680s] running install_data
[2.680s] running install_egg_info
[2.680s] removing '/home/student/ros2_ws/install/rtabmap_python/lib/python3.10/site-packages/rtabmap_python-0.1.0-py3.10.egg-info' (and everything under it)
[2.680s] Copying ../../../build/rtabmap_python/rtabmap_python.egg-info to /home/student/ros2_ws/install/rtabmap_python/lib/python3.10/site-packages/rtabmap_python-0.1.0-py3.10.egg-info
[2.680s] running install_scripts
[2.680s] writing list of installed files to '/home/student/ros2_ws/build/rtabmap_python/install.log'
[2.682s] Invoked command in '/home/student/ros2_ws/src/rtabmap_ros/rtabmap_python' returned '0': PYTHONPATH=/home/student/ros2_ws/build/rtabmap_python/prefix_override:/usr/lib/python3/dist-packages/colcon_core/task/python/colcon_distutils_commands:/home/student/ros2_ws/install/rtabmap_python/lib/python3.10/site-packages:${PYTHONPATH} /usr/bin/python3 -W ignore:setup.py install is deprecated setup.py egg_info --egg-base ../../../build/rtabmap_python build --build-base /home/student/ros2_ws/build/rtabmap_python/build install --record /home/student/ros2_ws/build/rtabmap_python/install.log --single-version-externally-managed install_data
