[0.059s] Invoking command in '/home/student/ros2_ws/build/robot_localization': CMAKE_PREFIX_PATH=${CMAKE_PREFIX_PATH}:/home/student/ros2_ws/install/turtlebot3_teleop:/home/student/ros2_ws/install/rtabmap_python:/opt/ros/humble /usr/bin/cmake --build /home/student/ros2_ws/build/robot_localization
[0.212s] [  2%] Built target robot_localization__cpp
[0.212s] [  8%] Built target robot_localization__rosidl_generator_c
[0.273s] [  8%] Built target ament_cmake_python_copy_robot_localization
[0.294s] [  9%] Built target dead_reckoning
[0.343s] [ 11%] Built target gtest
[0.344s] [ 13%] Built target gtest_main
[0.424s] [ 20%] Built target robot_localization__rosidl_typesupport_fastrtps_c
[0.446s] [ 28%] Built target robot_localization__rosidl_typesupport_cpp
[0.507s] [ 36%] Built target robot_localization__rosidl_typesupport_fastrtps_cpp
[0.534s] [ 43%] Built target robot_localization__rosidl_typesupport_introspection_c
[0.591s] [ 51%] Built target robot_localization__rosidl_typesupport_c
[0.639s] [ 58%] Built target robot_localization__rosidl_typesupport_introspection_cpp
[0.750s] [ 67%] Built target rl_lib
[0.809s] [ 67%] Built target robot_localization
[0.904s] [ 69%] Built target ekf_node
[0.993s] [ 71%] Built target ukf_node
[1.049s] [ 72%] Built target navsat_transform_node
[1.126s] [ 73%] Built target robot_localization_listener_node
[1.198s] [ 74%] Built target filter_base-test
[1.220s] running egg_info
[1.226s] writing robot_localization.egg-info/PKG-INFO
[1.226s] writing dependency_links to robot_localization.egg-info/dependency_links.txt
[1.226s] writing top-level names to robot_localization.egg-info/top_level.txt
[1.232s] reading manifest file 'robot_localization.egg-info/SOURCES.txt'
[1.236s] writing manifest file 'robot_localization.egg-info/SOURCES.txt'
[1.280s] [ 75%] Built target test_filter_base_diagnostics_timestamps
[1.302s] [ 75%] Built target ament_cmake_python_build_robot_localization_egg
[1.334s] [ 77%] Built target test_ekf
[1.354s] [ 79%] Built target test_ekf_node_interfaces
[1.405s] [ 80%] Built target test_ukf
[1.415s] [ 82%] Built target test_ukf_node_interfaces
[1.477s] [ 83%] Built target test_robot_localization_estimator
[1.480s] [ 85%] Built target test_navsat_conversions
[1.534s] [ 87%] Built target test_ros_robot_localization_listener
[1.555s] [ 89%] Built target test_ros_robot_localization_listener_publisher
[1.647s] [ 90%] Built target robot_localization__py
[1.687s] [ 96%] Built target robot_localization__rosidl_generator_py
[1.703s] [ 98%] Built target robot_localization__rosidl_typesupport_introspection_c__pyext
[1.709s] [ 99%] Built target robot_localization__rosidl_typesupport_fastrtps_c__pyext
[1.749s] [100%] Built target robot_localization__rosidl_typesupport_c__pyext
[1.778s] Invoked command in '/home/student/ros2_ws/build/robot_localization' returned '0': CMAKE_PREFIX_PATH=${CMAKE_PREFIX_PATH}:/home/student/ros2_ws/install/turtlebot3_teleop:/home/student/ros2_ws/install/rtabmap_python:/opt/ros/humble /usr/bin/cmake --build /home/student/ros2_ws/build/robot_localization
[2.355s] Invoking command in '/home/student/ros2_ws/build/robot_localization': CMAKE_PREFIX_PATH=${CMAKE_PREFIX_PATH}:/home/student/ros2_ws/install/turtlebot3_teleop:/home/student/ros2_ws/install/rtabmap_python:/opt/ros/humble /usr/bin/cmake --install /home/student/ros2_ws/build/robot_localization
[2.458s] -- Install configuration: "Release"
[2.459s] -- Installing: /home/student/ros2_ws/install/robot_localization/share/ament_index/resource_index/rosidl_interfaces/robot_localization
[2.459s] -- Installing: /home/student/ros2_ws/install/robot_localization/include/robot_localization/robot_localization
[2.459s] -- Installing: /home/student/ros2_ws/install/robot_localization/include/robot_localization/robot_localization/msg
[2.459s] -- Installing: /home/student/ros2_ws/install/robot_localization/include/robot_localization/robot_localization/msg/rosidl_generator_c__visibility_control.h
[2.459s] -- Installing: /home/student/ros2_ws/install/robot_localization/include/robot_localization/robot_localization/srv
[2.459s] -- Installing: /home/student/ros2_ws/install/robot_localization/include/robot_localization/robot_localization/srv/get_state.h
[2.459s] -- Installing: /home/student/ros2_ws/install/robot_localization/include/robot_localization/robot_localization/srv/set_datum.h
[2.460s] -- Installing: /home/student/ros2_ws/install/robot_localization/include/robot_localization/robot_localization/srv/to_ll.h
[2.460s] -- Installing: /home/student/ros2_ws/install/robot_localization/include/robot_localization/robot_localization/srv/from_ll.h
[2.460s] -- Installing: /home/student/ros2_ws/install/robot_localization/include/robot_localization/robot_localization/srv/set_pose.h
[2.460s] -- Installing: /home/student/ros2_ws/install/robot_localization/include/robot_localization/robot_localization/srv/set_utm_zone.h
[2.460s] -- Installing: /home/student/ros2_ws/install/robot_localization/include/robot_localization/robot_localization/srv/toggle_filter_processing.h
[2.460s] -- Installing: /home/student/ros2_ws/install/robot_localization/include/robot_localization/robot_localization/srv/detail
[2.460s] -- Installing: /home/student/ros2_ws/install/robot_localization/include/robot_localization/robot_localization/srv/detail/set_pose__functions.c
[2.460s] -- Installing: /home/student/ros2_ws/install/robot_localization/include/robot_localization/robot_localization/srv/detail/set_datum__struct.h
[2.461s] -- Installing: /home/student/ros2_ws/install/robot_localization/include/robot_localization/robot_localization/srv/detail/set_pose__type_support.h
[2.461s] -- Installing: /home/student/ros2_ws/install/robot_localization/include/robot_localization/robot_localization/srv/detail/set_utm_zone__functions.h
[2.461s] -- Installing: /home/student/ros2_ws/install/robot_localization/include/robot_localization/robot_localization/srv/detail/get_state__functions.c
[2.461s] -- Installing: /home/student/ros2_ws/install/robot_localization/include/robot_localization/robot_localization/srv/detail/toggle_filter_processing__functions.h
[2.461s] -- Installing: /home/student/ros2_ws/install/robot_localization/include/robot_localization/robot_localization/srv/detail/to_ll__type_support.h
[2.461s] -- Installing: /home/student/ros2_ws/install/robot_localization/include/robot_localization/robot_localization/srv/detail/set_utm_zone__functions.c
[2.461s] -- Installing: /home/student/ros2_ws/install/robot_localization/include/robot_localization/robot_localization/srv/detail/set_utm_zone__struct.h
[2.461s] -- Installing: /home/student/ros2_ws/install/robot_localization/include/robot_localization/robot_localization/srv/detail/set_datum__type_support.h
[2.461s] -- Installing: /home/student/ros2_ws/install/robot_localization/include/robot_localization/robot_localization/srv/detail/set_pose__functions.h
[2.462s] -- Installing: /home/student/ros2_ws/install/robot_localization/include/robot_localization/robot_localization/srv/detail/get_state__functions.h
[2.465s] -- Installing: /home/student/ros2_ws/install/robot_localization/include/robot_localization/robot_localization/srv/detail/to_ll__functions.h
[2.465s] -- Installing: /home/student/ros2_ws/install/robot_localization/include/robot_localization/robot_localization/srv/detail/from_ll__functions.c
[2.466s] -- Installing: /home/student/ros2_ws/install/robot_localization/include/robot_localization/robot_localization/srv/detail/from_ll__functions.h
[2.466s] -- Installing: /home/student/ros2_ws/install/robot_localization/include/robot_localization/robot_localization/srv/detail/from_ll__struct.h
[2.466s] -- Installing: /home/student/ros2_ws/install/robot_localization/include/robot_localization/robot_localization/srv/detail/from_ll__type_support.h
[2.466s] -- Installing: /home/student/ros2_ws/install/robot_localization/include/robot_localization/robot_localization/srv/detail/set_utm_zone__type_support.h
[2.466s] -- Installing: /home/student/ros2_ws/install/robot_localization/include/robot_localization/robot_localization/srv/detail/to_ll__functions.c
[2.466s] -- Installing: /home/student/ros2_ws/install/robot_localization/include/robot_localization/robot_localization/srv/detail/get_state__type_support.h
[2.466s] -- Installing: /home/student/ros2_ws/install/robot_localization/include/robot_localization/robot_localization/srv/detail/set_pose__struct.h
[2.470s] -- Installing: /home/student/ros2_ws/install/robot_localization/include/robot_localization/robot_localization/srv/detail/toggle_filter_processing__functions.c
[2.470s] -- Installing: /home/student/ros2_ws/install/robot_localization/include/robot_localization/robot_localization/srv/detail/toggle_filter_processing__struct.h
[2.470s] -- Installing: /home/student/ros2_ws/install/robot_localization/include/robot_localization/robot_localization/srv/detail/to_ll__struct.h
[2.470s] -- Installing: /home/student/ros2_ws/install/robot_localization/include/robot_localization/robot_localization/srv/detail/toggle_filter_processing__type_support.h
[2.470s] -- Installing: /home/student/ros2_ws/install/robot_localization/include/robot_localization/robot_localization/srv/detail/get_state__struct.h
[2.470s] -- Installing: /home/student/ros2_ws/install/robot_localization/include/robot_localization/robot_localization/srv/detail/set_datum__functions.c
[2.470s] -- Installing: /home/student/ros2_ws/install/robot_localization/include/robot_localization/robot_localization/srv/detail/set_datum__functions.h
[2.470s] -- Installing: /home/student/ros2_ws/install/robot_localization/share/robot_localization/environment/library_path.sh
[2.470s] -- Installing: /home/student/ros2_ws/install/robot_localization/share/robot_localization/environment/library_path.dsv
[2.470s] -- Installing: /home/student/ros2_ws/install/robot_localization/lib/librobot_localization__rosidl_generator_c.so
[2.471s] -- Set runtime path of "/home/student/ros2_ws/install/robot_localization/lib/librobot_localization__rosidl_generator_c.so" to ""
[2.471s] -- Up-to-date: /home/student/ros2_ws/install/robot_localization/include/robot_localization/robot_localization
[2.471s] -- Up-to-date: /home/student/ros2_ws/install/robot_localization/include/robot_localization/robot_localization/msg
[2.471s] -- Installing: /home/student/ros2_ws/install/robot_localization/include/robot_localization/robot_localization/msg/rosidl_typesupport_fastrtps_c__visibility_control.h
[2.471s] -- Up-to-date: /home/student/ros2_ws/install/robot_localization/include/robot_localization/robot_localization/srv
[2.471s] -- Up-to-date: /home/student/ros2_ws/install/robot_localization/include/robot_localization/robot_localization/srv/detail
[2.471s] -- Installing: /home/student/ros2_ws/install/robot_localization/include/robot_localization/robot_localization/srv/detail/set_datum__rosidl_typesupport_fastrtps_c.h
[2.471s] -- Installing: /home/student/ros2_ws/install/robot_localization/include/robot_localization/robot_localization/srv/detail/set_utm_zone__rosidl_typesupport_fastrtps_c.h
[2.472s] -- Installing: /home/student/ros2_ws/install/robot_localization/include/robot_localization/robot_localization/srv/detail/toggle_filter_processing__rosidl_typesupport_fastrtps_c.h
[2.472s] -- Installing: /home/student/ros2_ws/install/robot_localization/include/robot_localization/robot_localization/srv/detail/set_pose__rosidl_typesupport_fastrtps_c.h
[2.472s] -- Installing: /home/student/ros2_ws/install/robot_localization/include/robot_localization/robot_localization/srv/detail/get_state__rosidl_typesupport_fastrtps_c.h
[2.472s] -- Installing: /home/student/ros2_ws/install/robot_localization/include/robot_localization/robot_localization/srv/detail/from_ll__rosidl_typesupport_fastrtps_c.h
[2.472s] -- Installing: /home/student/ros2_ws/install/robot_localization/include/robot_localization/robot_localization/srv/detail/to_ll__rosidl_typesupport_fastrtps_c.h
[2.472s] -- Installing: /home/student/ros2_ws/install/robot_localization/lib/librobot_localization__rosidl_typesupport_fastrtps_c.so
[2.472s] -- Set runtime path of "/home/student/ros2_ws/install/robot_localization/lib/librobot_localization__rosidl_typesupport_fastrtps_c.so" to ""
[2.472s] -- Up-to-date: /home/student/ros2_ws/install/robot_localization/include/robot_localization/robot_localization
[2.472s] -- Up-to-date: /home/student/ros2_ws/install/robot_localization/include/robot_localization/robot_localization/srv
[2.473s] -- Installing: /home/student/ros2_ws/install/robot_localization/include/robot_localization/robot_localization/srv/from_ll.hpp
[2.473s] -- Installing: /home/student/ros2_ws/install/robot_localization/include/robot_localization/robot_localization/srv/toggle_filter_processing.hpp
[2.474s] -- Installing: /home/student/ros2_ws/install/robot_localization/include/robot_localization/robot_localization/srv/set_utm_zone.hpp
[2.474s] -- Installing: /home/student/ros2_ws/install/robot_localization/include/robot_localization/robot_localization/srv/to_ll.hpp
[2.474s] -- Installing: /home/student/ros2_ws/install/robot_localization/include/robot_localization/robot_localization/srv/set_datum.hpp
[2.474s] -- Installing: /home/student/ros2_ws/install/robot_localization/include/robot_localization/robot_localization/srv/set_pose.hpp
[2.477s] -- Up-to-date: /home/student/ros2_ws/install/robot_localization/include/robot_localization/robot_localization/srv/detail
[2.484s] -- Installing: /home/student/ros2_ws/install/robot_localization/include/robot_localization/robot_localization/srv/detail/get_state__builder.hpp
[2.484s] -- Installing: /home/student/ros2_ws/install/robot_localization/include/robot_localization/robot_localization/srv/detail/set_datum__struct.hpp
[2.484s] -- Installing: /home/student/ros2_ws/install/robot_localization/include/robot_localization/robot_localization/srv/detail/set_pose__traits.hpp
[2.495s] -- Installing: /home/student/ros2_ws/install/robot_localization/include/robot_localization/robot_localization/srv/detail/toggle_filter_processing__struct.hpp
[2.495s] -- Installing: /home/student/ros2_ws/install/robot_localization/include/robot_localization/robot_localization/srv/detail/get_state__struct.hpp
[2.495s] -- Installing: /home/student/ros2_ws/install/robot_localization/include/robot_localization/robot_localization/srv/detail/toggle_filter_processing__traits.hpp
[2.495s] -- Installing: /home/student/ros2_ws/install/robot_localization/include/robot_localization/robot_localization/srv/detail/set_utm_zone__struct.hpp
[2.495s] -- Installing: /home/student/ros2_ws/install/robot_localization/include/robot_localization/robot_localization/srv/detail/set_datum__traits.hpp
[2.495s] -- Installing: /home/student/ros2_ws/install/robot_localization/include/robot_localization/robot_localization/srv/detail/to_ll__struct.hpp
[2.496s] -- Installing: /home/student/ros2_ws/install/robot_localization/include/robot_localization/robot_localization/srv/detail/set_datum__builder.hpp
[2.496s] -- Installing: /home/student/ros2_ws/install/robot_localization/include/robot_localization/robot_localization/srv/detail/from_ll__builder.hpp
[2.496s] -- Installing: /home/student/ros2_ws/install/robot_localization/include/robot_localization/robot_localization/srv/detail/set_pose__builder.hpp
[2.496s] -- Installing: /home/student/ros2_ws/install/robot_localization/include/robot_localization/robot_localization/srv/detail/set_utm_zone__builder.hpp
[2.496s] -- Installing: /home/student/ros2_ws/install/robot_localization/include/robot_localization/robot_localization/srv/detail/to_ll__builder.hpp
[2.496s] -- Installing: /home/student/ros2_ws/install/robot_localization/include/robot_localization/robot_localization/srv/detail/toggle_filter_processing__builder.hpp
[2.496s] -- Installing: /home/student/ros2_ws/install/robot_localization/include/robot_localization/robot_localization/srv/detail/from_ll__traits.hpp
[2.496s] -- Installing: /home/student/ros2_ws/install/robot_localization/include/robot_localization/robot_localization/srv/detail/set_pose__struct.hpp
[2.496s] -- Installing: /home/student/ros2_ws/install/robot_localization/include/robot_localization/robot_localization/srv/detail/get_state__traits.hpp
[2.496s] -- Installing: /home/student/ros2_ws/install/robot_localization/include/robot_localization/robot_localization/srv/detail/from_ll__struct.hpp
[2.496s] -- Installing: /home/student/ros2_ws/install/robot_localization/include/robot_localization/robot_localization/srv/detail/to_ll__traits.hpp
[2.497s] -- Installing: /home/student/ros2_ws/install/robot_localization/include/robot_localization/robot_localization/srv/detail/set_utm_zone__traits.hpp
[2.497s] -- Installing: /home/student/ros2_ws/install/robot_localization/include/robot_localization/robot_localization/srv/get_state.hpp
[2.497s] -- Up-to-date: /home/student/ros2_ws/install/robot_localization/include/robot_localization/robot_localization
[2.497s] -- Up-to-date: /home/student/ros2_ws/install/robot_localization/include/robot_localization/robot_localization/msg
[2.497s] -- Installing: /home/student/ros2_ws/install/robot_localization/include/robot_localization/robot_localization/msg/rosidl_typesupport_fastrtps_cpp__visibility_control.h
[2.497s] -- Up-to-date: /home/student/ros2_ws/install/robot_localization/include/robot_localization/robot_localization/srv
[2.497s] -- Up-to-date: /home/student/ros2_ws/install/robot_localization/include/robot_localization/robot_localization/srv/detail
[2.497s] -- Installing: /home/student/ros2_ws/install/robot_localization/include/robot_localization/robot_localization/srv/detail/to_ll__rosidl_typesupport_fastrtps_cpp.hpp
[2.497s] -- Installing: /home/student/ros2_ws/install/robot_localization/include/robot_localization/robot_localization/srv/detail/set_utm_zone__rosidl_typesupport_fastrtps_cpp.hpp
[2.497s] -- Installing: /home/student/ros2_ws/install/robot_localization/include/robot_localization/robot_localization/srv/detail/dds_fastrtps
[2.498s] -- Installing: /home/student/ros2_ws/install/robot_localization/include/robot_localization/robot_localization/srv/detail/set_datum__rosidl_typesupport_fastrtps_cpp.hpp
[2.498s] -- Installing: /home/student/ros2_ws/install/robot_localization/include/robot_localization/robot_localization/srv/detail/from_ll__rosidl_typesupport_fastrtps_cpp.hpp
[2.498s] -- Installing: /home/student/ros2_ws/install/robot_localization/include/robot_localization/robot_localization/srv/detail/set_pose__rosidl_typesupport_fastrtps_cpp.hpp
[2.498s] -- Installing: /home/student/ros2_ws/install/robot_localization/include/robot_localization/robot_localization/srv/detail/get_state__rosidl_typesupport_fastrtps_cpp.hpp
[2.498s] -- Installing: /home/student/ros2_ws/install/robot_localization/include/robot_localization/robot_localization/srv/detail/toggle_filter_processing__rosidl_typesupport_fastrtps_cpp.hpp
[2.502s] -- Installing: /home/student/ros2_ws/install/robot_localization/lib/librobot_localization__rosidl_typesupport_fastrtps_cpp.so
[2.502s] -- Set runtime path of "/home/student/ros2_ws/install/robot_localization/lib/librobot_localization__rosidl_typesupport_fastrtps_cpp.so" to ""
[2.502s] -- Up-to-date: /home/student/ros2_ws/install/robot_localization/include/robot_localization/robot_localization
[2.502s] -- Up-to-date: /home/student/ros2_ws/install/robot_localization/include/robot_localization/robot_localization/msg
[2.503s] -- Installing: /home/student/ros2_ws/install/robot_localization/include/robot_localization/robot_localization/msg/rosidl_typesupport_introspection_c__visibility_control.h
[2.503s] -- Up-to-date: /home/student/ros2_ws/install/robot_localization/include/robot_localization/robot_localization/srv
[2.503s] -- Up-to-date: /home/student/ros2_ws/install/robot_localization/include/robot_localization/robot_localization/srv/detail
[2.503s] -- Installing: /home/student/ros2_ws/install/robot_localization/include/robot_localization/robot_localization/srv/detail/from_ll__type_support.c
[2.503s] -- Installing: /home/student/ros2_ws/install/robot_localization/include/robot_localization/robot_localization/srv/detail/toggle_filter_processing__type_support.c
[2.504s] -- Installing: /home/student/ros2_ws/install/robot_localization/include/robot_localization/robot_localization/srv/detail/set_datum__rosidl_typesupport_introspection_c.h
[2.504s] -- Installing: /home/student/ros2_ws/install/robot_localization/include/robot_localization/robot_localization/srv/detail/set_pose__type_support.c
[2.507s] -- Installing: /home/student/ros2_ws/install/robot_localization/include/robot_localization/robot_localization/srv/detail/get_state__type_support.c
[2.507s] -- Installing: /home/student/ros2_ws/install/robot_localization/include/robot_localization/robot_localization/srv/detail/from_ll__rosidl_typesupport_introspection_c.h
[2.507s] -- Installing: /home/student/ros2_ws/install/robot_localization/include/robot_localization/robot_localization/srv/detail/set_utm_zone__rosidl_typesupport_introspection_c.h
[2.508s] -- Installing: /home/student/ros2_ws/install/robot_localization/include/robot_localization/robot_localization/srv/detail/set_datum__type_support.c
[2.508s] -- Installing: /home/student/ros2_ws/install/robot_localization/include/robot_localization/robot_localization/srv/detail/set_pose__rosidl_typesupport_introspection_c.h
[2.508s] -- Installing: /home/student/ros2_ws/install/robot_localization/include/robot_localization/robot_localization/srv/detail/to_ll__rosidl_typesupport_introspection_c.h
[2.508s] -- Installing: /home/student/ros2_ws/install/robot_localization/include/robot_localization/robot_localization/srv/detail/to_ll__type_support.c
[2.508s] -- Installing: /home/student/ros2_ws/install/robot_localization/include/robot_localization/robot_localization/srv/detail/get_state__rosidl_typesupport_introspection_c.h
[2.508s] -- Installing: /home/student/ros2_ws/install/robot_localization/include/robot_localization/robot_localization/srv/detail/toggle_filter_processing__rosidl_typesupport_introspection_c.h
[2.508s] -- Installing: /home/student/ros2_ws/install/robot_localization/include/robot_localization/robot_localization/srv/detail/set_utm_zone__type_support.c
[2.509s] -- Installing: /home/student/ros2_ws/install/robot_localization/lib/librobot_localization__rosidl_typesupport_introspection_c.so
[2.509s] -- Set runtime path of "/home/student/ros2_ws/install/robot_localization/lib/librobot_localization__rosidl_typesupport_introspection_c.so" to ""
[2.509s] -- Installing: /home/student/ros2_ws/install/robot_localization/lib/librobot_localization__rosidl_typesupport_c.so
[2.509s] -- Set runtime path of "/home/student/ros2_ws/install/robot_localization/lib/librobot_localization__rosidl_typesupport_c.so" to ""
[2.509s] -- Up-to-date: /home/student/ros2_ws/install/robot_localization/include/robot_localization/robot_localization
[2.509s] -- Up-to-date: /home/student/ros2_ws/install/robot_localization/include/robot_localization/robot_localization/srv
[2.510s] -- Up-to-date: /home/student/ros2_ws/install/robot_localization/include/robot_localization/robot_localization/srv/detail
[2.510s] -- Installing: /home/student/ros2_ws/install/robot_localization/include/robot_localization/robot_localization/srv/detail/set_datum__type_support.cpp
[2.510s] -- Installing: /home/student/ros2_ws/install/robot_localization/include/robot_localization/robot_localization/srv/detail/to_ll__rosidl_typesupport_introspection_cpp.hpp
[2.510s] -- Installing: /home/student/ros2_ws/install/robot_localization/include/robot_localization/robot_localization/srv/detail/set_datum__rosidl_typesupport_introspection_cpp.hpp
[2.511s] -- Installing: /home/student/ros2_ws/install/robot_localization/include/robot_localization/robot_localization/srv/detail/set_utm_zone__type_support.cpp
[2.511s] -- Installing: /home/student/ros2_ws/install/robot_localization/include/robot_localization/robot_localization/srv/detail/from_ll__type_support.cpp
[2.511s] -- Installing: /home/student/ros2_ws/install/robot_localization/include/robot_localization/robot_localization/srv/detail/set_pose__type_support.cpp
[2.514s] -- Installing: /home/student/ros2_ws/install/robot_localization/include/robot_localization/robot_localization/srv/detail/get_state__type_support.cpp
[2.514s] -- Installing: /home/student/ros2_ws/install/robot_localization/include/robot_localization/robot_localization/srv/detail/toggle_filter_processing__type_support.cpp
[2.515s] -- Installing: /home/student/ros2_ws/install/robot_localization/include/robot_localization/robot_localization/srv/detail/get_state__rosidl_typesupport_introspection_cpp.hpp
[2.515s] -- Installing: /home/student/ros2_ws/install/robot_localization/include/robot_localization/robot_localization/srv/detail/toggle_filter_processing__rosidl_typesupport_introspection_cpp.hpp
[2.515s] -- Installing: /home/student/ros2_ws/install/robot_localization/include/robot_localization/robot_localization/srv/detail/set_pose__rosidl_typesupport_introspection_cpp.hpp
[2.515s] -- Installing: /home/student/ros2_ws/install/robot_localization/include/robot_localization/robot_localization/srv/detail/from_ll__rosidl_typesupport_introspection_cpp.hpp
[2.515s] -- Installing: /home/student/ros2_ws/install/robot_localization/include/robot_localization/robot_localization/srv/detail/to_ll__type_support.cpp
[2.516s] -- Installing: /home/student/ros2_ws/install/robot_localization/include/robot_localization/robot_localization/srv/detail/set_utm_zone__rosidl_typesupport_introspection_cpp.hpp
[2.516s] -- Installing: /home/student/ros2_ws/install/robot_localization/lib/librobot_localization__rosidl_typesupport_introspection_cpp.so
[2.516s] -- Set runtime path of "/home/student/ros2_ws/install/robot_localization/lib/librobot_localization__rosidl_typesupport_introspection_cpp.so" to ""
[2.516s] -- Installing: /home/student/ros2_ws/install/robot_localization/lib/librobot_localization__rosidl_typesupport_cpp.so
[2.516s] -- Set runtime path of "/home/student/ros2_ws/install/robot_localization/lib/librobot_localization__rosidl_typesupport_cpp.so" to ""
[2.516s] -- Installing: /home/student/ros2_ws/install/robot_localization/share/robot_localization/environment/pythonpath.sh
[2.516s] -- Installing: /home/student/ros2_ws/install/robot_localization/share/robot_localization/environment/pythonpath.dsv
[2.517s] -- Installing: /home/student/ros2_ws/install/robot_localization/local/lib/python3.10/dist-packages/robot_localization-3.9.0-py3.10.egg-info
[2.517s] -- Installing: /home/student/ros2_ws/install/robot_localization/local/lib/python3.10/dist-packages/robot_localization-3.9.0-py3.10.egg-info/dependency_links.txt
[2.517s] -- Installing: /home/student/ros2_ws/install/robot_localization/local/lib/python3.10/dist-packages/robot_localization-3.9.0-py3.10.egg-info/PKG-INFO
[2.517s] -- Installing: /home/student/ros2_ws/install/robot_localization/local/lib/python3.10/dist-packages/robot_localization-3.9.0-py3.10.egg-info/top_level.txt
[2.517s] -- Installing: /home/student/ros2_ws/install/robot_localization/local/lib/python3.10/dist-packages/robot_localization-3.9.0-py3.10.egg-info/SOURCES.txt
[2.518s] -- Installing: /home/student/ros2_ws/install/robot_localization/local/lib/python3.10/dist-packages/robot_localization
[2.521s] -- Installing: /home/student/ros2_ws/install/robot_localization/local/lib/python3.10/dist-packages/robot_localization/__init__.py
[2.521s] -- Installing: /home/student/ros2_ws/install/robot_localization/local/lib/python3.10/dist-packages/robot_localization/_robot_localization_s.ep.rosidl_typesupport_introspection_c.c
[2.521s] -- Installing: /home/student/ros2_ws/install/robot_localization/local/lib/python3.10/dist-packages/robot_localization/srv
[2.522s] -- Installing: /home/student/ros2_ws/install/robot_localization/local/lib/python3.10/dist-packages/robot_localization/srv/_from_ll_s.c
[2.522s] -- Installing: /home/student/ros2_ws/install/robot_localization/local/lib/python3.10/dist-packages/robot_localization/srv/__init__.py
[2.522s] -- Installing: /home/student/ros2_ws/install/robot_localization/local/lib/python3.10/dist-packages/robot_localization/srv/_to_ll_s.c
[2.522s] -- Installing: /home/student/ros2_ws/install/robot_localization/local/lib/python3.10/dist-packages/robot_localization/srv/_from_ll.py
[2.522s] -- Installing: /home/student/ros2_ws/install/robot_localization/local/lib/python3.10/dist-packages/robot_localization/srv/_set_datum.py
[2.522s] -- Installing: /home/student/ros2_ws/install/robot_localization/local/lib/python3.10/dist-packages/robot_localization/srv/_get_state_s.c
[2.523s] -- Installing: /home/student/ros2_ws/install/robot_localization/local/lib/python3.10/dist-packages/robot_localization/srv/_set_utm_zone.py
[2.523s] -- Installing: /home/student/ros2_ws/install/robot_localization/local/lib/python3.10/dist-packages/robot_localization/srv/_set_pose.py
[2.523s] -- Installing: /home/student/ros2_ws/install/robot_localization/local/lib/python3.10/dist-packages/robot_localization/srv/_set_pose_s.c
[2.523s] -- Installing: /home/student/ros2_ws/install/robot_localization/local/lib/python3.10/dist-packages/robot_localization/srv/_toggle_filter_processing.py
[2.523s] -- Installing: /home/student/ros2_ws/install/robot_localization/local/lib/python3.10/dist-packages/robot_localization/srv/_get_state.py
[2.524s] -- Installing: /home/student/ros2_ws/install/robot_localization/local/lib/python3.10/dist-packages/robot_localization/srv/_set_utm_zone_s.c
[2.524s] -- Installing: /home/student/ros2_ws/install/robot_localization/local/lib/python3.10/dist-packages/robot_localization/srv/_to_ll.py
[2.524s] -- Installing: /home/student/ros2_ws/install/robot_localization/local/lib/python3.10/dist-packages/robot_localization/srv/_toggle_filter_processing_s.c
[2.524s] -- Installing: /home/student/ros2_ws/install/robot_localization/local/lib/python3.10/dist-packages/robot_localization/srv/_set_datum_s.c
[2.524s] -- Installing: /home/student/ros2_ws/install/robot_localization/local/lib/python3.10/dist-packages/robot_localization/robot_localization_s__rosidl_typesupport_c.cpython-310-x86_64-linux-gnu.so
[2.524s] -- Installing: /home/student/ros2_ws/install/robot_localization/local/lib/python3.10/dist-packages/robot_localization/_robot_localization_s.ep.rosidl_typesupport_c.c
[2.524s] -- Installing: /home/student/ros2_ws/install/robot_localization/local/lib/python3.10/dist-packages/robot_localization/_robot_localization_s.ep.rosidl_typesupport_fastrtps_c.c
[2.524s] -- Installing: /home/student/ros2_ws/install/robot_localization/local/lib/python3.10/dist-packages/robot_localization/librobot_localization__rosidl_generator_py.so
[2.525s] -- Installing: /home/student/ros2_ws/install/robot_localization/local/lib/python3.10/dist-packages/robot_localization/robot_localization_s__rosidl_typesupport_fastrtps_c.cpython-310-x86_64-linux-gnu.so
[2.525s] -- Installing: /home/student/ros2_ws/install/robot_localization/local/lib/python3.10/dist-packages/robot_localization/robot_localization_s__rosidl_typesupport_introspection_c.cpython-310-x86_64-linux-gnu.so
[2.565s] Listing '/home/student/ros2_ws/install/robot_localization/local/lib/python3.10/dist-packages/robot_localization'...
[2.565s] Compiling '/home/student/ros2_ws/install/robot_localization/local/lib/python3.10/dist-packages/robot_localization/__init__.py'...
[2.565s] Listing '/home/student/ros2_ws/install/robot_localization/local/lib/python3.10/dist-packages/robot_localization/srv'...
[2.567s] Compiling '/home/student/ros2_ws/install/robot_localization/local/lib/python3.10/dist-packages/robot_localization/srv/__init__.py'...
[2.567s] Compiling '/home/student/ros2_ws/install/robot_localization/local/lib/python3.10/dist-packages/robot_localization/srv/_from_ll.py'...
[2.567s] Compiling '/home/student/ros2_ws/install/robot_localization/local/lib/python3.10/dist-packages/robot_localization/srv/_get_state.py'...
[2.567s] Compiling '/home/student/ros2_ws/install/robot_localization/local/lib/python3.10/dist-packages/robot_localization/srv/_set_datum.py'...
[2.568s] Compiling '/home/student/ros2_ws/install/robot_localization/local/lib/python3.10/dist-packages/robot_localization/srv/_set_pose.py'...
[2.568s] Compiling '/home/student/ros2_ws/install/robot_localization/local/lib/python3.10/dist-packages/robot_localization/srv/_set_utm_zone.py'...
[2.568s] Compiling '/home/student/ros2_ws/install/robot_localization/local/lib/python3.10/dist-packages/robot_localization/srv/_to_ll.py'...
[2.569s] Compiling '/home/student/ros2_ws/install/robot_localization/local/lib/python3.10/dist-packages/robot_localization/srv/_toggle_filter_processing.py'...
[2.577s] -- Installing: /home/student/ros2_ws/install/robot_localization/local/lib/python3.10/dist-packages/robot_localization/robot_localization_s__rosidl_typesupport_fastrtps_c.cpython-310-x86_64-linux-gnu.so
[2.578s] -- Set runtime path of "/home/student/ros2_ws/install/robot_localization/local/lib/python3.10/dist-packages/robot_localization/robot_localization_s__rosidl_typesupport_fastrtps_c.cpython-310-x86_64-linux-gnu.so" to ""
[2.579s] -- Installing: /home/student/ros2_ws/install/robot_localization/local/lib/python3.10/dist-packages/robot_localization/robot_localization_s__rosidl_typesupport_introspection_c.cpython-310-x86_64-linux-gnu.so
[2.580s] -- Set runtime path of "/home/student/ros2_ws/install/robot_localization/local/lib/python3.10/dist-packages/robot_localization/robot_localization_s__rosidl_typesupport_introspection_c.cpython-310-x86_64-linux-gnu.so" to ""
[2.581s] -- Installing: /home/student/ros2_ws/install/robot_localization/local/lib/python3.10/dist-packages/robot_localization/robot_localization_s__rosidl_typesupport_c.cpython-310-x86_64-linux-gnu.so
[2.582s] -- Set runtime path of "/home/student/ros2_ws/install/robot_localization/local/lib/python3.10/dist-packages/robot_localization/robot_localization_s__rosidl_typesupport_c.cpython-310-x86_64-linux-gnu.so" to ""
[2.583s] -- Installing: /home/student/ros2_ws/install/robot_localization/lib/librobot_localization__rosidl_generator_py.so
[2.584s] -- Set runtime path of "/home/student/ros2_ws/install/robot_localization/lib/librobot_localization__rosidl_generator_py.so" to ""
[2.585s] -- Installing: /home/student/ros2_ws/install/robot_localization/share/robot_localization/srv/FromLL.idl
[2.586s] -- Installing: /home/student/ros2_ws/install/robot_localization/share/robot_localization/srv/GetState.idl
[2.586s] -- Installing: /home/student/ros2_ws/install/robot_localization/share/robot_localization/srv/SetDatum.idl
[2.587s] -- Installing: /home/student/ros2_ws/install/robot_localization/share/robot_localization/srv/SetPose.idl
[2.588s] -- Installing: /home/student/ros2_ws/install/robot_localization/share/robot_localization/srv/SetUTMZone.idl
[2.589s] -- Installing: /home/student/ros2_ws/install/robot_localization/share/robot_localization/srv/ToggleFilterProcessing.idl
[2.589s] -- Installing: /home/student/ros2_ws/install/robot_localization/share/robot_localization/srv/ToLL.idl
[2.596s] -- Installing: /home/student/ros2_ws/install/robot_localization/share/robot_localization/srv/FromLL.srv
[2.597s] -- Installing: /home/student/ros2_ws/install/robot_localization/share/robot_localization/srv/FromLL_Request.msg
[2.598s] -- Installing: /home/student/ros2_ws/install/robot_localization/share/robot_localization/srv/FromLL_Response.msg
[2.599s] -- Installing: /home/student/ros2_ws/install/robot_localization/share/robot_localization/srv/GetState.srv
[2.600s] -- Installing: /home/student/ros2_ws/install/robot_localization/share/robot_localization/srv/GetState_Request.msg
[2.601s] -- Installing: /home/student/ros2_ws/install/robot_localization/share/robot_localization/srv/GetState_Response.msg
[2.601s] -- Installing: /home/student/ros2_ws/install/robot_localization/share/robot_localization/srv/SetDatum.srv
[2.601s] -- Installing: /home/student/ros2_ws/install/robot_localization/share/robot_localization/srv/SetDatum_Request.msg
[2.602s] -- Installing: /home/student/ros2_ws/install/robot_localization/share/robot_localization/srv/SetDatum_Response.msg
[2.602s] -- Installing: /home/student/ros2_ws/install/robot_localization/share/robot_localization/srv/SetPose.srv
[2.602s] -- Installing: /home/student/ros2_ws/install/robot_localization/share/robot_localization/srv/SetPose_Request.msg
[2.603s] -- Installing: /home/student/ros2_ws/install/robot_localization/share/robot_localization/srv/SetPose_Response.msg
[2.604s] -- Installing: /home/student/ros2_ws/install/robot_localization/share/robot_localization/srv/SetUTMZone.srv
[2.604s] -- Installing: /home/student/ros2_ws/install/robot_localization/share/robot_localization/srv/SetUTMZone_Request.msg
[2.605s] -- Installing: /home/student/ros2_ws/install/robot_localization/share/robot_localization/srv/SetUTMZone_Response.msg
[2.606s] -- Installing: /home/student/ros2_ws/install/robot_localization/share/robot_localization/srv/ToggleFilterProcessing.srv
[2.606s] -- Installing: /home/student/ros2_ws/install/robot_localization/share/robot_localization/srv/ToggleFilterProcessing_Request.msg
[2.607s] -- Installing: /home/student/ros2_ws/install/robot_localization/share/robot_localization/srv/ToggleFilterProcessing_Response.msg
[2.608s] -- Installing: /home/student/ros2_ws/install/robot_localization/share/robot_localization/srv/ToLL.srv
[2.608s] -- Installing: /home/student/ros2_ws/install/robot_localization/share/robot_localization/srv/ToLL_Request.msg
[2.609s] -- Installing: /home/student/ros2_ws/install/robot_localization/share/robot_localization/srv/ToLL_Response.msg
[2.610s] -- Installing: /home/student/ros2_ws/install/robot_localization/lib/robot_localization/filter_base-test
[2.613s] -- Set runtime path of "/home/student/ros2_ws/install/robot_localization/lib/robot_localization/filter_base-test" to ""
[2.614s] -- Installing: /home/student/ros2_ws/install/robot_localization/lib/robot_localization/test_filter_base_diagnostics_timestamps
[2.620s] -- Set runtime path of "/home/student/ros2_ws/install/robot_localization/lib/robot_localization/test_filter_base_diagnostics_timestamps" to ""
[2.621s] -- Installing: /home/student/ros2_ws/install/robot_localization/lib/robot_localization/test_ekf
[2.625s] -- Set runtime path of "/home/student/ros2_ws/install/robot_localization/lib/robot_localization/test_ekf" to ""
[2.625s] -- Installing: /home/student/ros2_ws/install/robot_localization/lib/robot_localization/test_ekf_node_interfaces
[2.631s] -- Set runtime path of "/home/student/ros2_ws/install/robot_localization/lib/robot_localization/test_ekf_node_interfaces" to ""
[2.633s] -- Installing: /home/student/ros2_ws/install/robot_localization/lib/robot_localization/test_ukf
[2.633s] -- Set runtime path of "/home/student/ros2_ws/install/robot_localization/lib/robot_localization/test_ukf" to ""
[2.633s] -- Installing: /home/student/ros2_ws/install/robot_localization/lib/robot_localization/test_ukf_node_interfaces
[2.638s] -- Set runtime path of "/home/student/ros2_ws/install/robot_localization/lib/robot_localization/test_ukf_node_interfaces" to ""
[2.638s] -- Installing: /home/student/ros2_ws/install/robot_localization/lib/robot_localization/test_robot_localization_estimator
[2.641s] -- Set runtime path of "/home/student/ros2_ws/install/robot_localization/lib/robot_localization/test_robot_localization_estimator" to ""
[2.642s] -- Installing: /home/student/ros2_ws/install/robot_localization/lib/robot_localization/test_navsat_conversions
[2.642s] -- Set runtime path of "/home/student/ros2_ws/install/robot_localization/lib/robot_localization/test_navsat_conversions" to ""
[2.645s] -- Installing: /home/student/ros2_ws/install/robot_localization/lib/robot_localization/test_ros_robot_localization_listener
[2.648s] -- Set runtime path of "/home/student/ros2_ws/install/robot_localization/lib/robot_localization/test_ros_robot_localization_listener" to ""
[2.648s] -- Installing: /home/student/ros2_ws/install/robot_localization/lib/robot_localization/test_ros_robot_localization_listener_publisher
[2.648s] -- Set runtime path of "/home/student/ros2_ws/install/robot_localization/lib/robot_localization/test_ros_robot_localization_listener_publisher" to ""
[2.648s] -- Installing: /home/student/ros2_ws/install/robot_localization/lib/robot_localization/dead_reckoning
[2.650s] -- Set runtime path of "/home/student/ros2_ws/install/robot_localization/lib/robot_localization/dead_reckoning" to ""
[2.650s] -- Installing: /home/student/ros2_ws/install/robot_localization/share/robot_localization/test
[2.650s] -- Installing: /home/student/ros2_ws/install/robot_localization/share/robot_localization/test/test3.bag
[3.054s] -- Installing: /home/student/ros2_ws/install/robot_localization/share/robot_localization/test/test_se_node_interfaces.launch.py
[3.055s] -- Installing: /home/student/ros2_ws/install/robot_localization/share/robot_localization/test/test_localization_node_bag_pose_tester.cpp
[3.055s] -- Installing: /home/student/ros2_ws/install/robot_localization/share/robot_localization/test/test_ukf_localization_node_bag2.sh
[3.055s] -- Installing: /home/student/ros2_ws/install/robot_localization/share/robot_localization/test/test_robot_localization_estimator.launch.py
[3.057s] -- Installing: /home/student/ros2_ws/install/robot_localization/share/robot_localization/test/test_ekf_localization_node_bag2.launch.py
[3.061s] -- Installing: /home/student/ros2_ws/install/robot_localization/share/robot_localization/test/test_ekf_localization_node_bag2.yaml
[3.061s] -- Installing: /home/student/ros2_ws/install/robot_localization/share/robot_localization/test/test_filter_base_diagnostics_timestamps.cpp
[3.061s] -- Installing: /home/student/ros2_ws/install/robot_localization/share/robot_localization/test/test_ukf_localization_node_bag1.launch.py
[3.062s] -- Installing: /home/student/ros2_ws/install/robot_localization/share/robot_localization/test/test_ukf.cpp
[3.062s] -- Installing: /home/student/ros2_ws/install/robot_localization/share/robot_localization/test/test_ekf_localization_node_bag3.sh
[3.062s] -- Installing: /home/student/ros2_ws/install/robot_localization/share/robot_localization/test/test_ekf_localization_node_bag1.sh
[3.065s] -- Installing: /home/student/ros2_ws/install/robot_localization/share/robot_localization/test/test_se_node_interfaces.yaml
[3.067s] -- Installing: /home/student/ros2_ws/install/robot_localization/share/robot_localization/test/test_ekf_localization_node_bag3.launch.py
[3.067s] -- Installing: /home/student/ros2_ws/install/robot_localization/share/robot_localization/test/test_ros_robot_localization_listener_publisher.cpp
[3.067s] -- Installing: /home/student/ros2_ws/install/robot_localization/share/robot_localization/test/test_robot_localization_estimator.cpp
[3.067s] -- Installing: /home/student/ros2_ws/install/robot_localization/share/robot_localization/test/test_ros_robot_localization_listener.yaml
[3.077s] -- Installing: /home/student/ros2_ws/install/robot_localization/share/robot_localization/test/test_se_node_interfaces.cpp
[3.077s] -- Installing: /home/student/ros2_ws/install/robot_localization/share/robot_localization/test/test_ukf_localization_node_bag3.launch.py
[3.077s] -- Installing: /home/student/ros2_ws/install/robot_localization/share/robot_localization/test/test_ros_robot_localization_listener.cpp
[3.078s] -- Installing: /home/student/ros2_ws/install/robot_localization/share/robot_localization/test/test_filter_base_diagnostics_timestamps.yaml
[3.078s] -- Installing: /home/student/ros2_ws/install/robot_localization/share/robot_localization/test/test_ros_robot_localization_listener.launch.py
[3.083s] -- Installing: /home/student/ros2_ws/install/robot_localization/share/robot_localization/test/test_filter_base_diagnostics_timestamps.launch.py
[3.083s] -- Installing: /home/student/ros2_ws/install/robot_localization/share/robot_localization/test/test_ekf_localization_node_bag1.yaml
[3.085s] -- Installing: /home/student/ros2_ws/install/robot_localization/share/robot_localization/test/test_ekf_localization_node_bag1.launch.py
[3.088s] -- Installing: /home/student/ros2_ws/install/robot_localization/share/robot_localization/test/test2.bag
[3.104s] -- Installing: /home/student/ros2_ws/install/robot_localization/share/robot_localization/test/test_ukf_localization_node_bag3.yaml
[3.104s] -- Installing: /home/student/ros2_ws/install/robot_localization/share/robot_localization/test/test_ukf_localization_node_bag2.launch.py
[3.104s] -- Installing: /home/student/ros2_ws/install/robot_localization/share/robot_localization/test/test1.bag
[3.131s] -- Installing: /home/student/ros2_ws/install/robot_localization/share/robot_localization/test/test_ekf_localization_node_bag3.yaml
[3.131s] -- Installing: /home/student/ros2_ws/install/robot_localization/share/robot_localization/test/test_filter_base.cpp
[3.131s] -- Installing: /home/student/ros2_ws/install/robot_localization/share/robot_localization/test/test_ukf_localization_node_bag1.yaml
[3.132s] -- Installing: /home/student/ros2_ws/install/robot_localization/share/robot_localization/test/test_ekf.cpp
[3.132s] -- Installing: /home/student/ros2_ws/install/robot_localization/share/robot_localization/test/test_navsat_conversions.cpp
[3.132s] -- Installing: /home/student/ros2_ws/install/robot_localization/share/robot_localization/test/test_ukf_localization_node_bag1.sh
[3.132s] -- Installing: /home/student/ros2_ws/install/robot_localization/share/robot_localization/test/test_ekf_localization_node_bag2.sh
[3.132s] -- Installing: /home/student/ros2_ws/install/robot_localization/share/robot_localization/test/test_ukf_localization_node_bag2.yaml
[3.132s] -- Installing: /home/student/ros2_ws/install/robot_localization/share/robot_localization/test/test_ukf_localization_node_bag3.sh
[3.133s] -- Installing: /home/student/ros2_ws/install/robot_localization/lib/robot_localization/navsat_transform_node
[3.133s] -- Set runtime path of "/home/student/ros2_ws/install/robot_localization/lib/robot_localization/navsat_transform_node" to ""
[3.133s] -- Installing: /home/student/ros2_ws/install/robot_localization/lib/robot_localization/ekf_node
[3.134s] -- Set runtime path of "/home/student/ros2_ws/install/robot_localization/lib/robot_localization/ekf_node" to ""
[3.134s] -- Installing: /home/student/ros2_ws/install/robot_localization/lib/robot_localization/ukf_node
[3.135s] -- Set runtime path of "/home/student/ros2_ws/install/robot_localization/lib/robot_localization/ukf_node" to ""
[3.135s] -- Installing: /home/student/ros2_ws/install/robot_localization/lib/robot_localization/robot_localization_listener_node
[3.136s] -- Set runtime path of "/home/student/ros2_ws/install/robot_localization/lib/robot_localization/robot_localization_listener_node" to ""
[3.136s] -- Installing: /home/student/ros2_ws/install/robot_localization/lib/librl_lib.so
[3.158s] -- Set runtime path of "/home/student/ros2_ws/install/robot_localization/lib/librl_lib.so" to ""
[3.159s] -- Up-to-date: /home/student/ros2_ws/install/robot_localization/include/robot_localization
[3.159s] -- Up-to-date: /home/student/ros2_ws/install/robot_localization/include/robot_localization/robot_localization
[3.160s] -- Installing: /home/student/ros2_ws/install/robot_localization/include/robot_localization/robot_localization/measurement.hpp
[3.160s] -- Installing: /home/student/ros2_ws/install/robot_localization/include/robot_localization/robot_localization/ekf.hpp
[3.160s] -- Installing: /home/student/ros2_ws/install/robot_localization/include/robot_localization/robot_localization/ros_robot_localization_listener.hpp
[3.160s] -- Installing: /home/student/ros2_ws/install/robot_localization/include/robot_localization/robot_localization/filter_base.hpp
[3.160s] -- Installing: /home/student/ros2_ws/install/robot_localization/include/robot_localization/robot_localization/filter_state.hpp
[3.160s] -- Installing: /home/student/ros2_ws/install/robot_localization/include/robot_localization/robot_localization/navsat_conversions.hpp
[3.160s] -- Installing: /home/student/ros2_ws/install/robot_localization/include/robot_localization/robot_localization/ros_filter.hpp
[3.161s] -- Installing: /home/student/ros2_ws/install/robot_localization/include/robot_localization/robot_localization/ukf.hpp
[3.161s] -- Installing: /home/student/ros2_ws/install/robot_localization/include/robot_localization/robot_localization/filter_utilities.hpp
[3.161s] -- Installing: /home/student/ros2_ws/install/robot_localization/include/robot_localization/robot_localization/robot_localization_estimator.hpp
[3.161s] -- Installing: /home/student/ros2_ws/install/robot_localization/include/robot_localization/robot_localization/filter_common.hpp
[3.162s] -- Installing: /home/student/ros2_ws/install/robot_localization/include/robot_localization/robot_localization/ros_filter_utilities.hpp
[3.162s] -- Installing: /home/student/ros2_ws/install/robot_localization/include/robot_localization/robot_localization/ros_filter_types.hpp
[3.162s] -- Installing: /home/student/ros2_ws/install/robot_localization/include/robot_localization/robot_localization/navsat_transform.hpp
[3.163s] -- Up-to-date: /home/student/ros2_ws/install/robot_localization/lib/robot_localization/dead_reckoning
[3.163s] -- Installing: /home/student/ros2_ws/install/robot_localization/share/robot_localization/params
[3.163s] -- Installing: /home/student/ros2_ws/install/robot_localization/share/robot_localization/params/navsat_transform.yaml
[3.166s] -- Installing: /home/student/ros2_ws/install/robot_localization/share/robot_localization/params/ukf.yaml
[3.171s] -- Installing: /home/student/ros2_ws/install/robot_localization/share/robot_localization/params/dual_ekf_navsat_example.yaml
[3.174s] -- Installing: /home/student/ros2_ws/install/robot_localization/share/robot_localization/params/ekf.yaml
[3.177s] -- Installing: /home/student/ros2_ws/install/robot_localization/share/robot_localization/launch
[3.178s] -- Installing: /home/student/ros2_ws/install/robot_localization/share/robot_localization/launch/dual_ekf_navsat_example.launch.py
[3.178s] -- Installing: /home/student/ros2_ws/install/robot_localization/share/robot_localization/launch/ukf.launch.py
[3.178s] -- Installing: /home/student/ros2_ws/install/robot_localization/share/robot_localization/launch/navsat_transform.launch.py
[3.178s] -- Installing: /home/student/ros2_ws/install/robot_localization/share/robot_localization/launch/ekf.launch.py
[3.179s] -- Installing: /home/student/ros2_ws/install/robot_localization/share/ament_index/resource_index/package_run_dependencies/robot_localization
[3.180s] -- Installing: /home/student/ros2_ws/install/robot_localization/share/ament_index/resource_index/parent_prefix_path/robot_localization
[3.183s] -- Installing: /home/student/ros2_ws/install/robot_localization/share/robot_localization/environment/ament_prefix_path.sh
[3.183s] -- Installing: /home/student/ros2_ws/install/robot_localization/share/robot_localization/environment/ament_prefix_path.dsv
[3.183s] -- Installing: /home/student/ros2_ws/install/robot_localization/share/robot_localization/environment/path.sh
[3.183s] -- Installing: /home/student/ros2_ws/install/robot_localization/share/robot_localization/environment/path.dsv
[3.183s] -- Installing: /home/student/ros2_ws/install/robot_localization/share/robot_localization/local_setup.bash
[3.183s] -- Installing: /home/student/ros2_ws/install/robot_localization/share/robot_localization/local_setup.sh
[3.184s] -- Installing: /home/student/ros2_ws/install/robot_localization/share/robot_localization/local_setup.zsh
[3.184s] -- Installing: /home/student/ros2_ws/install/robot_localization/share/robot_localization/local_setup.dsv
[3.184s] -- Installing: /home/student/ros2_ws/install/robot_localization/share/robot_localization/package.dsv
[3.184s] -- Installing: /home/student/ros2_ws/install/robot_localization/share/ament_index/resource_index/packages/robot_localization
[3.185s] -- Installing: /home/student/ros2_ws/install/robot_localization/share/robot_localization/cmake/export_robot_localization__rosidl_generator_cExport.cmake
[3.185s] -- Installing: /home/student/ros2_ws/install/robot_localization/share/robot_localization/cmake/export_robot_localization__rosidl_generator_cExport-release.cmake
[3.191s] -- Installing: /home/student/ros2_ws/install/robot_localization/share/robot_localization/cmake/export_robot_localization__rosidl_typesupport_fastrtps_cExport.cmake
[3.191s] -- Installing: /home/student/ros2_ws/install/robot_localization/share/robot_localization/cmake/export_robot_localization__rosidl_typesupport_fastrtps_cExport-release.cmake
[3.191s] -- Installing: /home/student/ros2_ws/install/robot_localization/share/robot_localization/cmake/export_robot_localization__rosidl_generator_cppExport.cmake
[3.191s] -- Installing: /home/student/ros2_ws/install/robot_localization/share/robot_localization/cmake/export_robot_localization__rosidl_typesupport_fastrtps_cppExport.cmake
[3.192s] -- Installing: /home/student/ros2_ws/install/robot_localization/share/robot_localization/cmake/export_robot_localization__rosidl_typesupport_fastrtps_cppExport-release.cmake
[3.192s] -- Installing: /home/student/ros2_ws/install/robot_localization/share/robot_localization/cmake/robot_localization__rosidl_typesupport_introspection_cExport.cmake
[3.192s] -- Installing: /home/student/ros2_ws/install/robot_localization/share/robot_localization/cmake/robot_localization__rosidl_typesupport_introspection_cExport-release.cmake
[3.192s] -- Installing: /home/student/ros2_ws/install/robot_localization/share/robot_localization/cmake/robot_localization__rosidl_typesupport_cExport.cmake
[3.193s] -- Installing: /home/student/ros2_ws/install/robot_localization/share/robot_localization/cmake/robot_localization__rosidl_typesupport_cExport-release.cmake
[3.193s] -- Installing: /home/student/ros2_ws/install/robot_localization/share/robot_localization/cmake/robot_localization__rosidl_typesupport_introspection_cppExport.cmake
[3.193s] -- Installing: /home/student/ros2_ws/install/robot_localization/share/robot_localization/cmake/robot_localization__rosidl_typesupport_introspection_cppExport-release.cmake
[3.193s] -- Installing: /home/student/ros2_ws/install/robot_localization/share/robot_localization/cmake/robot_localization__rosidl_typesupport_cppExport.cmake
[3.193s] -- Installing: /home/student/ros2_ws/install/robot_localization/share/robot_localization/cmake/robot_localization__rosidl_typesupport_cppExport-release.cmake
[3.193s] -- Installing: /home/student/ros2_ws/install/robot_localization/share/robot_localization/cmake/export_robot_localization__rosidl_generator_pyExport.cmake
[3.193s] -- Installing: /home/student/ros2_ws/install/robot_localization/share/robot_localization/cmake/export_robot_localization__rosidl_generator_pyExport-release.cmake
[3.193s] -- Installing: /home/student/ros2_ws/install/robot_localization/share/robot_localization/cmake/rosidl_cmake-extras.cmake
[3.194s] -- Installing: /home/student/ros2_ws/install/robot_localization/share/robot_localization/cmake/ament_cmake_export_dependencies-extras.cmake
[3.194s] -- Installing: /home/student/ros2_ws/install/robot_localization/share/robot_localization/cmake/ament_cmake_export_include_directories-extras.cmake
[3.194s] -- Installing: /home/student/ros2_ws/install/robot_localization/share/robot_localization/cmake/ament_cmake_export_libraries-extras.cmake
[3.194s] -- Installing: /home/student/ros2_ws/install/robot_localization/share/robot_localization/cmake/ament_cmake_export_targets-extras.cmake
[3.194s] -- Installing: /home/student/ros2_ws/install/robot_localization/share/robot_localization/cmake/rosidl_cmake_export_typesupport_targets-extras.cmake
[3.194s] -- Installing: /home/student/ros2_ws/install/robot_localization/share/robot_localization/cmake/rosidl_cmake_export_typesupport_libraries-extras.cmake
[3.194s] -- Installing: /home/student/ros2_ws/install/robot_localization/share/robot_localization/cmake/robot_localizationConfig.cmake
[3.195s] -- Installing: /home/student/ros2_ws/install/robot_localization/share/robot_localization/cmake/robot_localizationConfig-version.cmake
[3.195s] -- Installing: /home/student/ros2_ws/install/robot_localization/share/robot_localization/package.xml
[3.203s] Invoked command in '/home/student/ros2_ws/build/robot_localization' returned '0': CMAKE_PREFIX_PATH=${CMAKE_PREFIX_PATH}:/home/student/ros2_ws/install/turtlebot3_teleop:/home/student/ros2_ws/install/rtabmap_python:/opt/ros/humble /usr/bin/cmake --install /home/student/ros2_ws/build/robot_localization
