[0.021s] Invoking command in '/home/student/ros2_ws/build/rtabmap_odom': AMENT_PREFIX_PATH=/home/student/ros2_ws/install/rtabmap_util:/home/student/ros2_ws/install/rtabmap_sync:/home/student/ros2_ws/install/rtabmap_conversions:/home/student/ros2_ws/install/rtabmap_msgs:${AMENT_PREFIX_PATH} CMAKE_PREFIX_PATH=/home/student/ros2_ws/install/rtabmap_util:/home/student/ros2_ws/install/rtabmap_sync:/home/student/ros2_ws/install/rtabmap_conversions:/home/student/ros2_ws/install/rtabmap_msgs:/home/student/ros2_ws/install/rtabmap:/home/student/ros2_ws/install/turtlebot3_navigation2:/home/student/ros2_ws/install/turtlebot3_description:/home/student/ros2_ws/install/turtlebot3_cartographer:/home/student/ros2_ws/install/my_worlds_pkg:/home/student/ros2_ws/install/dynamixel_sdk_custom_interfaces:/home/student/ros2_ws/install/dynamixel_sdk:/home/student/ros2_ws/install/turtlebot3_teleop:/home/student/ros2_ws/install/rtabmap_python:/opt/ros/humble LD_LIBRARY_PATH=/home/student/ros2_ws/install/rtabmap_util/lib:/home/student/ros2_ws/install/rtabmap_sync/lib:/home/student/ros2_ws/install/rtabmap_conversions/lib:/home/student/ros2_ws/install/rtabmap_msgs/lib:/home/student/ros2_ws/install/rtabmap/lib:/home/student/ros2_ws/install/dynamixel_sdk_custom_interfaces/lib:/home/student/ros2_ws/install/dynamixel_sdk/lib:/usr/lib/x86_64-linux-gnu/gazebo-11/plugins:/opt/ros/humble/opt/rviz_ogre_vendor/lib:/opt/ros/humble/lib/x86_64-linux-gnu:/opt/ros/humble/lib:/usr/lib/x86_64-linux-gnu/gazebo-11/plugins PATH=/home/student/ros2_ws/install/rtabmap/bin:${PATH} PKG_CONFIG_PATH=/home/student/ros2_ws/install/rtabmap/lib/x86_64-linux-gnu/pkgconfig:/home/student/ros2_ws/install/rtabmap/lib/pkgconfig PYTHONPATH=/home/student/ros2_ws/install/rtabmap_msgs/local/lib/python3.10/dist-packages:${PYTHONPATH} /usr/bin/cmake /home/student/ros2_ws/src/rtabmap_ros/rtabmap_odom -DCMAKE_BUILD_TYPE=Release -DCMAKE_INSTALL_PREFIX=/home/student/ros2_ws/install/rtabmap_odom
[0.088s] -- The C compiler identification is GNU 11.4.0
[0.154s] -- The CXX compiler identification is GNU 11.4.0
[0.165s] -- Detecting C compiler ABI info
[0.246s] -- Detecting C compiler ABI info - done
[0.255s] -- Check for working C compiler: /usr/bin/cc - skipped
[0.255s] -- Detecting C compile features
[0.255s] -- Detecting C compile features - done
[0.259s] -- Detecting CXX compiler ABI info
[0.350s] -- Detecting CXX compiler ABI info - done
[0.365s] -- Check for working CXX compiler: /usr/bin/c++ - skipped
[0.365s] -- Detecting CXX compile features
[0.366s] -- Detecting CXX compile features - done
[0.371s] -- Found ament_cmake_ros: 0.10.0 (/opt/ros/humble/share/ament_cmake_ros/cmake)
[0.563s] -- Found Python3: /usr/bin/python3 (found version "3.10.12") found components: Interpreter 
[0.698s] -- Found cv_bridge: 3.2.1 (/opt/ros/humble/share/cv_bridge/cmake)
[0.762s] -- Found rosidl_generator_c: 3.1.5 (/opt/ros/humble/share/rosidl_generator_c/cmake)
[0.770s] -- Found rosidl_adapter: 3.1.5 (/opt/ros/humble/share/rosidl_adapter/cmake)
[0.780s] -- Found rosidl_generator_cpp: 3.1.5 (/opt/ros/humble/share/rosidl_generator_cpp/cmake)
[0.795s] -- Using all available rosidl_typesupport_c: rosidl_typesupport_fastrtps_c;rosidl_typesupport_introspection_c
[0.816s] -- Using all available rosidl_typesupport_cpp: rosidl_typesupport_fastrtps_cpp;rosidl_typesupport_introspection_cpp
[0.888s] -- Found image_geometry: 3.2.1 (/opt/ros/humble/share/image_geometry/cmake)
[0.893s] -- Found laser_geometry: 2.4.0 (/opt/ros/humble/share/laser_geometry/cmake)
[0.963s] -- Found rmw_implementation_cmake: 6.1.2 (/opt/ros/humble/share/rmw_implementation_cmake/cmake)
[0.967s] -- Found rmw_fastrtps_cpp: 6.2.7 (/opt/ros/humble/share/rmw_fastrtps_cpp/cmake)
[1.075s] -- Found OpenSSL: /usr/lib/x86_64-linux-gnu/libcrypto.so (found version "3.0.2")  
[1.106s] -- Found FastRTPS: /opt/ros/humble/include  
[1.162s] -- Using RMW implementation 'rmw_fastrtps_cpp' as default
[1.175s] -- Looking for pthread.h
[1.254s] -- Looking for pthread.h - found
[1.254s] -- Performing Test CMAKE_HAVE_LIBC_PTHREAD
[1.336s] -- Performing Test CMAKE_HAVE_LIBC_PTHREAD - Success
[1.337s] -- Found Threads: TRUE  
[1.398s] -- Found message_filters: 4.3.4 (/opt/ros/humble/share/message_filters/cmake)
[1.403s] -- Found nav_msgs: 4.2.4 (/opt/ros/humble/share/nav_msgs/cmake)
[1.424s] -- Found pcl_conversions: 2.4.0 (/opt/ros/humble/share/pcl_conversions/cmake)
[1.452s] -- Found pcl_ros: 2.4.5 (/opt/ros/humble/share/pcl_ros/cmake)
[1.473s] -- Found Eigen3: TRUE (found version "3.4.0") 
[1.473s] -- Ensuring Eigen3 include directory is part of orocos-kdl CMake target
[1.594s] -- Checking for module 'eigen3'
[1.610s] --   Found eigen3, version 3.4.0
[1.650s] -- Found Eigen: /usr/include/eigen3 (Required is at least version "3.1") 
[1.650s] -- Eigen found (include: /usr/include/eigen3, version: 3.4.0)
[1.696s] -- Checking for module 'flann'
[1.710s] --   Found flann, version 1.9.1
[1.759s] -- Found FLANN: /usr/lib/x86_64-linux-gnu/libflann_cpp.so  
[1.759s] -- FLANN found (include: /usr/include, lib: /usr/lib/x86_64-linux-gnu/libflann_cpp.so)
[2.881s] -- Checking for module 'libusb-1.0'
[2.898s] --   Found libusb-1.0, version 1.0.25
[2.941s] -- Found libusb: /usr/lib/x86_64-linux-gnu/libusb-1.0.so  
[2.942s] -- OpenNI found (version: 1.5.4.0, include: /usr/include/ni, lib: /usr/lib/libOpenNI.so;libusb::libusb)
[3.009s] -- OpenNI2 found (version: 2.2.0.33, include: /usr/include/openni2, lib: /usr/lib/x86_64-linux-gnu/libOpenNI2.so;libusb::libusb)
[3.175s] -- Eigen found (include: /usr/include/eigen3, version: 3.4.0)
[3.181s] -- OpenNI found (version: 1.5.4.0, include: /usr/include/ni, lib: /usr/lib/libOpenNI.so;libusb::libusb)
[3.188s] -- OpenNI2 found (version: 2.2.0.33, include: /usr/include/openni2, lib: /usr/lib/x86_64-linux-gnu/libOpenNI2.so;libusb::libusb)
[3.346s] -- Found Qhull version 8.0.2
[3.505s] -- OpenNI found (version: 1.5.4.0, include: /usr/include/ni, lib: /usr/lib/libOpenNI.so;libusb::libusb)
[3.659s] -- Found PCL_COMMON: /usr/lib/x86_64-linux-gnu/libpcl_common.so  
[3.660s] -- Found PCL_KDTREE: /usr/lib/x86_64-linux-gnu/libpcl_kdtree.so  
[3.661s] -- Found PCL_OCTREE: /usr/lib/x86_64-linux-gnu/libpcl_octree.so  
[3.664s] -- Found PCL_SEARCH: /usr/lib/x86_64-linux-gnu/libpcl_search.so  
[3.665s] -- Found PCL_SAMPLE_CONSENSUS: /usr/lib/x86_64-linux-gnu/libpcl_sample_consensus.so  
[3.666s] -- Found PCL_FILTERS: /usr/lib/x86_64-linux-gnu/libpcl_filters.so  
[3.667s] -- Found PCL_2D: /usr/include/pcl-1.12  
[3.667s] -- Found PCL_GEOMETRY: /usr/include/pcl-1.12  
[3.668s] -- Found PCL_IO: /usr/lib/x86_64-linux-gnu/libpcl_io.so  
[3.669s] -- Found PCL_FEATURES: /usr/lib/x86_64-linux-gnu/libpcl_features.so  
[3.670s] -- Found PCL_ML: /usr/lib/x86_64-linux-gnu/libpcl_ml.so  
[3.672s] -- Found PCL_SEGMENTATION: /usr/lib/x86_64-linux-gnu/libpcl_segmentation.so  
[3.673s] -- Found PCL_VISUALIZATION: /usr/lib/x86_64-linux-gnu/libpcl_visualization.so  
[3.674s] -- Found PCL_SURFACE: /usr/lib/x86_64-linux-gnu/libpcl_surface.so  
[3.675s] -- Found PCL_REGISTRATION: /usr/lib/x86_64-linux-gnu/libpcl_registration.so  
[3.676s] -- Found PCL_KEYPOINTS: /usr/lib/x86_64-linux-gnu/libpcl_keypoints.so  
[3.677s] -- Found PCL_TRACKING: /usr/lib/x86_64-linux-gnu/libpcl_tracking.so  
[3.678s] -- Found PCL_RECOGNITION: /usr/lib/x86_64-linux-gnu/libpcl_recognition.so  
[3.680s] -- Found PCL_STEREO: /usr/lib/x86_64-linux-gnu/libpcl_stereo.so  
[3.681s] -- Found PCL_APPS: /usr/lib/x86_64-linux-gnu/libpcl_apps.so  
[3.682s] -- Found PCL_IN_HAND_SCANNER: /usr/include/pcl-1.12  
[3.682s] -- Found PCL_MODELER: /usr/include/pcl-1.12  
[3.683s] -- Found PCL_POINT_CLOUD_EDITOR: /usr/include/pcl-1.12  
[3.684s] -- Found PCL_OUTOFCORE: /usr/lib/x86_64-linux-gnu/libpcl_outofcore.so  
[3.685s] -- Found PCL_PEOPLE: /usr/lib/x86_64-linux-gnu/libpcl_people.so  
[3.690s] -- Found pluginlib: 5.1.0 (/opt/ros/humble/share/pluginlib/cmake)
[3.709s] -- Found rtabmap_conversions: 0.21.5 (/home/student/ros2_ws/install/rtabmap_conversions/share/rtabmap_conversions/cmake)
[3.781s] -- Found rtabmap_util: 0.21.5 (/home/student/ros2_ws/install/rtabmap_util/share/rtabmap_util/cmake)
[3.959s] -- Found rtabmap_sync: 0.21.5 (/home/student/ros2_ws/install/rtabmap_sync/share/rtabmap_sync/cmake)
[4.146s] -- Configuring done
[4.486s] -- Generating done
[4.491s] -- Build files have been written to: /home/student/ros2_ws/build/rtabmap_odom
[4.522s] Invoked command in '/home/student/ros2_ws/build/rtabmap_odom' returned '0': AMENT_PREFIX_PATH=/home/student/ros2_ws/install/rtabmap_util:/home/student/ros2_ws/install/rtabmap_sync:/home/student/ros2_ws/install/rtabmap_conversions:/home/student/ros2_ws/install/rtabmap_msgs:${AMENT_PREFIX_PATH} CMAKE_PREFIX_PATH=/home/student/ros2_ws/install/rtabmap_util:/home/student/ros2_ws/install/rtabmap_sync:/home/student/ros2_ws/install/rtabmap_conversions:/home/student/ros2_ws/install/rtabmap_msgs:/home/student/ros2_ws/install/rtabmap:/home/student/ros2_ws/install/turtlebot3_navigation2:/home/student/ros2_ws/install/turtlebot3_description:/home/student/ros2_ws/install/turtlebot3_cartographer:/home/student/ros2_ws/install/my_worlds_pkg:/home/student/ros2_ws/install/dynamixel_sdk_custom_interfaces:/home/student/ros2_ws/install/dynamixel_sdk:/home/student/ros2_ws/install/turtlebot3_teleop:/home/student/ros2_ws/install/rtabmap_python:/opt/ros/humble LD_LIBRARY_PATH=/home/student/ros2_ws/install/rtabmap_util/lib:/home/student/ros2_ws/install/rtabmap_sync/lib:/home/student/ros2_ws/install/rtabmap_conversions/lib:/home/student/ros2_ws/install/rtabmap_msgs/lib:/home/student/ros2_ws/install/rtabmap/lib:/home/student/ros2_ws/install/dynamixel_sdk_custom_interfaces/lib:/home/student/ros2_ws/install/dynamixel_sdk/lib:/usr/lib/x86_64-linux-gnu/gazebo-11/plugins:/opt/ros/humble/opt/rviz_ogre_vendor/lib:/opt/ros/humble/lib/x86_64-linux-gnu:/opt/ros/humble/lib:/usr/lib/x86_64-linux-gnu/gazebo-11/plugins PATH=/home/student/ros2_ws/install/rtabmap/bin:${PATH} PKG_CONFIG_PATH=/home/student/ros2_ws/install/rtabmap/lib/x86_64-linux-gnu/pkgconfig:/home/student/ros2_ws/install/rtabmap/lib/pkgconfig PYTHONPATH=/home/student/ros2_ws/install/rtabmap_msgs/local/lib/python3.10/dist-packages:${PYTHONPATH} /usr/bin/cmake /home/student/ros2_ws/src/rtabmap_ros/rtabmap_odom -DCMAKE_BUILD_TYPE=Release -DCMAKE_INSTALL_PREFIX=/home/student/ros2_ws/install/rtabmap_odom
[4.525s] Invoking command in '/home/student/ros2_ws/build/rtabmap_odom': AMENT_PREFIX_PATH=/home/student/ros2_ws/install/rtabmap_util:/home/student/ros2_ws/install/rtabmap_sync:/home/student/ros2_ws/install/rtabmap_conversions:/home/student/ros2_ws/install/rtabmap_msgs:${AMENT_PREFIX_PATH} CMAKE_PREFIX_PATH=/home/student/ros2_ws/install/rtabmap_util:/home/student/ros2_ws/install/rtabmap_sync:/home/student/ros2_ws/install/rtabmap_conversions:/home/student/ros2_ws/install/rtabmap_msgs:/home/student/ros2_ws/install/rtabmap:/home/student/ros2_ws/install/turtlebot3_navigation2:/home/student/ros2_ws/install/turtlebot3_description:/home/student/ros2_ws/install/turtlebot3_cartographer:/home/student/ros2_ws/install/my_worlds_pkg:/home/student/ros2_ws/install/dynamixel_sdk_custom_interfaces:/home/student/ros2_ws/install/dynamixel_sdk:/home/student/ros2_ws/install/turtlebot3_teleop:/home/student/ros2_ws/install/rtabmap_python:/opt/ros/humble LD_LIBRARY_PATH=/home/student/ros2_ws/install/rtabmap_util/lib:/home/student/ros2_ws/install/rtabmap_sync/lib:/home/student/ros2_ws/install/rtabmap_conversions/lib:/home/student/ros2_ws/install/rtabmap_msgs/lib:/home/student/ros2_ws/install/rtabmap/lib:/home/student/ros2_ws/install/dynamixel_sdk_custom_interfaces/lib:/home/student/ros2_ws/install/dynamixel_sdk/lib:/usr/lib/x86_64-linux-gnu/gazebo-11/plugins:/opt/ros/humble/opt/rviz_ogre_vendor/lib:/opt/ros/humble/lib/x86_64-linux-gnu:/opt/ros/humble/lib:/usr/lib/x86_64-linux-gnu/gazebo-11/plugins PATH=/home/student/ros2_ws/install/rtabmap/bin:${PATH} PKG_CONFIG_PATH=/home/student/ros2_ws/install/rtabmap/lib/x86_64-linux-gnu/pkgconfig:/home/student/ros2_ws/install/rtabmap/lib/pkgconfig PYTHONPATH=/home/student/ros2_ws/install/rtabmap_msgs/local/lib/python3.10/dist-packages:${PYTHONPATH} /usr/bin/cmake --build /home/student/ros2_ws/build/rtabmap_odom
[4.595s] [  8%] [32mBuilding CXX object CMakeFiles/rtabmap_odom.dir/src/OdometryROS.cpp.o[0m
[37.837s] [ 16%] [32m[1mLinking CXX shared library librtabmap_odom.so[0m
[38.923s] [ 16%] Built target rtabmap_odom
[38.949s] [ 25%] [32mBuilding CXX object CMakeFiles/rtabmap_odom_plugins.dir/src/nodelets/rgbd_odometry.cpp.o[0m
[38.950s] [ 33%] [32mBuilding CXX object CMakeFiles/rtabmap_odom_plugins.dir/src/nodelets/stereo_odometry.cpp.o[0m
[83.184s] [ 41%] [32mBuilding CXX object CMakeFiles/rtabmap_odom_plugins.dir/src/nodelets/icp_odometry.cpp.o[0m
[111.120s] [ 50%] [32m[1mLinking CXX shared library librtabmap_odom_plugins.so[0m
[112.624s] [ 50%] Built target rtabmap_odom_plugins
[112.649s] [ 58%] [32mBuilding CXX object CMakeFiles/rtabmap_rgbd_odometry.dir/src/RGBDOdometryNode.cpp.o[0m
[112.649s] [ 66%] [32mBuilding CXX object CMakeFiles/rtabmap_stereo_odometry.dir/src/StereoOdometryNode.cpp.o[0m
[126.056s] [ 75%] [32m[1mLinking CXX executable rgbd_odometry[0m
[126.288s] [ 83%] [32m[1mLinking CXX executable stereo_odometry[0m
[128.022s] [ 83%] Built target rtabmap_rgbd_odometry
[128.049s] [ 91%] [32mBuilding CXX object CMakeFiles/rtabmap_icp_odometry.dir/src/ICPOdometryNode.cpp.o[0m
[128.283s] [ 91%] Built target rtabmap_stereo_odometry
[140.898s] [100%] [32m[1mLinking CXX executable icp_odometry[0m
[142.831s] [100%] Built target rtabmap_icp_odometry
[142.843s] Invoked command in '/home/student/ros2_ws/build/rtabmap_odom' returned '0': AMENT_PREFIX_PATH=/home/student/ros2_ws/install/rtabmap_util:/home/student/ros2_ws/install/rtabmap_sync:/home/student/ros2_ws/install/rtabmap_conversions:/home/student/ros2_ws/install/rtabmap_msgs:${AMENT_PREFIX_PATH} CMAKE_PREFIX_PATH=/home/student/ros2_ws/install/rtabmap_util:/home/student/ros2_ws/install/rtabmap_sync:/home/student/ros2_ws/install/rtabmap_conversions:/home/student/ros2_ws/install/rtabmap_msgs:/home/student/ros2_ws/install/rtabmap:/home/student/ros2_ws/install/turtlebot3_navigation2:/home/student/ros2_ws/install/turtlebot3_description:/home/student/ros2_ws/install/turtlebot3_cartographer:/home/student/ros2_ws/install/my_worlds_pkg:/home/student/ros2_ws/install/dynamixel_sdk_custom_interfaces:/home/student/ros2_ws/install/dynamixel_sdk:/home/student/ros2_ws/install/turtlebot3_teleop:/home/student/ros2_ws/install/rtabmap_python:/opt/ros/humble LD_LIBRARY_PATH=/home/student/ros2_ws/install/rtabmap_util/lib:/home/student/ros2_ws/install/rtabmap_sync/lib:/home/student/ros2_ws/install/rtabmap_conversions/lib:/home/student/ros2_ws/install/rtabmap_msgs/lib:/home/student/ros2_ws/install/rtabmap/lib:/home/student/ros2_ws/install/dynamixel_sdk_custom_interfaces/lib:/home/student/ros2_ws/install/dynamixel_sdk/lib:/usr/lib/x86_64-linux-gnu/gazebo-11/plugins:/opt/ros/humble/opt/rviz_ogre_vendor/lib:/opt/ros/humble/lib/x86_64-linux-gnu:/opt/ros/humble/lib:/usr/lib/x86_64-linux-gnu/gazebo-11/plugins PATH=/home/student/ros2_ws/install/rtabmap/bin:${PATH} PKG_CONFIG_PATH=/home/student/ros2_ws/install/rtabmap/lib/x86_64-linux-gnu/pkgconfig:/home/student/ros2_ws/install/rtabmap/lib/pkgconfig PYTHONPATH=/home/student/ros2_ws/install/rtabmap_msgs/local/lib/python3.10/dist-packages:${PYTHONPATH} /usr/bin/cmake --build /home/student/ros2_ws/build/rtabmap_odom
[142.896s] Invoking command in '/home/student/ros2_ws/build/rtabmap_odom': AMENT_PREFIX_PATH=/home/student/ros2_ws/install/rtabmap_util:/home/student/ros2_ws/install/rtabmap_sync:/home/student/ros2_ws/install/rtabmap_conversions:/home/student/ros2_ws/install/rtabmap_msgs:${AMENT_PREFIX_PATH} CMAKE_PREFIX_PATH=/home/student/ros2_ws/install/rtabmap_util:/home/student/ros2_ws/install/rtabmap_sync:/home/student/ros2_ws/install/rtabmap_conversions:/home/student/ros2_ws/install/rtabmap_msgs:/home/student/ros2_ws/install/rtabmap:/home/student/ros2_ws/install/turtlebot3_navigation2:/home/student/ros2_ws/install/turtlebot3_description:/home/student/ros2_ws/install/turtlebot3_cartographer:/home/student/ros2_ws/install/my_worlds_pkg:/home/student/ros2_ws/install/dynamixel_sdk_custom_interfaces:/home/student/ros2_ws/install/dynamixel_sdk:/home/student/ros2_ws/install/turtlebot3_teleop:/home/student/ros2_ws/install/rtabmap_python:/opt/ros/humble LD_LIBRARY_PATH=/home/student/ros2_ws/install/rtabmap_util/lib:/home/student/ros2_ws/install/rtabmap_sync/lib:/home/student/ros2_ws/install/rtabmap_conversions/lib:/home/student/ros2_ws/install/rtabmap_msgs/lib:/home/student/ros2_ws/install/rtabmap/lib:/home/student/ros2_ws/install/dynamixel_sdk_custom_interfaces/lib:/home/student/ros2_ws/install/dynamixel_sdk/lib:/usr/lib/x86_64-linux-gnu/gazebo-11/plugins:/opt/ros/humble/opt/rviz_ogre_vendor/lib:/opt/ros/humble/lib/x86_64-linux-gnu:/opt/ros/humble/lib:/usr/lib/x86_64-linux-gnu/gazebo-11/plugins PATH=/home/student/ros2_ws/install/rtabmap/bin:${PATH} PKG_CONFIG_PATH=/home/student/ros2_ws/install/rtabmap/lib/x86_64-linux-gnu/pkgconfig:/home/student/ros2_ws/install/rtabmap/lib/pkgconfig PYTHONPATH=/home/student/ros2_ws/install/rtabmap_msgs/local/lib/python3.10/dist-packages:${PYTHONPATH} /usr/bin/cmake --install /home/student/ros2_ws/build/rtabmap_odom
[142.904s] -- Install configuration: "Release"
[142.904s] -- Installing: /home/student/ros2_ws/install/rtabmap_odom/share/rtabmap_odom/environment/library_path.sh
[142.904s] -- Installing: /home/student/ros2_ws/install/rtabmap_odom/share/rtabmap_odom/environment/library_path.dsv
[142.905s] -- Installing: /home/student/ros2_ws/install/rtabmap_odom/lib/librtabmap_odom.so
[142.908s] -- Set runtime path of "/home/student/ros2_ws/install/rtabmap_odom/lib/librtabmap_odom.so" to ""
[142.908s] -- Installing: /home/student/ros2_ws/install/rtabmap_odom/lib/librtabmap_odom_plugins.so
[142.916s] -- Set runtime path of "/home/student/ros2_ws/install/rtabmap_odom/lib/librtabmap_odom_plugins.so" to ""
[142.917s] -- Installing: /home/student/ros2_ws/install/rtabmap_odom/lib/rtabmap_odom/rgbd_odometry
[142.917s] -- Set runtime path of "/home/student/ros2_ws/install/rtabmap_odom/lib/rtabmap_odom/rgbd_odometry" to ""
[142.917s] -- Installing: /home/student/ros2_ws/install/rtabmap_odom/lib/rtabmap_odom/icp_odometry
[142.918s] -- Set runtime path of "/home/student/ros2_ws/install/rtabmap_odom/lib/rtabmap_odom/icp_odometry" to ""
[142.918s] -- Installing: /home/student/ros2_ws/install/rtabmap_odom/lib/rtabmap_odom/stereo_odometry
[142.919s] -- Set runtime path of "/home/student/ros2_ws/install/rtabmap_odom/lib/rtabmap_odom/stereo_odometry" to ""
[142.919s] -- Installing: /home/student/ros2_ws/install/rtabmap_odom/include
[142.919s] -- Installing: /home/student/ros2_ws/install/rtabmap_odom/include/rtabmap_odom
[142.919s] -- Installing: /home/student/ros2_ws/install/rtabmap_odom/include/rtabmap_odom/visibility.h
[142.919s] -- Installing: /home/student/ros2_ws/install/rtabmap_odom/include/rtabmap_odom/OdometryROS.h
[142.919s] -- Installing: /home/student/ros2_ws/install/rtabmap_odom/share/ament_index/resource_index/package_run_dependencies/rtabmap_odom
[142.919s] -- Installing: /home/student/ros2_ws/install/rtabmap_odom/share/ament_index/resource_index/parent_prefix_path/rtabmap_odom
[142.920s] -- Installing: /home/student/ros2_ws/install/rtabmap_odom/share/rtabmap_odom/environment/ament_prefix_path.sh
[142.920s] -- Installing: /home/student/ros2_ws/install/rtabmap_odom/share/rtabmap_odom/environment/ament_prefix_path.dsv
[142.920s] -- Installing: /home/student/ros2_ws/install/rtabmap_odom/share/rtabmap_odom/environment/path.sh
[142.920s] -- Installing: /home/student/ros2_ws/install/rtabmap_odom/share/rtabmap_odom/environment/path.dsv
[142.920s] -- Installing: /home/student/ros2_ws/install/rtabmap_odom/share/rtabmap_odom/local_setup.bash
[142.923s] -- Installing: /home/student/ros2_ws/install/rtabmap_odom/share/rtabmap_odom/local_setup.sh
[142.923s] -- Installing: /home/student/ros2_ws/install/rtabmap_odom/share/rtabmap_odom/local_setup.zsh
[142.923s] -- Installing: /home/student/ros2_ws/install/rtabmap_odom/share/rtabmap_odom/local_setup.dsv
[142.923s] -- Installing: /home/student/ros2_ws/install/rtabmap_odom/share/rtabmap_odom/package.dsv
[142.923s] -- Installing: /home/student/ros2_ws/install/rtabmap_odom/share/ament_index/resource_index/packages/rtabmap_odom
[142.923s] -- Installing: /home/student/ros2_ws/install/rtabmap_odom/share/ament_index/resource_index/rclcpp_components/rtabmap_odom
[142.923s] -- Installing: /home/student/ros2_ws/install/rtabmap_odom/share/rtabmap_odom/cmake/rtabmap_odomExport.cmake
[142.923s] -- Installing: /home/student/ros2_ws/install/rtabmap_odom/share/rtabmap_odom/cmake/rtabmap_odomExport-release.cmake
[142.923s] -- Installing: /home/student/ros2_ws/install/rtabmap_odom/share/rtabmap_odom/cmake/ament_cmake_export_dependencies-extras.cmake
[142.923s] -- Installing: /home/student/ros2_ws/install/rtabmap_odom/share/rtabmap_odom/cmake/ament_cmake_export_include_directories-extras.cmake
[142.923s] -- Installing: /home/student/ros2_ws/install/rtabmap_odom/share/rtabmap_odom/cmake/ament_cmake_export_targets-extras.cmake
[142.923s] -- Installing: /home/student/ros2_ws/install/rtabmap_odom/share/rtabmap_odom/cmake/ament_cmake_export_libraries-extras.cmake
[142.923s] -- Installing: /home/student/ros2_ws/install/rtabmap_odom/share/rtabmap_odom/cmake/rtabmap_odomConfig.cmake
[142.924s] -- Installing: /home/student/ros2_ws/install/rtabmap_odom/share/rtabmap_odom/cmake/rtabmap_odomConfig-version.cmake
[142.924s] -- Installing: /home/student/ros2_ws/install/rtabmap_odom/share/rtabmap_odom/package.xml
[142.926s] Invoked command in '/home/student/ros2_ws/build/rtabmap_odom' returned '0': AMENT_PREFIX_PATH=/home/student/ros2_ws/install/rtabmap_util:/home/student/ros2_ws/install/rtabmap_sync:/home/student/ros2_ws/install/rtabmap_conversions:/home/student/ros2_ws/install/rtabmap_msgs:${AMENT_PREFIX_PATH} CMAKE_PREFIX_PATH=/home/student/ros2_ws/install/rtabmap_util:/home/student/ros2_ws/install/rtabmap_sync:/home/student/ros2_ws/install/rtabmap_conversions:/home/student/ros2_ws/install/rtabmap_msgs:/home/student/ros2_ws/install/rtabmap:/home/student/ros2_ws/install/turtlebot3_navigation2:/home/student/ros2_ws/install/turtlebot3_description:/home/student/ros2_ws/install/turtlebot3_cartographer:/home/student/ros2_ws/install/my_worlds_pkg:/home/student/ros2_ws/install/dynamixel_sdk_custom_interfaces:/home/student/ros2_ws/install/dynamixel_sdk:/home/student/ros2_ws/install/turtlebot3_teleop:/home/student/ros2_ws/install/rtabmap_python:/opt/ros/humble LD_LIBRARY_PATH=/home/student/ros2_ws/install/rtabmap_util/lib:/home/student/ros2_ws/install/rtabmap_sync/lib:/home/student/ros2_ws/install/rtabmap_conversions/lib:/home/student/ros2_ws/install/rtabmap_msgs/lib:/home/student/ros2_ws/install/rtabmap/lib:/home/student/ros2_ws/install/dynamixel_sdk_custom_interfaces/lib:/home/student/ros2_ws/install/dynamixel_sdk/lib:/usr/lib/x86_64-linux-gnu/gazebo-11/plugins:/opt/ros/humble/opt/rviz_ogre_vendor/lib:/opt/ros/humble/lib/x86_64-linux-gnu:/opt/ros/humble/lib:/usr/lib/x86_64-linux-gnu/gazebo-11/plugins PATH=/home/student/ros2_ws/install/rtabmap/bin:${PATH} PKG_CONFIG_PATH=/home/student/ros2_ws/install/rtabmap/lib/x86_64-linux-gnu/pkgconfig:/home/student/ros2_ws/install/rtabmap/lib/pkgconfig PYTHONPATH=/home/student/ros2_ws/install/rtabmap_msgs/local/lib/python3.10/dist-packages:${PYTHONPATH} /usr/bin/cmake --install /home/student/ros2_ws/build/rtabmap_odom
