[0.642s] DEBUG:colcon:Command line arguments: ['/usr/bin/colcon', 'build']
[0.643s] DEBUG:colcon:Parsed command line arguments: Namespace(log_base=None, log_level=None, verb_name='build', build_base='build', install_base='install', merge_install=False, symlink_install=False, test_result_base=None, continue_on_error=False, executor='parallel', parallel_workers=8, event_handlers=None, ignore_user_meta=False, metas=['./colcon.meta'], base_paths=['.'], packages_ignore=None, packages_ignore_regex=None, paths=None, packages_up_to=None, packages_up_to_regex=None, packages_above=None, packages_above_and_dependencies=None, packages_above_depth=None, packages_select_by_dep=None, packages_skip_by_dep=None, packages_skip_up_to=None, packages_select_build_failed=False, packages_skip_build_finished=False, packages_select_test_failures=False, packages_skip_test_passed=False, packages_select=None, packages_skip=None, packages_select_regex=None, packages_skip_regex=None, packages_start=None, packages_end=None, allow_overriding=[], cmake_args=None, cmake_target=None, cmake_target_skip_unavailable=False, cmake_clean_cache=False, cmake_clean_first=False, cmake_force_configure=False, ament_cmake_args=None, catkin_cmake_args=None, catkin_skip_building_tests=False, mixin_files=None, mixin=None, verb_parser=<colcon_mixin.mixin.mixin_argument.MixinArgumentDecorator object at 0x7befb9de7ac0>, verb_extension=<colcon_core.verb.build.BuildVerb object at 0x7befb9de70a0>, main=<bound method BuildVerb.main of <colcon_core.verb.build.BuildVerb object at 0x7befb9de70a0>>, mixin_verb=('build',))
[2.267s] Level 1:colcon.colcon_core.package_discovery:discover_packages(colcon_meta) check parameters
[2.267s] Level 1:colcon.colcon_core.package_discovery:discover_packages(recursive) check parameters
[2.267s] Level 1:colcon.colcon_core.package_discovery:discover_packages(ignore) check parameters
[2.267s] Level 1:colcon.colcon_core.package_discovery:discover_packages(path) check parameters
[2.267s] Level 1:colcon.colcon_core.package_discovery:discover_packages(colcon_meta) discover
[2.267s] Level 1:colcon.colcon_core.package_discovery:discover_packages(recursive) discover
[2.267s] INFO:colcon.colcon_core.package_discovery:Crawling recursively for packages in '/home/student/ros2_ws/src/labs'
[2.268s] Level 1:colcon.colcon_core.package_identification:_identify(.) by extensions ['ignore', 'ignore_ament_install']
[2.268s] Level 1:colcon.colcon_core.package_identification:_identify(.) by extension 'ignore'
[2.268s] Level 1:colcon.colcon_core.package_identification:_identify(.) by extension 'ignore_ament_install'
[2.268s] Level 1:colcon.colcon_core.package_identification:_identify(.) by extensions ['colcon_pkg']
[2.268s] Level 1:colcon.colcon_core.package_identification:_identify(.) by extension 'colcon_pkg'
[2.268s] Level 1:colcon.colcon_core.package_identification:_identify(.) by extensions ['colcon_meta']
[2.268s] Level 1:colcon.colcon_core.package_identification:_identify(.) by extension 'colcon_meta'
[2.268s] Level 1:colcon.colcon_core.package_identification:_identify(.) by extensions ['ros']
[2.268s] Level 1:colcon.colcon_core.package_identification:_identify(.) by extension 'ros'
[2.309s] DEBUG:colcon.colcon_core.package_identification:Package '.' with type 'ros.ament_cmake' and name 'labs'
[2.309s] Level 1:colcon.colcon_core.package_discovery:discover_packages(recursive) using defaults
[2.311s] Level 1:colcon.colcon_core.package_discovery:discover_packages(ignore) discover
[2.311s] Level 1:colcon.colcon_core.package_discovery:discover_packages(ignore) using defaults
[2.311s] Level 1:colcon.colcon_core.package_discovery:discover_packages(path) discover
[2.311s] Level 1:colcon.colcon_core.package_discovery:discover_packages(path) using defaults
[2.433s] Level 1:colcon.colcon_core.package_discovery:discover_packages(prefix_path) check parameters
[2.433s] Level 1:colcon.colcon_core.package_discovery:discover_packages(prefix_path) discover
[2.463s] DEBUG:colcon.colcon_installed_package_information.package_discovery:Found 1 installed packages in /home/student/ros2_ws/src/labs/install
[2.465s] DEBUG:colcon.colcon_installed_package_information.package_discovery:Found 17 installed packages in /home/student/ros2_ws/install
[2.468s] DEBUG:colcon.colcon_installed_package_information.package_discovery:Found 372 installed packages in /opt/ros/humble
[2.472s] Level 1:colcon.colcon_core.package_discovery:discover_packages(prefix_path) using defaults
[2.635s] Level 5:colcon.colcon_core.verb:set package 'labs' build argument 'cmake_args' from command line to 'None'
[2.635s] Level 5:colcon.colcon_core.verb:set package 'labs' build argument 'cmake_target' from command line to 'None'
[2.635s] Level 5:colcon.colcon_core.verb:set package 'labs' build argument 'cmake_target_skip_unavailable' from command line to 'False'
[2.635s] Level 5:colcon.colcon_core.verb:set package 'labs' build argument 'cmake_clean_cache' from command line to 'False'
[2.635s] Level 5:colcon.colcon_core.verb:set package 'labs' build argument 'cmake_clean_first' from command line to 'False'
[2.635s] Level 5:colcon.colcon_core.verb:set package 'labs' build argument 'cmake_force_configure' from command line to 'False'
[2.635s] Level 5:colcon.colcon_core.verb:set package 'labs' build argument 'ament_cmake_args' from command line to 'None'
[2.635s] Level 5:colcon.colcon_core.verb:set package 'labs' build argument 'catkin_cmake_args' from command line to 'None'
[2.635s] Level 5:colcon.colcon_core.verb:set package 'labs' build argument 'catkin_skip_building_tests' from command line to 'False'
[2.635s] DEBUG:colcon.colcon_core.verb:Building package 'labs' with the following arguments: {'ament_cmake_args': None, 'build_base': '/home/student/ros2_ws/src/labs/build/labs', 'catkin_cmake_args': None, 'catkin_skip_building_tests': False, 'cmake_args': None, 'cmake_clean_cache': False, 'cmake_clean_first': False, 'cmake_force_configure': False, 'cmake_target': None, 'cmake_target_skip_unavailable': False, 'install_base': '/home/student/ros2_ws/src/labs/install/labs', 'merge_install': False, 'path': '/home/student/ros2_ws/src/labs', 'symlink_install': False, 'test_result_base': None}
[2.636s] INFO:colcon.colcon_core.executor:Executing jobs using 'parallel' executor
[2.638s] DEBUG:colcon.colcon_parallel_executor.executor.parallel:run_until_complete
[2.638s] INFO:colcon.colcon_ros.task.ament_cmake.build:Building ROS package in '/home/student/ros2_ws/src/labs' with build type 'ament_cmake'
[2.638s] INFO:colcon.colcon_cmake.task.cmake.build:Building CMake package in '/home/student/ros2_ws/src/labs'
[2.657s] INFO:colcon.colcon_core.plugin_system:Skipping extension 'colcon_core.shell.bat': Not used on non-Windows systems
[2.657s] INFO:colcon.colcon_core.shell:Skip shell extension 'powershell' for command environment: Not usable outside of PowerShell
[2.658s] DEBUG:colcon.colcon_core.shell:Skip shell extension 'dsv' for command environment
[2.721s] DEBUG:colcon.colcon_core.event_handler.log_command:Invoking command in '/home/student/ros2_ws/src/labs/build/labs': CMAKE_PREFIX_PATH=${CMAKE_PREFIX_PATH}:/home/student/ros2_ws/install/turtlebot3_teleop:/home/student/ros2_ws/install/turtlebot3_example:/opt/ros/humble /usr/bin/cmake --build /home/student/ros2_ws/src/labs/build/labs -- -j8 -l8
[3.634s] DEBUG:colcon.colcon_core.event_handler.log_command:Invoked command in '/home/student/ros2_ws/src/labs/build/labs' returned '0': CMAKE_PREFIX_PATH=${CMAKE_PREFIX_PATH}:/home/student/ros2_ws/install/turtlebot3_teleop:/home/student/ros2_ws/install/turtlebot3_example:/opt/ros/humble /usr/bin/cmake --build /home/student/ros2_ws/src/labs/build/labs -- -j8 -l8
[3.733s] DEBUG:colcon.colcon_core.event_handler.log_command:Invoking command in '/home/student/ros2_ws/src/labs/build/labs': CMAKE_PREFIX_PATH=${CMAKE_PREFIX_PATH}:/home/student/ros2_ws/install/turtlebot3_teleop:/home/student/ros2_ws/install/turtlebot3_example:/opt/ros/humble /usr/bin/cmake --install /home/student/ros2_ws/src/labs/build/labs
[3.814s] Level 1:colcon.colcon_core.environment:create_environment_scripts_only(labs)
[3.815s] DEBUG:colcon.colcon_core.event_handler.log_command:Invoked command in '/home/student/ros2_ws/src/labs/build/labs' returned '0': CMAKE_PREFIX_PATH=${CMAKE_PREFIX_PATH}:/home/student/ros2_ws/install/turtlebot3_teleop:/home/student/ros2_ws/install/turtlebot3_example:/opt/ros/humble /usr/bin/cmake --install /home/student/ros2_ws/src/labs/build/labs
[3.822s] Level 1:colcon.colcon_core.environment:checking '/home/student/ros2_ws/src/labs/install/labs' for CMake module files
[3.823s] Level 1:colcon.colcon_core.environment:checking '/home/student/ros2_ws/src/labs/install/labs' for CMake config files
[3.823s] Level 1:colcon.colcon_core.shell:create_environment_hook('labs', 'cmake_prefix_path')
[3.824s] INFO:colcon.colcon_core.shell:Creating environment hook '/home/student/ros2_ws/src/labs/install/labs/share/labs/hook/cmake_prefix_path.ps1'
[3.825s] INFO:colcon.colcon_core.shell:Creating environment descriptor '/home/student/ros2_ws/src/labs/install/labs/share/labs/hook/cmake_prefix_path.dsv'
[3.826s] INFO:colcon.colcon_core.shell:Creating environment hook '/home/student/ros2_ws/src/labs/install/labs/share/labs/hook/cmake_prefix_path.sh'
[3.827s] Level 1:colcon.colcon_core.environment:checking '/home/student/ros2_ws/src/labs/install/labs/lib'
[3.827s] Level 1:colcon.colcon_core.environment:checking '/home/student/ros2_ws/src/labs/install/labs/bin'
[3.827s] Level 1:colcon.colcon_core.environment:checking '/home/student/ros2_ws/src/labs/install/labs/lib/pkgconfig/labs.pc'
[3.828s] Level 1:colcon.colcon_core.environment:checking '/home/student/ros2_ws/src/labs/install/labs/lib/python3.10/site-packages'
[3.828s] Level 1:colcon.colcon_core.environment:checking '/home/student/ros2_ws/src/labs/install/labs/bin'
[3.829s] INFO:colcon.colcon_core.shell:Creating package script '/home/student/ros2_ws/src/labs/install/labs/share/labs/package.ps1'
[3.833s] INFO:colcon.colcon_core.shell:Creating package descriptor '/home/student/ros2_ws/src/labs/install/labs/share/labs/package.dsv'
[3.847s] INFO:colcon.colcon_core.shell:Creating package script '/home/student/ros2_ws/src/labs/install/labs/share/labs/package.sh'
[3.860s] INFO:colcon.colcon_core.shell:Creating package script '/home/student/ros2_ws/src/labs/install/labs/share/labs/package.bash'
[3.865s] INFO:colcon.colcon_core.shell:Creating package script '/home/student/ros2_ws/src/labs/install/labs/share/labs/package.zsh'
[3.866s] Level 1:colcon.colcon_core.environment:create_file_with_runtime_dependencies(/home/student/ros2_ws/src/labs/install/labs/share/colcon-core/packages/labs)
[3.989s] Level 1:colcon.colcon_core.environment:create_environment_scripts_only(labs)
[3.989s] Level 1:colcon.colcon_core.environment:checking '/home/student/ros2_ws/src/labs/install/labs' for CMake module files
[3.991s] Level 1:colcon.colcon_core.environment:checking '/home/student/ros2_ws/src/labs/install/labs' for CMake config files
[3.991s] Level 1:colcon.colcon_core.shell:create_environment_hook('labs', 'cmake_prefix_path')
[3.992s] INFO:colcon.colcon_core.shell:Creating environment hook '/home/student/ros2_ws/src/labs/install/labs/share/labs/hook/cmake_prefix_path.ps1'
[3.994s] INFO:colcon.colcon_core.shell:Creating environment descriptor '/home/student/ros2_ws/src/labs/install/labs/share/labs/hook/cmake_prefix_path.dsv'
[3.995s] INFO:colcon.colcon_core.shell:Creating environment hook '/home/student/ros2_ws/src/labs/install/labs/share/labs/hook/cmake_prefix_path.sh'
[3.996s] Level 1:colcon.colcon_core.environment:checking '/home/student/ros2_ws/src/labs/install/labs/lib'
[3.996s] Level 1:colcon.colcon_core.environment:checking '/home/student/ros2_ws/src/labs/install/labs/bin'
[3.997s] Level 1:colcon.colcon_core.environment:checking '/home/student/ros2_ws/src/labs/install/labs/lib/pkgconfig/labs.pc'
[3.997s] Level 1:colcon.colcon_core.environment:checking '/home/student/ros2_ws/src/labs/install/labs/lib/python3.10/site-packages'
[3.997s] Level 1:colcon.colcon_core.environment:checking '/home/student/ros2_ws/src/labs/install/labs/bin'
[3.998s] INFO:colcon.colcon_core.shell:Creating package script '/home/student/ros2_ws/src/labs/install/labs/share/labs/package.ps1'
[3.999s] INFO:colcon.colcon_core.shell:Creating package descriptor '/home/student/ros2_ws/src/labs/install/labs/share/labs/package.dsv'
[4.000s] INFO:colcon.colcon_core.shell:Creating package script '/home/student/ros2_ws/src/labs/install/labs/share/labs/package.sh'
[4.000s] INFO:colcon.colcon_core.shell:Creating package script '/home/student/ros2_ws/src/labs/install/labs/share/labs/package.bash'
[4.001s] INFO:colcon.colcon_core.shell:Creating package script '/home/student/ros2_ws/src/labs/install/labs/share/labs/package.zsh'
[4.001s] Level 1:colcon.colcon_core.environment:create_file_with_runtime_dependencies(/home/student/ros2_ws/src/labs/install/labs/share/colcon-core/packages/labs)
[4.002s] DEBUG:colcon.colcon_parallel_executor.executor.parallel:closing loop
[4.006s] DEBUG:colcon.colcon_parallel_executor.executor.parallel:loop closed
[4.006s] DEBUG:colcon.colcon_parallel_executor.executor.parallel:run_until_complete finished with '0'
[4.006s] DEBUG:colcon.colcon_core.event_reactor:joining thread
[4.019s] INFO:colcon.colcon_core.plugin_system:Skipping extension 'colcon_notification.desktop_notification.terminal_notifier': Not used on non-Darwin systems
[4.019s] INFO:colcon.colcon_core.plugin_system:Skipping extension 'colcon_notification.desktop_notification.win32': Not used on non-Windows systems
[4.019s] INFO:colcon.colcon_notification.desktop_notification:Sending desktop notification using 'notify2'
[4.082s] DEBUG:colcon.colcon_core.event_reactor:joined thread
[4.083s] INFO:colcon.colcon_core.shell:Creating prefix script '/home/student/ros2_ws/src/labs/install/local_setup.ps1'
[4.085s] INFO:colcon.colcon_core.shell:Creating prefix util module '/home/student/ros2_ws/src/labs/install/_local_setup_util_ps1.py'
[4.088s] INFO:colcon.colcon_core.shell:Creating prefix chain script '/home/student/ros2_ws/src/labs/install/setup.ps1'
[4.100s] INFO:colcon.colcon_core.shell:Creating prefix script '/home/student/ros2_ws/src/labs/install/local_setup.sh'
[4.102s] INFO:colcon.colcon_core.shell:Creating prefix util module '/home/student/ros2_ws/src/labs/install/_local_setup_util_sh.py'
[4.103s] INFO:colcon.colcon_core.shell:Creating prefix chain script '/home/student/ros2_ws/src/labs/install/setup.sh'
[4.111s] INFO:colcon.colcon_core.shell:Creating prefix script '/home/student/ros2_ws/src/labs/install/local_setup.bash'
[4.120s] INFO:colcon.colcon_core.shell:Creating prefix chain script '/home/student/ros2_ws/src/labs/install/setup.bash'
[4.125s] INFO:colcon.colcon_core.shell:Creating prefix script '/home/student/ros2_ws/src/labs/install/local_setup.zsh'
[4.127s] INFO:colcon.colcon_core.shell:Creating prefix chain script '/home/student/ros2_ws/src/labs/install/setup.zsh'
