[0.066s] Invoking command in '/home/student/ros2_ws/build/rtabmap_msgs': CMAKE_PREFIX_PATH=${CMAKE_PREFIX_PATH}:/home/student/ros2_ws/install/turtlebot3_teleop:/home/student/ros2_ws/install/rtabmap_python:/opt/ros/humble /usr/bin/cmake /home/student/ros2_ws/src/rtabmap_ros/rtabmap_msgs -DCMAKE_BUILD_TYPE=Release -DCMAKE_INSTALL_PREFIX=/home/student/ros2_ws/install/rtabmap_msgs
[0.311s] -- Found rosidl_default_generators: 1.2.0 (/opt/ros/humble/share/rosidl_default_generators/cmake)
[0.324s] -- Found ament_cmake_core: 1.3.10 (/opt/ros/humble/share/ament_cmake_core/cmake)
[0.546s] -- Using all available rosidl_typesupport_c: rosidl_typesupport_fastrtps_c;rosidl_typesupport_introspection_c
[0.552s] -- Found rosidl_adapter: 3.1.5 (/opt/ros/humble/share/rosidl_adapter/cmake)
[0.779s] -- Using all available rosidl_typesupport_cpp: rosidl_typesupport_fastrtps_cpp;rosidl_typesupport_introspection_cpp
[1.079s] -- Found builtin_interfaces: 1.2.1 (/opt/ros/humble/share/builtin_interfaces/cmake)
[1.124s] -- Found geometry_msgs: 4.2.4 (/opt/ros/humble/share/geometry_msgs/cmake)
[1.174s] -- Found sensor_msgs: 4.2.4 (/opt/ros/humble/share/sensor_msgs/cmake)
[1.273s] -- Found std_srvs: 4.2.4 (/opt/ros/humble/share/std_srvs/cmake)
[2.191s] -- Found ament_cmake_ros: 0.10.0 (/opt/ros/humble/share/ament_cmake_ros/cmake)
[2.574s] -- Using all available rosidl_typesupport_c: rosidl_typesupport_fastrtps_c;rosidl_typesupport_introspection_c
[3.118s] -- Using all available rosidl_typesupport_cpp: rosidl_typesupport_fastrtps_cpp;rosidl_typesupport_introspection_cpp
[3.159s] -- Found python_cmake_module: 0.10.0 (/opt/ros/humble/share/python_cmake_module/cmake)
[3.194s] -- Using PYTHON_EXECUTABLE: /usr/bin/python3
[3.195s] -- Using PYTHON_INCLUDE_DIRS: /usr/include/python3.10
[3.195s] -- Using PYTHON_LIBRARIES: /usr/lib/x86_64-linux-gnu/libpython3.10.so
[3.344s] -- Configuring done
[3.732s] -- Generating done
[3.739s] -- Build files have been written to: /home/student/ros2_ws/build/rtabmap_msgs
[3.782s] Invoked command in '/home/student/ros2_ws/build/rtabmap_msgs' returned '0': CMAKE_PREFIX_PATH=${CMAKE_PREFIX_PATH}:/home/student/ros2_ws/install/turtlebot3_teleop:/home/student/ros2_ws/install/rtabmap_python:/opt/ros/humble /usr/bin/cmake /home/student/ros2_ws/src/rtabmap_ros/rtabmap_msgs -DCMAKE_BUILD_TYPE=Release -DCMAKE_INSTALL_PREFIX=/home/student/ros2_ws/install/rtabmap_msgs
[3.782s] Invoking command in '/home/student/ros2_ws/build/rtabmap_msgs': CMAKE_PREFIX_PATH=${CMAKE_PREFIX_PATH}:/home/student/ros2_ws/install/turtlebot3_teleop:/home/student/ros2_ws/install/rtabmap_python:/opt/ros/humble /usr/bin/cmake --build /home/student/ros2_ws/build/rtabmap_msgs
[3.978s] [  0%] Built target rtabmap_msgs__cpp
[4.022s] [35m[1mConsolidate compiler generated dependencies of target rtabmap_msgs__rosidl_generator_c[0m
[4.136s] [  1%] [32mBuilding C object CMakeFiles/rtabmap_msgs__rosidl_generator_c.dir/rosidl_generator_c/rtabmap_msgs/msg/detail/info__functions.c.o[0m
[4.336s] [  1%] Built target ament_cmake_python_copy_rtabmap_msgs
[4.461s] [35m[1mConsolidate compiler generated dependencies of target rtabmap_msgs__rosidl_typesupport_cpp[0m
[4.596s] [  1%] [32mBuilding C object CMakeFiles/rtabmap_msgs__rosidl_generator_c.dir/rosidl_generator_c/rtabmap_msgs/msg/detail/key_point__functions.c.o[0m
[4.604s] [  2%] [32mBuilding CXX object CMakeFiles/rtabmap_msgs__rosidl_typesupport_cpp.dir/rosidl_typesupport_cpp/rtabmap_msgs/msg/info__type_support.cpp.o[0m
[4.867s] [  2%] [32mBuilding C object CMakeFiles/rtabmap_msgs__rosidl_generator_c.dir/rosidl_generator_c/rtabmap_msgs/msg/detail/global_descriptor__functions.c.o[0m
[5.163s] [  3%] [32mBuilding C object CMakeFiles/rtabmap_msgs__rosidl_generator_c.dir/rosidl_generator_c/rtabmap_msgs/msg/detail/scan_descriptor__functions.c.o[0m
[5.212s] [  3%] [32mBuilding CXX object CMakeFiles/rtabmap_msgs__rosidl_typesupport_cpp.dir/rosidl_typesupport_cpp/rtabmap_msgs/msg/key_point__type_support.cpp.o[0m
[5.380s] [  3%] [32mBuilding C object CMakeFiles/rtabmap_msgs__rosidl_generator_c.dir/rosidl_generator_c/rtabmap_msgs/msg/detail/map_data__functions.c.o[0m
[5.622s] [  3%] [32mBuilding C object CMakeFiles/rtabmap_msgs__rosidl_generator_c.dir/rosidl_generator_c/rtabmap_msgs/msg/detail/map_graph__functions.c.o[0m
[5.803s] [  3%] [32mBuilding CXX object CMakeFiles/rtabmap_msgs__rosidl_typesupport_cpp.dir/rosidl_typesupport_cpp/rtabmap_msgs/msg/global_descriptor__type_support.cpp.o[0m
[5.889s] [  3%] [32mBuilding C object CMakeFiles/rtabmap_msgs__rosidl_generator_c.dir/rosidl_generator_c/rtabmap_msgs/msg/detail/node__functions.c.o[0m
[6.114s] [  4%] [32mBuilding C object CMakeFiles/rtabmap_msgs__rosidl_generator_c.dir/rosidl_generator_c/rtabmap_msgs/msg/detail/sensor_data__functions.c.o[0m
[6.377s] [  5%] [32mBuilding CXX object CMakeFiles/rtabmap_msgs__rosidl_typesupport_cpp.dir/rosidl_typesupport_cpp/rtabmap_msgs/msg/scan_descriptor__type_support.cpp.o[0m
[6.406s] [  5%] [32mBuilding C object CMakeFiles/rtabmap_msgs__rosidl_generator_c.dir/rosidl_generator_c/rtabmap_msgs/msg/detail/link__functions.c.o[0m
[6.560s] [  5%] [32mBuilding C object CMakeFiles/rtabmap_msgs__rosidl_generator_c.dir/rosidl_generator_c/rtabmap_msgs/msg/detail/landmark_detection__functions.c.o[0m
[6.727s] [  6%] [32mBuilding C object CMakeFiles/rtabmap_msgs__rosidl_generator_c.dir/rosidl_generator_c/rtabmap_msgs/msg/detail/landmark_detections__functions.c.o[0m
[6.848s] [  6%] [32mBuilding CXX object CMakeFiles/rtabmap_msgs__rosidl_typesupport_cpp.dir/rosidl_typesupport_cpp/rtabmap_msgs/msg/map_data__type_support.cpp.o[0m
[6.923s] [  6%] [32mBuilding C object CMakeFiles/rtabmap_msgs__rosidl_generator_c.dir/rosidl_generator_c/rtabmap_msgs/msg/detail/odom_info__functions.c.o[0m
[7.293s] [  6%] [32mBuilding C object CMakeFiles/rtabmap_msgs__rosidl_generator_c.dir/rosidl_generator_c/rtabmap_msgs/msg/detail/point2f__functions.c.o[0m
[7.486s] [  7%] [32mBuilding C object CMakeFiles/rtabmap_msgs__rosidl_generator_c.dir/rosidl_generator_c/rtabmap_msgs/msg/detail/point3f__functions.c.o[0m
[7.516s] [  7%] [32mBuilding CXX object CMakeFiles/rtabmap_msgs__rosidl_typesupport_cpp.dir/rosidl_typesupport_cpp/rtabmap_msgs/msg/map_graph__type_support.cpp.o[0m
[7.678s] [  7%] [32mBuilding C object CMakeFiles/rtabmap_msgs__rosidl_generator_c.dir/rosidl_generator_c/rtabmap_msgs/msg/detail/goal__functions.c.o[0m
[7.933s] [  7%] [32mBuilding C object CMakeFiles/rtabmap_msgs__rosidl_generator_c.dir/rosidl_generator_c/rtabmap_msgs/msg/detail/rgbd_image__functions.c.o[0m
[8.120s] [  8%] [32mBuilding CXX object CMakeFiles/rtabmap_msgs__rosidl_typesupport_cpp.dir/rosidl_typesupport_cpp/rtabmap_msgs/msg/node__type_support.cpp.o[0m
[8.253s] [  8%] [32mBuilding C object CMakeFiles/rtabmap_msgs__rosidl_generator_c.dir/rosidl_generator_c/rtabmap_msgs/msg/detail/rgbd_images__functions.c.o[0m
[8.413s] [  9%] [32mBuilding C object CMakeFiles/rtabmap_msgs__rosidl_generator_c.dir/rosidl_generator_c/rtabmap_msgs/msg/detail/user_data__functions.c.o[0m
[8.588s] [  9%] [32mBuilding C object CMakeFiles/rtabmap_msgs__rosidl_generator_c.dir/rosidl_generator_c/rtabmap_msgs/msg/detail/gps__functions.c.o[0m
[8.650s] [  9%] [32mBuilding CXX object CMakeFiles/rtabmap_msgs__rosidl_typesupport_cpp.dir/rosidl_typesupport_cpp/rtabmap_msgs/msg/sensor_data__type_support.cpp.o[0m
[8.855s] [  9%] [32mBuilding C object CMakeFiles/rtabmap_msgs__rosidl_generator_c.dir/rosidl_generator_c/rtabmap_msgs/msg/detail/path__functions.c.o[0m
[9.151s] [ 10%] [32mBuilding C object CMakeFiles/rtabmap_msgs__rosidl_generator_c.dir/rosidl_generator_c/rtabmap_msgs/msg/detail/env_sensor__functions.c.o[0m
[9.321s] [ 10%] [32mBuilding CXX object CMakeFiles/rtabmap_msgs__rosidl_typesupport_cpp.dir/rosidl_typesupport_cpp/rtabmap_msgs/msg/link__type_support.cpp.o[0m
[9.354s] [ 10%] [32mBuilding C object CMakeFiles/rtabmap_msgs__rosidl_generator_c.dir/rosidl_generator_c/rtabmap_msgs/msg/detail/camera_model__functions.c.o[0m
[9.541s] [ 10%] [32mBuilding C object CMakeFiles/rtabmap_msgs__rosidl_generator_c.dir/rosidl_generator_c/rtabmap_msgs/msg/detail/camera_models__functions.c.o[0m
[9.730s] [ 11%] [32mBuilding C object CMakeFiles/rtabmap_msgs__rosidl_generator_c.dir/rosidl_generator_c/rtabmap_msgs/srv/detail/get_map__functions.c.o[0m
[9.969s] [ 11%] [32mBuilding CXX object CMakeFiles/rtabmap_msgs__rosidl_typesupport_cpp.dir/rosidl_typesupport_cpp/rtabmap_msgs/msg/landmark_detection__type_support.cpp.o[0m
[10.050s] [ 11%] [32mBuilding C object CMakeFiles/rtabmap_msgs__rosidl_generator_c.dir/rosidl_generator_c/rtabmap_msgs/srv/detail/get_map2__functions.c.o[0m
[10.419s] [ 11%] [32mBuilding C object CMakeFiles/rtabmap_msgs__rosidl_generator_c.dir/rosidl_generator_c/rtabmap_msgs/srv/detail/list_labels__functions.c.o[0m
[10.481s] [ 12%] [32mBuilding CXX object CMakeFiles/rtabmap_msgs__rosidl_typesupport_cpp.dir/rosidl_typesupport_cpp/rtabmap_msgs/msg/landmark_detections__type_support.cpp.o[0m
[10.694s] [ 12%] [32mBuilding C object CMakeFiles/rtabmap_msgs__rosidl_generator_c.dir/rosidl_generator_c/rtabmap_msgs/srv/detail/publish_map__functions.c.o[0m
[10.952s] [ 13%] [32mBuilding C object CMakeFiles/rtabmap_msgs__rosidl_generator_c.dir/rosidl_generator_c/rtabmap_msgs/srv/detail/reset_pose__functions.c.o[0m
[11.141s] [ 13%] [32mBuilding CXX object CMakeFiles/rtabmap_msgs__rosidl_typesupport_cpp.dir/rosidl_typesupport_cpp/rtabmap_msgs/msg/odom_info__type_support.cpp.o[0m
[11.347s] [ 13%] [32mBuilding C object CMakeFiles/rtabmap_msgs__rosidl_generator_c.dir/rosidl_generator_c/rtabmap_msgs/srv/detail/set_goal__functions.c.o[0m
[11.681s] [ 13%] [32mBuilding C object CMakeFiles/rtabmap_msgs__rosidl_generator_c.dir/rosidl_generator_c/rtabmap_msgs/srv/detail/set_label__functions.c.o[0m
[11.752s] [ 13%] [32mBuilding CXX object CMakeFiles/rtabmap_msgs__rosidl_typesupport_cpp.dir/rosidl_typesupport_cpp/rtabmap_msgs/msg/point2f__type_support.cpp.o[0m
[12.040s] [ 14%] [32mBuilding C object CMakeFiles/rtabmap_msgs__rosidl_generator_c.dir/rosidl_generator_c/rtabmap_msgs/srv/detail/remove_label__functions.c.o[0m
[12.310s] [ 15%] [32mBuilding CXX object CMakeFiles/rtabmap_msgs__rosidl_typesupport_cpp.dir/rosidl_typesupport_cpp/rtabmap_msgs/msg/point3f__type_support.cpp.o[0m
[12.397s] [ 15%] [32mBuilding C object CMakeFiles/rtabmap_msgs__rosidl_generator_c.dir/rosidl_generator_c/rtabmap_msgs/srv/detail/get_plan__functions.c.o[0m
[12.856s] [ 15%] [32mBuilding C object CMakeFiles/rtabmap_msgs__rosidl_generator_c.dir/rosidl_generator_c/rtabmap_msgs/srv/detail/add_link__functions.c.o[0m
[12.970s] [ 15%] [32mBuilding CXX object CMakeFiles/rtabmap_msgs__rosidl_typesupport_cpp.dir/rosidl_typesupport_cpp/rtabmap_msgs/msg/goal__type_support.cpp.o[0m
[13.157s] [ 16%] [32mBuilding C object CMakeFiles/rtabmap_msgs__rosidl_generator_c.dir/rosidl_generator_c/rtabmap_msgs/srv/detail/get_node_data__functions.c.o[0m
[13.566s] [ 16%] [32mBuilding C object CMakeFiles/rtabmap_msgs__rosidl_generator_c.dir/rosidl_generator_c/rtabmap_msgs/srv/detail/get_nodes_in_radius__functions.c.o[0m
[13.628s] [ 16%] [32mBuilding CXX object CMakeFiles/rtabmap_msgs__rosidl_typesupport_cpp.dir/rosidl_typesupport_cpp/rtabmap_msgs/msg/rgbd_image__type_support.cpp.o[0m
[13.866s] [ 16%] [32mBuilding C object CMakeFiles/rtabmap_msgs__rosidl_generator_c.dir/rosidl_generator_c/rtabmap_msgs/srv/detail/load_database__functions.c.o[0m
[14.289s] [ 16%] [32mBuilding C object CMakeFiles/rtabmap_msgs__rosidl_generator_c.dir/rosidl_generator_c/rtabmap_msgs/srv/detail/detect_more_loop_closures__functions.c.o[0m
[14.379s] [ 16%] [32mBuilding CXX object CMakeFiles/rtabmap_msgs__rosidl_typesupport_cpp.dir/rosidl_typesupport_cpp/rtabmap_msgs/msg/rgbd_images__type_support.cpp.o[0m
[14.583s] [ 17%] [32mBuilding C object CMakeFiles/rtabmap_msgs__rosidl_generator_c.dir/rosidl_generator_c/rtabmap_msgs/srv/detail/global_bundle_adjustment__functions.c.o[0m
[14.890s] [ 17%] [32mBuilding C object CMakeFiles/rtabmap_msgs__rosidl_generator_c.dir/rosidl_generator_c/rtabmap_msgs/srv/detail/cleanup_local_grids__functions.c.o[0m
[15.164s] [ 18%] [32mBuilding CXX object CMakeFiles/rtabmap_msgs__rosidl_typesupport_cpp.dir/rosidl_typesupport_cpp/rtabmap_msgs/msg/user_data__type_support.cpp.o[0m
[15.182s] [ 18%] [32m[1mLinking C shared library librtabmap_msgs__rosidl_generator_c.so[0m
[15.355s] [ 18%] Built target rtabmap_msgs__rosidl_generator_c
[15.530s] [35m[1mConsolidate compiler generated dependencies of target rtabmap_msgs__rosidl_typesupport_fastrtps_cpp[0m
[15.684s] [ 19%] [32mBuilding CXX object CMakeFiles/rtabmap_msgs__rosidl_typesupport_fastrtps_cpp.dir/rosidl_typesupport_fastrtps_cpp/rtabmap_msgs/msg/detail/dds_fastrtps/info__type_support.cpp.o[0m
[15.882s] [ 19%] [32mBuilding CXX object CMakeFiles/rtabmap_msgs__rosidl_typesupport_cpp.dir/rosidl_typesupport_cpp/rtabmap_msgs/msg/gps__type_support.cpp.o[0m
[16.504s] [ 19%] [32mBuilding CXX object CMakeFiles/rtabmap_msgs__rosidl_typesupport_cpp.dir/rosidl_typesupport_cpp/rtabmap_msgs/msg/path__type_support.cpp.o[0m
[17.377s] [ 20%] [32mBuilding CXX object CMakeFiles/rtabmap_msgs__rosidl_typesupport_cpp.dir/rosidl_typesupport_cpp/rtabmap_msgs/msg/env_sensor__type_support.cpp.o[0m
[17.968s] [ 20%] [32mBuilding CXX object CMakeFiles/rtabmap_msgs__rosidl_typesupport_fastrtps_cpp.dir/rosidl_typesupport_fastrtps_cpp/rtabmap_msgs/msg/detail/dds_fastrtps/key_point__type_support.cpp.o[0m
[17.977s] [ 20%] [32mBuilding CXX object CMakeFiles/rtabmap_msgs__rosidl_typesupport_cpp.dir/rosidl_typesupport_cpp/rtabmap_msgs/msg/camera_model__type_support.cpp.o[0m
[18.790s] [ 20%] [32mBuilding CXX object CMakeFiles/rtabmap_msgs__rosidl_typesupport_fastrtps_cpp.dir/rosidl_typesupport_fastrtps_cpp/rtabmap_msgs/msg/detail/dds_fastrtps/global_descriptor__type_support.cpp.o[0m
[18.822s] [ 20%] [32mBuilding CXX object CMakeFiles/rtabmap_msgs__rosidl_typesupport_cpp.dir/rosidl_typesupport_cpp/rtabmap_msgs/msg/camera_models__type_support.cpp.o[0m
[19.603s] [ 21%] [32mBuilding CXX object CMakeFiles/rtabmap_msgs__rosidl_typesupport_cpp.dir/rosidl_typesupport_cpp/rtabmap_msgs/srv/get_map__type_support.cpp.o[0m
[20.575s] [ 22%] [32mBuilding CXX object CMakeFiles/rtabmap_msgs__rosidl_typesupport_fastrtps_cpp.dir/rosidl_typesupport_fastrtps_cpp/rtabmap_msgs/msg/detail/dds_fastrtps/scan_descriptor__type_support.cpp.o[0m
[20.621s] [ 22%] [32mBuilding CXX object CMakeFiles/rtabmap_msgs__rosidl_typesupport_cpp.dir/rosidl_typesupport_cpp/rtabmap_msgs/srv/get_map2__type_support.cpp.o[0m
[21.205s] [ 22%] [32mBuilding CXX object CMakeFiles/rtabmap_msgs__rosidl_typesupport_cpp.dir/rosidl_typesupport_cpp/rtabmap_msgs/srv/list_labels__type_support.cpp.o[0m
[21.528s] [ 22%] [32mBuilding CXX object CMakeFiles/rtabmap_msgs__rosidl_typesupport_fastrtps_cpp.dir/rosidl_typesupport_fastrtps_cpp/rtabmap_msgs/msg/detail/dds_fastrtps/map_data__type_support.cpp.o[0m
[21.902s] [ 22%] [32mBuilding CXX object CMakeFiles/rtabmap_msgs__rosidl_typesupport_cpp.dir/rosidl_typesupport_cpp/rtabmap_msgs/srv/publish_map__type_support.cpp.o[0m
[22.573s] [ 23%] [32mBuilding CXX object CMakeFiles/rtabmap_msgs__rosidl_typesupport_cpp.dir/rosidl_typesupport_cpp/rtabmap_msgs/srv/reset_pose__type_support.cpp.o[0m
[23.270s] [ 23%] [32mBuilding CXX object CMakeFiles/rtabmap_msgs__rosidl_typesupport_fastrtps_cpp.dir/rosidl_typesupport_fastrtps_cpp/rtabmap_msgs/msg/detail/dds_fastrtps/map_graph__type_support.cpp.o[0m
[23.526s] [ 23%] [32mBuilding CXX object CMakeFiles/rtabmap_msgs__rosidl_typesupport_cpp.dir/rosidl_typesupport_cpp/rtabmap_msgs/srv/set_goal__type_support.cpp.o[0m
[24.342s] [ 23%] [32mBuilding CXX object CMakeFiles/rtabmap_msgs__rosidl_typesupport_cpp.dir/rosidl_typesupport_cpp/rtabmap_msgs/srv/set_label__type_support.cpp.o[0m
[24.816s] [ 24%] [32mBuilding CXX object CMakeFiles/rtabmap_msgs__rosidl_typesupport_fastrtps_cpp.dir/rosidl_typesupport_fastrtps_cpp/rtabmap_msgs/msg/detail/dds_fastrtps/node__type_support.cpp.o[0m
[24.942s] [ 25%] [32mBuilding CXX object CMakeFiles/rtabmap_msgs__rosidl_typesupport_cpp.dir/rosidl_typesupport_cpp/rtabmap_msgs/srv/remove_label__type_support.cpp.o[0m
[25.816s] [ 25%] [32mBuilding CXX object CMakeFiles/rtabmap_msgs__rosidl_typesupport_cpp.dir/rosidl_typesupport_cpp/rtabmap_msgs/srv/get_plan__type_support.cpp.o[0m
[26.392s] [ 25%] [32mBuilding CXX object CMakeFiles/rtabmap_msgs__rosidl_typesupport_fastrtps_cpp.dir/rosidl_typesupport_fastrtps_cpp/rtabmap_msgs/msg/detail/dds_fastrtps/sensor_data__type_support.cpp.o[0m
[26.696s] [ 25%] [32mBuilding CXX object CMakeFiles/rtabmap_msgs__rosidl_typesupport_cpp.dir/rosidl_typesupport_cpp/rtabmap_msgs/srv/add_link__type_support.cpp.o[0m
[27.289s] [ 26%] [32mBuilding CXX object CMakeFiles/rtabmap_msgs__rosidl_typesupport_cpp.dir/rosidl_typesupport_cpp/rtabmap_msgs/srv/get_node_data__type_support.cpp.o[0m
[28.290s] [ 26%] [32mBuilding CXX object CMakeFiles/rtabmap_msgs__rosidl_typesupport_cpp.dir/rosidl_typesupport_cpp/rtabmap_msgs/srv/get_nodes_in_radius__type_support.cpp.o[0m
[29.256s] [ 26%] [32mBuilding CXX object CMakeFiles/rtabmap_msgs__rosidl_typesupport_cpp.dir/rosidl_typesupport_cpp/rtabmap_msgs/srv/load_database__type_support.cpp.o[0m
[29.655s] [ 26%] [32mBuilding CXX object CMakeFiles/rtabmap_msgs__rosidl_typesupport_fastrtps_cpp.dir/rosidl_typesupport_fastrtps_cpp/rtabmap_msgs/msg/detail/dds_fastrtps/link__type_support.cpp.o[0m
[30.151s] [ 26%] [32mBuilding CXX object CMakeFiles/rtabmap_msgs__rosidl_typesupport_cpp.dir/rosidl_typesupport_cpp/rtabmap_msgs/srv/detect_more_loop_closures__type_support.cpp.o[0m
[30.798s] [ 27%] [32mBuilding CXX object CMakeFiles/rtabmap_msgs__rosidl_typesupport_cpp.dir/rosidl_typesupport_cpp/rtabmap_msgs/srv/global_bundle_adjustment__type_support.cpp.o[0m
[30.852s] [ 27%] [32mBuilding CXX object CMakeFiles/rtabmap_msgs__rosidl_typesupport_fastrtps_cpp.dir/rosidl_typesupport_fastrtps_cpp/rtabmap_msgs/msg/detail/dds_fastrtps/landmark_detection__type_support.cpp.o[0m
[31.654s] [ 27%] [32mBuilding CXX object CMakeFiles/rtabmap_msgs__rosidl_typesupport_cpp.dir/rosidl_typesupport_cpp/rtabmap_msgs/srv/cleanup_local_grids__type_support.cpp.o[0m
[31.769s] [ 28%] [32mBuilding CXX object CMakeFiles/rtabmap_msgs__rosidl_typesupport_fastrtps_cpp.dir/rosidl_typesupport_fastrtps_cpp/rtabmap_msgs/msg/detail/dds_fastrtps/landmark_detections__type_support.cpp.o[0m
[32.492s] [ 28%] [32m[1mLinking CXX shared library librtabmap_msgs__rosidl_typesupport_cpp.so[0m
[32.681s] [ 28%] Built target rtabmap_msgs__rosidl_typesupport_cpp
[32.796s] [35m[1mConsolidate compiler generated dependencies of target rtabmap_msgs__rosidl_typesupport_introspection_cpp[0m
[32.989s] [ 28%] [32mBuilding CXX object CMakeFiles/rtabmap_msgs__rosidl_typesupport_introspection_cpp.dir/rosidl_typesupport_introspection_cpp/rtabmap_msgs/msg/detail/info__type_support.cpp.o[0m
[33.148s] [ 28%] [32mBuilding CXX object CMakeFiles/rtabmap_msgs__rosidl_typesupport_fastrtps_cpp.dir/rosidl_typesupport_fastrtps_cpp/rtabmap_msgs/msg/detail/dds_fastrtps/odom_info__type_support.cpp.o[0m
[35.205s] [ 28%] [32mBuilding CXX object CMakeFiles/rtabmap_msgs__rosidl_typesupport_introspection_cpp.dir/rosidl_typesupport_introspection_cpp/rtabmap_msgs/msg/detail/key_point__type_support.cpp.o[0m
[35.641s] [ 28%] [32mBuilding CXX object CMakeFiles/rtabmap_msgs__rosidl_typesupport_fastrtps_cpp.dir/rosidl_typesupport_fastrtps_cpp/rtabmap_msgs/msg/detail/dds_fastrtps/point2f__type_support.cpp.o[0m
[36.173s] [ 28%] [32mBuilding CXX object CMakeFiles/rtabmap_msgs__rosidl_typesupport_introspection_cpp.dir/rosidl_typesupport_introspection_cpp/rtabmap_msgs/msg/detail/global_descriptor__type_support.cpp.o[0m
[36.563s] [ 29%] [32mBuilding CXX object CMakeFiles/rtabmap_msgs__rosidl_typesupport_fastrtps_cpp.dir/rosidl_typesupport_fastrtps_cpp/rtabmap_msgs/msg/detail/dds_fastrtps/point3f__type_support.cpp.o[0m
[37.206s] [ 30%] [32mBuilding CXX object CMakeFiles/rtabmap_msgs__rosidl_typesupport_introspection_cpp.dir/rosidl_typesupport_introspection_cpp/rtabmap_msgs/msg/detail/scan_descriptor__type_support.cpp.o[0m
[37.379s] [ 30%] [32mBuilding CXX object CMakeFiles/rtabmap_msgs__rosidl_typesupport_fastrtps_cpp.dir/rosidl_typesupport_fastrtps_cpp/rtabmap_msgs/msg/detail/dds_fastrtps/goal__type_support.cpp.o[0m
[38.407s] [ 30%] [32mBuilding CXX object CMakeFiles/rtabmap_msgs__rosidl_typesupport_fastrtps_cpp.dir/rosidl_typesupport_fastrtps_cpp/rtabmap_msgs/msg/detail/dds_fastrtps/rgbd_image__type_support.cpp.o[0m
[38.461s] [ 30%] [32mBuilding CXX object CMakeFiles/rtabmap_msgs__rosidl_typesupport_introspection_cpp.dir/rosidl_typesupport_introspection_cpp/rtabmap_msgs/msg/detail/map_data__type_support.cpp.o[0m
[39.862s] [ 31%] [32mBuilding CXX object CMakeFiles/rtabmap_msgs__rosidl_typesupport_fastrtps_cpp.dir/rosidl_typesupport_fastrtps_cpp/rtabmap_msgs/msg/detail/dds_fastrtps/rgbd_images__type_support.cpp.o[0m
[41.710s] [ 31%] [32mBuilding CXX object CMakeFiles/rtabmap_msgs__rosidl_typesupport_fastrtps_cpp.dir/rosidl_typesupport_fastrtps_cpp/rtabmap_msgs/msg/detail/dds_fastrtps/user_data__type_support.cpp.o[0m
[42.288s] [ 31%] [32mBuilding CXX object CMakeFiles/rtabmap_msgs__rosidl_typesupport_introspection_cpp.dir/rosidl_typesupport_introspection_cpp/rtabmap_msgs/msg/detail/map_graph__type_support.cpp.o[0m
[42.814s] [ 31%] [32mBuilding CXX object CMakeFiles/rtabmap_msgs__rosidl_typesupport_fastrtps_cpp.dir/rosidl_typesupport_fastrtps_cpp/rtabmap_msgs/msg/detail/dds_fastrtps/gps__type_support.cpp.o[0m
[43.572s] [ 32%] [32mBuilding CXX object CMakeFiles/rtabmap_msgs__rosidl_typesupport_introspection_cpp.dir/rosidl_typesupport_introspection_cpp/rtabmap_msgs/msg/detail/node__type_support.cpp.o[0m
[43.852s] [ 32%] [32mBuilding CXX object CMakeFiles/rtabmap_msgs__rosidl_typesupport_fastrtps_cpp.dir/rosidl_typesupport_fastrtps_cpp/rtabmap_msgs/msg/detail/dds_fastrtps/path__type_support.cpp.o[0m
[44.879s] [ 33%] [32mBuilding CXX object CMakeFiles/rtabmap_msgs__rosidl_typesupport_fastrtps_cpp.dir/rosidl_typesupport_fastrtps_cpp/rtabmap_msgs/msg/detail/dds_fastrtps/env_sensor__type_support.cpp.o[0m
[45.093s] [ 33%] [32mBuilding CXX object CMakeFiles/rtabmap_msgs__rosidl_typesupport_introspection_cpp.dir/rosidl_typesupport_introspection_cpp/rtabmap_msgs/msg/detail/sensor_data__type_support.cpp.o[0m
[45.879s] [ 33%] [32mBuilding CXX object CMakeFiles/rtabmap_msgs__rosidl_typesupport_fastrtps_cpp.dir/rosidl_typesupport_fastrtps_cpp/rtabmap_msgs/msg/detail/dds_fastrtps/camera_model__type_support.cpp.o[0m
[47.159s] [ 33%] [32mBuilding CXX object CMakeFiles/rtabmap_msgs__rosidl_typesupport_fastrtps_cpp.dir/rosidl_typesupport_fastrtps_cpp/rtabmap_msgs/msg/detail/dds_fastrtps/camera_models__type_support.cpp.o[0m
[48.122s] [ 33%] [32mBuilding CXX object CMakeFiles/rtabmap_msgs__rosidl_typesupport_introspection_cpp.dir/rosidl_typesupport_introspection_cpp/rtabmap_msgs/msg/detail/link__type_support.cpp.o[0m
[48.374s] [ 34%] [32mBuilding CXX object CMakeFiles/rtabmap_msgs__rosidl_typesupport_fastrtps_cpp.dir/rosidl_typesupport_fastrtps_cpp/rtabmap_msgs/srv/detail/dds_fastrtps/get_map__type_support.cpp.o[0m
[49.135s] [ 35%] [32mBuilding CXX object CMakeFiles/rtabmap_msgs__rosidl_typesupport_introspection_cpp.dir/rosidl_typesupport_introspection_cpp/rtabmap_msgs/msg/detail/landmark_detection__type_support.cpp.o[0m
[49.399s] [ 35%] [32mBuilding CXX object CMakeFiles/rtabmap_msgs__rosidl_typesupport_fastrtps_cpp.dir/rosidl_typesupport_fastrtps_cpp/rtabmap_msgs/srv/detail/dds_fastrtps/get_map2__type_support.cpp.o[0m
[50.138s] [ 35%] [32mBuilding CXX object CMakeFiles/rtabmap_msgs__rosidl_typesupport_introspection_cpp.dir/rosidl_typesupport_introspection_cpp/rtabmap_msgs/msg/detail/landmark_detections__type_support.cpp.o[0m
[50.448s] [ 35%] [32mBuilding CXX object CMakeFiles/rtabmap_msgs__rosidl_typesupport_fastrtps_cpp.dir/rosidl_typesupport_fastrtps_cpp/rtabmap_msgs/srv/detail/dds_fastrtps/list_labels__type_support.cpp.o[0m
[51.904s] [ 35%] [32mBuilding CXX object CMakeFiles/rtabmap_msgs__rosidl_typesupport_introspection_cpp.dir/rosidl_typesupport_introspection_cpp/rtabmap_msgs/msg/detail/odom_info__type_support.cpp.o[0m
[51.916s] [ 36%] [32mBuilding CXX object CMakeFiles/rtabmap_msgs__rosidl_typesupport_fastrtps_cpp.dir/rosidl_typesupport_fastrtps_cpp/rtabmap_msgs/srv/detail/dds_fastrtps/publish_map__type_support.cpp.o[0m
[52.784s] [ 36%] [32mBuilding CXX object CMakeFiles/rtabmap_msgs__rosidl_typesupport_fastrtps_cpp.dir/rosidl_typesupport_fastrtps_cpp/rtabmap_msgs/srv/detail/dds_fastrtps/reset_pose__type_support.cpp.o[0m
[53.761s] [ 36%] [32mBuilding CXX object CMakeFiles/rtabmap_msgs__rosidl_typesupport_fastrtps_cpp.dir/rosidl_typesupport_fastrtps_cpp/rtabmap_msgs/srv/detail/dds_fastrtps/set_goal__type_support.cpp.o[0m
[54.365s] [ 36%] [32mBuilding CXX object CMakeFiles/rtabmap_msgs__rosidl_typesupport_introspection_cpp.dir/rosidl_typesupport_introspection_cpp/rtabmap_msgs/msg/detail/point2f__type_support.cpp.o[0m
[55.066s] [ 36%] [32mBuilding CXX object CMakeFiles/rtabmap_msgs__rosidl_typesupport_fastrtps_cpp.dir/rosidl_typesupport_fastrtps_cpp/rtabmap_msgs/srv/detail/dds_fastrtps/set_label__type_support.cpp.o[0m
[55.081s] [ 37%] [32mBuilding CXX object CMakeFiles/rtabmap_msgs__rosidl_typesupport_introspection_cpp.dir/rosidl_typesupport_introspection_cpp/rtabmap_msgs/msg/detail/point3f__type_support.cpp.o[0m
[55.924s] [ 38%] [32mBuilding CXX object CMakeFiles/rtabmap_msgs__rosidl_typesupport_fastrtps_cpp.dir/rosidl_typesupport_fastrtps_cpp/rtabmap_msgs/srv/detail/dds_fastrtps/remove_label__type_support.cpp.o[0m
[56.024s] [ 38%] [32mBuilding CXX object CMakeFiles/rtabmap_msgs__rosidl_typesupport_introspection_cpp.dir/rosidl_typesupport_introspection_cpp/rtabmap_msgs/msg/detail/goal__type_support.cpp.o[0m
[56.918s] [ 38%] [32mBuilding CXX object CMakeFiles/rtabmap_msgs__rosidl_typesupport_fastrtps_cpp.dir/rosidl_typesupport_fastrtps_cpp/rtabmap_msgs/srv/detail/dds_fastrtps/get_plan__type_support.cpp.o[0m
[57.057s] [ 38%] [32mBuilding CXX object CMakeFiles/rtabmap_msgs__rosidl_typesupport_introspection_cpp.dir/rosidl_typesupport_introspection_cpp/rtabmap_msgs/msg/detail/rgbd_image__type_support.cpp.o[0m
[57.727s] [ 38%] [32mBuilding CXX object CMakeFiles/rtabmap_msgs__rosidl_typesupport_fastrtps_cpp.dir/rosidl_typesupport_fastrtps_cpp/rtabmap_msgs/srv/detail/dds_fastrtps/add_link__type_support.cpp.o[0m
[58.492s] [ 39%] [32mBuilding CXX object CMakeFiles/rtabmap_msgs__rosidl_typesupport_introspection_cpp.dir/rosidl_typesupport_introspection_cpp/rtabmap_msgs/msg/detail/rgbd_images__type_support.cpp.o[0m
[58.667s] [ 40%] [32mBuilding CXX object CMakeFiles/rtabmap_msgs__rosidl_typesupport_fastrtps_cpp.dir/rosidl_typesupport_fastrtps_cpp/rtabmap_msgs/srv/detail/dds_fastrtps/get_node_data__type_support.cpp.o[0m
[60.017s] [ 40%] [32mBuilding CXX object CMakeFiles/rtabmap_msgs__rosidl_typesupport_introspection_cpp.dir/rosidl_typesupport_introspection_cpp/rtabmap_msgs/msg/detail/user_data__type_support.cpp.o[0m
[60.444s] [ 40%] [32mBuilding CXX object CMakeFiles/rtabmap_msgs__rosidl_typesupport_fastrtps_cpp.dir/rosidl_typesupport_fastrtps_cpp/rtabmap_msgs/srv/detail/dds_fastrtps/get_nodes_in_radius__type_support.cpp.o[0m
[60.818s] [ 40%] [32mBuilding CXX object CMakeFiles/rtabmap_msgs__rosidl_typesupport_introspection_cpp.dir/rosidl_typesupport_introspection_cpp/rtabmap_msgs/msg/detail/gps__type_support.cpp.o[0m
[61.491s] [ 40%] [32mBuilding CXX object CMakeFiles/rtabmap_msgs__rosidl_typesupport_fastrtps_cpp.dir/rosidl_typesupport_fastrtps_cpp/rtabmap_msgs/srv/detail/dds_fastrtps/load_database__type_support.cpp.o[0m
[61.854s] [ 41%] [32mBuilding CXX object CMakeFiles/rtabmap_msgs__rosidl_typesupport_introspection_cpp.dir/rosidl_typesupport_introspection_cpp/rtabmap_msgs/msg/detail/path__type_support.cpp.o[0m
[62.303s] [ 42%] [32mBuilding CXX object CMakeFiles/rtabmap_msgs__rosidl_typesupport_fastrtps_cpp.dir/rosidl_typesupport_fastrtps_cpp/rtabmap_msgs/srv/detail/dds_fastrtps/detect_more_loop_closures__type_support.cpp.o[0m
[62.868s] [ 42%] [32mBuilding CXX object CMakeFiles/rtabmap_msgs__rosidl_typesupport_introspection_cpp.dir/rosidl_typesupport_introspection_cpp/rtabmap_msgs/msg/detail/env_sensor__type_support.cpp.o[0m
[63.357s] [ 42%] [32mBuilding CXX object CMakeFiles/rtabmap_msgs__rosidl_typesupport_fastrtps_cpp.dir/rosidl_typesupport_fastrtps_cpp/rtabmap_msgs/srv/detail/dds_fastrtps/global_bundle_adjustment__type_support.cpp.o[0m
[63.527s] [ 42%] [32mBuilding CXX object CMakeFiles/rtabmap_msgs__rosidl_typesupport_introspection_cpp.dir/rosidl_typesupport_introspection_cpp/rtabmap_msgs/msg/detail/camera_model__type_support.cpp.o[0m
[64.178s] [ 42%] [32mBuilding CXX object CMakeFiles/rtabmap_msgs__rosidl_typesupport_fastrtps_cpp.dir/rosidl_typesupport_fastrtps_cpp/rtabmap_msgs/srv/detail/dds_fastrtps/cleanup_local_grids__type_support.cpp.o[0m
[64.345s] [ 42%] [32mBuilding CXX object CMakeFiles/rtabmap_msgs__rosidl_typesupport_introspection_cpp.dir/rosidl_typesupport_introspection_cpp/rtabmap_msgs/msg/detail/camera_models__type_support.cpp.o[0m
[64.937s] [ 42%] [32m[1mLinking CXX shared library librtabmap_msgs__rosidl_typesupport_fastrtps_cpp.so[0m
[65.173s] [ 42%] Built target rtabmap_msgs__rosidl_typesupport_fastrtps_cpp
[65.402s] [ 43%] [32mBuilding CXX object CMakeFiles/rtabmap_msgs__rosidl_typesupport_introspection_cpp.dir/rosidl_typesupport_introspection_cpp/rtabmap_msgs/srv/detail/get_map__type_support.cpp.o[0m
[65.877s] running egg_info
[65.879s] writing rtabmap_msgs.egg-info/PKG-INFO
[65.879s] writing dependency_links to rtabmap_msgs.egg-info/dependency_links.txt
[65.880s] writing top-level names to rtabmap_msgs.egg-info/top_level.txt
[65.885s] reading manifest file 'rtabmap_msgs.egg-info/SOURCES.txt'
[65.896s] writing manifest file 'rtabmap_msgs.egg-info/SOURCES.txt'
[65.995s] [ 43%] Built target ament_cmake_python_build_rtabmap_msgs_egg
[66.164s] [35m[1mConsolidate compiler generated dependencies of target rtabmap_msgs__rosidl_typesupport_fastrtps_c[0m
[66.341s] [ 43%] [32mBuilding CXX object CMakeFiles/rtabmap_msgs__rosidl_typesupport_fastrtps_c.dir/rosidl_typesupport_fastrtps_c/rtabmap_msgs/msg/detail/info__type_support_c.cpp.o[0m
[66.506s] [ 43%] [32mBuilding CXX object CMakeFiles/rtabmap_msgs__rosidl_typesupport_introspection_cpp.dir/rosidl_typesupport_introspection_cpp/rtabmap_msgs/srv/detail/get_map2__type_support.cpp.o[0m
[67.259s] [ 43%] [32mBuilding CXX object CMakeFiles/rtabmap_msgs__rosidl_typesupport_fastrtps_c.dir/rosidl_typesupport_fastrtps_c/rtabmap_msgs/msg/detail/key_point__type_support_c.cpp.o[0m
[67.551s] [ 43%] [32mBuilding CXX object CMakeFiles/rtabmap_msgs__rosidl_typesupport_introspection_cpp.dir/rosidl_typesupport_introspection_cpp/rtabmap_msgs/srv/detail/list_labels__type_support.cpp.o[0m
[68.026s] [ 44%] [32mBuilding CXX object CMakeFiles/rtabmap_msgs__rosidl_typesupport_fastrtps_c.dir/rosidl_typesupport_fastrtps_c/rtabmap_msgs/msg/detail/global_descriptor__type_support_c.cpp.o[0m
[68.620s] [ 45%] [32mBuilding CXX object CMakeFiles/rtabmap_msgs__rosidl_typesupport_introspection_cpp.dir/rosidl_typesupport_introspection_cpp/rtabmap_msgs/srv/detail/publish_map__type_support.cpp.o[0m
[68.784s] [ 45%] [32mBuilding CXX object CMakeFiles/rtabmap_msgs__rosidl_typesupport_fastrtps_c.dir/rosidl_typesupport_fastrtps_c/rtabmap_msgs/msg/detail/scan_descriptor__type_support_c.cpp.o[0m
[69.597s] [ 45%] [32mBuilding CXX object CMakeFiles/rtabmap_msgs__rosidl_typesupport_introspection_cpp.dir/rosidl_typesupport_introspection_cpp/rtabmap_msgs/srv/detail/reset_pose__type_support.cpp.o[0m
[69.627s] [ 45%] [32mBuilding CXX object CMakeFiles/rtabmap_msgs__rosidl_typesupport_fastrtps_c.dir/rosidl_typesupport_fastrtps_c/rtabmap_msgs/msg/detail/map_data__type_support_c.cpp.o[0m
[70.256s] [ 45%] [32mBuilding CXX object CMakeFiles/rtabmap_msgs__rosidl_typesupport_introspection_cpp.dir/rosidl_typesupport_introspection_cpp/rtabmap_msgs/srv/detail/set_goal__type_support.cpp.o[0m
[70.322s] [ 45%] [32mBuilding CXX object CMakeFiles/rtabmap_msgs__rosidl_typesupport_fastrtps_c.dir/rosidl_typesupport_fastrtps_c/rtabmap_msgs/msg/detail/map_graph__type_support_c.cpp.o[0m
[71.001s] [ 46%] [32mBuilding CXX object CMakeFiles/rtabmap_msgs__rosidl_typesupport_fastrtps_c.dir/rosidl_typesupport_fastrtps_c/rtabmap_msgs/msg/detail/node__type_support_c.cpp.o[0m
[71.268s] [ 47%] [32mBuilding CXX object CMakeFiles/rtabmap_msgs__rosidl_typesupport_introspection_cpp.dir/rosidl_typesupport_introspection_cpp/rtabmap_msgs/srv/detail/set_label__type_support.cpp.o[0m
[71.848s] [ 47%] [32mBuilding CXX object CMakeFiles/rtabmap_msgs__rosidl_typesupport_fastrtps_c.dir/rosidl_typesupport_fastrtps_c/rtabmap_msgs/msg/detail/sensor_data__type_support_c.cpp.o[0m
[72.065s] [ 47%] [32mBuilding CXX object CMakeFiles/rtabmap_msgs__rosidl_typesupport_introspection_cpp.dir/rosidl_typesupport_introspection_cpp/rtabmap_msgs/srv/detail/remove_label__type_support.cpp.o[0m
[72.672s] [ 47%] [32mBuilding CXX object CMakeFiles/rtabmap_msgs__rosidl_typesupport_fastrtps_c.dir/rosidl_typesupport_fastrtps_c/rtabmap_msgs/msg/detail/link__type_support_c.cpp.o[0m
[72.732s] [ 47%] [32mBuilding CXX object CMakeFiles/rtabmap_msgs__rosidl_typesupport_introspection_cpp.dir/rosidl_typesupport_introspection_cpp/rtabmap_msgs/srv/detail/get_plan__type_support.cpp.o[0m
[73.229s] [ 48%] [32mBuilding CXX object CMakeFiles/rtabmap_msgs__rosidl_typesupport_fastrtps_c.dir/rosidl_typesupport_fastrtps_c/rtabmap_msgs/msg/detail/landmark_detection__type_support_c.cpp.o[0m
[73.409s] [ 48%] [32mBuilding CXX object CMakeFiles/rtabmap_msgs__rosidl_typesupport_introspection_cpp.dir/rosidl_typesupport_introspection_cpp/rtabmap_msgs/srv/detail/add_link__type_support.cpp.o[0m
[73.839s] [ 48%] [32mBuilding CXX object CMakeFiles/rtabmap_msgs__rosidl_typesupport_fastrtps_c.dir/rosidl_typesupport_fastrtps_c/rtabmap_msgs/msg/detail/landmark_detections__type_support_c.cpp.o[0m
[74.012s] [ 49%] [32mBuilding CXX object CMakeFiles/rtabmap_msgs__rosidl_typesupport_introspection_cpp.dir/rosidl_typesupport_introspection_cpp/rtabmap_msgs/srv/detail/get_node_data__type_support.cpp.o[0m
[74.374s] [ 49%] [32mBuilding CXX object CMakeFiles/rtabmap_msgs__rosidl_typesupport_fastrtps_c.dir/rosidl_typesupport_fastrtps_c/rtabmap_msgs/msg/detail/odom_info__type_support_c.cpp.o[0m
[75.133s] [ 50%] [32mBuilding CXX object CMakeFiles/rtabmap_msgs__rosidl_typesupport_fastrtps_c.dir/rosidl_typesupport_fastrtps_c/rtabmap_msgs/msg/detail/point2f__type_support_c.cpp.o[0m
[75.672s] [ 50%] [32mBuilding CXX object CMakeFiles/rtabmap_msgs__rosidl_typesupport_fastrtps_c.dir/rosidl_typesupport_fastrtps_c/rtabmap_msgs/msg/detail/point3f__type_support_c.cpp.o[0m
[76.112s] [ 50%] [32mBuilding CXX object CMakeFiles/rtabmap_msgs__rosidl_typesupport_introspection_cpp.dir/rosidl_typesupport_introspection_cpp/rtabmap_msgs/srv/detail/get_nodes_in_radius__type_support.cpp.o[0m
[76.211s] [ 50%] [32mBuilding CXX object CMakeFiles/rtabmap_msgs__rosidl_typesupport_fastrtps_c.dir/rosidl_typesupport_fastrtps_c/rtabmap_msgs/msg/detail/goal__type_support_c.cpp.o[0m
[76.815s] [ 50%] [32mBuilding CXX object CMakeFiles/rtabmap_msgs__rosidl_typesupport_fastrtps_c.dir/rosidl_typesupport_fastrtps_c/rtabmap_msgs/msg/detail/rgbd_image__type_support_c.cpp.o[0m
[76.903s] [ 50%] [32mBuilding CXX object CMakeFiles/rtabmap_msgs__rosidl_typesupport_introspection_cpp.dir/rosidl_typesupport_introspection_cpp/rtabmap_msgs/srv/detail/load_database__type_support.cpp.o[0m
[77.430s] [ 51%] [32mBuilding CXX object CMakeFiles/rtabmap_msgs__rosidl_typesupport_fastrtps_c.dir/rosidl_typesupport_fastrtps_c/rtabmap_msgs/msg/detail/rgbd_images__type_support_c.cpp.o[0m
[77.509s] [ 52%] [32mBuilding CXX object CMakeFiles/rtabmap_msgs__rosidl_typesupport_introspection_cpp.dir/rosidl_typesupport_introspection_cpp/rtabmap_msgs/srv/detail/detect_more_loop_closures__type_support.cpp.o[0m
[78.003s] [ 52%] [32mBuilding CXX object CMakeFiles/rtabmap_msgs__rosidl_typesupport_fastrtps_c.dir/rosidl_typesupport_fastrtps_c/rtabmap_msgs/msg/detail/user_data__type_support_c.cpp.o[0m
[78.119s] [ 52%] [32mBuilding CXX object CMakeFiles/rtabmap_msgs__rosidl_typesupport_introspection_cpp.dir/rosidl_typesupport_introspection_cpp/rtabmap_msgs/srv/detail/global_bundle_adjustment__type_support.cpp.o[0m
[78.578s] [ 52%] [32mBuilding CXX object CMakeFiles/rtabmap_msgs__rosidl_typesupport_fastrtps_c.dir/rosidl_typesupport_fastrtps_c/rtabmap_msgs/msg/detail/gps__type_support_c.cpp.o[0m
[78.714s] [ 52%] [32mBuilding CXX object CMakeFiles/rtabmap_msgs__rosidl_typesupport_introspection_cpp.dir/rosidl_typesupport_introspection_cpp/rtabmap_msgs/srv/detail/cleanup_local_grids__type_support.cpp.o[0m
[79.130s] [ 53%] [32mBuilding CXX object CMakeFiles/rtabmap_msgs__rosidl_typesupport_fastrtps_c.dir/rosidl_typesupport_fastrtps_c/rtabmap_msgs/msg/detail/path__type_support_c.cpp.o[0m
[79.308s] [ 54%] [32m[1mLinking CXX shared library librtabmap_msgs__rosidl_typesupport_introspection_cpp.so[0m
[79.461s] [ 55%] Built target rtabmap_msgs__rosidl_typesupport_introspection_cpp
[79.546s] [35m[1mConsolidate compiler generated dependencies of target rtabmap_msgs__rosidl_typesupport_introspection_c[0m
[79.607s] [ 55%] [32mBuilding C object CMakeFiles/rtabmap_msgs__rosidl_typesupport_introspection_c.dir/rosidl_typesupport_introspection_c/rtabmap_msgs/msg/detail/info__type_support.c.o[0m
[79.704s] [ 55%] [32mBuilding CXX object CMakeFiles/rtabmap_msgs__rosidl_typesupport_fastrtps_c.dir/rosidl_typesupport_fastrtps_c/rtabmap_msgs/msg/detail/env_sensor__type_support_c.cpp.o[0m
[79.808s] [ 55%] [32mBuilding C object CMakeFiles/rtabmap_msgs__rosidl_typesupport_introspection_c.dir/rosidl_typesupport_introspection_c/rtabmap_msgs/msg/detail/key_point__type_support.c.o[0m
[79.890s] [ 56%] [32mBuilding C object CMakeFiles/rtabmap_msgs__rosidl_typesupport_introspection_c.dir/rosidl_typesupport_introspection_c/rtabmap_msgs/msg/detail/global_descriptor__type_support.c.o[0m
[79.978s] [ 56%] [32mBuilding C object CMakeFiles/rtabmap_msgs__rosidl_typesupport_introspection_c.dir/rosidl_typesupport_introspection_c/rtabmap_msgs/msg/detail/scan_descriptor__type_support.c.o[0m
[80.069s] [ 56%] [32mBuilding C object CMakeFiles/rtabmap_msgs__rosidl_typesupport_introspection_c.dir/rosidl_typesupport_introspection_c/rtabmap_msgs/msg/detail/map_data__type_support.c.o[0m
[80.153s] [ 57%] [32mBuilding C object CMakeFiles/rtabmap_msgs__rosidl_typesupport_introspection_c.dir/rosidl_typesupport_introspection_c/rtabmap_msgs/msg/detail/map_graph__type_support.c.o[0m
[80.261s] [ 57%] [32mBuilding CXX object CMakeFiles/rtabmap_msgs__rosidl_typesupport_fastrtps_c.dir/rosidl_typesupport_fastrtps_c/rtabmap_msgs/msg/detail/camera_model__type_support_c.cpp.o[0m
[80.262s] [ 57%] [32mBuilding C object CMakeFiles/rtabmap_msgs__rosidl_typesupport_introspection_c.dir/rosidl_typesupport_introspection_c/rtabmap_msgs/msg/detail/node__type_support.c.o[0m
[80.396s] [ 57%] [32mBuilding C object CMakeFiles/rtabmap_msgs__rosidl_typesupport_introspection_c.dir/rosidl_typesupport_introspection_c/rtabmap_msgs/msg/detail/sensor_data__type_support.c.o[0m
[80.644s] [ 57%] [32mBuilding C object CMakeFiles/rtabmap_msgs__rosidl_typesupport_introspection_c.dir/rosidl_typesupport_introspection_c/rtabmap_msgs/msg/detail/link__type_support.c.o[0m
[80.719s] [ 58%] [32mBuilding C object CMakeFiles/rtabmap_msgs__rosidl_typesupport_introspection_c.dir/rosidl_typesupport_introspection_c/rtabmap_msgs/msg/detail/landmark_detection__type_support.c.o[0m
[80.785s] [ 59%] [32mBuilding CXX object CMakeFiles/rtabmap_msgs__rosidl_typesupport_fastrtps_c.dir/rosidl_typesupport_fastrtps_c/rtabmap_msgs/msg/detail/camera_models__type_support_c.cpp.o[0m
[80.813s] [ 59%] [32mBuilding C object CMakeFiles/rtabmap_msgs__rosidl_typesupport_introspection_c.dir/rosidl_typesupport_introspection_c/rtabmap_msgs/msg/detail/landmark_detections__type_support.c.o[0m
[80.900s] [ 59%] [32mBuilding C object CMakeFiles/rtabmap_msgs__rosidl_typesupport_introspection_c.dir/rosidl_typesupport_introspection_c/rtabmap_msgs/msg/detail/odom_info__type_support.c.o[0m
[81.113s] [ 60%] [32mBuilding C object CMakeFiles/rtabmap_msgs__rosidl_typesupport_introspection_c.dir/rosidl_typesupport_introspection_c/rtabmap_msgs/msg/detail/point2f__type_support.c.o[0m
[81.178s] [ 60%] [32mBuilding C object CMakeFiles/rtabmap_msgs__rosidl_typesupport_introspection_c.dir/rosidl_typesupport_introspection_c/rtabmap_msgs/msg/detail/point3f__type_support.c.o[0m
[81.208s] [ 60%] [32mBuilding CXX object CMakeFiles/rtabmap_msgs__rosidl_typesupport_fastrtps_c.dir/rosidl_typesupport_fastrtps_c/rtabmap_msgs/srv/detail/get_map__type_support_c.cpp.o[0m
[81.246s] [ 60%] [32mBuilding C object CMakeFiles/rtabmap_msgs__rosidl_typesupport_introspection_c.dir/rosidl_typesupport_introspection_c/rtabmap_msgs/msg/detail/goal__type_support.c.o[0m
[81.321s] [ 61%] [32mBuilding C object CMakeFiles/rtabmap_msgs__rosidl_typesupport_introspection_c.dir/rosidl_typesupport_introspection_c/rtabmap_msgs/msg/detail/rgbd_image__type_support.c.o[0m
[81.429s] [ 61%] [32mBuilding C object CMakeFiles/rtabmap_msgs__rosidl_typesupport_introspection_c.dir/rosidl_typesupport_introspection_c/rtabmap_msgs/msg/detail/rgbd_images__type_support.c.o[0m
[81.514s] [ 61%] [32mBuilding C object CMakeFiles/rtabmap_msgs__rosidl_typesupport_introspection_c.dir/rosidl_typesupport_introspection_c/rtabmap_msgs/msg/detail/user_data__type_support.c.o[0m
[81.594s] [ 61%] [32mBuilding C object CMakeFiles/rtabmap_msgs__rosidl_typesupport_introspection_c.dir/rosidl_typesupport_introspection_c/rtabmap_msgs/msg/detail/gps__type_support.c.o[0m
[81.658s] [ 61%] [32mBuilding CXX object CMakeFiles/rtabmap_msgs__rosidl_typesupport_fastrtps_c.dir/rosidl_typesupport_fastrtps_c/rtabmap_msgs/srv/detail/get_map2__type_support_c.cpp.o[0m
[81.661s] [ 62%] [32mBuilding C object CMakeFiles/rtabmap_msgs__rosidl_typesupport_introspection_c.dir/rosidl_typesupport_introspection_c/rtabmap_msgs/msg/detail/path__type_support.c.o[0m
[81.733s] [ 62%] [32mBuilding C object CMakeFiles/rtabmap_msgs__rosidl_typesupport_introspection_c.dir/rosidl_typesupport_introspection_c/rtabmap_msgs/msg/detail/env_sensor__type_support.c.o[0m
[81.780s] [ 62%] [32mBuilding C object CMakeFiles/rtabmap_msgs__rosidl_typesupport_introspection_c.dir/rosidl_typesupport_introspection_c/rtabmap_msgs/msg/detail/camera_model__type_support.c.o[0m
[81.846s] [ 63%] [32mBuilding C object CMakeFiles/rtabmap_msgs__rosidl_typesupport_introspection_c.dir/rosidl_typesupport_introspection_c/rtabmap_msgs/msg/detail/camera_models__type_support.c.o[0m
[81.935s] [ 63%] [32mBuilding C object CMakeFiles/rtabmap_msgs__rosidl_typesupport_introspection_c.dir/rosidl_typesupport_introspection_c/rtabmap_msgs/srv/detail/get_map__type_support.c.o[0m
[82.018s] [ 63%] [32mBuilding C object CMakeFiles/rtabmap_msgs__rosidl_typesupport_introspection_c.dir/rosidl_typesupport_introspection_c/rtabmap_msgs/srv/detail/get_map2__type_support.c.o[0m
[82.097s] [ 63%] [32mBuilding C object CMakeFiles/rtabmap_msgs__rosidl_typesupport_introspection_c.dir/rosidl_typesupport_introspection_c/rtabmap_msgs/srv/detail/list_labels__type_support.c.o[0m
[82.196s] [ 64%] [32mBuilding C object CMakeFiles/rtabmap_msgs__rosidl_typesupport_introspection_c.dir/rosidl_typesupport_introspection_c/rtabmap_msgs/srv/detail/publish_map__type_support.c.o[0m
[82.252s] [ 64%] [32mBuilding CXX object CMakeFiles/rtabmap_msgs__rosidl_typesupport_fastrtps_c.dir/rosidl_typesupport_fastrtps_c/rtabmap_msgs/srv/detail/list_labels__type_support_c.cpp.o[0m
[82.277s] [ 64%] [32mBuilding C object CMakeFiles/rtabmap_msgs__rosidl_typesupport_introspection_c.dir/rosidl_typesupport_introspection_c/rtabmap_msgs/srv/detail/reset_pose__type_support.c.o[0m
[82.352s] [ 64%] [32mBuilding C object CMakeFiles/rtabmap_msgs__rosidl_typesupport_introspection_c.dir/rosidl_typesupport_introspection_c/rtabmap_msgs/srv/detail/set_goal__type_support.c.o[0m
[82.452s] [ 65%] [32mBuilding C object CMakeFiles/rtabmap_msgs__rosidl_typesupport_introspection_c.dir/rosidl_typesupport_introspection_c/rtabmap_msgs/srv/detail/set_label__type_support.c.o[0m
[82.531s] [ 65%] [32mBuilding C object CMakeFiles/rtabmap_msgs__rosidl_typesupport_introspection_c.dir/rosidl_typesupport_introspection_c/rtabmap_msgs/srv/detail/remove_label__type_support.c.o[0m
[82.607s] [ 65%] [32mBuilding C object CMakeFiles/rtabmap_msgs__rosidl_typesupport_introspection_c.dir/rosidl_typesupport_introspection_c/rtabmap_msgs/srv/detail/get_plan__type_support.c.o[0m
[82.945s] [ 66%] [32mBuilding CXX object CMakeFiles/rtabmap_msgs__rosidl_typesupport_fastrtps_c.dir/rosidl_typesupport_fastrtps_c/rtabmap_msgs/srv/detail/publish_map__type_support_c.cpp.o[0m
[82.945s] [ 67%] [32mBuilding C object CMakeFiles/rtabmap_msgs__rosidl_typesupport_introspection_c.dir/rosidl_typesupport_introspection_c/rtabmap_msgs/srv/detail/add_link__type_support.c.o[0m
[83.043s] [ 67%] [32mBuilding C object CMakeFiles/rtabmap_msgs__rosidl_typesupport_introspection_c.dir/rosidl_typesupport_introspection_c/rtabmap_msgs/srv/detail/get_node_data__type_support.c.o[0m
[83.150s] [ 67%] [32mBuilding C object CMakeFiles/rtabmap_msgs__rosidl_typesupport_introspection_c.dir/rosidl_typesupport_introspection_c/rtabmap_msgs/srv/detail/get_nodes_in_radius__type_support.c.o[0m
[83.264s] [ 67%] [32mBuilding C object CMakeFiles/rtabmap_msgs__rosidl_typesupport_introspection_c.dir/rosidl_typesupport_introspection_c/rtabmap_msgs/srv/detail/load_database__type_support.c.o[0m
[83.349s] [ 68%] [32mBuilding C object CMakeFiles/rtabmap_msgs__rosidl_typesupport_introspection_c.dir/rosidl_typesupport_introspection_c/rtabmap_msgs/srv/detail/detect_more_loop_closures__type_support.c.o[0m
[83.431s] [ 68%] [32mBuilding C object CMakeFiles/rtabmap_msgs__rosidl_typesupport_introspection_c.dir/rosidl_typesupport_introspection_c/rtabmap_msgs/srv/detail/global_bundle_adjustment__type_support.c.o[0m
[83.504s] [ 68%] [32mBuilding C object CMakeFiles/rtabmap_msgs__rosidl_typesupport_introspection_c.dir/rosidl_typesupport_introspection_c/rtabmap_msgs/srv/detail/cleanup_local_grids__type_support.c.o[0m
[83.506s] [ 68%] [32mBuilding CXX object CMakeFiles/rtabmap_msgs__rosidl_typesupport_fastrtps_c.dir/rosidl_typesupport_fastrtps_c/rtabmap_msgs/srv/detail/reset_pose__type_support_c.cpp.o[0m
[83.580s] [ 69%] [32m[1mLinking C shared library librtabmap_msgs__rosidl_typesupport_introspection_c.so[0m
[83.663s] [ 70%] Built target rtabmap_msgs__rosidl_typesupport_introspection_c
[83.679s] [ 70%] [32mBuilding CXX object CMakeFiles/rtabmap_msgs__rosidl_typesupport_fastrtps_c.dir/rosidl_typesupport_fastrtps_c/rtabmap_msgs/srv/detail/set_goal__type_support_c.cpp.o[0m
[83.929s] [ 71%] [32mBuilding CXX object CMakeFiles/rtabmap_msgs__rosidl_typesupport_fastrtps_c.dir/rosidl_typesupport_fastrtps_c/rtabmap_msgs/srv/detail/set_label__type_support_c.cpp.o[0m
[84.347s] [ 71%] [32mBuilding CXX object CMakeFiles/rtabmap_msgs__rosidl_typesupport_fastrtps_c.dir/rosidl_typesupport_fastrtps_c/rtabmap_msgs/srv/detail/remove_label__type_support_c.cpp.o[0m
[84.369s] [ 71%] [32mBuilding CXX object CMakeFiles/rtabmap_msgs__rosidl_typesupport_fastrtps_c.dir/rosidl_typesupport_fastrtps_c/rtabmap_msgs/srv/detail/get_plan__type_support_c.cpp.o[0m
[84.776s] [ 72%] [32mBuilding CXX object CMakeFiles/rtabmap_msgs__rosidl_typesupport_fastrtps_c.dir/rosidl_typesupport_fastrtps_c/rtabmap_msgs/srv/detail/add_link__type_support_c.cpp.o[0m
[84.977s] [ 72%] [32mBuilding CXX object CMakeFiles/rtabmap_msgs__rosidl_typesupport_fastrtps_c.dir/rosidl_typesupport_fastrtps_c/rtabmap_msgs/srv/detail/get_node_data__type_support_c.cpp.o[0m
[85.229s] [ 72%] [32mBuilding CXX object CMakeFiles/rtabmap_msgs__rosidl_typesupport_fastrtps_c.dir/rosidl_typesupport_fastrtps_c/rtabmap_msgs/srv/detail/get_nodes_in_radius__type_support_c.cpp.o[0m
[85.634s] [35m[1mConsolidate compiler generated dependencies of target rtabmap_msgs__rosidl_typesupport_c[0m
[85.668s] [ 72%] [32mBuilding CXX object CMakeFiles/rtabmap_msgs__rosidl_typesupport_c.dir/rosidl_typesupport_c/rtabmap_msgs/msg/info__type_support.cpp.o[0m
[85.726s] [ 72%] [32mBuilding CXX object CMakeFiles/rtabmap_msgs__rosidl_typesupport_c.dir/rosidl_typesupport_c/rtabmap_msgs/msg/key_point__type_support.cpp.o[0m
[85.775s] [ 72%] [32mBuilding CXX object CMakeFiles/rtabmap_msgs__rosidl_typesupport_c.dir/rosidl_typesupport_c/rtabmap_msgs/msg/global_descriptor__type_support.cpp.o[0m
[85.835s] [ 73%] [32mBuilding CXX object CMakeFiles/rtabmap_msgs__rosidl_typesupport_c.dir/rosidl_typesupport_c/rtabmap_msgs/msg/scan_descriptor__type_support.cpp.o[0m
[85.843s] [ 73%] [32mBuilding CXX object CMakeFiles/rtabmap_msgs__rosidl_typesupport_fastrtps_c.dir/rosidl_typesupport_fastrtps_c/rtabmap_msgs/srv/detail/load_database__type_support_c.cpp.o[0m
[85.889s] [ 73%] [32mBuilding CXX object CMakeFiles/rtabmap_msgs__rosidl_typesupport_c.dir/rosidl_typesupport_c/rtabmap_msgs/msg/map_data__type_support.cpp.o[0m
[85.942s] [ 73%] [32mBuilding CXX object CMakeFiles/rtabmap_msgs__rosidl_typesupport_c.dir/rosidl_typesupport_c/rtabmap_msgs/msg/map_graph__type_support.cpp.o[0m
[86.001s] [ 74%] [32mBuilding CXX object CMakeFiles/rtabmap_msgs__rosidl_typesupport_c.dir/rosidl_typesupport_c/rtabmap_msgs/msg/node__type_support.cpp.o[0m
[86.068s] [ 74%] [32mBuilding CXX object CMakeFiles/rtabmap_msgs__rosidl_typesupport_c.dir/rosidl_typesupport_c/rtabmap_msgs/msg/sensor_data__type_support.cpp.o[0m
[86.135s] [ 74%] [32mBuilding CXX object CMakeFiles/rtabmap_msgs__rosidl_typesupport_c.dir/rosidl_typesupport_c/rtabmap_msgs/msg/link__type_support.cpp.o[0m
[86.187s] [ 75%] [32mBuilding CXX object CMakeFiles/rtabmap_msgs__rosidl_typesupport_c.dir/rosidl_typesupport_c/rtabmap_msgs/msg/landmark_detection__type_support.cpp.o[0m
[86.247s] [ 75%] [32mBuilding CXX object CMakeFiles/rtabmap_msgs__rosidl_typesupport_c.dir/rosidl_typesupport_c/rtabmap_msgs/msg/landmark_detections__type_support.cpp.o[0m
[86.309s] [ 75%] [32mBuilding CXX object CMakeFiles/rtabmap_msgs__rosidl_typesupport_c.dir/rosidl_typesupport_c/rtabmap_msgs/msg/odom_info__type_support.cpp.o[0m
[86.372s] [ 75%] [32mBuilding CXX object CMakeFiles/rtabmap_msgs__rosidl_typesupport_c.dir/rosidl_typesupport_c/rtabmap_msgs/msg/point2f__type_support.cpp.o[0m
[86.426s] [ 76%] [32mBuilding CXX object CMakeFiles/rtabmap_msgs__rosidl_typesupport_c.dir/rosidl_typesupport_c/rtabmap_msgs/msg/point3f__type_support.cpp.o[0m
[86.456s] [ 77%] [32mBuilding CXX object CMakeFiles/rtabmap_msgs__rosidl_typesupport_fastrtps_c.dir/rosidl_typesupport_fastrtps_c/rtabmap_msgs/srv/detail/detect_more_loop_closures__type_support_c.cpp.o[0m
[86.478s] [ 77%] [32mBuilding CXX object CMakeFiles/rtabmap_msgs__rosidl_typesupport_c.dir/rosidl_typesupport_c/rtabmap_msgs/msg/goal__type_support.cpp.o[0m
[86.535s] [ 77%] [32mBuilding CXX object CMakeFiles/rtabmap_msgs__rosidl_typesupport_c.dir/rosidl_typesupport_c/rtabmap_msgs/msg/rgbd_image__type_support.cpp.o[0m
[86.592s] [ 78%] [32mBuilding CXX object CMakeFiles/rtabmap_msgs__rosidl_typesupport_c.dir/rosidl_typesupport_c/rtabmap_msgs/msg/rgbd_images__type_support.cpp.o[0m
[86.653s] [ 78%] [32mBuilding CXX object CMakeFiles/rtabmap_msgs__rosidl_typesupport_c.dir/rosidl_typesupport_c/rtabmap_msgs/msg/user_data__type_support.cpp.o[0m
[86.708s] [ 78%] [32mBuilding CXX object CMakeFiles/rtabmap_msgs__rosidl_typesupport_c.dir/rosidl_typesupport_c/rtabmap_msgs/msg/gps__type_support.cpp.o[0m
[86.772s] [ 79%] [32mBuilding CXX object CMakeFiles/rtabmap_msgs__rosidl_typesupport_c.dir/rosidl_typesupport_c/rtabmap_msgs/msg/path__type_support.cpp.o[0m
[86.837s] [ 79%] [32mBuilding CXX object CMakeFiles/rtabmap_msgs__rosidl_typesupport_c.dir/rosidl_typesupport_c/rtabmap_msgs/msg/env_sensor__type_support.cpp.o[0m
[86.896s] [ 79%] [32mBuilding CXX object CMakeFiles/rtabmap_msgs__rosidl_typesupport_c.dir/rosidl_typesupport_c/rtabmap_msgs/msg/camera_model__type_support.cpp.o[0m
[86.954s] [ 79%] [32mBuilding CXX object CMakeFiles/rtabmap_msgs__rosidl_typesupport_c.dir/rosidl_typesupport_c/rtabmap_msgs/msg/camera_models__type_support.cpp.o[0m
[86.996s] [ 79%] [32mBuilding CXX object CMakeFiles/rtabmap_msgs__rosidl_typesupport_fastrtps_c.dir/rosidl_typesupport_fastrtps_c/rtabmap_msgs/srv/detail/global_bundle_adjustment__type_support_c.cpp.o[0m
[87.007s] [ 80%] [32mBuilding CXX object CMakeFiles/rtabmap_msgs__rosidl_typesupport_c.dir/rosidl_typesupport_c/rtabmap_msgs/srv/get_map__type_support.cpp.o[0m
[87.058s] [ 80%] [32mBuilding CXX object CMakeFiles/rtabmap_msgs__rosidl_typesupport_c.dir/rosidl_typesupport_c/rtabmap_msgs/srv/get_map2__type_support.cpp.o[0m
[87.103s] [ 80%] [32mBuilding CXX object CMakeFiles/rtabmap_msgs__rosidl_typesupport_c.dir/rosidl_typesupport_c/rtabmap_msgs/srv/list_labels__type_support.cpp.o[0m
[87.151s] [ 81%] [32mBuilding CXX object CMakeFiles/rtabmap_msgs__rosidl_typesupport_c.dir/rosidl_typesupport_c/rtabmap_msgs/srv/publish_map__type_support.cpp.o[0m
[87.188s] [ 81%] [32mBuilding CXX object CMakeFiles/rtabmap_msgs__rosidl_typesupport_c.dir/rosidl_typesupport_c/rtabmap_msgs/srv/reset_pose__type_support.cpp.o[0m
[87.237s] [ 81%] [32mBuilding CXX object CMakeFiles/rtabmap_msgs__rosidl_typesupport_c.dir/rosidl_typesupport_c/rtabmap_msgs/srv/set_goal__type_support.cpp.o[0m
[87.283s] [ 82%] [32mBuilding CXX object CMakeFiles/rtabmap_msgs__rosidl_typesupport_c.dir/rosidl_typesupport_c/rtabmap_msgs/srv/set_label__type_support.cpp.o[0m
[87.324s] [ 82%] [32mBuilding CXX object CMakeFiles/rtabmap_msgs__rosidl_typesupport_c.dir/rosidl_typesupport_c/rtabmap_msgs/srv/remove_label__type_support.cpp.o[0m
[87.389s] [ 82%] [32mBuilding CXX object CMakeFiles/rtabmap_msgs__rosidl_typesupport_c.dir/rosidl_typesupport_c/rtabmap_msgs/srv/get_plan__type_support.cpp.o[0m
[87.456s] [ 82%] [32mBuilding CXX object CMakeFiles/rtabmap_msgs__rosidl_typesupport_c.dir/rosidl_typesupport_c/rtabmap_msgs/srv/add_link__type_support.cpp.o[0m
[87.514s] [ 83%] [32mBuilding CXX object CMakeFiles/rtabmap_msgs__rosidl_typesupport_c.dir/rosidl_typesupport_c/rtabmap_msgs/srv/get_node_data__type_support.cpp.o[0m
[87.552s] [ 83%] [32mBuilding CXX object CMakeFiles/rtabmap_msgs__rosidl_typesupport_fastrtps_c.dir/rosidl_typesupport_fastrtps_c/rtabmap_msgs/srv/detail/cleanup_local_grids__type_support_c.cpp.o[0m
[87.583s] [ 83%] [32mBuilding CXX object CMakeFiles/rtabmap_msgs__rosidl_typesupport_c.dir/rosidl_typesupport_c/rtabmap_msgs/srv/get_nodes_in_radius__type_support.cpp.o[0m
[87.643s] [ 83%] [32mBuilding CXX object CMakeFiles/rtabmap_msgs__rosidl_typesupport_c.dir/rosidl_typesupport_c/rtabmap_msgs/srv/load_database__type_support.cpp.o[0m
[87.701s] [ 84%] [32mBuilding CXX object CMakeFiles/rtabmap_msgs__rosidl_typesupport_c.dir/rosidl_typesupport_c/rtabmap_msgs/srv/detect_more_loop_closures__type_support.cpp.o[0m
[87.758s] [ 84%] [32mBuilding CXX object CMakeFiles/rtabmap_msgs__rosidl_typesupport_c.dir/rosidl_typesupport_c/rtabmap_msgs/srv/global_bundle_adjustment__type_support.cpp.o[0m
[87.816s] [ 84%] [32mBuilding CXX object CMakeFiles/rtabmap_msgs__rosidl_typesupport_c.dir/rosidl_typesupport_c/rtabmap_msgs/srv/cleanup_local_grids__type_support.cpp.o[0m
[87.885s] [ 85%] [32m[1mLinking CXX shared library librtabmap_msgs__rosidl_typesupport_c.so[0m
[87.980s] [ 86%] Built target rtabmap_msgs__rosidl_typesupport_c
[88.107s] [ 87%] [32m[1mLinking CXX shared library librtabmap_msgs__rosidl_typesupport_fastrtps_c.so[0m
[88.249s] [ 88%] Built target rtabmap_msgs__rosidl_typesupport_fastrtps_c
[88.286s] [ 88%] Built target rtabmap_msgs
[88.328s] [ 88%] Built target rtabmap_msgs__py
[88.431s] [35m[1mConsolidate compiler generated dependencies of target rtabmap_msgs__rosidl_generator_py[0m
[88.508s] [ 88%] [32mBuilding C object CMakeFiles/rtabmap_msgs__rosidl_generator_py.dir/rosidl_generator_py/rtabmap_msgs/msg/_key_point_s.c.o[0m
[88.508s] [ 89%] [32mBuilding C object CMakeFiles/rtabmap_msgs__rosidl_generator_py.dir/rosidl_generator_py/rtabmap_msgs/msg/_info_s.c.o[0m
[88.721s] [ 89%] [32mBuilding C object CMakeFiles/rtabmap_msgs__rosidl_generator_py.dir/rosidl_generator_py/rtabmap_msgs/msg/_global_descriptor_s.c.o[0m
[89.008s] [ 90%] [32mBuilding C object CMakeFiles/rtabmap_msgs__rosidl_generator_py.dir/rosidl_generator_py/rtabmap_msgs/msg/_scan_descriptor_s.c.o[0m
[89.225s] [ 90%] [32mBuilding C object CMakeFiles/rtabmap_msgs__rosidl_generator_py.dir/rosidl_generator_py/rtabmap_msgs/msg/_map_data_s.c.o[0m
[89.354s] [ 90%] [32mBuilding C object CMakeFiles/rtabmap_msgs__rosidl_generator_py.dir/rosidl_generator_py/rtabmap_msgs/msg/_map_graph_s.c.o[0m
[89.490s] [ 90%] [32mBuilding C object CMakeFiles/rtabmap_msgs__rosidl_generator_py.dir/rosidl_generator_py/rtabmap_msgs/msg/_node_s.c.o[0m
[89.638s] [ 91%] [32mBuilding C object CMakeFiles/rtabmap_msgs__rosidl_generator_py.dir/rosidl_generator_py/rtabmap_msgs/msg/_sensor_data_s.c.o[0m
[89.923s] [ 91%] [32mBuilding C object CMakeFiles/rtabmap_msgs__rosidl_generator_py.dir/rosidl_generator_py/rtabmap_msgs/msg/_link_s.c.o[0m
[90.154s] [ 91%] [32mBuilding C object CMakeFiles/rtabmap_msgs__rosidl_generator_py.dir/rosidl_generator_py/rtabmap_msgs/msg/_landmark_detection_s.c.o[0m
[90.387s] [ 92%] [32mBuilding C object CMakeFiles/rtabmap_msgs__rosidl_generator_py.dir/rosidl_generator_py/rtabmap_msgs/msg/_landmark_detections_s.c.o[0m
[90.525s] [ 92%] [32mBuilding C object CMakeFiles/rtabmap_msgs__rosidl_generator_py.dir/rosidl_generator_py/rtabmap_msgs/msg/_odom_info_s.c.o[0m
[90.616s] [ 92%] [32mBuilding C object CMakeFiles/rtabmap_msgs__rosidl_generator_py.dir/rosidl_generator_py/rtabmap_msgs/msg/_point2f_s.c.o[0m
[90.844s] [ 93%] [32mBuilding C object CMakeFiles/rtabmap_msgs__rosidl_generator_py.dir/rosidl_generator_py/rtabmap_msgs/msg/_point3f_s.c.o[0m
[91.067s] [ 93%] [32mBuilding C object CMakeFiles/rtabmap_msgs__rosidl_generator_py.dir/rosidl_generator_py/rtabmap_msgs/msg/_goal_s.c.o[0m
[91.276s] [ 93%] [32mBuilding C object CMakeFiles/rtabmap_msgs__rosidl_generator_py.dir/rosidl_generator_py/rtabmap_msgs/msg/_rgbd_image_s.c.o[0m
[91.283s] [ 93%] [32mBuilding C object CMakeFiles/rtabmap_msgs__rosidl_generator_py.dir/rosidl_generator_py/rtabmap_msgs/msg/_rgbd_images_s.c.o[0m
[91.515s] [ 94%] [32mBuilding C object CMakeFiles/rtabmap_msgs__rosidl_generator_py.dir/rosidl_generator_py/rtabmap_msgs/msg/_user_data_s.c.o[0m
[91.613s] [ 94%] [32mBuilding C object CMakeFiles/rtabmap_msgs__rosidl_generator_py.dir/rosidl_generator_py/rtabmap_msgs/msg/_gps_s.c.o[0m
[91.741s] [ 94%] [32mBuilding C object CMakeFiles/rtabmap_msgs__rosidl_generator_py.dir/rosidl_generator_py/rtabmap_msgs/msg/_path_s.c.o[0m
[91.822s] [ 95%] [32mBuilding C object CMakeFiles/rtabmap_msgs__rosidl_generator_py.dir/rosidl_generator_py/rtabmap_msgs/msg/_env_sensor_s.c.o[0m
[92.005s] [ 95%] [32mBuilding C object CMakeFiles/rtabmap_msgs__rosidl_generator_py.dir/rosidl_generator_py/rtabmap_msgs/msg/_camera_model_s.c.o[0m
[92.014s] [ 95%] [32mBuilding C object CMakeFiles/rtabmap_msgs__rosidl_generator_py.dir/rosidl_generator_py/rtabmap_msgs/msg/_camera_models_s.c.o[0m
[92.197s] [ 96%] [32mBuilding C object CMakeFiles/rtabmap_msgs__rosidl_generator_py.dir/rosidl_generator_py/rtabmap_msgs/srv/_get_map_s.c.o[0m
[92.248s] [ 96%] [32mBuilding C object CMakeFiles/rtabmap_msgs__rosidl_generator_py.dir/rosidl_generator_py/rtabmap_msgs/srv/_get_map2_s.c.o[0m
[92.381s] [ 96%] [32mBuilding C object CMakeFiles/rtabmap_msgs__rosidl_generator_py.dir/rosidl_generator_py/rtabmap_msgs/srv/_list_labels_s.c.o[0m
[92.501s] [ 96%] [32mBuilding C object CMakeFiles/rtabmap_msgs__rosidl_generator_py.dir/rosidl_generator_py/rtabmap_msgs/srv/_publish_map_s.c.o[0m
[92.583s] [ 97%] [32mBuilding C object CMakeFiles/rtabmap_msgs__rosidl_generator_py.dir/rosidl_generator_py/rtabmap_msgs/srv/_reset_pose_s.c.o[0m
[92.722s] [ 97%] [32mBuilding C object CMakeFiles/rtabmap_msgs__rosidl_generator_py.dir/rosidl_generator_py/rtabmap_msgs/srv/_set_goal_s.c.o[0m
[92.751s] [ 97%] [32mBuilding C object CMakeFiles/rtabmap_msgs__rosidl_generator_py.dir/rosidl_generator_py/rtabmap_msgs/srv/_set_label_s.c.o[0m
[92.977s] [ 98%] [32mBuilding C object CMakeFiles/rtabmap_msgs__rosidl_generator_py.dir/rosidl_generator_py/rtabmap_msgs/srv/_remove_label_s.c.o[0m
[93.024s] [ 98%] [32mBuilding C object CMakeFiles/rtabmap_msgs__rosidl_generator_py.dir/rosidl_generator_py/rtabmap_msgs/srv/_get_plan_s.c.o[0m
[93.192s] [ 98%] [32mBuilding C object CMakeFiles/rtabmap_msgs__rosidl_generator_py.dir/rosidl_generator_py/rtabmap_msgs/srv/_add_link_s.c.o[0m
[93.258s] [ 98%] [32mBuilding C object CMakeFiles/rtabmap_msgs__rosidl_generator_py.dir/rosidl_generator_py/rtabmap_msgs/srv/_get_node_data_s.c.o[0m
[93.410s] [ 99%] [32mBuilding C object CMakeFiles/rtabmap_msgs__rosidl_generator_py.dir/rosidl_generator_py/rtabmap_msgs/srv/_get_nodes_in_radius_s.c.o[0m
[93.565s] [ 99%] [32mBuilding C object CMakeFiles/rtabmap_msgs__rosidl_generator_py.dir/rosidl_generator_py/rtabmap_msgs/srv/_load_database_s.c.o[0m
[93.752s] [ 99%] [32mBuilding C object CMakeFiles/rtabmap_msgs__rosidl_generator_py.dir/rosidl_generator_py/rtabmap_msgs/srv/_detect_more_loop_closures_s.c.o[0m
[93.780s] [100%] [32mBuilding C object CMakeFiles/rtabmap_msgs__rosidl_generator_py.dir/rosidl_generator_py/rtabmap_msgs/srv/_global_bundle_adjustment_s.c.o[0m
[93.989s] [100%] [32mBuilding C object CMakeFiles/rtabmap_msgs__rosidl_generator_py.dir/rosidl_generator_py/rtabmap_msgs/srv/_cleanup_local_grids_s.c.o[0m
[94.133s] [100%] [32m[1mLinking C shared library rosidl_generator_py/rtabmap_msgs/librtabmap_msgs__rosidl_generator_py.so[0m
[94.200s] [100%] Built target rtabmap_msgs__rosidl_generator_py
[94.223s] [35m[1mConsolidate compiler generated dependencies of target rtabmap_msgs__rosidl_typesupport_fastrtps_c__pyext[0m
[94.224s] [35m[1mConsolidate compiler generated dependencies of target rtabmap_msgs__rosidl_typesupport_introspection_c__pyext[0m
[94.244s] [100%] [32mBuilding C object CMakeFiles/rtabmap_msgs__rosidl_typesupport_introspection_c__pyext.dir/rosidl_generator_py/rtabmap_msgs/_rtabmap_msgs_s.ep.rosidl_typesupport_introspection_c.c.o[0m
[94.247s] [100%] [32mBuilding C object CMakeFiles/rtabmap_msgs__rosidl_typesupport_fastrtps_c__pyext.dir/rosidl_generator_py/rtabmap_msgs/_rtabmap_msgs_s.ep.rosidl_typesupport_fastrtps_c.c.o[0m
[95.055s] [100%] [32m[1mLinking C shared library rosidl_generator_py/rtabmap_msgs/rtabmap_msgs_s__rosidl_typesupport_introspection_c.cpython-310-x86_64-linux-gnu.so[0m
[95.119s] [100%] Built target rtabmap_msgs__rosidl_typesupport_introspection_c__pyext
[95.132s] [35m[1mConsolidate compiler generated dependencies of target rtabmap_msgs__rosidl_typesupport_c__pyext[0m
[95.150s] [100%] [32mBuilding C object CMakeFiles/rtabmap_msgs__rosidl_typesupport_c__pyext.dir/rosidl_generator_py/rtabmap_msgs/_rtabmap_msgs_s.ep.rosidl_typesupport_c.c.o[0m
[95.455s] [100%] [32m[1mLinking C shared library rosidl_generator_py/rtabmap_msgs/rtabmap_msgs_s__rosidl_typesupport_fastrtps_c.cpython-310-x86_64-linux-gnu.so[0m
[95.540s] [100%] Built target rtabmap_msgs__rosidl_typesupport_fastrtps_c__pyext
[95.995s] [100%] [32m[1mLinking C shared library rosidl_generator_py/rtabmap_msgs/rtabmap_msgs_s__rosidl_typesupport_c.cpython-310-x86_64-linux-gnu.so[0m
[96.053s] [100%] Built target rtabmap_msgs__rosidl_typesupport_c__pyext
