[1.554s] Invoking command in '/home/student/ros2_ws/src/rtabmap_ros/rtabmap_python': PYTHONPATH=/home/student/ros2_ws/build/rtabmap_python/prefix_override:/usr/lib/python3/dist-packages/colcon_core/task/python/colcon_distutils_commands:/home/student/ros2_ws/install/rtabmap_python/lib/python3.10/site-packages:${PYTHONPATH} /usr/bin/python3 -W ignore:setup.py install is deprecated setup.py egg_info --egg-base ../../../build/rtabmap_python build --build-base /home/student/ros2_ws/build/rtabmap_python/build install --record /home/student/ros2_ws/build/rtabmap_python/install.log --single-version-externally-managed install_data
[2.690s] running egg_info
[2.691s] creating ../../../build/rtabmap_python/rtabmap_python.egg-info
[2.692s] writing ../../../build/rtabmap_python/rtabmap_python.egg-info/PKG-INFO
[2.692s] writing dependency_links to ../../../build/rtabmap_python/rtabmap_python.egg-info/dependency_links.txt
[2.692s] writing entry points to ../../../build/rtabmap_python/rtabmap_python.egg-info/entry_points.txt
[2.693s] writing requirements to ../../../build/rtabmap_python/rtabmap_python.egg-info/requires.txt
[2.693s] writing top-level names to ../../../build/rtabmap_python/rtabmap_python.egg-info/top_level.txt
[2.693s] writing manifest file '../../../build/rtabmap_python/rtabmap_python.egg-info/SOURCES.txt'
[2.693s] reading manifest file '../../../build/rtabmap_python/rtabmap_python.egg-info/SOURCES.txt'
[2.693s] writing manifest file '../../../build/rtabmap_python/rtabmap_python.egg-info/SOURCES.txt'
[2.693s] running build
[2.693s] running build_py
[2.693s] creating /home/student/ros2_ws/build/rtabmap_python/build
[2.693s] creating /home/student/ros2_ws/build/rtabmap_python/build/lib
[2.693s] creating /home/student/ros2_ws/build/rtabmap_python/build/lib/rtabmap_python
[2.694s] copying rtabmap_python/__init__.py -> /home/student/ros2_ws/build/rtabmap_python/build/lib/rtabmap_python
[2.694s] copying rtabmap_python/compression.py -> /home/student/ros2_ws/build/rtabmap_python/build/lib/rtabmap_python
[2.694s] running install
[2.694s] running install_lib
[2.694s] creating /home/student/ros2_ws/install/rtabmap_python/lib/python3.10/site-packages/rtabmap_python
[2.694s] copying /home/student/ros2_ws/build/rtabmap_python/build/lib/rtabmap_python/__init__.py -> /home/student/ros2_ws/install/rtabmap_python/lib/python3.10/site-packages/rtabmap_python
[2.694s] copying /home/student/ros2_ws/build/rtabmap_python/build/lib/rtabmap_python/compression.py -> /home/student/ros2_ws/install/rtabmap_python/lib/python3.10/site-packages/rtabmap_python
[2.694s] byte-compiling /home/student/ros2_ws/install/rtabmap_python/lib/python3.10/site-packages/rtabmap_python/__init__.py to __init__.cpython-310.pyc
[2.694s] byte-compiling /home/student/ros2_ws/install/rtabmap_python/lib/python3.10/site-packages/rtabmap_python/compression.py to compression.cpython-310.pyc
[2.694s] running install_data
[2.695s] creating /home/student/ros2_ws/install/rtabmap_python/share/ament_index
[2.695s] creating /home/student/ros2_ws/install/rtabmap_python/share/ament_index/resource_index
[2.695s] creating /home/student/ros2_ws/install/rtabmap_python/share/ament_index/resource_index/packages
[2.695s] copying resource/rtabmap_python -> /home/student/ros2_ws/install/rtabmap_python/share/ament_index/resource_index/packages
[2.695s] copying package.xml -> /home/student/ros2_ws/install/rtabmap_python/share/rtabmap_python
[2.695s] running install_egg_info
[2.695s] Copying ../../../build/rtabmap_python/rtabmap_python.egg-info to /home/student/ros2_ws/install/rtabmap_python/lib/python3.10/site-packages/rtabmap_python-0.1.0-py3.10.egg-info
[2.701s] running install_scripts
[2.701s] writing list of installed files to '/home/student/ros2_ws/build/rtabmap_python/install.log'
[2.702s] Invoked command in '/home/student/ros2_ws/src/rtabmap_ros/rtabmap_python' returned '0': PYTHONPATH=/home/student/ros2_ws/build/rtabmap_python/prefix_override:/usr/lib/python3/dist-packages/colcon_core/task/python/colcon_distutils_commands:/home/student/ros2_ws/install/rtabmap_python/lib/python3.10/site-packages:${PYTHONPATH} /usr/bin/python3 -W ignore:setup.py install is deprecated setup.py egg_info --egg-base ../../../build/rtabmap_python build --build-base /home/student/ros2_ws/build/rtabmap_python/build install --record /home/student/ros2_ws/build/rtabmap_python/install.log --single-version-externally-managed install_data
