[0.055s] Invoking command in '/home/student/ros2_ws/build/sprint3': CMAKE_PREFIX_PATH=${CMAKE_PREFIX_PATH}:/home/student/ros2_ws/install/turtlebot3_teleop:/home/student/ros2_ws/install/turtlebot3_example:/home/student/ros2_ws/install/rtabmap_python:/opt/ros/humble /usr/bin/cmake --build /home/student/ros2_ws/build/sprint3 -- -j8 -l8
[0.352s] [ 50%] Built target map_overlay_node
[0.405s] [35m[1mConsolidate compiler generated dependencies of target cylinder_detection_node[0m
[0.470s] [ 75%] [32mBuilding CXX object CMakeFiles/cylinder_detection_node.dir/src/cylinder_detection_node.cpp.o[0m
[9.330s] [01m[K/home/student/ros2_ws/src/sprint3/src/cylinder_detection_node.cpp:[m[K In member function ‘[01m[Kvoid CylinderDetectionNode::publishCylinderMarker(float, float, float)[m[K’:
[9.330s] [01m[K/home/student/ros2_ws/src/sprint3/src/cylinder_detection_node.cpp:82:56:[m[K [01;35m[Kwarning: [m[Kunused parameter ‘[01m[Kz[m[K’ [[01;35m[K]8;;https://gcc.gnu.org/onlinedocs/gcc/Warning-Options.html#index-Wunused-parameter-Wunused-parameter]8;;[m[K]
[9.330s]    82 |     void publishCylinderMarker(float x, float y, [01;35m[Kfloat z[m[K)
[9.330s]       |                                                  [01;35m[K~~~~~~^[m[K
[32.636s] [100%] [32m[1mLinking CXX executable cylinder_detection_node[0m
[34.142s] [100%] Built target cylinder_detection_node
[34.205s] Invoked command in '/home/student/ros2_ws/build/sprint3' returned '0': CMAKE_PREFIX_PATH=${CMAKE_PREFIX_PATH}:/home/student/ros2_ws/install/turtlebot3_teleop:/home/student/ros2_ws/install/turtlebot3_example:/home/student/ros2_ws/install/rtabmap_python:/opt/ros/humble /usr/bin/cmake --build /home/student/ros2_ws/build/sprint3 -- -j8 -l8
[34.403s] Invoking command in '/home/student/ros2_ws/build/sprint3': CMAKE_PREFIX_PATH=${CMAKE_PREFIX_PATH}:/home/student/ros2_ws/install/turtlebot3_teleop:/home/student/ros2_ws/install/turtlebot3_example:/home/student/ros2_ws/install/rtabmap_python:/opt/ros/humble /usr/bin/cmake --install /home/student/ros2_ws/build/sprint3
[34.437s] -- Install configuration: "Release"
[34.438s] -- Up-to-date: /home/student/ros2_ws/install/sprint3/lib/sprint3/map_overlay_node
[34.439s] -- Installing: /home/student/ros2_ws/install/sprint3/lib/sprint3/cylinder_detection_node
[34.444s] -- Set runtime path of "/home/student/ros2_ws/install/sprint3/lib/sprint3/cylinder_detection_node" to ""
[34.452s] -- Up-to-date: /home/student/ros2_ws/install/sprint3/share/ament_index/resource_index/package_run_dependencies/sprint3
[34.452s] -- Up-to-date: /home/student/ros2_ws/install/sprint3/share/ament_index/resource_index/parent_prefix_path/sprint3
[34.452s] -- Up-to-date: /home/student/ros2_ws/install/sprint3/share/sprint3/environment/ament_prefix_path.sh
[34.453s] -- Up-to-date: /home/student/ros2_ws/install/sprint3/share/sprint3/environment/ament_prefix_path.dsv
[34.453s] -- Up-to-date: /home/student/ros2_ws/install/sprint3/share/sprint3/environment/path.sh
[34.453s] -- Up-to-date: /home/student/ros2_ws/install/sprint3/share/sprint3/environment/path.dsv
[34.453s] -- Up-to-date: /home/student/ros2_ws/install/sprint3/share/sprint3/local_setup.bash
[34.453s] -- Up-to-date: /home/student/ros2_ws/install/sprint3/share/sprint3/local_setup.sh
[34.454s] -- Up-to-date: /home/student/ros2_ws/install/sprint3/share/sprint3/local_setup.zsh
[34.454s] -- Up-to-date: /home/student/ros2_ws/install/sprint3/share/sprint3/local_setup.dsv
[34.459s] -- Installing: /home/student/ros2_ws/install/sprint3/share/sprint3/package.dsv
[34.459s] -- Up-to-date: /home/student/ros2_ws/install/sprint3/share/ament_index/resource_index/packages/sprint3
[34.459s] -- Up-to-date: /home/student/ros2_ws/install/sprint3/share/sprint3/cmake/sprint3Config.cmake
[34.459s] -- Up-to-date: /home/student/ros2_ws/install/sprint3/share/sprint3/cmake/sprint3Config-version.cmake
[34.460s] -- Up-to-date: /home/student/ros2_ws/install/sprint3/share/sprint3/package.xml
[34.465s] Invoked command in '/home/student/ros2_ws/build/sprint3' returned '0': CMAKE_PREFIX_PATH=${CMAKE_PREFIX_PATH}:/home/student/ros2_ws/install/turtlebot3_teleop:/home/student/ros2_ws/install/turtlebot3_example:/home/student/ros2_ws/install/rtabmap_python:/opt/ros/humble /usr/bin/cmake --install /home/student/ros2_ws/build/sprint3
