[0.031s] Invoking command in '/home/student/ros2_ws/src/labs/build/labs': CMAKE_PREFIX_PATH=${CMAKE_PREFIX_PATH}:/home/student/ros2_ws/install/turtlebot3_teleop:/home/student/ros2_ws/install/turtlebot3_example:/opt/ros/humble /usr/bin/cmake --build /home/student/ros2_ws/src/labs/build/labs -- -j8 -l8
[0.221s] [ 33%] Built target lab1
[0.329s] [ 50%] [32mBuilding CXX object CMakeFiles/sprint1.dir/src/sprint1.cpp.o[0m
[16.391s] [ 66%] [32m[1mLinking CXX executable sprint1[0m
[17.233s] [ 66%] Built target sprint1
[17.294s] [100%] Built target lab2
[17.321s] Invoked command in '/home/student/ros2_ws/src/labs/build/labs' returned '0': CMAKE_PREFIX_PATH=${CMAKE_PREFIX_PATH}:/home/student/ros2_ws/install/turtlebot3_teleop:/home/student/ros2_ws/install/turtlebot3_example:/opt/ros/humble /usr/bin/cmake --build /home/student/ros2_ws/src/labs/build/labs -- -j8 -l8
[17.450s] Invoking command in '/home/student/ros2_ws/src/labs/build/labs': CMAKE_PREFIX_PATH=${CMAKE_PREFIX_PATH}:/home/student/ros2_ws/install/turtlebot3_teleop:/home/student/ros2_ws/install/turtlebot3_example:/opt/ros/humble /usr/bin/cmake --install /home/student/ros2_ws/src/labs/build/labs
[17.468s] -- Install configuration: ""
[17.469s] -- Up-to-date: /home/student/ros2_ws/src/labs/install/labs/lib/labs/lab1
[17.470s] -- Up-to-date: /home/student/ros2_ws/src/labs/install/labs/lib/labs/lab2
[17.471s] -- Installing: /home/student/ros2_ws/src/labs/install/labs/lib/labs/sprint1
[17.486s] -- Set runtime path of "/home/student/ros2_ws/src/labs/install/labs/lib/labs/sprint1" to ""
[17.486s] -- Up-to-date: /home/student/ros2_ws/src/labs/install/labs/share/ament_index/resource_index/package_run_dependencies/labs
[17.486s] -- Up-to-date: /home/student/ros2_ws/src/labs/install/labs/share/ament_index/resource_index/parent_prefix_path/labs
[17.487s] -- Up-to-date: /home/student/ros2_ws/src/labs/install/labs/share/labs/environment/ament_prefix_path.sh
[17.487s] -- Up-to-date: /home/student/ros2_ws/src/labs/install/labs/share/labs/environment/ament_prefix_path.dsv
[17.488s] -- Up-to-date: /home/student/ros2_ws/src/labs/install/labs/share/labs/environment/path.sh
[17.488s] -- Up-to-date: /home/student/ros2_ws/src/labs/install/labs/share/labs/environment/path.dsv
[17.488s] -- Up-to-date: /home/student/ros2_ws/src/labs/install/labs/share/labs/local_setup.bash
[17.489s] -- Up-to-date: /home/student/ros2_ws/src/labs/install/labs/share/labs/local_setup.sh
[17.489s] -- Up-to-date: /home/student/ros2_ws/src/labs/install/labs/share/labs/local_setup.zsh
[17.489s] -- Up-to-date: /home/student/ros2_ws/src/labs/install/labs/share/labs/local_setup.dsv
[17.490s] -- Installing: /home/student/ros2_ws/src/labs/install/labs/share/labs/package.dsv
[17.490s] -- Up-to-date: /home/student/ros2_ws/src/labs/install/labs/share/ament_index/resource_index/packages/labs
[17.491s] -- Up-to-date: /home/student/ros2_ws/src/labs/install/labs/share/labs/cmake/labsConfig.cmake
[17.491s] -- Up-to-date: /home/student/ros2_ws/src/labs/install/labs/share/labs/cmake/labsConfig-version.cmake
[17.491s] -- Up-to-date: /home/student/ros2_ws/src/labs/install/labs/share/labs/package.xml
[17.496s] Invoked command in '/home/student/ros2_ws/src/labs/build/labs' returned '0': CMAKE_PREFIX_PATH=${CMAKE_PREFIX_PATH}:/home/student/ros2_ws/install/turtlebot3_teleop:/home/student/ros2_ws/install/turtlebot3_example:/opt/ros/humble /usr/bin/cmake --install /home/student/ros2_ws/src/labs/build/labs
