[35m[1mConsolidate compiler generated dependencies of target scan_to_image_node[0m
[35m[1mConsolidate compiler generated dependencies of target minimal_opencv_ros2_node[0m
[ 20%] Built target minimal_opencv_ros2_node
[ 40%] Built target scan_to_image_node
[35m[1mConsolidate compiler generated dependencies of target scan_matching_localizer[0m
[35m[1mConsolidate compiler generated dependencies of target simple_localizer_node[0m
[ 60%] Built target scan_matching_localizer
[ 80%] Built target simple_localizer_node
[35m[1mConsolidate compiler generated dependencies of target map_laser_matching_node[0m
[100%] Built target map_laser_matching_node
-- Install configuration: "Release"
-- Installing: /home/student/ros2_ws/install/my_opencv_demo/lib/my_opencv_demo/minimal_opencv_ros2_node
-- Set runtime path of "/home/student/ros2_ws/install/my_opencv_demo/lib/my_opencv_demo/minimal_opencv_ros2_node" to ""
-- Installing: /home/student/ros2_ws/install/my_opencv_demo/lib/my_opencv_demo/scan_to_image_node
-- Set runtime path of "/home/student/ros2_ws/install/my_opencv_demo/lib/my_opencv_demo/scan_to_image_node" to ""
-- Installing: /home/student/ros2_ws/install/my_opencv_demo/lib/my_opencv_demo/scan_matching_localizer
-- Set runtime path of "/home/student/ros2_ws/install/my_opencv_demo/lib/my_opencv_demo/scan_matching_localizer" to ""
-- Installing: /home/student/ros2_ws/install/my_opencv_demo/lib/my_opencv_demo/map_laser_matching_node
-- Set runtime path of "/home/student/ros2_ws/install/my_opencv_demo/lib/my_opencv_demo/map_laser_matching_node" to ""
-- Installing: /home/student/ros2_ws/install/my_opencv_demo/share/ament_index/resource_index/package_run_dependencies/my_opencv_demo
-- Installing: /home/student/ros2_ws/install/my_opencv_demo/share/ament_index/resource_index/parent_prefix_path/my_opencv_demo
-- Installing: /home/student/ros2_ws/install/my_opencv_demo/share/my_opencv_demo/environment/ament_prefix_path.sh
-- Installing: /home/student/ros2_ws/install/my_opencv_demo/share/my_opencv_demo/environment/ament_prefix_path.dsv
-- Installing: /home/student/ros2_ws/install/my_opencv_demo/share/my_opencv_demo/environment/path.sh
-- Installing: /home/student/ros2_ws/install/my_opencv_demo/share/my_opencv_demo/environment/path.dsv
-- Installing: /home/student/ros2_ws/install/my_opencv_demo/share/my_opencv_demo/local_setup.bash
-- Installing: /home/student/ros2_ws/install/my_opencv_demo/share/my_opencv_demo/local_setup.sh
-- Installing: /home/student/ros2_ws/install/my_opencv_demo/share/my_opencv_demo/local_setup.zsh
-- Installing: /home/student/ros2_ws/install/my_opencv_demo/share/my_opencv_demo/local_setup.dsv
-- Installing: /home/student/ros2_ws/install/my_opencv_demo/share/my_opencv_demo/package.dsv
-- Installing: /home/student/ros2_ws/install/my_opencv_demo/share/ament_index/resource_index/packages/my_opencv_demo
-- Installing: /home/student/ros2_ws/install/my_opencv_demo/share/my_opencv_demo/cmake/my_opencv_demoConfig.cmake
-- Installing: /home/student/ros2_ws/install/my_opencv_demo/share/my_opencv_demo/cmake/my_opencv_demoConfig-version.cmake
-- Installing: /home/student/ros2_ws/install/my_opencv_demo/share/my_opencv_demo/package.xml
