[35m[1mConsolidate compiler generated dependencies of target turtlesim__rosidl_generator_c[0m
[  1%] Built target turtlesim__cpp
[ 11%] Built target turtlesim__rosidl_generator_c
[35m[1mConsolidate compiler generated dependencies of target turtlesim__rosidl_typesupport_cpp[0m
[ 21%] Built target turtlesim__rosidl_typesupport_cpp
[35m[1mConsolidate compiler generated dependencies of target turtlesim__rosidl_typesupport_fastrtps_c[0m
[ 21%] Built target ament_cmake_python_copy_turtlesim
[35m[1mConsolidate compiler generated dependencies of target turtlesim__rosidl_typesupport_fastrtps_cpp[0m
[ 31%] Built target turtlesim__rosidl_typesupport_fastrtps_c
[ 41%] Built target turtlesim__rosidl_typesupport_fastrtps_cpp
[35m[1mConsolidate compiler generated dependencies of target turtlesim__rosidl_typesupport_introspection_c[0m
[35m[1mConsolidate compiler generated dependencies of target turtlesim__rosidl_typesupport_c[0m
[ 51%] Built target turtlesim__rosidl_typesupport_c
[ 61%] Built target turtlesim__rosidl_typesupport_introspection_c
[35m[1mConsolidate compiler generated dependencies of target turtlesim__rosidl_typesupport_introspection_cpp[0m
[ 71%] Built target turtlesim__rosidl_typesupport_introspection_cpp
[35m[1mConsolidate compiler generated dependencies of target turtlesim_node[0m
[ 77%] Built target turtlesim_node
[35m[1mConsolidate compiler generated dependencies of target turtle_teleop_key[0m
[ 79%] Built target turtle_teleop_key
[35m[1mConsolidate compiler generated dependencies of target draw_square[0m
[ 81%] Built target draw_square
[35m[1mConsolidate compiler generated dependencies of target mimic[0m
[ 83%] Built target mimic
[ 83%] Built target turtlesim
[ 84%] Built target turtlesim__py
running egg_info
writing turtlesim.egg-info/PKG-INFO
writing dependency_links to turtlesim.egg-info/dependency_links.txt
writing top-level names to turtlesim.egg-info/top_level.txt
[35m[1mConsolidate compiler generated dependencies of target turtlesim__rosidl_generator_py[0m
reading manifest file 'turtlesim.egg-info/SOURCES.txt'
writing manifest file 'turtlesim.egg-info/SOURCES.txt'
[ 93%] Built target turtlesim__rosidl_generator_py
[ 93%] Built target ament_cmake_python_build_turtlesim_egg
[35m[1mConsolidate compiler generated dependencies of target turtlesim__rosidl_typesupport_fastrtps_c__pyext[0m
[35m[1mConsolidate compiler generated dependencies of target turtlesim__rosidl_typesupport_introspection_c__pyext[0m
[ 95%] Built target turtlesim__rosidl_typesupport_fastrtps_c__pyext
[ 97%] Built target turtlesim__rosidl_typesupport_introspection_c__pyext
[35m[1mConsolidate compiler generated dependencies of target turtlesim__rosidl_typesupport_c__pyext[0m
[100%] Built target turtlesim__rosidl_typesupport_c__pyext
