[0.029s] Invoking command in '/home/student/ros2_ws/build/turtlesim': CMAKE_PREFIX_PATH=${CMAKE_PREFIX_PATH}:/home/student/ros2_ws/install/turtlebot3_teleop:/home/student/ros2_ws/install/rtabmap_python:/opt/ros/humble /usr/bin/cmake --build /home/student/ros2_ws/build/turtlesim
[0.154s] [35m[1mConsolidate compiler generated dependencies of target turtlesim__rosidl_generator_c[0m
[0.178s] [  1%] Built target turtlesim__cpp
[0.191s] [ 11%] Built target turtlesim__rosidl_generator_c
[0.219s] [35m[1mConsolidate compiler generated dependencies of target turtlesim__rosidl_typesupport_cpp[0m
[0.256s] [ 21%] Built target turtlesim__rosidl_typesupport_cpp
[0.281s] [35m[1mConsolidate compiler generated dependencies of target turtlesim__rosidl_typesupport_fastrtps_c[0m
[0.284s] [ 21%] Built target ament_cmake_python_copy_turtlesim
[0.322s] [35m[1mConsolidate compiler generated dependencies of target turtlesim__rosidl_typesupport_fastrtps_cpp[0m
[0.349s] [ 31%] Built target turtlesim__rosidl_typesupport_fastrtps_c
[0.367s] [ 41%] Built target turtlesim__rosidl_typesupport_fastrtps_cpp
[0.378s] [35m[1mConsolidate compiler generated dependencies of target turtlesim__rosidl_typesupport_introspection_c[0m
[0.388s] [35m[1mConsolidate compiler generated dependencies of target turtlesim__rosidl_typesupport_c[0m
[0.413s] [ 51%] Built target turtlesim__rosidl_typesupport_c
[0.425s] [ 61%] Built target turtlesim__rosidl_typesupport_introspection_c
[0.434s] [35m[1mConsolidate compiler generated dependencies of target turtlesim__rosidl_typesupport_introspection_cpp[0m
[0.482s] [ 71%] Built target turtlesim__rosidl_typesupport_introspection_cpp
[0.536s] [35m[1mConsolidate compiler generated dependencies of target turtlesim_node[0m
[0.606s] [ 77%] Built target turtlesim_node
[0.631s] [35m[1mConsolidate compiler generated dependencies of target turtle_teleop_key[0m
[0.661s] [ 79%] Built target turtle_teleop_key
[0.681s] [35m[1mConsolidate compiler generated dependencies of target draw_square[0m
[0.718s] [ 81%] Built target draw_square
[0.743s] [35m[1mConsolidate compiler generated dependencies of target mimic[0m
[0.779s] [ 83%] Built target mimic
[0.813s] [ 83%] Built target turtlesim
[0.858s] [ 84%] Built target turtlesim__py
[0.875s] running egg_info
[0.876s] writing turtlesim.egg-info/PKG-INFO
[0.876s] writing dependency_links to turtlesim.egg-info/dependency_links.txt
[0.877s] writing top-level names to turtlesim.egg-info/top_level.txt
[0.878s] [35m[1mConsolidate compiler generated dependencies of target turtlesim__rosidl_generator_py[0m
[0.881s] reading manifest file 'turtlesim.egg-info/SOURCES.txt'
[0.885s] writing manifest file 'turtlesim.egg-info/SOURCES.txt'
[0.905s] [ 93%] Built target turtlesim__rosidl_generator_py
[0.921s] [ 93%] Built target ament_cmake_python_build_turtlesim_egg
[0.922s] [35m[1mConsolidate compiler generated dependencies of target turtlesim__rosidl_typesupport_fastrtps_c__pyext[0m
[0.936s] [35m[1mConsolidate compiler generated dependencies of target turtlesim__rosidl_typesupport_introspection_c__pyext[0m
[0.945s] [ 95%] Built target turtlesim__rosidl_typesupport_fastrtps_c__pyext
[0.954s] [ 97%] Built target turtlesim__rosidl_typesupport_introspection_c__pyext
[0.960s] [35m[1mConsolidate compiler generated dependencies of target turtlesim__rosidl_typesupport_c__pyext[0m
[0.976s] [100%] Built target turtlesim__rosidl_typesupport_c__pyext
