-- Found ament_cmake: 1.3.10 (/opt/ros/humble/share/ament_cmake/cmake)
-- Found rclcpp: 16.0.10 (/opt/ros/humble/share/rclcpp/cmake)
-- Found rosidl_generator_c: 3.1.5 (/opt/ros/humble/share/rosidl_generator_c/cmake)
-- Found rosidl_adapter: 3.1.5 (/opt/ros/humble/share/rosidl_adapter/cmake)
-- Found rosidl_generator_cpp: 3.1.5 (/opt/ros/humble/share/rosidl_generator_cpp/cmake)
-- Using all available rosidl_typesupport_c: rosidl_typesupport_fastrtps_c;rosidl_typesupport_introspection_c
-- Using all available rosidl_typesupport_cpp: rosidl_typesupport_fastrtps_cpp;rosidl_typesupport_introspection_cpp
-- Found rmw_implementation_cmake: 6.1.2 (/opt/ros/humble/share/rmw_implementation_cmake/cmake)
-- Found rmw_fastrtps_cpp: 6.2.7 (/opt/ros/humble/share/rmw_fastrtps_cpp/cmake)
-- Using RMW implementation 'rmw_fastrtps_cpp' as default
-- Found sensor_msgs: 4.2.4 (/opt/ros/humble/share/sensor_msgs/cmake)
-- Found cv_bridge: 3.2.1 (/opt/ros/humble/share/cv_bridge/cmake)
-- Found image_transport: 3.1.9 (/opt/ros/humble/share/image_transport/cmake)
-- Found nav_msgs: 4.2.4 (/opt/ros/humble/share/nav_msgs/cmake)
-- Found tf2: 0.25.7 (/opt/ros/humble/share/tf2/cmake)
-- Found tf2_geometry_msgs: 0.25.7 (/opt/ros/humble/share/tf2_geometry_msgs/cmake)
-- Found eigen3_cmake_module: 0.1.1 (/opt/ros/humble/share/eigen3_cmake_module/cmake)
-- Ensuring Eigen3 include directory is part of orocos-kdl CMake target
-- Found ament_lint_auto: 0.12.11 (/opt/ros/humble/share/ament_lint_auto/cmake)
-- Added test 'cppcheck' to perform static code analysis on C / C++ code
-- Configured cppcheck include dirs: 
-- Configured cppcheck exclude dirs and/or files: 
-- Added test 'flake8' to check Python code syntax and style conventions
-- Added test 'lint_cmake' to check CMake code style
-- Added test 'pep257' to check Python code against some of the docstring style conventions in PEP 257
-- Added test 'uncrustify' to check C / C++ code style
-- Configured uncrustify additional arguments: 
-- Added test 'xmllint' to check XML markup files
-- Configuring done
-- Generating done
-- Build files have been written to: /home/student/ros2_ws/build/my_opencv_demo
[35m[1mConsolidate compiler generated dependencies of target minimal_opencv_ros2_node[0m
[35m[1mConsolidate compiler generated dependencies of target scan_to_image_node[0m
[ 10%] [32mBuilding CXX object CMakeFiles/scan_to_image_node.dir/src/scan_to_image_node.cpp.o[0m
[ 20%] [32mBuilding CXX object CMakeFiles/minimal_opencv_ros2_node.dir/src/minimal_opencv_ros2_node.cpp.o[0m
[ 30%] [32m[1mLinking CXX executable minimal_opencv_ros2_node[0m
[ 30%] Built target minimal_opencv_ros2_node
[35m[1mConsolidate compiler generated dependencies of target simple_localizer_node[0m
[ 40%] [32mBuilding CXX object CMakeFiles/simple_localizer_node.dir/src/simple_localizer_node.cpp.o[0m
[ 50%] [32m[1mLinking CXX executable scan_to_image_node[0m
[ 50%] Built target scan_to_image_node
[35m[1mConsolidate compiler generated dependencies of target scan_matching_localizer[0m
[ 60%] [32mBuilding CXX object CMakeFiles/scan_matching_localizer.dir/src/scan_matching_localizer.cpp.o[0m
[ 70%] [32m[1mLinking CXX executable simple_localizer_node[0m
[ 70%] Built target simple_localizer_node
[35m[1mConsolidate compiler generated dependencies of target map_laser_matching_node[0m
[ 80%] [32mBuilding CXX object CMakeFiles/map_laser_matching_node.dir/src/map_laser_matching_node.cpp.o[0m
[ 90%] [32m[1mLinking CXX executable scan_matching_localizer[0m
[ 90%] Built target scan_matching_localizer
[100%] [32m[1mLinking CXX executable map_laser_matching_node[0m
[100%] Built target map_laser_matching_node
