[0.030s] Invoking command in '/home/student/ros2_ws/build/my_opencv_demo': CMAKE_PREFIX_PATH=${CMAKE_PREFIX_PATH}:/home/student/ros2_ws/install/turtlebot3_teleop:/home/student/ros2_ws/install/rtabmap_python:/opt/ros/humble /usr/bin/cmake /home/student/ros2_ws/src/my_opencv_demo -DCMAKE_BUILD_TYPE=Release -DCMAKE_INSTALL_PREFIX=/home/student/ros2_ws/install/my_opencv_demo
[2.892s] -- Found ament_cmake: 1.3.10 (/opt/ros/humble/share/ament_cmake/cmake)
[2.892s] -- Found rclcpp: 16.0.10 (/opt/ros/humble/share/rclcpp/cmake)
[2.892s] -- Found rosidl_generator_c: 3.1.5 (/opt/ros/humble/share/rosidl_generator_c/cmake)
[2.892s] -- Found rosidl_adapter: 3.1.5 (/opt/ros/humble/share/rosidl_adapter/cmake)
[2.892s] -- Found rosidl_generator_cpp: 3.1.5 (/opt/ros/humble/share/rosidl_generator_cpp/cmake)
[2.893s] -- Using all available rosidl_typesupport_c: rosidl_typesupport_fastrtps_c;rosidl_typesupport_introspection_c
[2.893s] -- Using all available rosidl_typesupport_cpp: rosidl_typesupport_fastrtps_cpp;rosidl_typesupport_introspection_cpp
[2.893s] -- Found rmw_implementation_cmake: 6.1.2 (/opt/ros/humble/share/rmw_implementation_cmake/cmake)
[2.893s] -- Found rmw_fastrtps_cpp: 6.2.7 (/opt/ros/humble/share/rmw_fastrtps_cpp/cmake)
[2.902s] -- Using RMW implementation 'rmw_fastrtps_cpp' as default
[2.902s] -- Found sensor_msgs: 4.2.4 (/opt/ros/humble/share/sensor_msgs/cmake)
[2.902s] -- Found cv_bridge: 3.2.1 (/opt/ros/humble/share/cv_bridge/cmake)
[2.902s] -- Found image_transport: 3.1.9 (/opt/ros/humble/share/image_transport/cmake)
[2.903s] -- Found nav_msgs: 4.2.4 (/opt/ros/humble/share/nav_msgs/cmake)
[2.903s] -- Found tf2: 0.25.7 (/opt/ros/humble/share/tf2/cmake)
[2.903s] -- Found tf2_geometry_msgs: 0.25.7 (/opt/ros/humble/share/tf2_geometry_msgs/cmake)
[2.903s] -- Found eigen3_cmake_module: 0.1.1 (/opt/ros/humble/share/eigen3_cmake_module/cmake)
[2.903s] -- Ensuring Eigen3 include directory is part of orocos-kdl CMake target
[2.903s] -- Found ament_lint_auto: 0.12.11 (/opt/ros/humble/share/ament_lint_auto/cmake)
[2.903s] -- Added test 'cppcheck' to perform static code analysis on C / C++ code
[2.903s] -- Configured cppcheck include dirs: 
[2.904s] -- Configured cppcheck exclude dirs and/or files: 
[2.904s] -- Added test 'flake8' to check Python code syntax and style conventions
[2.904s] -- Added test 'lint_cmake' to check CMake code style
[2.904s] -- Added test 'pep257' to check Python code against some of the docstring style conventions in PEP 257
[2.904s] -- Added test 'uncrustify' to check C / C++ code style
[2.904s] -- Configured uncrustify additional arguments: 
[2.904s] -- Added test 'xmllint' to check XML markup files
[2.904s] -- Configuring done
[2.905s] -- Generating done
[2.905s] -- Build files have been written to: /home/student/ros2_ws/build/my_opencv_demo
[2.906s] Invoked command in '/home/student/ros2_ws/build/my_opencv_demo' returned '0': CMAKE_PREFIX_PATH=${CMAKE_PREFIX_PATH}:/home/student/ros2_ws/install/turtlebot3_teleop:/home/student/ros2_ws/install/rtabmap_python:/opt/ros/humble /usr/bin/cmake /home/student/ros2_ws/src/my_opencv_demo -DCMAKE_BUILD_TYPE=Release -DCMAKE_INSTALL_PREFIX=/home/student/ros2_ws/install/my_opencv_demo
[2.907s] Invoking command in '/home/student/ros2_ws/build/my_opencv_demo': CMAKE_PREFIX_PATH=${CMAKE_PREFIX_PATH}:/home/student/ros2_ws/install/turtlebot3_teleop:/home/student/ros2_ws/install/rtabmap_python:/opt/ros/humble /usr/bin/cmake --build /home/student/ros2_ws/build/my_opencv_demo
[3.042s] [35m[1mConsolidate compiler generated dependencies of target minimal_opencv_ros2_node[0m
[3.059s] [35m[1mConsolidate compiler generated dependencies of target scan_to_image_node[0m
[3.110s] [ 10%] [32mBuilding CXX object CMakeFiles/scan_to_image_node.dir/src/scan_to_image_node.cpp.o[0m
[3.124s] [ 20%] [32mBuilding CXX object CMakeFiles/minimal_opencv_ros2_node.dir/src/minimal_opencv_ros2_node.cpp.o[0m
[17.797s] [ 30%] [32m[1mLinking CXX executable minimal_opencv_ros2_node[0m
[20.572s] [ 30%] Built target minimal_opencv_ros2_node
[20.615s] [35m[1mConsolidate compiler generated dependencies of target simple_localizer_node[0m
[20.712s] [ 40%] [32mBuilding CXX object CMakeFiles/simple_localizer_node.dir/src/simple_localizer_node.cpp.o[0m
[30.871s] [ 50%] [32m[1mLinking CXX executable scan_to_image_node[0m
[31.949s] [ 50%] Built target scan_to_image_node
[32.009s] [35m[1mConsolidate compiler generated dependencies of target scan_matching_localizer[0m
[32.074s] [ 60%] [32mBuilding CXX object CMakeFiles/scan_matching_localizer.dir/src/scan_matching_localizer.cpp.o[0m
[57.826s] [ 70%] [32m[1mLinking CXX executable simple_localizer_node[0m
[58.505s] [ 70%] Built target simple_localizer_node
[58.548s] [35m[1mConsolidate compiler generated dependencies of target map_laser_matching_node[0m
[58.619s] [ 80%] [32mBuilding CXX object CMakeFiles/map_laser_matching_node.dir/src/map_laser_matching_node.cpp.o[0m
[64.663s] [ 90%] [32m[1mLinking CXX executable scan_matching_localizer[0m
[65.593s] [ 90%] Built target scan_matching_localizer
[84.423s] [100%] [32m[1mLinking CXX executable map_laser_matching_node[0m
[85.230s] [100%] Built target map_laser_matching_node
