[0.036s] Invoking command in '/home/student/ros2_ws/build/sprint3': CMAKE_PREFIX_PATH=${CMAKE_PREFIX_PATH}:/home/student/ros2_ws/install/turtlebot3_teleop:/home/student/ros2_ws/install/turtlebot3_example:/home/student/ros2_ws/install/rtabmap_python:/opt/ros/humble /usr/bin/cmake --build /home/student/ros2_ws/build/sprint3 -- -j8 -l8
[0.186s] [ 50%] Built target map_overlay_node
[0.232s] [35m[1mConsolidate compiler generated dependencies of target cylinder_detection_node[0m
[0.299s] [ 75%] [32mBuilding CXX object CMakeFiles/cylinder_detection_node.dir/src/cylinder_detection_node.cpp.o[0m
[34.237s] [100%] [32m[1mLinking CXX executable cylinder_detection_node[0m
[35.349s] [100%] Built target cylinder_detection_node
[35.392s] Invoked command in '/home/student/ros2_ws/build/sprint3' returned '0': CMAKE_PREFIX_PATH=${CMAKE_PREFIX_PATH}:/home/student/ros2_ws/install/turtlebot3_teleop:/home/student/ros2_ws/install/turtlebot3_example:/home/student/ros2_ws/install/rtabmap_python:/opt/ros/humble /usr/bin/cmake --build /home/student/ros2_ws/build/sprint3 -- -j8 -l8
[35.631s] Invoking command in '/home/student/ros2_ws/build/sprint3': CMAKE_PREFIX_PATH=${CMAKE_PREFIX_PATH}:/home/student/ros2_ws/install/turtlebot3_teleop:/home/student/ros2_ws/install/turtlebot3_example:/home/student/ros2_ws/install/rtabmap_python:/opt/ros/humble /usr/bin/cmake --install /home/student/ros2_ws/build/sprint3
[35.665s] -- Install configuration: "Release"
[35.666s] -- Up-to-date: /home/student/ros2_ws/install/sprint3/lib/sprint3/map_overlay_node
[35.668s] -- Installing: /home/student/ros2_ws/install/sprint3/lib/sprint3/cylinder_detection_node
[35.681s] -- Set runtime path of "/home/student/ros2_ws/install/sprint3/lib/sprint3/cylinder_detection_node" to ""
[35.681s] -- Up-to-date: /home/student/ros2_ws/install/sprint3/share/ament_index/resource_index/package_run_dependencies/sprint3
[35.682s] -- Up-to-date: /home/student/ros2_ws/install/sprint3/share/ament_index/resource_index/parent_prefix_path/sprint3
[35.682s] -- Up-to-date: /home/student/ros2_ws/install/sprint3/share/sprint3/environment/ament_prefix_path.sh
[35.682s] -- Up-to-date: /home/student/ros2_ws/install/sprint3/share/sprint3/environment/ament_prefix_path.dsv
[35.682s] -- Up-to-date: /home/student/ros2_ws/install/sprint3/share/sprint3/environment/path.sh
[35.683s] -- Up-to-date: /home/student/ros2_ws/install/sprint3/share/sprint3/environment/path.dsv
[35.683s] -- Up-to-date: /home/student/ros2_ws/install/sprint3/share/sprint3/local_setup.bash
[35.685s] -- Up-to-date: /home/student/ros2_ws/install/sprint3/share/sprint3/local_setup.sh
[35.686s] -- Up-to-date: /home/student/ros2_ws/install/sprint3/share/sprint3/local_setup.zsh
[35.686s] -- Up-to-date: /home/student/ros2_ws/install/sprint3/share/sprint3/local_setup.dsv
[35.687s] -- Installing: /home/student/ros2_ws/install/sprint3/share/sprint3/package.dsv
[35.689s] -- Up-to-date: /home/student/ros2_ws/install/sprint3/share/ament_index/resource_index/packages/sprint3
[35.689s] -- Up-to-date: /home/student/ros2_ws/install/sprint3/share/sprint3/cmake/sprint3Config.cmake
[35.689s] -- Up-to-date: /home/student/ros2_ws/install/sprint3/share/sprint3/cmake/sprint3Config-version.cmake
[35.689s] -- Up-to-date: /home/student/ros2_ws/install/sprint3/share/sprint3/package.xml
[35.689s] Invoked command in '/home/student/ros2_ws/build/sprint3' returned '0': CMAKE_PREFIX_PATH=${CMAKE_PREFIX_PATH}:/home/student/ros2_ws/install/turtlebot3_teleop:/home/student/ros2_ws/install/turtlebot3_example:/home/student/ros2_ws/install/rtabmap_python:/opt/ros/humble /usr/bin/cmake --install /home/student/ros2_ws/build/sprint3
