[0.032s] Invoking command in '/home/student/ros2_ws/build/search_rescue_package': AMENT_PREFIX_PATH=/home/student/ros2_ws/install/turtlebot3_gazebo:${AMENT_PREFIX_PATH} CMAKE_PREFIX_PATH=/home/student/ros2_ws/install/turtlebot3_gazebo:/home/student/ros2_ws/install/turtlebot3_navigation2:/home/student/ros2_ws/install/turtlebot3_description:/home/student/ros2_ws/install/turtlebot3_cartographer:/home/student/ros2_ws/install/my_worlds_pkg:/home/student/ros2_ws/install/dynamixel_sdk_custom_interfaces:/home/student/ros2_ws/install/dynamixel_sdk:/home/student/ros2_ws/install/turtlebot3_teleop:/home/student/ros2_ws/install/rtabmap_python:/opt/ros/humble /usr/bin/cmake /home/student/ros2_ws/src/BlueShell/Search_Rescue_Project -DCMAKE_BUILD_TYPE=Release -DCMAKE_INSTALL_PREFIX=/home/student/ros2_ws/install/search_rescue_package
[0.126s] -- The C compiler identification is GNU 11.4.0
[0.242s] -- The CXX compiler identification is GNU 11.4.0
[0.261s] -- Detecting C compiler ABI info
[0.395s] -- Detecting C compiler ABI info - done
[0.412s] -- Check for working C compiler: /usr/bin/cc - skipped
[0.412s] -- Detecting C compile features
[0.414s] -- Detecting C compile features - done
[0.420s] -- Detecting CXX compiler ABI info
[0.587s] -- Detecting CXX compiler ABI info - done
[0.655s] -- Check for working CXX compiler: /usr/bin/c++ - skipped
[0.655s] -- Detecting CXX compile features
[0.655s] -- Detecting CXX compile features - done
[0.662s] -- Found ament_cmake: 1.3.10 (/opt/ros/humble/share/ament_cmake/cmake)
[0.886s] -- Found Python3: /usr/bin/python3 (found version "3.10.12") found components: Interpreter 
[1.078s] -- Found gazebo_ros: 3.7.0 (/opt/ros/humble/share/gazebo_ros/cmake)
[1.177s] -- Found rosidl_generator_c: 3.1.5 (/opt/ros/humble/share/rosidl_generator_c/cmake)
[1.187s] -- Found rosidl_adapter: 3.1.5 (/opt/ros/humble/share/rosidl_adapter/cmake)
[1.207s] -- Found rosidl_generator_cpp: 3.1.5 (/opt/ros/humble/share/rosidl_generator_cpp/cmake)
[1.229s] -- Using all available rosidl_typesupport_c: rosidl_typesupport_fastrtps_c;rosidl_typesupport_introspection_c
[1.265s] -- Using all available rosidl_typesupport_cpp: rosidl_typesupport_fastrtps_cpp;rosidl_typesupport_introspection_cpp
[1.353s] -- Found rmw_implementation_cmake: 6.1.2 (/opt/ros/humble/share/rmw_implementation_cmake/cmake)
[1.359s] -- Found rmw_fastrtps_cpp: 6.2.7 (/opt/ros/humble/share/rmw_fastrtps_cpp/cmake)
[1.501s] -- Found OpenSSL: /usr/lib/x86_64-linux-gnu/libcrypto.so (found version "3.0.2")  
[1.547s] -- Found FastRTPS: /opt/ros/humble/include  
[1.610s] -- Using RMW implementation 'rmw_fastrtps_cpp' as default
[1.627s] -- Looking for pthread.h
[1.746s] -- Looking for pthread.h - found
[1.748s] -- Performing Test CMAKE_HAVE_LIBC_PTHREAD
[1.859s] -- Performing Test CMAKE_HAVE_LIBC_PTHREAD - Success
[1.861s] -- Found Threads: TRUE  
[1.982s] -- Found PkgConfig: /usr/bin/pkg-config (found version "0.29.2") 
[1.984s] -- Checking for module 'bullet>=2.82'
[2.006s] --   Found bullet, version 3.05
[2.166s] -- Found fcl: /usr/include (found suitable version "0.7.0", minimum required is "0.5.0") 
[2.241s] -- Found assimp: /usr/include (found version "5.2.0") 
[2.285s] -- Found DART: /usr/include (Required is at least version "6.6") found components: dart 
[2.338s] -- Found Boost: /usr/lib/x86_64-linux-gnu/cmake/Boost-1.74.0/BoostConfig.cmake (found suitable version "1.74.0", minimum required is "1.40.0") found components: thread system filesystem program_options regex iostreams date_time 
[2.372s] -- Found Protobuf: /usr/lib/x86_64-linux-gnu/libprotobuf.so (found version "3.12.4") 
[2.377s] -- Looking for ignition-math6 -- found version 6.15.1
[2.384s] -- Searching for dependencies of ignition-math6
[2.386s] -- Looking for OGRE...
[2.386s] -- OGRE_PREFIX_WATCH changed.
[2.392s] -- Checking for module 'OGRE'
[2.406s] --   Found OGRE, version 1.9.0
[2.451s] -- Found Ogre Ghadamon (1.9.0)
[2.468s] -- Found OGRE: optimized;/usr/lib/x86_64-linux-gnu/libOgreMain.so;debug;/usr/lib/x86_64-linux-gnu/libOgreMain.so
[2.477s] -- Looking for OGRE_Paging...
[2.484s] -- Found OGRE_Paging: optimized;/usr/lib/x86_64-linux-gnu/libOgrePaging.so;debug;/usr/lib/x86_64-linux-gnu/libOgrePaging.so
[2.484s] -- Looking for OGRE_Terrain...
[2.492s] -- Found OGRE_Terrain: optimized;/usr/lib/x86_64-linux-gnu/libOgreTerrain.so;debug;/usr/lib/x86_64-linux-gnu/libOgreTerrain.so
[2.492s] -- Looking for OGRE_Property...
[2.501s] -- Found OGRE_Property: optimized;/usr/lib/x86_64-linux-gnu/libOgreProperty.so;debug;/usr/lib/x86_64-linux-gnu/libOgreProperty.so
[2.502s] -- Looking for OGRE_RTShaderSystem...
[2.512s] -- Found OGRE_RTShaderSystem: optimized;/usr/lib/x86_64-linux-gnu/libOgreRTShaderSystem.so;debug;/usr/lib/x86_64-linux-gnu/libOgreRTShaderSystem.so
[2.512s] -- Looking for OGRE_Volume...
[2.523s] -- Found OGRE_Volume: optimized;/usr/lib/x86_64-linux-gnu/libOgreVolume.so;debug;/usr/lib/x86_64-linux-gnu/libOgreVolume.so
[2.524s] -- Looking for OGRE_Overlay...
[2.531s] -- Found OGRE_Overlay: optimized;/usr/lib/x86_64-linux-gnu/libOgreOverlay.so;debug;/usr/lib/x86_64-linux-gnu/libOgreOverlay.so
[2.722s] -- Looking for ignition-math6 -- found version 6.15.1
[2.725s] -- Looking for ignition-transport8 -- found version 8.2.1
[2.725s] -- Searching for dependencies of ignition-transport8
[2.752s] -- Found Protobuf: /usr/lib/x86_64-linux-gnu/libprotobuf.so (found suitable version "3.12.4", minimum required is "3") 
[2.763s] -- Config-file not installed for ZeroMQ -- checking for pkg-config
[2.769s] -- Checking for module 'libzmq >= 4'
[2.783s] --   Found libzmq , version 4.3.4
[2.821s] -- Found ZeroMQ: TRUE (Required is at least version "4") 
[2.827s] -- Checking for module 'uuid'
[2.848s] --   Found uuid, version 2.37.2
[2.896s] -- Found UUID: TRUE  
[2.900s] -- Looking for ignition-msgs5 -- found version 5.8.1
[2.901s] -- Searching for dependencies of ignition-msgs5
[2.930s] -- Looking for ignition-math6 -- found version 6.15.1
[2.936s] -- Checking for module 'tinyxml2'
[2.953s] --   Found tinyxml2, version 9.0.0
[2.989s] -- Looking for ignition-msgs5 -- found version 5.8.1
[2.992s] -- Looking for ignition-common3 -- found version 3.14.0
[2.993s] -- Searching for dependencies of ignition-common3
[2.993s] -- Looking for dlfcn.h - found
[2.995s] -- Looking for libdl - found
[2.996s] -- Found DL: TRUE  
[3.010s] -- Found tinyobjloader: /usr/lib/x86_64-linux-gnu/cmake/tinyobjloader/tinyobjloader-config.cmake (found version "2.0.0") 
[3.010s] -- Searching for <ignition-common3> component [graphics]
[3.013s] -- Looking for ignition-common3-graphics -- found version 3.14.0
[3.014s] -- Searching for dependencies of ignition-common3-graphics
[3.014s] -- Looking for ignition-math6 -- found version 6.15.1
[3.018s] -- Looking for ignition-fuel_tools4 -- found version 4.4.0
[3.019s] -- Searching for dependencies of ignition-fuel_tools4
[3.110s] -- Found CURL: /usr/lib/x86_64-linux-gnu/libcurl.so (found version "7.81.0")  
[3.120s] -- Checking for module 'jsoncpp'
[3.135s] --   Found jsoncpp, version 1.9.5
[3.175s] -- Found JSONCPP: TRUE  
[3.183s] -- Checking for module 'libzip'
[3.198s] --   Found libzip, version 1.7.3
[3.251s] -- Found ZIP: TRUE  
[3.251s] -- Looking for ignition-common3 -- found version 3.14.0
[3.251s] -- Looking for ignition-math6 -- found version 6.15.1
[3.251s] -- Looking for ignition-msgs5 -- found version 5.8.1
[3.254s] -- Gazebo version: 11.10
[3.255s] -- Checking for module 'tbb'
[3.276s] --   Found tbb, version 2021.5.0
[3.327s] -- Found turtlebot3_gazebo: 2.2.6 (/home/student/ros2_ws/install/turtlebot3_gazebo/share/turtlebot3_gazebo/cmake)
[3.567s] -- Configuring done
[3.578s] -- Generating done
[3.582s] -- Build files have been written to: /home/student/ros2_ws/build/search_rescue_package
[3.606s] Invoked command in '/home/student/ros2_ws/build/search_rescue_package' returned '0': AMENT_PREFIX_PATH=/home/student/ros2_ws/install/turtlebot3_gazebo:${AMENT_PREFIX_PATH} CMAKE_PREFIX_PATH=/home/student/ros2_ws/install/turtlebot3_gazebo:/home/student/ros2_ws/install/turtlebot3_navigation2:/home/student/ros2_ws/install/turtlebot3_description:/home/student/ros2_ws/install/turtlebot3_cartographer:/home/student/ros2_ws/install/my_worlds_pkg:/home/student/ros2_ws/install/dynamixel_sdk_custom_interfaces:/home/student/ros2_ws/install/dynamixel_sdk:/home/student/ros2_ws/install/turtlebot3_teleop:/home/student/ros2_ws/install/rtabmap_python:/opt/ros/humble /usr/bin/cmake /home/student/ros2_ws/src/BlueShell/Search_Rescue_Project -DCMAKE_BUILD_TYPE=Release -DCMAKE_INSTALL_PREFIX=/home/student/ros2_ws/install/search_rescue_package
[3.610s] Invoking command in '/home/student/ros2_ws/build/search_rescue_package': AMENT_PREFIX_PATH=/home/student/ros2_ws/install/turtlebot3_gazebo:${AMENT_PREFIX_PATH} CMAKE_PREFIX_PATH=/home/student/ros2_ws/install/turtlebot3_gazebo:/home/student/ros2_ws/install/turtlebot3_navigation2:/home/student/ros2_ws/install/turtlebot3_description:/home/student/ros2_ws/install/turtlebot3_cartographer:/home/student/ros2_ws/install/my_worlds_pkg:/home/student/ros2_ws/install/dynamixel_sdk_custom_interfaces:/home/student/ros2_ws/install/dynamixel_sdk:/home/student/ros2_ws/install/turtlebot3_teleop:/home/student/ros2_ws/install/rtabmap_python:/opt/ros/humble /usr/bin/cmake --build /home/student/ros2_ws/build/search_rescue_package
[3.686s] Invoked command in '/home/student/ros2_ws/build/search_rescue_package' returned '0': AMENT_PREFIX_PATH=/home/student/ros2_ws/install/turtlebot3_gazebo:${AMENT_PREFIX_PATH} CMAKE_PREFIX_PATH=/home/student/ros2_ws/install/turtlebot3_gazebo:/home/student/ros2_ws/install/turtlebot3_navigation2:/home/student/ros2_ws/install/turtlebot3_description:/home/student/ros2_ws/install/turtlebot3_cartographer:/home/student/ros2_ws/install/my_worlds_pkg:/home/student/ros2_ws/install/dynamixel_sdk_custom_interfaces:/home/student/ros2_ws/install/dynamixel_sdk:/home/student/ros2_ws/install/turtlebot3_teleop:/home/student/ros2_ws/install/rtabmap_python:/opt/ros/humble /usr/bin/cmake --build /home/student/ros2_ws/build/search_rescue_package
[3.727s] Invoking command in '/home/student/ros2_ws/build/search_rescue_package': AMENT_PREFIX_PATH=/home/student/ros2_ws/install/turtlebot3_gazebo:${AMENT_PREFIX_PATH} CMAKE_PREFIX_PATH=/home/student/ros2_ws/install/turtlebot3_gazebo:/home/student/ros2_ws/install/turtlebot3_navigation2:/home/student/ros2_ws/install/turtlebot3_description:/home/student/ros2_ws/install/turtlebot3_cartographer:/home/student/ros2_ws/install/my_worlds_pkg:/home/student/ros2_ws/install/dynamixel_sdk_custom_interfaces:/home/student/ros2_ws/install/dynamixel_sdk:/home/student/ros2_ws/install/turtlebot3_teleop:/home/student/ros2_ws/install/rtabmap_python:/opt/ros/humble /usr/bin/cmake --install /home/student/ros2_ws/build/search_rescue_package
[3.746s] -- Install configuration: "Release"
[3.746s] -- Installing: /home/student/ros2_ws/install/search_rescue_package/share/search_rescue_package/worlds
[3.746s] -- Installing: /home/student/ros2_ws/install/search_rescue_package/share/search_rescue_package/worlds/search_rescue.world
[3.748s] -- Installing: /home/student/ros2_ws/install/search_rescue_package/share/search_rescue_package/launch
[3.748s] -- Installing: /home/student/ros2_ws/install/search_rescue_package/share/search_rescue_package/launch/search_rescue.launch.py
[3.753s] -- Installing: /home/student/ros2_ws/install/search_rescue_package/share/ament_index/resource_index/package_run_dependencies/search_rescue_package
[3.753s] -- Installing: /home/student/ros2_ws/install/search_rescue_package/share/ament_index/resource_index/parent_prefix_path/search_rescue_package
[3.754s] -- Installing: /home/student/ros2_ws/install/search_rescue_package/share/search_rescue_package/environment/ament_prefix_path.sh
[3.754s] -- Installing: /home/student/ros2_ws/install/search_rescue_package/share/search_rescue_package/environment/ament_prefix_path.dsv
[3.754s] -- Installing: /home/student/ros2_ws/install/search_rescue_package/share/search_rescue_package/environment/path.sh
[3.755s] -- Installing: /home/student/ros2_ws/install/search_rescue_package/share/search_rescue_package/environment/path.dsv
[3.755s] -- Installing: /home/student/ros2_ws/install/search_rescue_package/share/search_rescue_package/local_setup.bash
[3.755s] -- Installing: /home/student/ros2_ws/install/search_rescue_package/share/search_rescue_package/local_setup.sh
[3.756s] -- Installing: /home/student/ros2_ws/install/search_rescue_package/share/search_rescue_package/local_setup.zsh
[3.756s] -- Installing: /home/student/ros2_ws/install/search_rescue_package/share/search_rescue_package/local_setup.dsv
[3.756s] -- Installing: /home/student/ros2_ws/install/search_rescue_package/share/search_rescue_package/package.dsv
[3.756s] -- Installing: /home/student/ros2_ws/install/search_rescue_package/share/ament_index/resource_index/packages/search_rescue_package
[3.756s] -- Installing: /home/student/ros2_ws/install/search_rescue_package/share/search_rescue_package/cmake/search_rescue_packageConfig.cmake
[3.756s] -- Installing: /home/student/ros2_ws/install/search_rescue_package/share/search_rescue_package/cmake/search_rescue_packageConfig-version.cmake
[3.756s] -- Installing: /home/student/ros2_ws/install/search_rescue_package/share/search_rescue_package/package.xml
[3.759s] Invoked command in '/home/student/ros2_ws/build/search_rescue_package' returned '0': AMENT_PREFIX_PATH=/home/student/ros2_ws/install/turtlebot3_gazebo:${AMENT_PREFIX_PATH} CMAKE_PREFIX_PATH=/home/student/ros2_ws/install/turtlebot3_gazebo:/home/student/ros2_ws/install/turtlebot3_navigation2:/home/student/ros2_ws/install/turtlebot3_description:/home/student/ros2_ws/install/turtlebot3_cartographer:/home/student/ros2_ws/install/my_worlds_pkg:/home/student/ros2_ws/install/dynamixel_sdk_custom_interfaces:/home/student/ros2_ws/install/dynamixel_sdk:/home/student/ros2_ws/install/turtlebot3_teleop:/home/student/ros2_ws/install/rtabmap_python:/opt/ros/humble /usr/bin/cmake --install /home/student/ros2_ws/build/search_rescue_package
