[0.028s] Invoking command in '/home/student/ros2_ws/build/my_worlds_pkg': CMAKE_PREFIX_PATH=${CMAKE_PREFIX_PATH}:/home/student/ros2_ws/install/turtlebot3_teleop:/home/student/ros2_ws/install/rtabmap_python:/opt/ros/humble /usr/bin/cmake /home/student/ros2_ws/src/BlueShell/my_worlds_pkg -DCMAKE_BUILD_TYPE=Release -DCMAKE_INSTALL_PREFIX=/home/student/ros2_ws/install/my_worlds_pkg
[2.747s] -- Found ament_cmake: 1.3.10 (/opt/ros/humble/share/ament_cmake/cmake)
[2.747s] -- Found gazebo_ros: 3.7.0 (/opt/ros/humble/share/gazebo_ros/cmake)
[2.747s] -- Found rosidl_generator_c: 3.1.5 (/opt/ros/humble/share/rosidl_generator_c/cmake)
[2.748s] -- Found rosidl_adapter: 3.1.5 (/opt/ros/humble/share/rosidl_adapter/cmake)
[2.748s] -- Found rosidl_generator_cpp: 3.1.5 (/opt/ros/humble/share/rosidl_generator_cpp/cmake)
[2.748s] -- Using all available rosidl_typesupport_c: rosidl_typesupport_fastrtps_c;rosidl_typesupport_introspection_c
[2.753s] -- Using all available rosidl_typesupport_cpp: rosidl_typesupport_fastrtps_cpp;rosidl_typesupport_introspection_cpp
[2.753s] -- Found rmw_implementation_cmake: 6.1.2 (/opt/ros/humble/share/rmw_implementation_cmake/cmake)
[2.753s] -- Found rmw_fastrtps_cpp: 6.2.7 (/opt/ros/humble/share/rmw_fastrtps_cpp/cmake)
[2.754s] -- Using RMW implementation 'rmw_fastrtps_cpp' as default
[2.754s] -- Found DART: /usr/include (Required is at least version "6.6") found components: dart 
[2.754s] -- Found Protobuf: /usr/lib/x86_64-linux-gnu/libprotobuf.so (found version "3.12.4") 
[2.754s] -- Looking for ignition-math6 -- found version 6.15.1
[2.754s] -- Searching for dependencies of ignition-math6
[2.754s] -- Looking for OGRE...
[2.754s] -- Found Ogre Ghadamon (1.9.0)
[2.756s] -- Found OGRE: optimized;/usr/lib/x86_64-linux-gnu/libOgreMain.so;debug;/usr/lib/x86_64-linux-gnu/libOgreMain.so
[2.756s] -- Looking for OGRE_Paging...
[2.756s] -- Found OGRE_Paging: optimized;/usr/lib/x86_64-linux-gnu/libOgrePaging.so;debug;/usr/lib/x86_64-linux-gnu/libOgrePaging.so
[2.756s] -- Looking for OGRE_Terrain...
[2.759s] -- Found OGRE_Terrain: optimized;/usr/lib/x86_64-linux-gnu/libOgreTerrain.so;debug;/usr/lib/x86_64-linux-gnu/libOgreTerrain.so
[2.759s] -- Looking for OGRE_Property...
[2.759s] -- Found OGRE_Property: optimized;/usr/lib/x86_64-linux-gnu/libOgreProperty.so;debug;/usr/lib/x86_64-linux-gnu/libOgreProperty.so
[2.759s] -- Looking for OGRE_RTShaderSystem...
[2.759s] -- Found OGRE_RTShaderSystem: optimized;/usr/lib/x86_64-linux-gnu/libOgreRTShaderSystem.so;debug;/usr/lib/x86_64-linux-gnu/libOgreRTShaderSystem.so
[2.760s] -- Looking for OGRE_Volume...
[2.760s] -- Found OGRE_Volume: optimized;/usr/lib/x86_64-linux-gnu/libOgreVolume.so;debug;/usr/lib/x86_64-linux-gnu/libOgreVolume.so
[2.763s] -- Looking for OGRE_Overlay...
[2.764s] -- Found OGRE_Overlay: optimized;/usr/lib/x86_64-linux-gnu/libOgreOverlay.so;debug;/usr/lib/x86_64-linux-gnu/libOgreOverlay.so
[2.764s] -- Looking for ignition-math6 -- found version 6.15.1
[2.764s] -- Looking for ignition-transport8 -- found version 8.2.1
[2.764s] -- Searching for dependencies of ignition-transport8
[2.764s] -- Found Protobuf: /usr/lib/x86_64-linux-gnu/libprotobuf.so (found suitable version "3.12.4", minimum required is "3") 
[2.764s] -- Config-file not installed for ZeroMQ -- checking for pkg-config
[2.765s] -- Checking for module 'libzmq >= 4'
[2.765s] --   Found libzmq , version 4.3.4
[2.765s] -- Checking for module 'uuid'
[2.765s] --   Found uuid, version 2.37.2
[2.765s] -- Looking for ignition-msgs5 -- found version 5.8.1
[2.765s] -- Searching for dependencies of ignition-msgs5
[2.768s] -- Looking for ignition-math6 -- found version 6.15.1
[2.768s] -- Checking for module 'tinyxml2'
[2.768s] --   Found tinyxml2, version 9.0.0
[2.768s] -- Looking for ignition-msgs5 -- found version 5.8.1
[2.769s] -- Looking for ignition-common3 -- found version 3.14.0
[2.769s] -- Searching for dependencies of ignition-common3
[2.769s] -- Looking for dlfcn.h - found
[2.769s] -- Looking for libdl - found
[2.770s] -- Searching for <ignition-common3> component [graphics]
[2.770s] -- Looking for ignition-common3-graphics -- found version 3.14.0
[2.770s] -- Searching for dependencies of ignition-common3-graphics
[2.771s] -- Looking for ignition-math6 -- found version 6.15.1
[2.771s] -- Looking for ignition-fuel_tools4 -- found version 4.4.0
[2.775s] -- Searching for dependencies of ignition-fuel_tools4
[2.775s] -- Checking for module 'jsoncpp'
[2.775s] --   Found jsoncpp, version 1.9.5
[2.776s] -- Checking for module 'libzip'
[2.776s] --   Found libzip, version 1.7.3
[2.776s] -- Looking for ignition-common3 -- found version 3.14.0
[2.776s] -- Looking for ignition-math6 -- found version 6.15.1
[2.776s] -- Looking for ignition-msgs5 -- found version 5.8.1
[2.777s] -- Gazebo version: 11.10
[2.777s] -- Configuring done
[2.777s] -- Generating done
[2.777s] -- Build files have been written to: /home/student/ros2_ws/build/my_worlds_pkg
[2.777s] Invoked command in '/home/student/ros2_ws/build/my_worlds_pkg' returned '0': CMAKE_PREFIX_PATH=${CMAKE_PREFIX_PATH}:/home/student/ros2_ws/install/turtlebot3_teleop:/home/student/ros2_ws/install/rtabmap_python:/opt/ros/humble /usr/bin/cmake /home/student/ros2_ws/src/BlueShell/my_worlds_pkg -DCMAKE_BUILD_TYPE=Release -DCMAKE_INSTALL_PREFIX=/home/student/ros2_ws/install/my_worlds_pkg
[2.778s] Invoking command in '/home/student/ros2_ws/build/my_worlds_pkg': CMAKE_PREFIX_PATH=${CMAKE_PREFIX_PATH}:/home/student/ros2_ws/install/turtlebot3_teleop:/home/student/ros2_ws/install/rtabmap_python:/opt/ros/humble /usr/bin/cmake --build /home/student/ros2_ws/build/my_worlds_pkg
[3.038s] Invoked command in '/home/student/ros2_ws/build/my_worlds_pkg' returned '0': CMAKE_PREFIX_PATH=${CMAKE_PREFIX_PATH}:/home/student/ros2_ws/install/turtlebot3_teleop:/home/student/ros2_ws/install/rtabmap_python:/opt/ros/humble /usr/bin/cmake --build /home/student/ros2_ws/build/my_worlds_pkg
[3.129s] Invoking command in '/home/student/ros2_ws/build/my_worlds_pkg': CMAKE_PREFIX_PATH=${CMAKE_PREFIX_PATH}:/home/student/ros2_ws/install/turtlebot3_teleop:/home/student/ros2_ws/install/rtabmap_python:/opt/ros/humble /usr/bin/cmake --install /home/student/ros2_ws/build/my_worlds_pkg
[8.850s] -- Install configuration: "Release"
[8.850s] -- Up-to-date: /home/student/ros2_ws/install/my_worlds_pkg/share/my_worlds_pkg/worlds
[8.850s] -- Up-to-date: /home/student/ros2_ws/install/my_worlds_pkg/share/my_worlds_pkg/worlds/maze_world.world
[8.851s] -- Up-to-date: /home/student/ros2_ws/install/my_worlds_pkg/share/my_worlds_pkg/launch
[8.851s] -- Up-to-date: /home/student/ros2_ws/install/my_worlds_pkg/share/my_worlds_pkg/launch/maze_world.launch.py
[8.851s] -- Up-to-date: /home/student/ros2_ws/install/my_worlds_pkg/share/ament_index/resource_index/package_run_dependencies/my_worlds_pkg
[8.851s] -- Installing: /home/student/ros2_ws/install/my_worlds_pkg/share/ament_index/resource_index/parent_prefix_path/my_worlds_pkg
[8.853s] -- Up-to-date: /home/student/ros2_ws/install/my_worlds_pkg/share/my_worlds_pkg/environment/ament_prefix_path.sh
[8.853s] -- Installing: /home/student/ros2_ws/install/my_worlds_pkg/share/my_worlds_pkg/environment/ament_prefix_path.dsv
[8.854s] -- Up-to-date: /home/student/ros2_ws/install/my_worlds_pkg/share/my_worlds_pkg/environment/path.sh
[8.854s] -- Installing: /home/student/ros2_ws/install/my_worlds_pkg/share/my_worlds_pkg/environment/path.dsv
[8.855s] -- Up-to-date: /home/student/ros2_ws/install/my_worlds_pkg/share/my_worlds_pkg/local_setup.bash
[8.855s] -- Up-to-date: /home/student/ros2_ws/install/my_worlds_pkg/share/my_worlds_pkg/local_setup.sh
[8.858s] -- Up-to-date: /home/student/ros2_ws/install/my_worlds_pkg/share/my_worlds_pkg/local_setup.zsh
[8.858s] -- Installing: /home/student/ros2_ws/install/my_worlds_pkg/share/my_worlds_pkg/local_setup.dsv
[8.858s] -- Installing: /home/student/ros2_ws/install/my_worlds_pkg/share/my_worlds_pkg/package.dsv
[8.858s] -- Up-to-date: /home/student/ros2_ws/install/my_worlds_pkg/share/ament_index/resource_index/packages/my_worlds_pkg
[8.858s] -- Up-to-date: /home/student/ros2_ws/install/my_worlds_pkg/share/my_worlds_pkg/cmake/my_worlds_pkgConfig.cmake
[8.858s] -- Up-to-date: /home/student/ros2_ws/install/my_worlds_pkg/share/my_worlds_pkg/cmake/my_worlds_pkgConfig-version.cmake
[8.859s] -- Up-to-date: /home/student/ros2_ws/install/my_worlds_pkg/share/my_worlds_pkg/package.xml
[8.900s] Invoked command in '/home/student/ros2_ws/build/my_worlds_pkg' returned '0': CMAKE_PREFIX_PATH=${CMAKE_PREFIX_PATH}:/home/student/ros2_ws/install/turtlebot3_teleop:/home/student/ros2_ws/install/rtabmap_python:/opt/ros/humble /usr/bin/cmake --install /home/student/ros2_ws/build/my_worlds_pkg
