[0.146s] DEBUG:colcon:Command line arguments: ['/usr/bin/colcon', 'build']
[0.146s] DEBUG:colcon:Parsed command line arguments: Namespace(log_base=None, log_level=None, verb_name='build', build_base='build', install_base='install', merge_install=False, symlink_install=False, test_result_base=None, continue_on_error=False, executor='parallel', parallel_workers=8, event_handlers=None, ignore_user_meta=False, metas=['./colcon.meta'], base_paths=['.'], packages_ignore=None, packages_ignore_regex=None, paths=None, packages_up_to=None, packages_up_to_regex=None, packages_above=None, packages_above_and_dependencies=None, packages_above_depth=None, packages_select_by_dep=None, packages_skip_by_dep=None, packages_skip_up_to=None, packages_select_build_failed=False, packages_skip_build_finished=False, packages_select_test_failures=False, packages_skip_test_passed=False, packages_select=None, packages_skip=None, packages_select_regex=None, packages_skip_regex=None, packages_start=None, packages_end=None, allow_overriding=[], cmake_args=None, cmake_target=None, cmake_target_skip_unavailable=False, cmake_clean_cache=False, cmake_clean_first=False, cmake_force_configure=False, ament_cmake_args=None, catkin_cmake_args=None, catkin_skip_building_tests=False, mixin_files=None, mixin=None, verb_parser=<colcon_mixin.mixin.mixin_argument.MixinArgumentDecorator object at 0x7398b1f3f7c0>, verb_extension=<colcon_core.verb.build.BuildVerb object at 0x7398b1f3ee30>, main=<bound method BuildVerb.main of <colcon_core.verb.build.BuildVerb object at 0x7398b1f3ee30>>, mixin_verb=('build',))
[0.364s] Level 1:colcon.colcon_core.package_discovery:discover_packages(colcon_meta) check parameters
[0.364s] Level 1:colcon.colcon_core.package_discovery:discover_packages(recursive) check parameters
[0.364s] Level 1:colcon.colcon_core.package_discovery:discover_packages(ignore) check parameters
[0.364s] Level 1:colcon.colcon_core.package_discovery:discover_packages(path) check parameters
[0.364s] Level 1:colcon.colcon_core.package_discovery:discover_packages(colcon_meta) discover
[0.364s] Level 1:colcon.colcon_core.package_discovery:discover_packages(recursive) discover
[0.364s] INFO:colcon.colcon_core.package_discovery:Crawling recursively for packages in '/home/student/ros2_ws/src/my_opencv_demo'
[0.364s] Level 1:colcon.colcon_core.package_identification:_identify(.) by extensions ['ignore', 'ignore_ament_install']
[0.365s] Level 1:colcon.colcon_core.package_identification:_identify(.) by extension 'ignore'
[0.365s] Level 1:colcon.colcon_core.package_identification:_identify(.) by extension 'ignore_ament_install'
[0.365s] Level 1:colcon.colcon_core.package_identification:_identify(.) by extensions ['colcon_pkg']
[0.365s] Level 1:colcon.colcon_core.package_identification:_identify(.) by extension 'colcon_pkg'
[0.365s] Level 1:colcon.colcon_core.package_identification:_identify(.) by extensions ['colcon_meta']
[0.365s] Level 1:colcon.colcon_core.package_identification:_identify(.) by extension 'colcon_meta'
[0.365s] Level 1:colcon.colcon_core.package_identification:_identify(.) by extensions ['ros']
[0.365s] Level 1:colcon.colcon_core.package_identification:_identify(.) by extension 'ros'
[0.382s] DEBUG:colcon.colcon_core.package_identification:Package '.' with type 'ros.ament_cmake' and name 'my_opencv_demo'
[0.383s] Level 1:colcon.colcon_core.package_discovery:discover_packages(recursive) using defaults
[0.383s] Level 1:colcon.colcon_core.package_discovery:discover_packages(ignore) discover
[0.383s] Level 1:colcon.colcon_core.package_discovery:discover_packages(ignore) using defaults
[0.383s] Level 1:colcon.colcon_core.package_discovery:discover_packages(path) discover
[0.383s] Level 1:colcon.colcon_core.package_discovery:discover_packages(path) using defaults
[0.428s] Level 1:colcon.colcon_core.package_discovery:discover_packages(prefix_path) check parameters
[0.429s] Level 1:colcon.colcon_core.package_discovery:discover_packages(prefix_path) discover
[0.431s] DEBUG:colcon.colcon_installed_package_information.package_discovery:Found 19 installed packages in /home/student/ros2_ws/install
[0.433s] DEBUG:colcon.colcon_installed_package_information.package_discovery:Found 372 installed packages in /opt/ros/humble
[0.435s] Level 1:colcon.colcon_core.package_discovery:discover_packages(prefix_path) using defaults
[0.495s] Level 5:colcon.colcon_core.verb:set package 'my_opencv_demo' build argument 'cmake_args' from command line to 'None'
[0.495s] Level 5:colcon.colcon_core.verb:set package 'my_opencv_demo' build argument 'cmake_target' from command line to 'None'
[0.495s] Level 5:colcon.colcon_core.verb:set package 'my_opencv_demo' build argument 'cmake_target_skip_unavailable' from command line to 'False'
[0.495s] Level 5:colcon.colcon_core.verb:set package 'my_opencv_demo' build argument 'cmake_clean_cache' from command line to 'False'
[0.495s] Level 5:colcon.colcon_core.verb:set package 'my_opencv_demo' build argument 'cmake_clean_first' from command line to 'False'
[0.495s] Level 5:colcon.colcon_core.verb:set package 'my_opencv_demo' build argument 'cmake_force_configure' from command line to 'False'
[0.495s] Level 5:colcon.colcon_core.verb:set package 'my_opencv_demo' build argument 'ament_cmake_args' from command line to 'None'
[0.495s] Level 5:colcon.colcon_core.verb:set package 'my_opencv_demo' build argument 'catkin_cmake_args' from command line to 'None'
[0.495s] Level 5:colcon.colcon_core.verb:set package 'my_opencv_demo' build argument 'catkin_skip_building_tests' from command line to 'False'
[0.495s] DEBUG:colcon.colcon_core.verb:Building package 'my_opencv_demo' with the following arguments: {'ament_cmake_args': None, 'build_base': '/home/student/ros2_ws/src/my_opencv_demo/build/my_opencv_demo', 'catkin_cmake_args': None, 'catkin_skip_building_tests': False, 'cmake_args': None, 'cmake_clean_cache': False, 'cmake_clean_first': False, 'cmake_force_configure': False, 'cmake_target': None, 'cmake_target_skip_unavailable': False, 'install_base': '/home/student/ros2_ws/src/my_opencv_demo/install/my_opencv_demo', 'merge_install': False, 'path': '/home/student/ros2_ws/src/my_opencv_demo', 'symlink_install': False, 'test_result_base': None}
[0.496s] INFO:colcon.colcon_core.executor:Executing jobs using 'parallel' executor
[0.497s] DEBUG:colcon.colcon_parallel_executor.executor.parallel:run_until_complete
[0.497s] INFO:colcon.colcon_ros.task.ament_cmake.build:Building ROS package in '/home/student/ros2_ws/src/my_opencv_demo' with build type 'ament_cmake'
[0.497s] INFO:colcon.colcon_cmake.task.cmake.build:Building CMake package in '/home/student/ros2_ws/src/my_opencv_demo'
[0.500s] INFO:colcon.colcon_core.plugin_system:Skipping extension 'colcon_core.shell.bat': Not used on non-Windows systems
[0.500s] INFO:colcon.colcon_core.shell:Skip shell extension 'powershell' for command environment: Not usable outside of PowerShell
[0.500s] DEBUG:colcon.colcon_core.shell:Skip shell extension 'dsv' for command environment
[0.519s] DEBUG:colcon.colcon_core.event_handler.log_command:Invoking command in '/home/student/ros2_ws/src/my_opencv_demo/build/my_opencv_demo': CMAKE_PREFIX_PATH=${CMAKE_PREFIX_PATH}:/home/student/ros2_ws/install/turtlebot3_teleop:/home/student/ros2_ws/install/turtlebot3_example:/opt/ros/humble /usr/bin/cmake --build /home/student/ros2_ws/src/my_opencv_demo/build/my_opencv_demo -- -j8 -l8
[8.725s] DEBUG:colcon.colcon_core.event_handler.log_command:Invoked command in '/home/student/ros2_ws/src/my_opencv_demo/build/my_opencv_demo' returned '2': CMAKE_PREFIX_PATH=${CMAKE_PREFIX_PATH}:/home/student/ros2_ws/install/turtlebot3_teleop:/home/student/ros2_ws/install/turtlebot3_example:/opt/ros/humble /usr/bin/cmake --build /home/student/ros2_ws/src/my_opencv_demo/build/my_opencv_demo -- -j8 -l8
[8.788s] Level 1:colcon.colcon_core.environment:create_environment_scripts_only(my_opencv_demo)
[8.792s] Level 1:colcon.colcon_core.environment:checking '/home/student/ros2_ws/src/my_opencv_demo/install/my_opencv_demo' for CMake module files
[8.793s] Level 1:colcon.colcon_core.environment:checking '/home/student/ros2_ws/src/my_opencv_demo/install/my_opencv_demo' for CMake config files
[8.794s] Level 1:colcon.colcon_core.environment:checking '/home/student/ros2_ws/src/my_opencv_demo/install/my_opencv_demo/bin'
[8.794s] Level 1:colcon.colcon_core.environment:checking '/home/student/ros2_ws/src/my_opencv_demo/install/my_opencv_demo/lib/pkgconfig/my_opencv_demo.pc'
[8.795s] Level 1:colcon.colcon_core.environment:checking '/home/student/ros2_ws/src/my_opencv_demo/install/my_opencv_demo/lib/python3.10/site-packages'
[8.795s] Level 1:colcon.colcon_core.environment:checking '/home/student/ros2_ws/src/my_opencv_demo/install/my_opencv_demo/bin'
[8.796s] INFO:colcon.colcon_core.shell:Creating package script '/home/student/ros2_ws/src/my_opencv_demo/install/my_opencv_demo/share/my_opencv_demo/package.ps1'
[8.797s] INFO:colcon.colcon_core.shell:Creating package descriptor '/home/student/ros2_ws/src/my_opencv_demo/install/my_opencv_demo/share/my_opencv_demo/package.dsv'
[8.798s] INFO:colcon.colcon_core.shell:Creating package script '/home/student/ros2_ws/src/my_opencv_demo/install/my_opencv_demo/share/my_opencv_demo/package.sh'
[8.800s] INFO:colcon.colcon_core.shell:Creating package script '/home/student/ros2_ws/src/my_opencv_demo/install/my_opencv_demo/share/my_opencv_demo/package.bash'
[8.801s] INFO:colcon.colcon_core.shell:Creating package script '/home/student/ros2_ws/src/my_opencv_demo/install/my_opencv_demo/share/my_opencv_demo/package.zsh'
[8.802s] Level 1:colcon.colcon_core.environment:create_file_with_runtime_dependencies(/home/student/ros2_ws/src/my_opencv_demo/install/my_opencv_demo/share/colcon-core/packages/my_opencv_demo)
[8.812s] DEBUG:colcon.colcon_parallel_executor.executor.parallel:closing loop
[8.813s] DEBUG:colcon.colcon_parallel_executor.executor.parallel:loop closed
[8.813s] DEBUG:colcon.colcon_parallel_executor.executor.parallel:run_until_complete finished with '2'
[8.813s] DEBUG:colcon.colcon_core.event_reactor:joining thread
[8.820s] INFO:colcon.colcon_core.plugin_system:Skipping extension 'colcon_notification.desktop_notification.terminal_notifier': Not used on non-Darwin systems
[8.820s] INFO:colcon.colcon_core.plugin_system:Skipping extension 'colcon_notification.desktop_notification.win32': Not used on non-Windows systems
[8.820s] INFO:colcon.colcon_notification.desktop_notification:Sending desktop notification using 'notify2'
[8.839s] DEBUG:colcon.colcon_core.event_reactor:joined thread
[8.839s] INFO:colcon.colcon_core.shell:Creating prefix script '/home/student/ros2_ws/src/my_opencv_demo/install/local_setup.ps1'
[8.841s] INFO:colcon.colcon_core.shell:Creating prefix util module '/home/student/ros2_ws/src/my_opencv_demo/install/_local_setup_util_ps1.py'
[8.842s] INFO:colcon.colcon_core.shell:Creating prefix chain script '/home/student/ros2_ws/src/my_opencv_demo/install/setup.ps1'
[8.844s] INFO:colcon.colcon_core.shell:Creating prefix script '/home/student/ros2_ws/src/my_opencv_demo/install/local_setup.sh'
[8.845s] INFO:colcon.colcon_core.shell:Creating prefix util module '/home/student/ros2_ws/src/my_opencv_demo/install/_local_setup_util_sh.py'
[8.846s] INFO:colcon.colcon_core.shell:Creating prefix chain script '/home/student/ros2_ws/src/my_opencv_demo/install/setup.sh'
[8.850s] INFO:colcon.colcon_core.shell:Creating prefix script '/home/student/ros2_ws/src/my_opencv_demo/install/local_setup.bash'
[8.851s] INFO:colcon.colcon_core.shell:Creating prefix chain script '/home/student/ros2_ws/src/my_opencv_demo/install/setup.bash'
[8.853s] INFO:colcon.colcon_core.shell:Creating prefix script '/home/student/ros2_ws/src/my_opencv_demo/install/local_setup.zsh'
[8.854s] INFO:colcon.colcon_core.shell:Creating prefix chain script '/home/student/ros2_ws/src/my_opencv_demo/install/setup.zsh'
